[0.105s] Invoking command in '/home/bobxu/ros_sycl_ws/build/tutorial_interfaces': CMAKE_PREFIX_PATH=${CMAKE_PREFIX_PATH}:/home/bobxu/ws_moveit2/install/moveit_configs_utils:/home/bobxu/ws_moveit2/install/launch_param_builder:/home/bobxu/ros2_humble/install/rqt_bag_plugins:/home/bobxu/ros2_humble/install/rqt_bag:/home/bobxu/ros2_humble/install/ros2bag:/home/bobxu/ros2_humble/install/tracetools_test:/home/bobxu/ros2_humble/install/tracetools_launch:/home/bobxu/ros2_humble/install/topic_monitor:/home/bobxu/ros2_humble/install/tf2_tools:/home/bobxu/ros2_humble/install/examples_tf2_py:/home/bobxu/ros2_humble/install/tf2_ros_py:/home/bobxu/ros2_humble/install/sros2:/home/bobxu/ros2_humble/install/rqt_topic:/home/bobxu/ros2_humble/install/rqt_srv:/home/bobxu/ros2_humble/install/rqt_shell:/home/bobxu/ros2_humble/install/rqt_service_caller:/home/bobxu/ros2_humble/install/rqt_reconfigure:/home/bobxu/ros2_humble/install/rqt_py_console:/home/bobxu/ros2_humble/install/rqt_publisher:/home/bobxu/ros2_humble/install/rqt_plot:/home/bobxu/ros2_humble/install/rqt_action:/home/bobxu/ros2_humble/install/rqt_msg:/home/bobxu/ros2_humble/install/rqt_console:/home/bobxu/ros2_humble/install/rqt:/home/bobxu/ros2_humble/install/rqt_graph:/home/bobxu/ros2_humble/install/rqt_gui_py:/home/bobxu/ros2_humble/install/rqt_gui:/home/bobxu/ros2_humble/install/ros2trace:/home/bobxu/ros2_humble/install/ros2topic:/home/bobxu/ros2_humble/install/ros2test:/home/bobxu/ros2_humble/install/ros2component:/home/bobxu/ros2_humble/install/ros2param:/home/bobxu/ros2_humble/install/ros2lifecycle:/home/bobxu/ros2_humble/install/ros2service:/home/bobxu/ros2_humble/install/ros2run:/home/bobxu/ros2_humble/install/ros2launch:/home/bobxu/ros2_humble/install/ros2pkg:/home/bobxu/ros2_humble/install/ros2node:/home/bobxu/ros2_humble/install/ros2multicast:/home/bobxu/ros2_humble/install/ros2interface:/home/bobxu/ros2_humble/install/ros2doctor:/home/bobxu/ros2_humble/install/ros2action:/home/bobxu/ros2_humble/install/ros2cli:/home/bobxu/ros2_humble/install/quality_of_service_demo_py:/home/bobxu/ros2_humble/install/lifecycle_py:/home/bobxu/ros2_humble/install/launch_testing_ros:/home/bobxu/ros2_humble/install/launch_ros:/home/bobxu/ros2_humble/install/examples_rclpy_pointcloud_publisher:/home/bobxu/ros2_humble/install/examples_rclpy_minimal_subscriber:/home/bobxu/ros2_humble/install/examples_rclpy_minimal_service:/home/bobxu/ros2_humble/install/examples_rclpy_minimal_publisher:/home/bobxu/ros2_humble/install/examples_rclpy_minimal_client:/home/bobxu/ros2_humble/install/examples_rclpy_minimal_action_server:/home/bobxu/ros2_humble/install/examples_rclpy_minimal_action_client:/home/bobxu/ros2_humble/install/examples_rclpy_guard_conditions:/home/bobxu/ros2_humble/install/examples_rclpy_executors:/home/bobxu/ros2_humble/install/demo_nodes_py:/home/bobxu/ros2_humble/install/action_tutorials_py:/home/bobxu/ros2_humble/install/ament_uncrustify:/home/bobxu/ros2_humble/install/tracetools_trace:/home/bobxu/ros2_humble/install/tracetools_read:/home/bobxu/ros2_humble/install/test_tracetools_launch:/home/bobxu/ros2_humble/install/test_launch_ros:/home/bobxu/ros2_humble/install/sensor_msgs_py:/home/bobxu/ros2_humble/install/rpyutils:/home/bobxu/ros2_humble/install/rosidl_runtime_py:/home/bobxu/ros2_humble/install/rosidl_cli:/home/bobxu/ros2_humble/install/launch_pytest:/home/bobxu/ros2_humble/install/launch_testing:/home/bobxu/ros2_humble/install/launch_yaml:/home/bobxu/ros2_humble/install/launch_xml:/home/bobxu/ros2_humble/install/launch:/home/bobxu/ros2_humble/install/osrf_pycommon:/home/bobxu/ros2_humble/install/launch_testing_examples:/home/bobxu/ros2_humble/install/domain_coordinator:/home/bobxu/ros2_humble/install/ament_xmllint:/home/bobxu/ros2_humble/install/ament_pyflakes:/home/bobxu/ros2_humble/install/ament_pycodestyle:/home/bobxu/ros2_humble/install/ament_pep257:/home/bobxu/ros2_humble/install/ament_pclint:/home/bobxu/ros2_humble/install/ament_package:/home/bobxu/ros2_humble/install/ament_mypy:/home/bobxu/ros2_humble/install/ament_lint_cmake:/home/bobxu/ros2_humble/install/ament_flake8:/home/bobxu/ros2_humble/install/ament_copyright:/home/bobxu/ros2_humble/install/ament_lint:/home/bobxu/ros2_humble/install/ament_index_python:/home/bobxu/ros2_humble/install/ament_cpplint:/home/bobxu/ros2_humble/install/ament_cppcheck:/home/bobxu/ros2_humble/install/ament_clang_tidy:/home/bobxu/ros2_humble/install/ament_clang_format:/opt/ros/humble /usr/bin/cmake --build /home/bobxu/ros_sycl_ws/build/tutorial_interfaces -- -j2 -l2
[0.451s] [  2%] [34m[1mGenerating C++ code for ROS interfaces[0m
[1.692s] [  2%] Built target tutorial_interfaces__cpp
[1.787s] [  4%] [34m[1mGenerating C code for ROS interfaces[0m
[3.691s] [  6%] [32mBuilding C object CMakeFiles/tutorial_interfaces__rosidl_generator_c.dir/rosidl_generator_c/tutorial_interfaces/msg/detail/num__functions.c.o[0m
[3.970s] [  8%] [32mBuilding C object CMakeFiles/tutorial_interfaces__rosidl_generator_c.dir/rosidl_generator_c/tutorial_interfaces/msg/detail/sphere__functions.c.o[0m
[4.222s] [ 10%] [32mBuilding C object CMakeFiles/tutorial_interfaces__rosidl_generator_c.dir/rosidl_generator_c/tutorial_interfaces/srv/detail/add_three_ints__functions.c.o[0m
[4.467s] [ 12%] [32m[1mLinking C shared library libtutorial_interfaces__rosidl_generator_c.so[0m
[4.758s] [ 12%] Built target tutorial_interfaces__rosidl_generator_c
[4.984s] [ 12%] Built target ament_cmake_python_copy_tutorial_interfaces
[5.038s] [ 14%] [34m[1mGenerating C++ type support dispatch for ROS interfaces[0m
[6.095s] [ 17%] [32mBuilding CXX object CMakeFiles/tutorial_interfaces__rosidl_typesupport_cpp.dir/rosidl_typesupport_cpp/tutorial_interfaces/msg/num__type_support.cpp.o[0m
[6.767s] [ 19%] [32mBuilding CXX object CMakeFiles/tutorial_interfaces__rosidl_typesupport_cpp.dir/rosidl_typesupport_cpp/tutorial_interfaces/msg/sphere__type_support.cpp.o[0m
[7.452s] [ 21%] [32mBuilding CXX object CMakeFiles/tutorial_interfaces__rosidl_typesupport_cpp.dir/rosidl_typesupport_cpp/tutorial_interfaces/srv/add_three_ints__type_support.cpp.o[0m
[7.996s] [ 23%] [32m[1mLinking CXX shared library libtutorial_interfaces__rosidl_typesupport_cpp.so[0m
[8.198s] [ 23%] Built target tutorial_interfaces__rosidl_typesupport_cpp
[8.301s] [ 25%] [34m[1mGenerating C type support for eProsima Fast-RTPS[0m
[9.579s] [ 27%] [32mBuilding CXX object CMakeFiles/tutorial_interfaces__rosidl_typesupport_fastrtps_c.dir/rosidl_typesupport_fastrtps_c/tutorial_interfaces/msg/detail/num__type_support_c.cpp.o[0m
[10.357s] [ 29%] [32mBuilding CXX object CMakeFiles/tutorial_interfaces__rosidl_typesupport_fastrtps_c.dir/rosidl_typesupport_fastrtps_c/tutorial_interfaces/msg/detail/sphere__type_support_c.cpp.o[0m
[10.968s] [ 31%] [32mBuilding CXX object CMakeFiles/tutorial_interfaces__rosidl_typesupport_fastrtps_c.dir/rosidl_typesupport_fastrtps_c/tutorial_interfaces/srv/detail/add_three_ints__type_support_c.cpp.o[0m
[11.720s] [ 34%] [32m[1mLinking CXX shared library libtutorial_interfaces__rosidl_typesupport_fastrtps_c.so[0m
[12.068s] [ 34%] Built target tutorial_interfaces__rosidl_typesupport_fastrtps_c
[12.209s] [ 36%] [34m[1mGenerating C++ type support for eProsima Fast-RTPS[0m
[13.486s] [ 38%] [32mBuilding CXX object CMakeFiles/tutorial_interfaces__rosidl_typesupport_fastrtps_cpp.dir/rosidl_typesupport_fastrtps_cpp/tutorial_interfaces/msg/detail/dds_fastrtps/num__type_support.cpp.o[0m
[14.339s] [ 40%] [32mBuilding CXX object CMakeFiles/tutorial_interfaces__rosidl_typesupport_fastrtps_cpp.dir/rosidl_typesupport_fastrtps_cpp/tutorial_interfaces/msg/detail/dds_fastrtps/sphere__type_support.cpp.o[0m
[15.240s] [ 42%] [32mBuilding CXX object CMakeFiles/tutorial_interfaces__rosidl_typesupport_fastrtps_cpp.dir/rosidl_typesupport_fastrtps_cpp/tutorial_interfaces/srv/detail/dds_fastrtps/add_three_ints__type_support.cpp.o[0m
[16.495s] [ 44%] [32m[1mLinking CXX shared library libtutorial_interfaces__rosidl_typesupport_fastrtps_cpp.so[0m
[16.848s] [ 44%] Built target tutorial_interfaces__rosidl_typesupport_fastrtps_cpp
[16.957s] [ 46%] [34m[1mGenerating C introspection for ROS interfaces[0m
[18.125s] [ 48%] [32mBuilding C object CMakeFiles/tutorial_interfaces__rosidl_typesupport_introspection_c.dir/rosidl_typesupport_introspection_c/tutorial_interfaces/msg/detail/num__type_support.c.o[0m
[18.332s] [ 51%] [32mBuilding C object CMakeFiles/tutorial_interfaces__rosidl_typesupport_introspection_c.dir/rosidl_typesupport_introspection_c/tutorial_interfaces/msg/detail/sphere__type_support.c.o[0m
[18.526s] [ 53%] [32mBuilding C object CMakeFiles/tutorial_interfaces__rosidl_typesupport_introspection_c.dir/rosidl_typesupport_introspection_c/tutorial_interfaces/srv/detail/add_three_ints__type_support.c.o[0m
[18.728s] [ 55%] [32m[1mLinking C shared library libtutorial_interfaces__rosidl_typesupport_introspection_c.so[0m
[18.940s] [ 55%] Built target tutorial_interfaces__rosidl_typesupport_introspection_c
[19.044s] [ 57%] [34m[1mGenerating C type support dispatch for ROS interfaces[0m
[20.106s] [ 59%] [32mBuilding CXX object CMakeFiles/tutorial_interfaces__rosidl_typesupport_c.dir/rosidl_typesupport_c/tutorial_interfaces/msg/num__type_support.cpp.o[0m
[20.317s] [ 61%] [32mBuilding CXX object CMakeFiles/tutorial_interfaces__rosidl_typesupport_c.dir/rosidl_typesupport_c/tutorial_interfaces/msg/sphere__type_support.cpp.o[0m
[20.448s] [ 63%] [32mBuilding CXX object CMakeFiles/tutorial_interfaces__rosidl_typesupport_c.dir/rosidl_typesupport_c/tutorial_interfaces/srv/add_three_ints__type_support.cpp.o[0m
[20.634s] [ 65%] [32m[1mLinking CXX shared library libtutorial_interfaces__rosidl_typesupport_c.so[0m
[20.963s] [ 65%] Built target tutorial_interfaces__rosidl_typesupport_c
[21.089s] [ 68%] [34m[1mGenerating C++ introspection for ROS interfaces[0m
[22.263s] [ 70%] [32mBuilding CXX object CMakeFiles/tutorial_interfaces__rosidl_typesupport_introspection_cpp.dir/rosidl_typesupport_introspection_cpp/tutorial_interfaces/msg/detail/num__type_support.cpp.o[0m
[23.012s] [ 72%] [32mBuilding CXX object CMakeFiles/tutorial_interfaces__rosidl_typesupport_introspection_cpp.dir/rosidl_typesupport_introspection_cpp/tutorial_interfaces/msg/detail/sphere__type_support.cpp.o[0m
[23.824s] [ 74%] [32mBuilding CXX object CMakeFiles/tutorial_interfaces__rosidl_typesupport_introspection_cpp.dir/rosidl_typesupport_introspection_cpp/tutorial_interfaces/srv/detail/add_three_ints__type_support.cpp.o[0m
[24.792s] [ 76%] [32m[1mLinking CXX shared library libtutorial_interfaces__rosidl_typesupport_introspection_cpp.so[0m
[25.059s] [ 76%] Built target tutorial_interfaces__rosidl_typesupport_introspection_cpp
[26.099s] running egg_info
[26.099s] creating tutorial_interfaces.egg-info
[26.107s] writing tutorial_interfaces.egg-info/PKG-INFO
[26.107s] writing dependency_links to tutorial_interfaces.egg-info/dependency_links.txt
[26.108s] writing top-level names to tutorial_interfaces.egg-info/top_level.txt
[26.108s] writing manifest file 'tutorial_interfaces.egg-info/SOURCES.txt'
[26.124s] reading manifest file 'tutorial_interfaces.egg-info/SOURCES.txt'
[26.124s] writing manifest file 'tutorial_interfaces.egg-info/SOURCES.txt'
[26.232s] [ 76%] Built target ament_cmake_python_build_tutorial_interfaces_egg
[26.456s] [ 76%] Built target tutorial_interfaces
[26.652s] [ 78%] [34m[1mGenerating Python code for ROS interfaces[0m
[28.265s] [ 78%] Built target tutorial_interfaces__py
[28.482s] [ 80%] [32mBuilding C object CMakeFiles/tutorial_interfaces__rosidl_generator_py.dir/rosidl_generator_py/tutorial_interfaces/msg/_num_s.c.o[0m
[28.800s] [ 82%] [32mBuilding C object CMakeFiles/tutorial_interfaces__rosidl_generator_py.dir/rosidl_generator_py/tutorial_interfaces/msg/_sphere_s.c.o[0m
[29.065s] [ 85%] [32mBuilding C object CMakeFiles/tutorial_interfaces__rosidl_generator_py.dir/rosidl_generator_py/tutorial_interfaces/srv/_add_three_ints_s.c.o[0m
[29.411s] [ 87%] [32m[1mLinking C shared library rosidl_generator_py/tutorial_interfaces/libtutorial_interfaces__rosidl_generator_py.so[0m
[29.587s] [ 87%] Built target tutorial_interfaces__rosidl_generator_py
[29.762s] [ 89%] [32mBuilding C object CMakeFiles/tutorial_interfaces__rosidl_typesupport_introspection_c__pyext.dir/rosidl_generator_py/tutorial_interfaces/_tutorial_interfaces_s.ep.rosidl_typesupport_introspection_c.c.o[0m
[30.083s] [ 91%] [32m[1mLinking C shared library rosidl_generator_py/tutorial_interfaces/tutorial_interfaces_s__rosidl_typesupport_introspection_c.cpython-310-x86_64-linux-gnu.so[0m
[30.271s] [ 91%] Built target tutorial_interfaces__rosidl_typesupport_introspection_c__pyext
[30.469s] [ 93%] [32mBuilding C object CMakeFiles/tutorial_interfaces__rosidl_typesupport_fastrtps_c__pyext.dir/rosidl_generator_py/tutorial_interfaces/_tutorial_interfaces_s.ep.rosidl_typesupport_fastrtps_c.c.o[0m
[30.764s] [ 95%] [32m[1mLinking C shared library rosidl_generator_py/tutorial_interfaces/tutorial_interfaces_s__rosidl_typesupport_fastrtps_c.cpython-310-x86_64-linux-gnu.so[0m
[31.009s] [ 95%] Built target tutorial_interfaces__rosidl_typesupport_fastrtps_c__pyext
[31.280s] [ 97%] [32mBuilding C object CMakeFiles/tutorial_interfaces__rosidl_typesupport_c__pyext.dir/rosidl_generator_py/tutorial_interfaces/_tutorial_interfaces_s.ep.rosidl_typesupport_c.c.o[0m
[31.550s] [100%] [32m[1mLinking C shared library rosidl_generator_py/tutorial_interfaces/tutorial_interfaces_s__rosidl_typesupport_c.cpython-310-x86_64-linux-gnu.so[0m
[31.844s] [100%] Built target tutorial_interfaces__rosidl_typesupport_c__pyext
[31.936s] Invoked command in '/home/bobxu/ros_sycl_ws/build/tutorial_interfaces' returned '0': CMAKE_PREFIX_PATH=${CMAKE_PREFIX_PATH}:/home/bobxu/ws_moveit2/install/moveit_configs_utils:/home/bobxu/ws_moveit2/install/launch_param_builder:/home/bobxu/ros2_humble/install/rqt_bag_plugins:/home/bobxu/ros2_humble/install/rqt_bag:/home/bobxu/ros2_humble/install/ros2bag:/home/bobxu/ros2_humble/install/tracetools_test:/home/bobxu/ros2_humble/install/tracetools_launch:/home/bobxu/ros2_humble/install/topic_monitor:/home/bobxu/ros2_humble/install/tf2_tools:/home/bobxu/ros2_humble/install/examples_tf2_py:/home/bobxu/ros2_humble/install/tf2_ros_py:/home/bobxu/ros2_humble/install/sros2:/home/bobxu/ros2_humble/install/rqt_topic:/home/bobxu/ros2_humble/install/rqt_srv:/home/bobxu/ros2_humble/install/rqt_shell:/home/bobxu/ros2_humble/install/rqt_service_caller:/home/bobxu/ros2_humble/install/rqt_reconfigure:/home/bobxu/ros2_humble/install/rqt_py_console:/home/bobxu/ros2_humble/install/rqt_publisher:/home/bobxu/ros2_humble/install/rqt_plot:/home/bobxu/ros2_humble/install/rqt_action:/home/bobxu/ros2_humble/install/rqt_msg:/home/bobxu/ros2_humble/install/rqt_console:/home/bobxu/ros2_humble/install/rqt:/home/bobxu/ros2_humble/install/rqt_graph:/home/bobxu/ros2_humble/install/rqt_gui_py:/home/bobxu/ros2_humble/install/rqt_gui:/home/bobxu/ros2_humble/install/ros2trace:/home/bobxu/ros2_humble/install/ros2topic:/home/bobxu/ros2_humble/install/ros2test:/home/bobxu/ros2_humble/install/ros2component:/home/bobxu/ros2_humble/install/ros2param:/home/bobxu/ros2_humble/install/ros2lifecycle:/home/bobxu/ros2_humble/install/ros2service:/home/bobxu/ros2_humble/install/ros2run:/home/bobxu/ros2_humble/install/ros2launch:/home/bobxu/ros2_humble/install/ros2pkg:/home/bobxu/ros2_humble/install/ros2node:/home/bobxu/ros2_humble/install/ros2multicast:/home/bobxu/ros2_humble/install/ros2interface:/home/bobxu/ros2_humble/install/ros2doctor:/home/bobxu/ros2_humble/install/ros2action:/home/bobxu/ros2_humble/install/ros2cli:/home/bobxu/ros2_humble/install/quality_of_service_demo_py:/home/bobxu/ros2_humble/install/lifecycle_py:/home/bobxu/ros2_humble/install/launch_testing_ros:/home/bobxu/ros2_humble/install/launch_ros:/home/bobxu/ros2_humble/install/examples_rclpy_pointcloud_publisher:/home/bobxu/ros2_humble/install/examples_rclpy_minimal_subscriber:/home/bobxu/ros2_humble/install/examples_rclpy_minimal_service:/home/bobxu/ros2_humble/install/examples_rclpy_minimal_publisher:/home/bobxu/ros2_humble/install/examples_rclpy_minimal_client:/home/bobxu/ros2_humble/install/examples_rclpy_minimal_action_server:/home/bobxu/ros2_humble/install/examples_rclpy_minimal_action_client:/home/bobxu/ros2_humble/install/examples_rclpy_guard_conditions:/home/bobxu/ros2_humble/install/examples_rclpy_executors:/home/bobxu/ros2_humble/install/demo_nodes_py:/home/bobxu/ros2_humble/install/action_tutorials_py:/home/bobxu/ros2_humble/install/ament_uncrustify:/home/bobxu/ros2_humble/install/tracetools_trace:/home/bobxu/ros2_humble/install/tracetools_read:/home/bobxu/ros2_humble/install/test_tracetools_launch:/home/bobxu/ros2_humble/install/test_launch_ros:/home/bobxu/ros2_humble/install/sensor_msgs_py:/home/bobxu/ros2_humble/install/rpyutils:/home/bobxu/ros2_humble/install/rosidl_runtime_py:/home/bobxu/ros2_humble/install/rosidl_cli:/home/bobxu/ros2_humble/install/launch_pytest:/home/bobxu/ros2_humble/install/launch_testing:/home/bobxu/ros2_humble/install/launch_yaml:/home/bobxu/ros2_humble/install/launch_xml:/home/bobxu/ros2_humble/install/launch:/home/bobxu/ros2_humble/install/osrf_pycommon:/home/bobxu/ros2_humble/install/launch_testing_examples:/home/bobxu/ros2_humble/install/domain_coordinator:/home/bobxu/ros2_humble/install/ament_xmllint:/home/bobxu/ros2_humble/install/ament_pyflakes:/home/bobxu/ros2_humble/install/ament_pycodestyle:/home/bobxu/ros2_humble/install/ament_pep257:/home/bobxu/ros2_humble/install/ament_pclint:/home/bobxu/ros2_humble/install/ament_package:/home/bobxu/ros2_humble/install/ament_mypy:/home/bobxu/ros2_humble/install/ament_lint_cmake:/home/bobxu/ros2_humble/install/ament_flake8:/home/bobxu/ros2_humble/install/ament_copyright:/home/bobxu/ros2_humble/install/ament_lint:/home/bobxu/ros2_humble/install/ament_index_python:/home/bobxu/ros2_humble/install/ament_cpplint:/home/bobxu/ros2_humble/install/ament_cppcheck:/home/bobxu/ros2_humble/install/ament_clang_tidy:/home/bobxu/ros2_humble/install/ament_clang_format:/opt/ros/humble /usr/bin/cmake --build /home/bobxu/ros_sycl_ws/build/tutorial_interfaces -- -j2 -l2
[34.908s] Invoking command in '/home/bobxu/ros_sycl_ws/build/tutorial_interfaces': CMAKE_PREFIX_PATH=${CMAKE_PREFIX_PATH}:/home/bobxu/ws_moveit2/install/moveit_configs_utils:/home/bobxu/ws_moveit2/install/launch_param_builder:/home/bobxu/ros2_humble/install/rqt_bag_plugins:/home/bobxu/ros2_humble/install/rqt_bag:/home/bobxu/ros2_humble/install/ros2bag:/home/bobxu/ros2_humble/install/tracetools_test:/home/bobxu/ros2_humble/install/tracetools_launch:/home/bobxu/ros2_humble/install/topic_monitor:/home/bobxu/ros2_humble/install/tf2_tools:/home/bobxu/ros2_humble/install/examples_tf2_py:/home/bobxu/ros2_humble/install/tf2_ros_py:/home/bobxu/ros2_humble/install/sros2:/home/bobxu/ros2_humble/install/rqt_topic:/home/bobxu/ros2_humble/install/rqt_srv:/home/bobxu/ros2_humble/install/rqt_shell:/home/bobxu/ros2_humble/install/rqt_service_caller:/home/bobxu/ros2_humble/install/rqt_reconfigure:/home/bobxu/ros2_humble/install/rqt_py_console:/home/bobxu/ros2_humble/install/rqt_publisher:/home/bobxu/ros2_humble/install/rqt_plot:/home/bobxu/ros2_humble/install/rqt_action:/home/bobxu/ros2_humble/install/rqt_msg:/home/bobxu/ros2_humble/install/rqt_console:/home/bobxu/ros2_humble/install/rqt:/home/bobxu/ros2_humble/install/rqt_graph:/home/bobxu/ros2_humble/install/rqt_gui_py:/home/bobxu/ros2_humble/install/rqt_gui:/home/bobxu/ros2_humble/install/ros2trace:/home/bobxu/ros2_humble/install/ros2topic:/home/bobxu/ros2_humble/install/ros2test:/home/bobxu/ros2_humble/install/ros2component:/home/bobxu/ros2_humble/install/ros2param:/home/bobxu/ros2_humble/install/ros2lifecycle:/home/bobxu/ros2_humble/install/ros2service:/home/bobxu/ros2_humble/install/ros2run:/home/bobxu/ros2_humble/install/ros2launch:/home/bobxu/ros2_humble/install/ros2pkg:/home/bobxu/ros2_humble/install/ros2node:/home/bobxu/ros2_humble/install/ros2multicast:/home/bobxu/ros2_humble/install/ros2interface:/home/bobxu/ros2_humble/install/ros2doctor:/home/bobxu/ros2_humble/install/ros2action:/home/bobxu/ros2_humble/install/ros2cli:/home/bobxu/ros2_humble/install/quality_of_service_demo_py:/home/bobxu/ros2_humble/install/lifecycle_py:/home/bobxu/ros2_humble/install/launch_testing_ros:/home/bobxu/ros2_humble/install/launch_ros:/home/bobxu/ros2_humble/install/examples_rclpy_pointcloud_publisher:/home/bobxu/ros2_humble/install/examples_rclpy_minimal_subscriber:/home/bobxu/ros2_humble/install/examples_rclpy_minimal_service:/home/bobxu/ros2_humble/install/examples_rclpy_minimal_publisher:/home/bobxu/ros2_humble/install/examples_rclpy_minimal_client:/home/bobxu/ros2_humble/install/examples_rclpy_minimal_action_server:/home/bobxu/ros2_humble/install/examples_rclpy_minimal_action_client:/home/bobxu/ros2_humble/install/examples_rclpy_guard_conditions:/home/bobxu/ros2_humble/install/examples_rclpy_executors:/home/bobxu/ros2_humble/install/demo_nodes_py:/home/bobxu/ros2_humble/install/action_tutorials_py:/home/bobxu/ros2_humble/install/ament_uncrustify:/home/bobxu/ros2_humble/install/tracetools_trace:/home/bobxu/ros2_humble/install/tracetools_read:/home/bobxu/ros2_humble/install/test_tracetools_launch:/home/bobxu/ros2_humble/install/test_launch_ros:/home/bobxu/ros2_humble/install/sensor_msgs_py:/home/bobxu/ros2_humble/install/rpyutils:/home/bobxu/ros2_humble/install/rosidl_runtime_py:/home/bobxu/ros2_humble/install/rosidl_cli:/home/bobxu/ros2_humble/install/launch_pytest:/home/bobxu/ros2_humble/install/launch_testing:/home/bobxu/ros2_humble/install/launch_yaml:/home/bobxu/ros2_humble/install/launch_xml:/home/bobxu/ros2_humble/install/launch:/home/bobxu/ros2_humble/install/osrf_pycommon:/home/bobxu/ros2_humble/install/launch_testing_examples:/home/bobxu/ros2_humble/install/domain_coordinator:/home/bobxu/ros2_humble/install/ament_xmllint:/home/bobxu/ros2_humble/install/ament_pyflakes:/home/bobxu/ros2_humble/install/ament_pycodestyle:/home/bobxu/ros2_humble/install/ament_pep257:/home/bobxu/ros2_humble/install/ament_pclint:/home/bobxu/ros2_humble/install/ament_package:/home/bobxu/ros2_humble/install/ament_mypy:/home/bobxu/ros2_humble/install/ament_lint_cmake:/home/bobxu/ros2_humble/install/ament_flake8:/home/bobxu/ros2_humble/install/ament_copyright:/home/bobxu/ros2_humble/install/ament_lint:/home/bobxu/ros2_humble/install/ament_index_python:/home/bobxu/ros2_humble/install/ament_cpplint:/home/bobxu/ros2_humble/install/ament_cppcheck:/home/bobxu/ros2_humble/install/ament_clang_tidy:/home/bobxu/ros2_humble/install/ament_clang_format:/opt/ros/humble /usr/bin/cmake --install /home/bobxu/ros_sycl_ws/build/tutorial_interfaces
[34.976s] -- Install configuration: ""
[34.976s] -- Installing: /home/bobxu/ros_sycl_ws/install/tutorial_interfaces/share/ament_index/resource_index/rosidl_interfaces/tutorial_interfaces
[34.980s] -- Up-to-date: /home/bobxu/ros_sycl_ws/install/tutorial_interfaces/include/tutorial_interfaces/tutorial_interfaces
[34.981s] -- Up-to-date: /home/bobxu/ros_sycl_ws/install/tutorial_interfaces/include/tutorial_interfaces/tutorial_interfaces/srv
[34.981s] -- Installing: /home/bobxu/ros_sycl_ws/install/tutorial_interfaces/include/tutorial_interfaces/tutorial_interfaces/srv/add_three_ints.h
[34.981s] -- Up-to-date: /home/bobxu/ros_sycl_ws/install/tutorial_interfaces/include/tutorial_interfaces/tutorial_interfaces/srv/detail
[34.981s] -- Installing: /home/bobxu/ros_sycl_ws/install/tutorial_interfaces/include/tutorial_interfaces/tutorial_interfaces/srv/detail/add_three_ints__functions.h
[34.988s] -- Installing: /home/bobxu/ros_sycl_ws/install/tutorial_interfaces/include/tutorial_interfaces/tutorial_interfaces/srv/detail/add_three_ints__functions.c
[34.988s] -- Installing: /home/bobxu/ros_sycl_ws/install/tutorial_interfaces/include/tutorial_interfaces/tutorial_interfaces/srv/detail/add_three_ints__type_support.h
[34.995s] -- Installing: /home/bobxu/ros_sycl_ws/install/tutorial_interfaces/include/tutorial_interfaces/tutorial_interfaces/srv/detail/add_three_ints__struct.h
[34.995s] -- Up-to-date: /home/bobxu/ros_sycl_ws/install/tutorial_interfaces/include/tutorial_interfaces/tutorial_interfaces/msg
[34.995s] -- Installing: /home/bobxu/ros_sycl_ws/install/tutorial_interfaces/include/tutorial_interfaces/tutorial_interfaces/msg/num.h
[34.995s] -- Installing: /home/bobxu/ros_sycl_ws/install/tutorial_interfaces/include/tutorial_interfaces/tutorial_interfaces/msg/rosidl_generator_c__visibility_control.h
[34.995s] -- Up-to-date: /home/bobxu/ros_sycl_ws/install/tutorial_interfaces/include/tutorial_interfaces/tutorial_interfaces/msg/detail
[34.995s] -- Installing: /home/bobxu/ros_sycl_ws/install/tutorial_interfaces/include/tutorial_interfaces/tutorial_interfaces/msg/detail/sphere__functions.c
[35.004s] -- Installing: /home/bobxu/ros_sycl_ws/install/tutorial_interfaces/include/tutorial_interfaces/tutorial_interfaces/msg/detail/num__functions.c
[35.004s] -- Installing: /home/bobxu/ros_sycl_ws/install/tutorial_interfaces/include/tutorial_interfaces/tutorial_interfaces/msg/detail/num__functions.h
[35.008s] -- Installing: /home/bobxu/ros_sycl_ws/install/tutorial_interfaces/include/tutorial_interfaces/tutorial_interfaces/msg/detail/sphere__functions.h
[35.008s] -- Installing: /home/bobxu/ros_sycl_ws/install/tutorial_interfaces/include/tutorial_interfaces/tutorial_interfaces/msg/detail/sphere__type_support.h
[35.008s] -- Installing: /home/bobxu/ros_sycl_ws/install/tutorial_interfaces/include/tutorial_interfaces/tutorial_interfaces/msg/detail/num__struct.h
[35.008s] -- Installing: /home/bobxu/ros_sycl_ws/install/tutorial_interfaces/include/tutorial_interfaces/tutorial_interfaces/msg/detail/num__type_support.h
[35.008s] -- Installing: /home/bobxu/ros_sycl_ws/install/tutorial_interfaces/include/tutorial_interfaces/tutorial_interfaces/msg/detail/sphere__struct.h
[35.008s] -- Installing: /home/bobxu/ros_sycl_ws/install/tutorial_interfaces/include/tutorial_interfaces/tutorial_interfaces/msg/sphere.h
[35.008s] -- Up-to-date: /home/bobxu/ros_sycl_ws/install/tutorial_interfaces/share/tutorial_interfaces/environment/library_path.sh
[35.008s] -- Installing: /home/bobxu/ros_sycl_ws/install/tutorial_interfaces/share/tutorial_interfaces/environment/library_path.dsv
[35.028s] -- Installing: /home/bobxu/ros_sycl_ws/install/tutorial_interfaces/lib/libtutorial_interfaces__rosidl_generator_c.so
[35.036s] -- Set runtime path of "/home/bobxu/ros_sycl_ws/install/tutorial_interfaces/lib/libtutorial_interfaces__rosidl_generator_c.so" to ""
[35.036s] -- Up-to-date: /home/bobxu/ros_sycl_ws/install/tutorial_interfaces/include/tutorial_interfaces/tutorial_interfaces
[35.036s] -- Up-to-date: /home/bobxu/ros_sycl_ws/install/tutorial_interfaces/include/tutorial_interfaces/tutorial_interfaces/srv
[35.036s] -- Up-to-date: /home/bobxu/ros_sycl_ws/install/tutorial_interfaces/include/tutorial_interfaces/tutorial_interfaces/srv/detail
[35.036s] -- Installing: /home/bobxu/ros_sycl_ws/install/tutorial_interfaces/include/tutorial_interfaces/tutorial_interfaces/srv/detail/add_three_ints__rosidl_typesupport_fastrtps_c.h
[35.036s] -- Up-to-date: /home/bobxu/ros_sycl_ws/install/tutorial_interfaces/include/tutorial_interfaces/tutorial_interfaces/msg
[35.036s] -- Installing: /home/bobxu/ros_sycl_ws/install/tutorial_interfaces/include/tutorial_interfaces/tutorial_interfaces/msg/rosidl_typesupport_fastrtps_c__visibility_control.h
[35.037s] -- Up-to-date: /home/bobxu/ros_sycl_ws/install/tutorial_interfaces/include/tutorial_interfaces/tutorial_interfaces/msg/detail
[35.037s] -- Installing: /home/bobxu/ros_sycl_ws/install/tutorial_interfaces/include/tutorial_interfaces/tutorial_interfaces/msg/detail/num__rosidl_typesupport_fastrtps_c.h
[35.037s] -- Installing: /home/bobxu/ros_sycl_ws/install/tutorial_interfaces/include/tutorial_interfaces/tutorial_interfaces/msg/detail/sphere__rosidl_typesupport_fastrtps_c.h
[35.044s] -- Installing: /home/bobxu/ros_sycl_ws/install/tutorial_interfaces/lib/libtutorial_interfaces__rosidl_typesupport_fastrtps_c.so
[35.052s] -- Set runtime path of "/home/bobxu/ros_sycl_ws/install/tutorial_interfaces/lib/libtutorial_interfaces__rosidl_typesupport_fastrtps_c.so" to ""
[35.052s] -- Up-to-date: /home/bobxu/ros_sycl_ws/install/tutorial_interfaces/include/tutorial_interfaces/tutorial_interfaces
[35.052s] -- Up-to-date: /home/bobxu/ros_sycl_ws/install/tutorial_interfaces/include/tutorial_interfaces/tutorial_interfaces/srv
[35.052s] -- Installing: /home/bobxu/ros_sycl_ws/install/tutorial_interfaces/include/tutorial_interfaces/tutorial_interfaces/srv/add_three_ints.hpp
[35.052s] -- Up-to-date: /home/bobxu/ros_sycl_ws/install/tutorial_interfaces/include/tutorial_interfaces/tutorial_interfaces/srv/detail
[35.052s] -- Installing: /home/bobxu/ros_sycl_ws/install/tutorial_interfaces/include/tutorial_interfaces/tutorial_interfaces/srv/detail/add_three_ints__struct.hpp
[35.052s] -- Installing: /home/bobxu/ros_sycl_ws/install/tutorial_interfaces/include/tutorial_interfaces/tutorial_interfaces/srv/detail/add_three_ints__traits.hpp
[35.052s] -- Installing: /home/bobxu/ros_sycl_ws/install/tutorial_interfaces/include/tutorial_interfaces/tutorial_interfaces/srv/detail/add_three_ints__builder.hpp
[35.053s] -- Up-to-date: /home/bobxu/ros_sycl_ws/install/tutorial_interfaces/include/tutorial_interfaces/tutorial_interfaces/msg
[35.053s] -- Installing: /home/bobxu/ros_sycl_ws/install/tutorial_interfaces/include/tutorial_interfaces/tutorial_interfaces/msg/num.hpp
[35.064s] -- Installing: /home/bobxu/ros_sycl_ws/install/tutorial_interfaces/include/tutorial_interfaces/tutorial_interfaces/msg/sphere.hpp
[35.064s] -- Up-to-date: /home/bobxu/ros_sycl_ws/install/tutorial_interfaces/include/tutorial_interfaces/tutorial_interfaces/msg/detail
[35.064s] -- Installing: /home/bobxu/ros_sycl_ws/install/tutorial_interfaces/include/tutorial_interfaces/tutorial_interfaces/msg/detail/sphere__struct.hpp
[35.064s] -- Installing: /home/bobxu/ros_sycl_ws/install/tutorial_interfaces/include/tutorial_interfaces/tutorial_interfaces/msg/detail/num__traits.hpp
[35.064s] -- Installing: /home/bobxu/ros_sycl_ws/install/tutorial_interfaces/include/tutorial_interfaces/tutorial_interfaces/msg/detail/sphere__traits.hpp
[35.064s] -- Installing: /home/bobxu/ros_sycl_ws/install/tutorial_interfaces/include/tutorial_interfaces/tutorial_interfaces/msg/detail/sphere__builder.hpp
[35.064s] -- Installing: /home/bobxu/ros_sycl_ws/install/tutorial_interfaces/include/tutorial_interfaces/tutorial_interfaces/msg/detail/num__struct.hpp
[35.064s] -- Installing: /home/bobxu/ros_sycl_ws/install/tutorial_interfaces/include/tutorial_interfaces/tutorial_interfaces/msg/detail/num__builder.hpp
[35.064s] -- Up-to-date: /home/bobxu/ros_sycl_ws/install/tutorial_interfaces/include/tutorial_interfaces/tutorial_interfaces
[35.064s] -- Up-to-date: /home/bobxu/ros_sycl_ws/install/tutorial_interfaces/include/tutorial_interfaces/tutorial_interfaces/srv
[35.064s] -- Up-to-date: /home/bobxu/ros_sycl_ws/install/tutorial_interfaces/include/tutorial_interfaces/tutorial_interfaces/srv/detail
[35.065s] -- Installing: /home/bobxu/ros_sycl_ws/install/tutorial_interfaces/include/tutorial_interfaces/tutorial_interfaces/srv/detail/add_three_ints__rosidl_typesupport_fastrtps_cpp.hpp
[35.065s] -- Up-to-date: /home/bobxu/ros_sycl_ws/install/tutorial_interfaces/include/tutorial_interfaces/tutorial_interfaces/srv/detail/dds_fastrtps
[35.065s] -- Up-to-date: /home/bobxu/ros_sycl_ws/install/tutorial_interfaces/include/tutorial_interfaces/tutorial_interfaces/msg
[35.065s] -- Installing: /home/bobxu/ros_sycl_ws/install/tutorial_interfaces/include/tutorial_interfaces/tutorial_interfaces/msg/rosidl_typesupport_fastrtps_cpp__visibility_control.h
[35.065s] -- Up-to-date: /home/bobxu/ros_sycl_ws/install/tutorial_interfaces/include/tutorial_interfaces/tutorial_interfaces/msg/detail
[35.065s] -- Installing: /home/bobxu/ros_sycl_ws/install/tutorial_interfaces/include/tutorial_interfaces/tutorial_interfaces/msg/detail/sphere__rosidl_typesupport_fastrtps_cpp.hpp
[35.065s] -- Up-to-date: /home/bobxu/ros_sycl_ws/install/tutorial_interfaces/include/tutorial_interfaces/tutorial_interfaces/msg/detail/dds_fastrtps
[35.065s] -- Installing: /home/bobxu/ros_sycl_ws/install/tutorial_interfaces/include/tutorial_interfaces/tutorial_interfaces/msg/detail/num__rosidl_typesupport_fastrtps_cpp.hpp
[35.081s] -- Installing: /home/bobxu/ros_sycl_ws/install/tutorial_interfaces/lib/libtutorial_interfaces__rosidl_typesupport_fastrtps_cpp.so
[35.082s] -- Set runtime path of "/home/bobxu/ros_sycl_ws/install/tutorial_interfaces/lib/libtutorial_interfaces__rosidl_typesupport_fastrtps_cpp.so" to ""
[35.084s] -- Up-to-date: /home/bobxu/ros_sycl_ws/install/tutorial_interfaces/include/tutorial_interfaces/tutorial_interfaces
[35.084s] -- Up-to-date: /home/bobxu/ros_sycl_ws/install/tutorial_interfaces/include/tutorial_interfaces/tutorial_interfaces/srv
[35.085s] -- Up-to-date: /home/bobxu/ros_sycl_ws/install/tutorial_interfaces/include/tutorial_interfaces/tutorial_interfaces/srv/detail
[35.085s] -- Installing: /home/bobxu/ros_sycl_ws/install/tutorial_interfaces/include/tutorial_interfaces/tutorial_interfaces/srv/detail/add_three_ints__rosidl_typesupport_introspection_c.h
[35.094s] -- Installing: /home/bobxu/ros_sycl_ws/install/tutorial_interfaces/include/tutorial_interfaces/tutorial_interfaces/srv/detail/add_three_ints__type_support.c
[35.103s] -- Up-to-date: /home/bobxu/ros_sycl_ws/install/tutorial_interfaces/include/tutorial_interfaces/tutorial_interfaces/msg
[35.103s] -- Up-to-date: /home/bobxu/ros_sycl_ws/install/tutorial_interfaces/include/tutorial_interfaces/tutorial_interfaces/msg/detail
[35.104s] -- Installing: /home/bobxu/ros_sycl_ws/install/tutorial_interfaces/include/tutorial_interfaces/tutorial_interfaces/msg/detail/num__rosidl_typesupport_introspection_c.h
[35.104s] -- Installing: /home/bobxu/ros_sycl_ws/install/tutorial_interfaces/include/tutorial_interfaces/tutorial_interfaces/msg/detail/sphere__type_support.c
[35.105s] -- Installing: /home/bobxu/ros_sycl_ws/install/tutorial_interfaces/include/tutorial_interfaces/tutorial_interfaces/msg/detail/sphere__rosidl_typesupport_introspection_c.h
[35.106s] -- Installing: /home/bobxu/ros_sycl_ws/install/tutorial_interfaces/include/tutorial_interfaces/tutorial_interfaces/msg/detail/num__type_support.c
[35.106s] -- Installing: /home/bobxu/ros_sycl_ws/install/tutorial_interfaces/include/tutorial_interfaces/tutorial_interfaces/msg/rosidl_typesupport_introspection_c__visibility_control.h
[35.111s] -- Installing: /home/bobxu/ros_sycl_ws/install/tutorial_interfaces/lib/libtutorial_interfaces__rosidl_typesupport_introspection_c.so
[35.121s] -- Set runtime path of "/home/bobxu/ros_sycl_ws/install/tutorial_interfaces/lib/libtutorial_interfaces__rosidl_typesupport_introspection_c.so" to ""
[35.123s] -- Installing: /home/bobxu/ros_sycl_ws/install/tutorial_interfaces/lib/libtutorial_interfaces__rosidl_typesupport_c.so
[35.124s] -- Set runtime path of "/home/bobxu/ros_sycl_ws/install/tutorial_interfaces/lib/libtutorial_interfaces__rosidl_typesupport_c.so" to ""
[35.124s] -- Up-to-date: /home/bobxu/ros_sycl_ws/install/tutorial_interfaces/include/tutorial_interfaces/tutorial_interfaces
[35.124s] -- Up-to-date: /home/bobxu/ros_sycl_ws/install/tutorial_interfaces/include/tutorial_interfaces/tutorial_interfaces/srv
[35.124s] -- Up-to-date: /home/bobxu/ros_sycl_ws/install/tutorial_interfaces/include/tutorial_interfaces/tutorial_interfaces/srv/detail
[35.125s] -- Installing: /home/bobxu/ros_sycl_ws/install/tutorial_interfaces/include/tutorial_interfaces/tutorial_interfaces/srv/detail/add_three_ints__type_support.cpp
[35.125s] -- Installing: /home/bobxu/ros_sycl_ws/install/tutorial_interfaces/include/tutorial_interfaces/tutorial_interfaces/srv/detail/add_three_ints__rosidl_typesupport_introspection_cpp.hpp
[35.125s] -- Up-to-date: /home/bobxu/ros_sycl_ws/install/tutorial_interfaces/include/tutorial_interfaces/tutorial_interfaces/msg
[35.125s] -- Up-to-date: /home/bobxu/ros_sycl_ws/install/tutorial_interfaces/include/tutorial_interfaces/tutorial_interfaces/msg/detail
[35.126s] -- Installing: /home/bobxu/ros_sycl_ws/install/tutorial_interfaces/include/tutorial_interfaces/tutorial_interfaces/msg/detail/sphere__rosidl_typesupport_introspection_cpp.hpp
[35.126s] -- Installing: /home/bobxu/ros_sycl_ws/install/tutorial_interfaces/include/tutorial_interfaces/tutorial_interfaces/msg/detail/num__rosidl_typesupport_introspection_cpp.hpp
[35.126s] -- Installing: /home/bobxu/ros_sycl_ws/install/tutorial_interfaces/include/tutorial_interfaces/tutorial_interfaces/msg/detail/num__type_support.cpp
[35.127s] -- Installing: /home/bobxu/ros_sycl_ws/install/tutorial_interfaces/include/tutorial_interfaces/tutorial_interfaces/msg/detail/sphere__type_support.cpp
[35.136s] -- Installing: /home/bobxu/ros_sycl_ws/install/tutorial_interfaces/lib/libtutorial_interfaces__rosidl_typesupport_introspection_cpp.so
[35.145s] -- Set runtime path of "/home/bobxu/ros_sycl_ws/install/tutorial_interfaces/lib/libtutorial_interfaces__rosidl_typesupport_introspection_cpp.so" to ""
[35.148s] -- Installing: /home/bobxu/ros_sycl_ws/install/tutorial_interfaces/lib/libtutorial_interfaces__rosidl_typesupport_cpp.so
[35.148s] -- Set runtime path of "/home/bobxu/ros_sycl_ws/install/tutorial_interfaces/lib/libtutorial_interfaces__rosidl_typesupport_cpp.so" to ""
[35.148s] -- Installing: /home/bobxu/ros_sycl_ws/install/tutorial_interfaces/share/tutorial_interfaces/environment/pythonpath.sh
[35.149s] -- Installing: /home/bobxu/ros_sycl_ws/install/tutorial_interfaces/share/tutorial_interfaces/environment/pythonpath.dsv
[35.149s] -- Up-to-date: /home/bobxu/ros_sycl_ws/install/tutorial_interfaces/local/lib/python3.10/dist-packages/tutorial_interfaces-0.0.0-py3.10.egg-info
[35.149s] -- Installing: /home/bobxu/ros_sycl_ws/install/tutorial_interfaces/local/lib/python3.10/dist-packages/tutorial_interfaces-0.0.0-py3.10.egg-info/PKG-INFO
[35.150s] -- Installing: /home/bobxu/ros_sycl_ws/install/tutorial_interfaces/local/lib/python3.10/dist-packages/tutorial_interfaces-0.0.0-py3.10.egg-info/top_level.txt
[35.151s] -- Installing: /home/bobxu/ros_sycl_ws/install/tutorial_interfaces/local/lib/python3.10/dist-packages/tutorial_interfaces-0.0.0-py3.10.egg-info/dependency_links.txt
[35.152s] -- Installing: /home/bobxu/ros_sycl_ws/install/tutorial_interfaces/local/lib/python3.10/dist-packages/tutorial_interfaces-0.0.0-py3.10.egg-info/SOURCES.txt
[35.152s] -- Up-to-date: /home/bobxu/ros_sycl_ws/install/tutorial_interfaces/local/lib/python3.10/dist-packages/tutorial_interfaces
[35.161s] -- Installing: /home/bobxu/ros_sycl_ws/install/tutorial_interfaces/local/lib/python3.10/dist-packages/tutorial_interfaces/_tutorial_interfaces_s.ep.rosidl_typesupport_introspection_c.c
[35.161s] -- Installing: /home/bobxu/ros_sycl_ws/install/tutorial_interfaces/local/lib/python3.10/dist-packages/tutorial_interfaces/__init__.py
[35.161s] -- Installing: /home/bobxu/ros_sycl_ws/install/tutorial_interfaces/local/lib/python3.10/dist-packages/tutorial_interfaces/libtutorial_interfaces__rosidl_generator_py.so
[35.161s] -- Up-to-date: /home/bobxu/ros_sycl_ws/install/tutorial_interfaces/local/lib/python3.10/dist-packages/tutorial_interfaces/srv
[35.161s] -- Installing: /home/bobxu/ros_sycl_ws/install/tutorial_interfaces/local/lib/python3.10/dist-packages/tutorial_interfaces/srv/_add_three_ints_s.c
[35.161s] -- Installing: /home/bobxu/ros_sycl_ws/install/tutorial_interfaces/local/lib/python3.10/dist-packages/tutorial_interfaces/srv/__init__.py
[35.161s] -- Installing: /home/bobxu/ros_sycl_ws/install/tutorial_interfaces/local/lib/python3.10/dist-packages/tutorial_interfaces/srv/_add_three_ints.py
[35.163s] -- Installing: /home/bobxu/ros_sycl_ws/install/tutorial_interfaces/local/lib/python3.10/dist-packages/tutorial_interfaces/tutorial_interfaces_s__rosidl_typesupport_fastrtps_c.cpython-310-x86_64-linux-gnu.so
[35.164s] -- Installing: /home/bobxu/ros_sycl_ws/install/tutorial_interfaces/local/lib/python3.10/dist-packages/tutorial_interfaces/_tutorial_interfaces_s.ep.rosidl_typesupport_c.c
[35.165s] -- Installing: /home/bobxu/ros_sycl_ws/install/tutorial_interfaces/local/lib/python3.10/dist-packages/tutorial_interfaces/tutorial_interfaces_s__rosidl_typesupport_c.cpython-310-x86_64-linux-gnu.so
[35.167s] -- Installing: /home/bobxu/ros_sycl_ws/install/tutorial_interfaces/local/lib/python3.10/dist-packages/tutorial_interfaces/_tutorial_interfaces_s.ep.rosidl_typesupport_fastrtps_c.c
[35.167s] -- Installing: /home/bobxu/ros_sycl_ws/install/tutorial_interfaces/local/lib/python3.10/dist-packages/tutorial_interfaces/tutorial_interfaces_s__rosidl_typesupport_introspection_c.cpython-310-x86_64-linux-gnu.so
[35.167s] -- Up-to-date: /home/bobxu/ros_sycl_ws/install/tutorial_interfaces/local/lib/python3.10/dist-packages/tutorial_interfaces/msg
[35.167s] -- Installing: /home/bobxu/ros_sycl_ws/install/tutorial_interfaces/local/lib/python3.10/dist-packages/tutorial_interfaces/msg/_num.py
[35.168s] -- Installing: /home/bobxu/ros_sycl_ws/install/tutorial_interfaces/local/lib/python3.10/dist-packages/tutorial_interfaces/msg/__init__.py
[35.173s] -- Installing: /home/bobxu/ros_sycl_ws/install/tutorial_interfaces/local/lib/python3.10/dist-packages/tutorial_interfaces/msg/_sphere_s.c
[35.173s] -- Installing: /home/bobxu/ros_sycl_ws/install/tutorial_interfaces/local/lib/python3.10/dist-packages/tutorial_interfaces/msg/_num_s.c
[35.174s] -- Installing: /home/bobxu/ros_sycl_ws/install/tutorial_interfaces/local/lib/python3.10/dist-packages/tutorial_interfaces/msg/_sphere.py
[35.423s] Listing '/home/bobxu/ros_sycl_ws/install/tutorial_interfaces/local/lib/python3.10/dist-packages/tutorial_interfaces'...
[35.423s] Compiling '/home/bobxu/ros_sycl_ws/install/tutorial_interfaces/local/lib/python3.10/dist-packages/tutorial_interfaces/__init__.py'...
[35.423s] Listing '/home/bobxu/ros_sycl_ws/install/tutorial_interfaces/local/lib/python3.10/dist-packages/tutorial_interfaces/msg'...
[35.423s] Compiling '/home/bobxu/ros_sycl_ws/install/tutorial_interfaces/local/lib/python3.10/dist-packages/tutorial_interfaces/msg/__init__.py'...
[35.423s] Compiling '/home/bobxu/ros_sycl_ws/install/tutorial_interfaces/local/lib/python3.10/dist-packages/tutorial_interfaces/msg/_num.py'...
[35.423s] Compiling '/home/bobxu/ros_sycl_ws/install/tutorial_interfaces/local/lib/python3.10/dist-packages/tutorial_interfaces/msg/_sphere.py'...
[35.423s] Listing '/home/bobxu/ros_sycl_ws/install/tutorial_interfaces/local/lib/python3.10/dist-packages/tutorial_interfaces/srv'...
[35.423s] Compiling '/home/bobxu/ros_sycl_ws/install/tutorial_interfaces/local/lib/python3.10/dist-packages/tutorial_interfaces/srv/__init__.py'...
[35.423s] Compiling '/home/bobxu/ros_sycl_ws/install/tutorial_interfaces/local/lib/python3.10/dist-packages/tutorial_interfaces/srv/_add_three_ints.py'...
[35.438s] -- Installing: /home/bobxu/ros_sycl_ws/install/tutorial_interfaces/local/lib/python3.10/dist-packages/tutorial_interfaces/tutorial_interfaces_s__rosidl_typesupport_introspection_c.cpython-310-x86_64-linux-gnu.so
[35.440s] -- Set runtime path of "/home/bobxu/ros_sycl_ws/install/tutorial_interfaces/local/lib/python3.10/dist-packages/tutorial_interfaces/tutorial_interfaces_s__rosidl_typesupport_introspection_c.cpython-310-x86_64-linux-gnu.so" to ""
[35.441s] -- Installing: /home/bobxu/ros_sycl_ws/install/tutorial_interfaces/local/lib/python3.10/dist-packages/tutorial_interfaces/tutorial_interfaces_s__rosidl_typesupport_fastrtps_c.cpython-310-x86_64-linux-gnu.so
[35.442s] -- Set runtime path of "/home/bobxu/ros_sycl_ws/install/tutorial_interfaces/local/lib/python3.10/dist-packages/tutorial_interfaces/tutorial_interfaces_s__rosidl_typesupport_fastrtps_c.cpython-310-x86_64-linux-gnu.so" to ""
[35.443s] -- Installing: /home/bobxu/ros_sycl_ws/install/tutorial_interfaces/local/lib/python3.10/dist-packages/tutorial_interfaces/tutorial_interfaces_s__rosidl_typesupport_c.cpython-310-x86_64-linux-gnu.so
[35.446s] -- Set runtime path of "/home/bobxu/ros_sycl_ws/install/tutorial_interfaces/local/lib/python3.10/dist-packages/tutorial_interfaces/tutorial_interfaces_s__rosidl_typesupport_c.cpython-310-x86_64-linux-gnu.so" to ""
[35.446s] -- Installing: /home/bobxu/ros_sycl_ws/install/tutorial_interfaces/lib/libtutorial_interfaces__rosidl_generator_py.so
[35.448s] -- Set runtime path of "/home/bobxu/ros_sycl_ws/install/tutorial_interfaces/lib/libtutorial_interfaces__rosidl_generator_py.so" to ""
[35.448s] -- Installing: /home/bobxu/ros_sycl_ws/install/tutorial_interfaces/share/tutorial_interfaces/msg/Num.idl
[35.452s] -- Installing: /home/bobxu/ros_sycl_ws/install/tutorial_interfaces/share/tutorial_interfaces/msg/Sphere.idl
[35.454s] -- Installing: /home/bobxu/ros_sycl_ws/install/tutorial_interfaces/share/tutorial_interfaces/srv/AddThreeInts.idl
[35.456s] -- Up-to-date: /home/bobxu/ros_sycl_ws/install/tutorial_interfaces/share/tutorial_interfaces/msg/Num.msg
[35.456s] -- Up-to-date: /home/bobxu/ros_sycl_ws/install/tutorial_interfaces/share/tutorial_interfaces/msg/Sphere.msg
[35.457s] -- Up-to-date: /home/bobxu/ros_sycl_ws/install/tutorial_interfaces/share/tutorial_interfaces/srv/AddThreeInts.srv
[35.457s] -- Installing: /home/bobxu/ros_sycl_ws/install/tutorial_interfaces/share/tutorial_interfaces/srv/AddThreeInts_Request.msg
[35.457s] -- Installing: /home/bobxu/ros_sycl_ws/install/tutorial_interfaces/share/tutorial_interfaces/srv/AddThreeInts_Response.msg
[35.458s] -- Installing: /home/bobxu/ros_sycl_ws/install/tutorial_interfaces/share/ament_index/resource_index/package_run_dependencies/tutorial_interfaces
[35.459s] -- Installing: /home/bobxu/ros_sycl_ws/install/tutorial_interfaces/share/ament_index/resource_index/parent_prefix_path/tutorial_interfaces
[35.460s] -- Installing: /home/bobxu/ros_sycl_ws/install/tutorial_interfaces/share/tutorial_interfaces/environment/ament_prefix_path.dsv
[35.466s] -- Installing: /home/bobxu/ros_sycl_ws/install/tutorial_interfaces/share/tutorial_interfaces/environment/path.dsv
[35.466s] -- Installing: /home/bobxu/ros_sycl_ws/install/tutorial_interfaces/share/tutorial_interfaces/local_setup.bash
[35.466s] -- Installing: /home/bobxu/ros_sycl_ws/install/tutorial_interfaces/share/tutorial_interfaces/local_setup.sh
[35.466s] -- Installing: /home/bobxu/ros_sycl_ws/install/tutorial_interfaces/share/tutorial_interfaces/local_setup.zsh
[35.466s] -- Installing: /home/bobxu/ros_sycl_ws/install/tutorial_interfaces/share/tutorial_interfaces/local_setup.dsv
[35.466s] -- Installing: /home/bobxu/ros_sycl_ws/install/tutorial_interfaces/share/tutorial_interfaces/package.dsv
[35.466s] -- Installing: /home/bobxu/ros_sycl_ws/install/tutorial_interfaces/share/ament_index/resource_index/packages/tutorial_interfaces
[35.466s] -- Installing: /home/bobxu/ros_sycl_ws/install/tutorial_interfaces/share/tutorial_interfaces/cmake/export_tutorial_interfaces__rosidl_generator_cExport.cmake
[35.467s] -- Installing: /home/bobxu/ros_sycl_ws/install/tutorial_interfaces/share/tutorial_interfaces/cmake/export_tutorial_interfaces__rosidl_generator_cExport-noconfig.cmake
[35.467s] -- Installing: /home/bobxu/ros_sycl_ws/install/tutorial_interfaces/share/tutorial_interfaces/cmake/export_tutorial_interfaces__rosidl_typesupport_fastrtps_cExport.cmake
[35.467s] -- Installing: /home/bobxu/ros_sycl_ws/install/tutorial_interfaces/share/tutorial_interfaces/cmake/export_tutorial_interfaces__rosidl_typesupport_fastrtps_cExport-noconfig.cmake
[35.467s] -- Installing: /home/bobxu/ros_sycl_ws/install/tutorial_interfaces/share/tutorial_interfaces/cmake/export_tutorial_interfaces__rosidl_generator_cppExport.cmake
[35.468s] -- Installing: /home/bobxu/ros_sycl_ws/install/tutorial_interfaces/share/tutorial_interfaces/cmake/export_tutorial_interfaces__rosidl_typesupport_fastrtps_cppExport.cmake
[35.468s] -- Installing: /home/bobxu/ros_sycl_ws/install/tutorial_interfaces/share/tutorial_interfaces/cmake/export_tutorial_interfaces__rosidl_typesupport_fastrtps_cppExport-noconfig.cmake
[35.469s] -- Installing: /home/bobxu/ros_sycl_ws/install/tutorial_interfaces/share/tutorial_interfaces/cmake/tutorial_interfaces__rosidl_typesupport_introspection_cExport.cmake
[35.469s] -- Installing: /home/bobxu/ros_sycl_ws/install/tutorial_interfaces/share/tutorial_interfaces/cmake/tutorial_interfaces__rosidl_typesupport_introspection_cExport-noconfig.cmake
[35.470s] -- Installing: /home/bobxu/ros_sycl_ws/install/tutorial_interfaces/share/tutorial_interfaces/cmake/tutorial_interfaces__rosidl_typesupport_cExport.cmake
[35.471s] -- Installing: /home/bobxu/ros_sycl_ws/install/tutorial_interfaces/share/tutorial_interfaces/cmake/tutorial_interfaces__rosidl_typesupport_cExport-noconfig.cmake
[35.479s] -- Installing: /home/bobxu/ros_sycl_ws/install/tutorial_interfaces/share/tutorial_interfaces/cmake/tutorial_interfaces__rosidl_typesupport_introspection_cppExport.cmake
[35.479s] -- Installing: /home/bobxu/ros_sycl_ws/install/tutorial_interfaces/share/tutorial_interfaces/cmake/tutorial_interfaces__rosidl_typesupport_introspection_cppExport-noconfig.cmake
[35.480s] -- Installing: /home/bobxu/ros_sycl_ws/install/tutorial_interfaces/share/tutorial_interfaces/cmake/tutorial_interfaces__rosidl_typesupport_cppExport.cmake
[35.480s] -- Installing: /home/bobxu/ros_sycl_ws/install/tutorial_interfaces/share/tutorial_interfaces/cmake/tutorial_interfaces__rosidl_typesupport_cppExport-noconfig.cmake
[35.480s] -- Installing: /home/bobxu/ros_sycl_ws/install/tutorial_interfaces/share/tutorial_interfaces/cmake/export_tutorial_interfaces__rosidl_generator_pyExport.cmake
[35.480s] -- Installing: /home/bobxu/ros_sycl_ws/install/tutorial_interfaces/share/tutorial_interfaces/cmake/export_tutorial_interfaces__rosidl_generator_pyExport-noconfig.cmake
[35.480s] -- Installing: /home/bobxu/ros_sycl_ws/install/tutorial_interfaces/share/tutorial_interfaces/cmake/rosidl_cmake-extras.cmake
[35.480s] -- Installing: /home/bobxu/ros_sycl_ws/install/tutorial_interfaces/share/tutorial_interfaces/cmake/ament_cmake_export_dependencies-extras.cmake
[35.480s] -- Installing: /home/bobxu/ros_sycl_ws/install/tutorial_interfaces/share/tutorial_interfaces/cmake/ament_cmake_export_include_directories-extras.cmake
[35.480s] -- Installing: /home/bobxu/ros_sycl_ws/install/tutorial_interfaces/share/tutorial_interfaces/cmake/ament_cmake_export_libraries-extras.cmake
[35.480s] -- Installing: /home/bobxu/ros_sycl_ws/install/tutorial_interfaces/share/tutorial_interfaces/cmake/ament_cmake_export_targets-extras.cmake
[35.480s] -- Installing: /home/bobxu/ros_sycl_ws/install/tutorial_interfaces/share/tutorial_interfaces/cmake/rosidl_cmake_export_typesupport_targets-extras.cmake
[35.480s] -- Installing: /home/bobxu/ros_sycl_ws/install/tutorial_interfaces/share/tutorial_interfaces/cmake/rosidl_cmake_export_typesupport_libraries-extras.cmake
[35.480s] -- Installing: /home/bobxu/ros_sycl_ws/install/tutorial_interfaces/share/tutorial_interfaces/cmake/tutorial_interfacesConfig.cmake
[35.480s] -- Installing: /home/bobxu/ros_sycl_ws/install/tutorial_interfaces/share/tutorial_interfaces/cmake/tutorial_interfacesConfig-version.cmake
[35.481s] -- Up-to-date: /home/bobxu/ros_sycl_ws/install/tutorial_interfaces/share/tutorial_interfaces/package.xml
[35.498s] Invoked command in '/home/bobxu/ros_sycl_ws/build/tutorial_interfaces' returned '0': CMAKE_PREFIX_PATH=${CMAKE_PREFIX_PATH}:/home/bobxu/ws_moveit2/install/moveit_configs_utils:/home/bobxu/ws_moveit2/install/launch_param_builder:/home/bobxu/ros2_humble/install/rqt_bag_plugins:/home/bobxu/ros2_humble/install/rqt_bag:/home/bobxu/ros2_humble/install/ros2bag:/home/bobxu/ros2_humble/install/tracetools_test:/home/bobxu/ros2_humble/install/tracetools_launch:/home/bobxu/ros2_humble/install/topic_monitor:/home/bobxu/ros2_humble/install/tf2_tools:/home/bobxu/ros2_humble/install/examples_tf2_py:/home/bobxu/ros2_humble/install/tf2_ros_py:/home/bobxu/ros2_humble/install/sros2:/home/bobxu/ros2_humble/install/rqt_topic:/home/bobxu/ros2_humble/install/rqt_srv:/home/bobxu/ros2_humble/install/rqt_shell:/home/bobxu/ros2_humble/install/rqt_service_caller:/home/bobxu/ros2_humble/install/rqt_reconfigure:/home/bobxu/ros2_humble/install/rqt_py_console:/home/bobxu/ros2_humble/install/rqt_publisher:/home/bobxu/ros2_humble/install/rqt_plot:/home/bobxu/ros2_humble/install/rqt_action:/home/bobxu/ros2_humble/install/rqt_msg:/home/bobxu/ros2_humble/install/rqt_console:/home/bobxu/ros2_humble/install/rqt:/home/bobxu/ros2_humble/install/rqt_graph:/home/bobxu/ros2_humble/install/rqt_gui_py:/home/bobxu/ros2_humble/install/rqt_gui:/home/bobxu/ros2_humble/install/ros2trace:/home/bobxu/ros2_humble/install/ros2topic:/home/bobxu/ros2_humble/install/ros2test:/home/bobxu/ros2_humble/install/ros2component:/home/bobxu/ros2_humble/install/ros2param:/home/bobxu/ros2_humble/install/ros2lifecycle:/home/bobxu/ros2_humble/install/ros2service:/home/bobxu/ros2_humble/install/ros2run:/home/bobxu/ros2_humble/install/ros2launch:/home/bobxu/ros2_humble/install/ros2pkg:/home/bobxu/ros2_humble/install/ros2node:/home/bobxu/ros2_humble/install/ros2multicast:/home/bobxu/ros2_humble/install/ros2interface:/home/bobxu/ros2_humble/install/ros2doctor:/home/bobxu/ros2_humble/install/ros2action:/home/bobxu/ros2_humble/install/ros2cli:/home/bobxu/ros2_humble/install/quality_of_service_demo_py:/home/bobxu/ros2_humble/install/lifecycle_py:/home/bobxu/ros2_humble/install/launch_testing_ros:/home/bobxu/ros2_humble/install/launch_ros:/home/bobxu/ros2_humble/install/examples_rclpy_pointcloud_publisher:/home/bobxu/ros2_humble/install/examples_rclpy_minimal_subscriber:/home/bobxu/ros2_humble/install/examples_rclpy_minimal_service:/home/bobxu/ros2_humble/install/examples_rclpy_minimal_publisher:/home/bobxu/ros2_humble/install/examples_rclpy_minimal_client:/home/bobxu/ros2_humble/install/examples_rclpy_minimal_action_server:/home/bobxu/ros2_humble/install/examples_rclpy_minimal_action_client:/home/bobxu/ros2_humble/install/examples_rclpy_guard_conditions:/home/bobxu/ros2_humble/install/examples_rclpy_executors:/home/bobxu/ros2_humble/install/demo_nodes_py:/home/bobxu/ros2_humble/install/action_tutorials_py:/home/bobxu/ros2_humble/install/ament_uncrustify:/home/bobxu/ros2_humble/install/tracetools_trace:/home/bobxu/ros2_humble/install/tracetools_read:/home/bobxu/ros2_humble/install/test_tracetools_launch:/home/bobxu/ros2_humble/install/test_launch_ros:/home/bobxu/ros2_humble/install/sensor_msgs_py:/home/bobxu/ros2_humble/install/rpyutils:/home/bobxu/ros2_humble/install/rosidl_runtime_py:/home/bobxu/ros2_humble/install/rosidl_cli:/home/bobxu/ros2_humble/install/launch_pytest:/home/bobxu/ros2_humble/install/launch_testing:/home/bobxu/ros2_humble/install/launch_yaml:/home/bobxu/ros2_humble/install/launch_xml:/home/bobxu/ros2_humble/install/launch:/home/bobxu/ros2_humble/install/osrf_pycommon:/home/bobxu/ros2_humble/install/launch_testing_examples:/home/bobxu/ros2_humble/install/domain_coordinator:/home/bobxu/ros2_humble/install/ament_xmllint:/home/bobxu/ros2_humble/install/ament_pyflakes:/home/bobxu/ros2_humble/install/ament_pycodestyle:/home/bobxu/ros2_humble/install/ament_pep257:/home/bobxu/ros2_humble/install/ament_pclint:/home/bobxu/ros2_humble/install/ament_package:/home/bobxu/ros2_humble/install/ament_mypy:/home/bobxu/ros2_humble/install/ament_lint_cmake:/home/bobxu/ros2_humble/install/ament_flake8:/home/bobxu/ros2_humble/install/ament_copyright:/home/bobxu/ros2_humble/install/ament_lint:/home/bobxu/ros2_humble/install/ament_index_python:/home/bobxu/ros2_humble/install/ament_cpplint:/home/bobxu/ros2_humble/install/ament_cppcheck:/home/bobxu/ros2_humble/install/ament_clang_tidy:/home/bobxu/ros2_humble/install/ament_clang_format:/opt/ros/humble /usr/bin/cmake --install /home/bobxu/ros_sycl_ws/build/tutorial_interfaces
