[0.086s] Invoking command in '/home/bobxu/ros_sycl_ws/build/tutorial_interfaces': CMAKE_PREFIX_PATH=${CMAKE_PREFIX_PATH}:/home/bobxu/ws_moveit2/install/moveit_configs_utils:/home/bobxu/ws_moveit2/install/launch_param_builder:/home/bobxu/ros2_humble/install/rqt_bag_plugins:/home/bobxu/ros2_humble/install/rqt_bag:/home/bobxu/ros2_humble/install/ros2bag:/home/bobxu/ros2_humble/install/tracetools_test:/home/bobxu/ros2_humble/install/tracetools_launch:/home/bobxu/ros2_humble/install/topic_monitor:/home/bobxu/ros2_humble/install/tf2_tools:/home/bobxu/ros2_humble/install/examples_tf2_py:/home/bobxu/ros2_humble/install/tf2_ros_py:/home/bobxu/ros2_humble/install/sros2:/home/bobxu/ros2_humble/install/rqt_topic:/home/bobxu/ros2_humble/install/rqt_srv:/home/bobxu/ros2_humble/install/rqt_shell:/home/bobxu/ros2_humble/install/rqt_service_caller:/home/bobxu/ros2_humble/install/rqt_reconfigure:/home/bobxu/ros2_humble/install/rqt_py_console:/home/bobxu/ros2_humble/install/rqt_publisher:/home/bobxu/ros2_humble/install/rqt_plot:/home/bobxu/ros2_humble/install/rqt_action:/home/bobxu/ros2_humble/install/rqt_msg:/home/bobxu/ros2_humble/install/rqt_console:/home/bobxu/ros2_humble/install/rqt:/home/bobxu/ros2_humble/install/rqt_graph:/home/bobxu/ros2_humble/install/rqt_gui_py:/home/bobxu/ros2_humble/install/rqt_gui:/home/bobxu/ros2_humble/install/ros2trace:/home/bobxu/ros2_humble/install/ros2topic:/home/bobxu/ros2_humble/install/ros2test:/home/bobxu/ros2_humble/install/ros2component:/home/bobxu/ros2_humble/install/ros2param:/home/bobxu/ros2_humble/install/ros2lifecycle:/home/bobxu/ros2_humble/install/ros2service:/home/bobxu/ros2_humble/install/ros2run:/home/bobxu/ros2_humble/install/ros2launch:/home/bobxu/ros2_humble/install/ros2pkg:/home/bobxu/ros2_humble/install/ros2node:/home/bobxu/ros2_humble/install/ros2multicast:/home/bobxu/ros2_humble/install/ros2interface:/home/bobxu/ros2_humble/install/ros2doctor:/home/bobxu/ros2_humble/install/ros2action:/home/bobxu/ros2_humble/install/ros2cli:/home/bobxu/ros2_humble/install/quality_of_service_demo_py:/home/bobxu/ros2_humble/install/lifecycle_py:/home/bobxu/ros2_humble/install/launch_testing_ros:/home/bobxu/ros2_humble/install/launch_ros:/home/bobxu/ros2_humble/install/examples_rclpy_pointcloud_publisher:/home/bobxu/ros2_humble/install/examples_rclpy_minimal_subscriber:/home/bobxu/ros2_humble/install/examples_rclpy_minimal_service:/home/bobxu/ros2_humble/install/examples_rclpy_minimal_publisher:/home/bobxu/ros2_humble/install/examples_rclpy_minimal_client:/home/bobxu/ros2_humble/install/examples_rclpy_minimal_action_server:/home/bobxu/ros2_humble/install/examples_rclpy_minimal_action_client:/home/bobxu/ros2_humble/install/examples_rclpy_guard_conditions:/home/bobxu/ros2_humble/install/examples_rclpy_executors:/home/bobxu/ros2_humble/install/demo_nodes_py:/home/bobxu/ros2_humble/install/action_tutorials_py:/home/bobxu/ros2_humble/install/ament_uncrustify:/home/bobxu/ros2_humble/install/tracetools_trace:/home/bobxu/ros2_humble/install/tracetools_read:/home/bobxu/ros2_humble/install/test_tracetools_launch:/home/bobxu/ros2_humble/install/test_launch_ros:/home/bobxu/ros2_humble/install/sensor_msgs_py:/home/bobxu/ros2_humble/install/rpyutils:/home/bobxu/ros2_humble/install/rosidl_runtime_py:/home/bobxu/ros2_humble/install/rosidl_cli:/home/bobxu/ros2_humble/install/launch_pytest:/home/bobxu/ros2_humble/install/launch_testing:/home/bobxu/ros2_humble/install/launch_yaml:/home/bobxu/ros2_humble/install/launch_xml:/home/bobxu/ros2_humble/install/launch:/home/bobxu/ros2_humble/install/osrf_pycommon:/home/bobxu/ros2_humble/install/launch_testing_examples:/home/bobxu/ros2_humble/install/domain_coordinator:/home/bobxu/ros2_humble/install/ament_xmllint:/home/bobxu/ros2_humble/install/ament_pyflakes:/home/bobxu/ros2_humble/install/ament_pycodestyle:/home/bobxu/ros2_humble/install/ament_pep257:/home/bobxu/ros2_humble/install/ament_pclint:/home/bobxu/ros2_humble/install/ament_package:/home/bobxu/ros2_humble/install/ament_mypy:/home/bobxu/ros2_humble/install/ament_lint_cmake:/home/bobxu/ros2_humble/install/ament_flake8:/home/bobxu/ros2_humble/install/ament_copyright:/home/bobxu/ros2_humble/install/ament_lint:/home/bobxu/ros2_humble/install/ament_index_python:/home/bobxu/ros2_humble/install/ament_cpplint:/home/bobxu/ros2_humble/install/ament_cppcheck:/home/bobxu/ros2_humble/install/ament_clang_tidy:/home/bobxu/ros2_humble/install/ament_clang_format:/opt/ros/humble /usr/bin/cmake /home/bobxu/ros_sycl_ws/src/tutorial_interfaces -DCMAKE_INSTALL_PREFIX=/home/bobxu/ros_sycl_ws/install/tutorial_interfaces
[0.591s] -- The C compiler identification is GNU 11.3.0
[0.807s] -- The CXX compiler identification is GNU 11.3.0
[0.837s] -- Detecting C compiler ABI info
[1.229s] -- Detecting C compiler ABI info - done
[1.241s] -- Check for working C compiler: /usr/bin/cc - skipped
[1.242s] -- Detecting C compile features
[1.242s] -- Detecting C compile features - done
[1.248s] -- Detecting CXX compiler ABI info
[1.743s] -- Detecting CXX compiler ABI info - done
[1.753s] -- Check for working CXX compiler: /usr/bin/c++ - skipped
[1.754s] -- Detecting CXX compile features
[1.754s] -- Detecting CXX compile features - done
[1.813s] -- Found ament_cmake: 1.3.4 (/home/bobxu/ros2_humble/install/ament_cmake/share/ament_cmake/cmake)
[3.173s] -- Found Python3: /usr/bin/python3.10 (found version "3.10.6") found components: Interpreter 
[4.366s] -- Found geometry_msgs: 4.2.3 (/home/bobxu/ros2_humble/install/geometry_msgs/share/geometry_msgs/cmake)
[4.837s] -- Found rosidl_generator_c: 3.1.4 (/home/bobxu/ros2_humble/install/rosidl_generator_c/share/rosidl_generator_c/cmake)
[4.923s] -- Found rosidl_adapter: 3.1.4 (/home/bobxu/ros2_humble/install/rosidl_adapter/share/rosidl_adapter/cmake)
[5.021s] -- Found rosidl_generator_cpp: 3.1.4 (/home/bobxu/ros2_humble/install/rosidl_generator_cpp/share/rosidl_generator_cpp/cmake)
[5.181s] -- Using all available rosidl_typesupport_c: rosidl_typesupport_introspection_c;rosidl_typesupport_fastrtps_c
[5.391s] -- Using all available rosidl_typesupport_cpp: rosidl_typesupport_introspection_cpp;rosidl_typesupport_fastrtps_cpp
[5.763s] -- Found rosidl_default_generators: 1.2.0 (/home/bobxu/ros2_humble/install/rosidl_default_generators/share/rosidl_default_generators/cmake)
[7.437s] -- Found ament_cmake_ros: 0.10.0 (/home/bobxu/ros2_humble/install/ament_cmake_ros/share/ament_cmake_ros/cmake)
[9.356s] -- Using all available rosidl_typesupport_c: rosidl_typesupport_introspection_c;rosidl_typesupport_fastrtps_c
[10.224s] -- Using all available rosidl_typesupport_cpp: rosidl_typesupport_introspection_cpp;rosidl_typesupport_fastrtps_cpp
[10.359s] -- Found PythonInterp: /usr/bin/python3 (found suitable version "3.10.6", minimum required is "3.6") 
[10.413s] -- Found python_cmake_module: 0.10.0 (/home/bobxu/ros2_humble/install/python_cmake_module/share/python_cmake_module/cmake)
[10.632s] -- Found PythonLibs: /usr/lib/x86_64-linux-gnu/libpython3.10.so (found suitable version "3.10.6", minimum required is "3.5") 
[10.632s] -- Using PYTHON_EXECUTABLE: /usr/bin/python3
[10.632s] -- Using PYTHON_INCLUDE_DIRS: /usr/include/python3.10
[10.633s] -- Using PYTHON_LIBRARIES: /usr/lib/x86_64-linux-gnu/libpython3.10.so
[10.792s] -- Found PythonExtra: .so  
[11.600s] -- Found ament_lint_auto: 0.12.6 (/home/bobxu/ros2_humble/install/ament_lint_auto/share/ament_lint_auto/cmake)
[11.947s] -- Added test 'lint_cmake' to check CMake code style
[11.976s] -- Added test 'xmllint' to check XML markup files
[11.991s] -- Configuring done
[12.105s] -- Generating done
[12.107s] -- Build files have been written to: /home/bobxu/ros_sycl_ws/build/tutorial_interfaces
[12.131s] Invoked command in '/home/bobxu/ros_sycl_ws/build/tutorial_interfaces' returned '0': CMAKE_PREFIX_PATH=${CMAKE_PREFIX_PATH}:/home/bobxu/ws_moveit2/install/moveit_configs_utils:/home/bobxu/ws_moveit2/install/launch_param_builder:/home/bobxu/ros2_humble/install/rqt_bag_plugins:/home/bobxu/ros2_humble/install/rqt_bag:/home/bobxu/ros2_humble/install/ros2bag:/home/bobxu/ros2_humble/install/tracetools_test:/home/bobxu/ros2_humble/install/tracetools_launch:/home/bobxu/ros2_humble/install/topic_monitor:/home/bobxu/ros2_humble/install/tf2_tools:/home/bobxu/ros2_humble/install/examples_tf2_py:/home/bobxu/ros2_humble/install/tf2_ros_py:/home/bobxu/ros2_humble/install/sros2:/home/bobxu/ros2_humble/install/rqt_topic:/home/bobxu/ros2_humble/install/rqt_srv:/home/bobxu/ros2_humble/install/rqt_shell:/home/bobxu/ros2_humble/install/rqt_service_caller:/home/bobxu/ros2_humble/install/rqt_reconfigure:/home/bobxu/ros2_humble/install/rqt_py_console:/home/bobxu/ros2_humble/install/rqt_publisher:/home/bobxu/ros2_humble/install/rqt_plot:/home/bobxu/ros2_humble/install/rqt_action:/home/bobxu/ros2_humble/install/rqt_msg:/home/bobxu/ros2_humble/install/rqt_console:/home/bobxu/ros2_humble/install/rqt:/home/bobxu/ros2_humble/install/rqt_graph:/home/bobxu/ros2_humble/install/rqt_gui_py:/home/bobxu/ros2_humble/install/rqt_gui:/home/bobxu/ros2_humble/install/ros2trace:/home/bobxu/ros2_humble/install/ros2topic:/home/bobxu/ros2_humble/install/ros2test:/home/bobxu/ros2_humble/install/ros2component:/home/bobxu/ros2_humble/install/ros2param:/home/bobxu/ros2_humble/install/ros2lifecycle:/home/bobxu/ros2_humble/install/ros2service:/home/bobxu/ros2_humble/install/ros2run:/home/bobxu/ros2_humble/install/ros2launch:/home/bobxu/ros2_humble/install/ros2pkg:/home/bobxu/ros2_humble/install/ros2node:/home/bobxu/ros2_humble/install/ros2multicast:/home/bobxu/ros2_humble/install/ros2interface:/home/bobxu/ros2_humble/install/ros2doctor:/home/bobxu/ros2_humble/install/ros2action:/home/bobxu/ros2_humble/install/ros2cli:/home/bobxu/ros2_humble/install/quality_of_service_demo_py:/home/bobxu/ros2_humble/install/lifecycle_py:/home/bobxu/ros2_humble/install/launch_testing_ros:/home/bobxu/ros2_humble/install/launch_ros:/home/bobxu/ros2_humble/install/examples_rclpy_pointcloud_publisher:/home/bobxu/ros2_humble/install/examples_rclpy_minimal_subscriber:/home/bobxu/ros2_humble/install/examples_rclpy_minimal_service:/home/bobxu/ros2_humble/install/examples_rclpy_minimal_publisher:/home/bobxu/ros2_humble/install/examples_rclpy_minimal_client:/home/bobxu/ros2_humble/install/examples_rclpy_minimal_action_server:/home/bobxu/ros2_humble/install/examples_rclpy_minimal_action_client:/home/bobxu/ros2_humble/install/examples_rclpy_guard_conditions:/home/bobxu/ros2_humble/install/examples_rclpy_executors:/home/bobxu/ros2_humble/install/demo_nodes_py:/home/bobxu/ros2_humble/install/action_tutorials_py:/home/bobxu/ros2_humble/install/ament_uncrustify:/home/bobxu/ros2_humble/install/tracetools_trace:/home/bobxu/ros2_humble/install/tracetools_read:/home/bobxu/ros2_humble/install/test_tracetools_launch:/home/bobxu/ros2_humble/install/test_launch_ros:/home/bobxu/ros2_humble/install/sensor_msgs_py:/home/bobxu/ros2_humble/install/rpyutils:/home/bobxu/ros2_humble/install/rosidl_runtime_py:/home/bobxu/ros2_humble/install/rosidl_cli:/home/bobxu/ros2_humble/install/launch_pytest:/home/bobxu/ros2_humble/install/launch_testing:/home/bobxu/ros2_humble/install/launch_yaml:/home/bobxu/ros2_humble/install/launch_xml:/home/bobxu/ros2_humble/install/launch:/home/bobxu/ros2_humble/install/osrf_pycommon:/home/bobxu/ros2_humble/install/launch_testing_examples:/home/bobxu/ros2_humble/install/domain_coordinator:/home/bobxu/ros2_humble/install/ament_xmllint:/home/bobxu/ros2_humble/install/ament_pyflakes:/home/bobxu/ros2_humble/install/ament_pycodestyle:/home/bobxu/ros2_humble/install/ament_pep257:/home/bobxu/ros2_humble/install/ament_pclint:/home/bobxu/ros2_humble/install/ament_package:/home/bobxu/ros2_humble/install/ament_mypy:/home/bobxu/ros2_humble/install/ament_lint_cmake:/home/bobxu/ros2_humble/install/ament_flake8:/home/bobxu/ros2_humble/install/ament_copyright:/home/bobxu/ros2_humble/install/ament_lint:/home/bobxu/ros2_humble/install/ament_index_python:/home/bobxu/ros2_humble/install/ament_cpplint:/home/bobxu/ros2_humble/install/ament_cppcheck:/home/bobxu/ros2_humble/install/ament_clang_tidy:/home/bobxu/ros2_humble/install/ament_clang_format:/opt/ros/humble /usr/bin/cmake /home/bobxu/ros_sycl_ws/src/tutorial_interfaces -DCMAKE_INSTALL_PREFIX=/home/bobxu/ros_sycl_ws/install/tutorial_interfaces
[12.131s] Invoking command in '/home/bobxu/ros_sycl_ws/build/tutorial_interfaces': CMAKE_PREFIX_PATH=${CMAKE_PREFIX_PATH}:/home/bobxu/ws_moveit2/install/moveit_configs_utils:/home/bobxu/ws_moveit2/install/launch_param_builder:/home/bobxu/ros2_humble/install/rqt_bag_plugins:/home/bobxu/ros2_humble/install/rqt_bag:/home/bobxu/ros2_humble/install/ros2bag:/home/bobxu/ros2_humble/install/tracetools_test:/home/bobxu/ros2_humble/install/tracetools_launch:/home/bobxu/ros2_humble/install/topic_monitor:/home/bobxu/ros2_humble/install/tf2_tools:/home/bobxu/ros2_humble/install/examples_tf2_py:/home/bobxu/ros2_humble/install/tf2_ros_py:/home/bobxu/ros2_humble/install/sros2:/home/bobxu/ros2_humble/install/rqt_topic:/home/bobxu/ros2_humble/install/rqt_srv:/home/bobxu/ros2_humble/install/rqt_shell:/home/bobxu/ros2_humble/install/rqt_service_caller:/home/bobxu/ros2_humble/install/rqt_reconfigure:/home/bobxu/ros2_humble/install/rqt_py_console:/home/bobxu/ros2_humble/install/rqt_publisher:/home/bobxu/ros2_humble/install/rqt_plot:/home/bobxu/ros2_humble/install/rqt_action:/home/bobxu/ros2_humble/install/rqt_msg:/home/bobxu/ros2_humble/install/rqt_console:/home/bobxu/ros2_humble/install/rqt:/home/bobxu/ros2_humble/install/rqt_graph:/home/bobxu/ros2_humble/install/rqt_gui_py:/home/bobxu/ros2_humble/install/rqt_gui:/home/bobxu/ros2_humble/install/ros2trace:/home/bobxu/ros2_humble/install/ros2topic:/home/bobxu/ros2_humble/install/ros2test:/home/bobxu/ros2_humble/install/ros2component:/home/bobxu/ros2_humble/install/ros2param:/home/bobxu/ros2_humble/install/ros2lifecycle:/home/bobxu/ros2_humble/install/ros2service:/home/bobxu/ros2_humble/install/ros2run:/home/bobxu/ros2_humble/install/ros2launch:/home/bobxu/ros2_humble/install/ros2pkg:/home/bobxu/ros2_humble/install/ros2node:/home/bobxu/ros2_humble/install/ros2multicast:/home/bobxu/ros2_humble/install/ros2interface:/home/bobxu/ros2_humble/install/ros2doctor:/home/bobxu/ros2_humble/install/ros2action:/home/bobxu/ros2_humble/install/ros2cli:/home/bobxu/ros2_humble/install/quality_of_service_demo_py:/home/bobxu/ros2_humble/install/lifecycle_py:/home/bobxu/ros2_humble/install/launch_testing_ros:/home/bobxu/ros2_humble/install/launch_ros:/home/bobxu/ros2_humble/install/examples_rclpy_pointcloud_publisher:/home/bobxu/ros2_humble/install/examples_rclpy_minimal_subscriber:/home/bobxu/ros2_humble/install/examples_rclpy_minimal_service:/home/bobxu/ros2_humble/install/examples_rclpy_minimal_publisher:/home/bobxu/ros2_humble/install/examples_rclpy_minimal_client:/home/bobxu/ros2_humble/install/examples_rclpy_minimal_action_server:/home/bobxu/ros2_humble/install/examples_rclpy_minimal_action_client:/home/bobxu/ros2_humble/install/examples_rclpy_guard_conditions:/home/bobxu/ros2_humble/install/examples_rclpy_executors:/home/bobxu/ros2_humble/install/demo_nodes_py:/home/bobxu/ros2_humble/install/action_tutorials_py:/home/bobxu/ros2_humble/install/ament_uncrustify:/home/bobxu/ros2_humble/install/tracetools_trace:/home/bobxu/ros2_humble/install/tracetools_read:/home/bobxu/ros2_humble/install/test_tracetools_launch:/home/bobxu/ros2_humble/install/test_launch_ros:/home/bobxu/ros2_humble/install/sensor_msgs_py:/home/bobxu/ros2_humble/install/rpyutils:/home/bobxu/ros2_humble/install/rosidl_runtime_py:/home/bobxu/ros2_humble/install/rosidl_cli:/home/bobxu/ros2_humble/install/launch_pytest:/home/bobxu/ros2_humble/install/launch_testing:/home/bobxu/ros2_humble/install/launch_yaml:/home/bobxu/ros2_humble/install/launch_xml:/home/bobxu/ros2_humble/install/launch:/home/bobxu/ros2_humble/install/osrf_pycommon:/home/bobxu/ros2_humble/install/launch_testing_examples:/home/bobxu/ros2_humble/install/domain_coordinator:/home/bobxu/ros2_humble/install/ament_xmllint:/home/bobxu/ros2_humble/install/ament_pyflakes:/home/bobxu/ros2_humble/install/ament_pycodestyle:/home/bobxu/ros2_humble/install/ament_pep257:/home/bobxu/ros2_humble/install/ament_pclint:/home/bobxu/ros2_humble/install/ament_package:/home/bobxu/ros2_humble/install/ament_mypy:/home/bobxu/ros2_humble/install/ament_lint_cmake:/home/bobxu/ros2_humble/install/ament_flake8:/home/bobxu/ros2_humble/install/ament_copyright:/home/bobxu/ros2_humble/install/ament_lint:/home/bobxu/ros2_humble/install/ament_index_python:/home/bobxu/ros2_humble/install/ament_cpplint:/home/bobxu/ros2_humble/install/ament_cppcheck:/home/bobxu/ros2_humble/install/ament_clang_tidy:/home/bobxu/ros2_humble/install/ament_clang_format:/opt/ros/humble /usr/bin/cmake --build /home/bobxu/ros_sycl_ws/build/tutorial_interfaces -- -j2 -l2
[12.470s] [  2%] [34m[1mGenerating C code for ROS interfaces[0m
[14.269s] [  4%] [32mBuilding C object CMakeFiles/tutorial_interfaces__rosidl_generator_c.dir/rosidl_generator_c/tutorial_interfaces/msg/detail/num__functions.c.o[0m
[14.556s] [  6%] [32mBuilding C object CMakeFiles/tutorial_interfaces__rosidl_generator_c.dir/rosidl_generator_c/tutorial_interfaces/msg/detail/sphere__functions.c.o[0m
[14.769s] [  8%] [32mBuilding C object CMakeFiles/tutorial_interfaces__rosidl_generator_c.dir/rosidl_generator_c/tutorial_interfaces/srv/detail/add_three_ints__functions.c.o[0m
[15.096s] [ 10%] [32m[1mLinking C shared library libtutorial_interfaces__rosidl_generator_c.so[0m
[15.394s] [ 10%] Built target tutorial_interfaces__rosidl_generator_c
[15.672s] [ 12%] [34m[1mGenerating C++ code for ROS interfaces[0m
[17.091s] [ 12%] Built target tutorial_interfaces__cpp
[17.340s] [ 12%] Built target ament_cmake_python_copy_tutorial_interfaces
[17.439s] [ 14%] [34m[1mGenerating C introspection for ROS interfaces[0m
[18.557s] [ 17%] [32mBuilding C object CMakeFiles/tutorial_interfaces__rosidl_typesupport_introspection_c.dir/rosidl_typesupport_introspection_c/tutorial_interfaces/msg/detail/num__type_support.c.o[0m
[18.804s] [ 19%] [32mBuilding C object CMakeFiles/tutorial_interfaces__rosidl_typesupport_introspection_c.dir/rosidl_typesupport_introspection_c/tutorial_interfaces/msg/detail/sphere__type_support.c.o[0m
[19.002s] [ 21%] [32mBuilding C object CMakeFiles/tutorial_interfaces__rosidl_typesupport_introspection_c.dir/rosidl_typesupport_introspection_c/tutorial_interfaces/srv/detail/add_three_ints__type_support.c.o[0m
[19.220s] [ 23%] [32m[1mLinking C shared library libtutorial_interfaces__rosidl_typesupport_introspection_c.so[0m
[19.474s] [ 23%] Built target tutorial_interfaces__rosidl_typesupport_introspection_c
[19.611s] [ 25%] [34m[1mGenerating C type support dispatch for ROS interfaces[0m
[20.616s] [ 27%] [32mBuilding CXX object CMakeFiles/tutorial_interfaces__rosidl_typesupport_c.dir/rosidl_typesupport_c/tutorial_interfaces/msg/num__type_support.cpp.o[0m
[20.803s] [ 29%] [32mBuilding CXX object CMakeFiles/tutorial_interfaces__rosidl_typesupport_c.dir/rosidl_typesupport_c/tutorial_interfaces/msg/sphere__type_support.cpp.o[0m
[21.015s] [ 31%] [32mBuilding CXX object CMakeFiles/tutorial_interfaces__rosidl_typesupport_c.dir/rosidl_typesupport_c/tutorial_interfaces/srv/add_three_ints__type_support.cpp.o[0m
[21.200s] [ 34%] [32m[1mLinking CXX shared library libtutorial_interfaces__rosidl_typesupport_c.so[0m
[21.500s] [ 34%] Built target tutorial_interfaces__rosidl_typesupport_c
[21.603s] [ 36%] [34m[1mGenerating C++ introspection for ROS interfaces[0m
[22.788s] [ 38%] [32mBuilding CXX object CMakeFiles/tutorial_interfaces__rosidl_typesupport_introspection_cpp.dir/rosidl_typesupport_introspection_cpp/tutorial_interfaces/msg/detail/num__type_support.cpp.o[0m
[23.505s] [ 40%] [32mBuilding CXX object CMakeFiles/tutorial_interfaces__rosidl_typesupport_introspection_cpp.dir/rosidl_typesupport_introspection_cpp/tutorial_interfaces/msg/detail/sphere__type_support.cpp.o[0m
[24.259s] [ 42%] [32mBuilding CXX object CMakeFiles/tutorial_interfaces__rosidl_typesupport_introspection_cpp.dir/rosidl_typesupport_introspection_cpp/tutorial_interfaces/srv/detail/add_three_ints__type_support.cpp.o[0m
[24.913s] [ 44%] [32m[1mLinking CXX shared library libtutorial_interfaces__rosidl_typesupport_introspection_cpp.so[0m
[25.171s] [ 44%] Built target tutorial_interfaces__rosidl_typesupport_introspection_cpp
[25.257s] [ 46%] [34m[1mGenerating C++ type support dispatch for ROS interfaces[0m
[26.181s] [ 48%] [32mBuilding CXX object CMakeFiles/tutorial_interfaces__rosidl_typesupport_cpp.dir/rosidl_typesupport_cpp/tutorial_interfaces/msg/num__type_support.cpp.o[0m
[26.708s] [ 51%] [32mBuilding CXX object CMakeFiles/tutorial_interfaces__rosidl_typesupport_cpp.dir/rosidl_typesupport_cpp/tutorial_interfaces/msg/sphere__type_support.cpp.o[0m
[27.335s] [ 53%] [32mBuilding CXX object CMakeFiles/tutorial_interfaces__rosidl_typesupport_cpp.dir/rosidl_typesupport_cpp/tutorial_interfaces/srv/add_three_ints__type_support.cpp.o[0m
[27.884s] [ 55%] [32m[1mLinking CXX shared library libtutorial_interfaces__rosidl_typesupport_cpp.so[0m
[28.176s] [ 55%] Built target tutorial_interfaces__rosidl_typesupport_cpp
[28.258s] [ 57%] [34m[1mGenerating C type support for eProsima Fast-RTPS[0m
[29.499s] [ 59%] [32mBuilding CXX object CMakeFiles/tutorial_interfaces__rosidl_typesupport_fastrtps_c.dir/rosidl_typesupport_fastrtps_c/tutorial_interfaces/msg/detail/num__type_support_c.cpp.o[0m
[30.188s] [ 61%] [32mBuilding CXX object CMakeFiles/tutorial_interfaces__rosidl_typesupport_fastrtps_c.dir/rosidl_typesupport_fastrtps_c/tutorial_interfaces/msg/detail/sphere__type_support_c.cpp.o[0m
[30.869s] [ 63%] [32mBuilding CXX object CMakeFiles/tutorial_interfaces__rosidl_typesupport_fastrtps_c.dir/rosidl_typesupport_fastrtps_c/tutorial_interfaces/srv/detail/add_three_ints__type_support_c.cpp.o[0m
[31.386s] [ 65%] [32m[1mLinking CXX shared library libtutorial_interfaces__rosidl_typesupport_fastrtps_c.so[0m
[31.529s] [ 65%] Built target tutorial_interfaces__rosidl_typesupport_fastrtps_c
[31.578s] [ 68%] [34m[1mGenerating C++ type support for eProsima Fast-RTPS[0m
[32.195s] [ 70%] [32mBuilding CXX object CMakeFiles/tutorial_interfaces__rosidl_typesupport_fastrtps_cpp.dir/rosidl_typesupport_fastrtps_cpp/tutorial_interfaces/msg/detail/dds_fastrtps/num__type_support.cpp.o[0m
[32.563s] [ 72%] [32mBuilding CXX object CMakeFiles/tutorial_interfaces__rosidl_typesupport_fastrtps_cpp.dir/rosidl_typesupport_fastrtps_cpp/tutorial_interfaces/msg/detail/dds_fastrtps/sphere__type_support.cpp.o[0m
[32.930s] [ 74%] [32mBuilding CXX object CMakeFiles/tutorial_interfaces__rosidl_typesupport_fastrtps_cpp.dir/rosidl_typesupport_fastrtps_cpp/tutorial_interfaces/srv/detail/dds_fastrtps/add_three_ints__type_support.cpp.o[0m
[33.314s] [ 76%] [32m[1mLinking CXX shared library libtutorial_interfaces__rosidl_typesupport_fastrtps_cpp.so[0m
[33.464s] [ 76%] Built target tutorial_interfaces__rosidl_typesupport_fastrtps_cpp
[34.071s] running egg_info
[34.072s] creating tutorial_interfaces.egg-info
[34.072s] writing tutorial_interfaces.egg-info/PKG-INFO
[34.073s] writing dependency_links to tutorial_interfaces.egg-info/dependency_links.txt
[34.073s] writing top-level names to tutorial_interfaces.egg-info/top_level.txt
[34.073s] writing manifest file 'tutorial_interfaces.egg-info/SOURCES.txt'
[34.075s] reading manifest file 'tutorial_interfaces.egg-info/SOURCES.txt'
[34.076s] writing manifest file 'tutorial_interfaces.egg-info/SOURCES.txt'
[34.141s] [ 76%] Built target ament_cmake_python_build_tutorial_interfaces_egg
[34.250s] [ 76%] Built target tutorial_interfaces
[34.353s] [ 78%] [34m[1mGenerating Python code for ROS interfaces[0m
[35.221s] [ 78%] Built target tutorial_interfaces__py
[35.322s] [ 80%] [32mBuilding C object CMakeFiles/tutorial_interfaces__rosidl_generator_py.dir/rosidl_generator_py/tutorial_interfaces/msg/_num_s.c.o[0m
[35.525s] [ 82%] [32mBuilding C object CMakeFiles/tutorial_interfaces__rosidl_generator_py.dir/rosidl_generator_py/tutorial_interfaces/msg/_sphere_s.c.o[0m
[35.677s] [ 85%] [32mBuilding C object CMakeFiles/tutorial_interfaces__rosidl_generator_py.dir/rosidl_generator_py/tutorial_interfaces/srv/_add_three_ints_s.c.o[0m
[35.832s] [ 87%] [32m[1mLinking C shared library rosidl_generator_py/tutorial_interfaces/libtutorial_interfaces__rosidl_generator_py.so[0m
[35.951s] [ 87%] Built target tutorial_interfaces__rosidl_generator_py
[36.050s] [ 89%] [32mBuilding C object CMakeFiles/tutorial_interfaces__rosidl_typesupport_introspection_c__pyext.dir/rosidl_generator_py/tutorial_interfaces/_tutorial_interfaces_s.ep.rosidl_typesupport_introspection_c.c.o[0m
[36.217s] [ 91%] [32m[1mLinking C shared library rosidl_generator_py/tutorial_interfaces/tutorial_interfaces_s__rosidl_typesupport_introspection_c.cpython-310-x86_64-linux-gnu.so[0m
[36.361s] [ 91%] Built target tutorial_interfaces__rosidl_typesupport_introspection_c__pyext
[36.460s] [ 93%] [32mBuilding C object CMakeFiles/tutorial_interfaces__rosidl_typesupport_fastrtps_c__pyext.dir/rosidl_generator_py/tutorial_interfaces/_tutorial_interfaces_s.ep.rosidl_typesupport_fastrtps_c.c.o[0m
[36.624s] [ 95%] [32m[1mLinking C shared library rosidl_generator_py/tutorial_interfaces/tutorial_interfaces_s__rosidl_typesupport_fastrtps_c.cpython-310-x86_64-linux-gnu.so[0m
[36.744s] [ 95%] Built target tutorial_interfaces__rosidl_typesupport_fastrtps_c__pyext
[36.846s] [ 97%] [32mBuilding C object CMakeFiles/tutorial_interfaces__rosidl_typesupport_c__pyext.dir/rosidl_generator_py/tutorial_interfaces/_tutorial_interfaces_s.ep.rosidl_typesupport_c.c.o[0m
[37.011s] [100%] [32m[1mLinking C shared library rosidl_generator_py/tutorial_interfaces/tutorial_interfaces_s__rosidl_typesupport_c.cpython-310-x86_64-linux-gnu.so[0m
[37.130s] [100%] Built target tutorial_interfaces__rosidl_typesupport_c__pyext
[37.163s] Invoked command in '/home/bobxu/ros_sycl_ws/build/tutorial_interfaces' returned '0': CMAKE_PREFIX_PATH=${CMAKE_PREFIX_PATH}:/home/bobxu/ws_moveit2/install/moveit_configs_utils:/home/bobxu/ws_moveit2/install/launch_param_builder:/home/bobxu/ros2_humble/install/rqt_bag_plugins:/home/bobxu/ros2_humble/install/rqt_bag:/home/bobxu/ros2_humble/install/ros2bag:/home/bobxu/ros2_humble/install/tracetools_test:/home/bobxu/ros2_humble/install/tracetools_launch:/home/bobxu/ros2_humble/install/topic_monitor:/home/bobxu/ros2_humble/install/tf2_tools:/home/bobxu/ros2_humble/install/examples_tf2_py:/home/bobxu/ros2_humble/install/tf2_ros_py:/home/bobxu/ros2_humble/install/sros2:/home/bobxu/ros2_humble/install/rqt_topic:/home/bobxu/ros2_humble/install/rqt_srv:/home/bobxu/ros2_humble/install/rqt_shell:/home/bobxu/ros2_humble/install/rqt_service_caller:/home/bobxu/ros2_humble/install/rqt_reconfigure:/home/bobxu/ros2_humble/install/rqt_py_console:/home/bobxu/ros2_humble/install/rqt_publisher:/home/bobxu/ros2_humble/install/rqt_plot:/home/bobxu/ros2_humble/install/rqt_action:/home/bobxu/ros2_humble/install/rqt_msg:/home/bobxu/ros2_humble/install/rqt_console:/home/bobxu/ros2_humble/install/rqt:/home/bobxu/ros2_humble/install/rqt_graph:/home/bobxu/ros2_humble/install/rqt_gui_py:/home/bobxu/ros2_humble/install/rqt_gui:/home/bobxu/ros2_humble/install/ros2trace:/home/bobxu/ros2_humble/install/ros2topic:/home/bobxu/ros2_humble/install/ros2test:/home/bobxu/ros2_humble/install/ros2component:/home/bobxu/ros2_humble/install/ros2param:/home/bobxu/ros2_humble/install/ros2lifecycle:/home/bobxu/ros2_humble/install/ros2service:/home/bobxu/ros2_humble/install/ros2run:/home/bobxu/ros2_humble/install/ros2launch:/home/bobxu/ros2_humble/install/ros2pkg:/home/bobxu/ros2_humble/install/ros2node:/home/bobxu/ros2_humble/install/ros2multicast:/home/bobxu/ros2_humble/install/ros2interface:/home/bobxu/ros2_humble/install/ros2doctor:/home/bobxu/ros2_humble/install/ros2action:/home/bobxu/ros2_humble/install/ros2cli:/home/bobxu/ros2_humble/install/quality_of_service_demo_py:/home/bobxu/ros2_humble/install/lifecycle_py:/home/bobxu/ros2_humble/install/launch_testing_ros:/home/bobxu/ros2_humble/install/launch_ros:/home/bobxu/ros2_humble/install/examples_rclpy_pointcloud_publisher:/home/bobxu/ros2_humble/install/examples_rclpy_minimal_subscriber:/home/bobxu/ros2_humble/install/examples_rclpy_minimal_service:/home/bobxu/ros2_humble/install/examples_rclpy_minimal_publisher:/home/bobxu/ros2_humble/install/examples_rclpy_minimal_client:/home/bobxu/ros2_humble/install/examples_rclpy_minimal_action_server:/home/bobxu/ros2_humble/install/examples_rclpy_minimal_action_client:/home/bobxu/ros2_humble/install/examples_rclpy_guard_conditions:/home/bobxu/ros2_humble/install/examples_rclpy_executors:/home/bobxu/ros2_humble/install/demo_nodes_py:/home/bobxu/ros2_humble/install/action_tutorials_py:/home/bobxu/ros2_humble/install/ament_uncrustify:/home/bobxu/ros2_humble/install/tracetools_trace:/home/bobxu/ros2_humble/install/tracetools_read:/home/bobxu/ros2_humble/install/test_tracetools_launch:/home/bobxu/ros2_humble/install/test_launch_ros:/home/bobxu/ros2_humble/install/sensor_msgs_py:/home/bobxu/ros2_humble/install/rpyutils:/home/bobxu/ros2_humble/install/rosidl_runtime_py:/home/bobxu/ros2_humble/install/rosidl_cli:/home/bobxu/ros2_humble/install/launch_pytest:/home/bobxu/ros2_humble/install/launch_testing:/home/bobxu/ros2_humble/install/launch_yaml:/home/bobxu/ros2_humble/install/launch_xml:/home/bobxu/ros2_humble/install/launch:/home/bobxu/ros2_humble/install/osrf_pycommon:/home/bobxu/ros2_humble/install/launch_testing_examples:/home/bobxu/ros2_humble/install/domain_coordinator:/home/bobxu/ros2_humble/install/ament_xmllint:/home/bobxu/ros2_humble/install/ament_pyflakes:/home/bobxu/ros2_humble/install/ament_pycodestyle:/home/bobxu/ros2_humble/install/ament_pep257:/home/bobxu/ros2_humble/install/ament_pclint:/home/bobxu/ros2_humble/install/ament_package:/home/bobxu/ros2_humble/install/ament_mypy:/home/bobxu/ros2_humble/install/ament_lint_cmake:/home/bobxu/ros2_humble/install/ament_flake8:/home/bobxu/ros2_humble/install/ament_copyright:/home/bobxu/ros2_humble/install/ament_lint:/home/bobxu/ros2_humble/install/ament_index_python:/home/bobxu/ros2_humble/install/ament_cpplint:/home/bobxu/ros2_humble/install/ament_cppcheck:/home/bobxu/ros2_humble/install/ament_clang_tidy:/home/bobxu/ros2_humble/install/ament_clang_format:/opt/ros/humble /usr/bin/cmake --build /home/bobxu/ros_sycl_ws/build/tutorial_interfaces -- -j2 -l2
[38.267s] Invoking command in '/home/bobxu/ros_sycl_ws/build/tutorial_interfaces': CMAKE_PREFIX_PATH=${CMAKE_PREFIX_PATH}:/home/bobxu/ws_moveit2/install/moveit_configs_utils:/home/bobxu/ws_moveit2/install/launch_param_builder:/home/bobxu/ros2_humble/install/rqt_bag_plugins:/home/bobxu/ros2_humble/install/rqt_bag:/home/bobxu/ros2_humble/install/ros2bag:/home/bobxu/ros2_humble/install/tracetools_test:/home/bobxu/ros2_humble/install/tracetools_launch:/home/bobxu/ros2_humble/install/topic_monitor:/home/bobxu/ros2_humble/install/tf2_tools:/home/bobxu/ros2_humble/install/examples_tf2_py:/home/bobxu/ros2_humble/install/tf2_ros_py:/home/bobxu/ros2_humble/install/sros2:/home/bobxu/ros2_humble/install/rqt_topic:/home/bobxu/ros2_humble/install/rqt_srv:/home/bobxu/ros2_humble/install/rqt_shell:/home/bobxu/ros2_humble/install/rqt_service_caller:/home/bobxu/ros2_humble/install/rqt_reconfigure:/home/bobxu/ros2_humble/install/rqt_py_console:/home/bobxu/ros2_humble/install/rqt_publisher:/home/bobxu/ros2_humble/install/rqt_plot:/home/bobxu/ros2_humble/install/rqt_action:/home/bobxu/ros2_humble/install/rqt_msg:/home/bobxu/ros2_humble/install/rqt_console:/home/bobxu/ros2_humble/install/rqt:/home/bobxu/ros2_humble/install/rqt_graph:/home/bobxu/ros2_humble/install/rqt_gui_py:/home/bobxu/ros2_humble/install/rqt_gui:/home/bobxu/ros2_humble/install/ros2trace:/home/bobxu/ros2_humble/install/ros2topic:/home/bobxu/ros2_humble/install/ros2test:/home/bobxu/ros2_humble/install/ros2component:/home/bobxu/ros2_humble/install/ros2param:/home/bobxu/ros2_humble/install/ros2lifecycle:/home/bobxu/ros2_humble/install/ros2service:/home/bobxu/ros2_humble/install/ros2run:/home/bobxu/ros2_humble/install/ros2launch:/home/bobxu/ros2_humble/install/ros2pkg:/home/bobxu/ros2_humble/install/ros2node:/home/bobxu/ros2_humble/install/ros2multicast:/home/bobxu/ros2_humble/install/ros2interface:/home/bobxu/ros2_humble/install/ros2doctor:/home/bobxu/ros2_humble/install/ros2action:/home/bobxu/ros2_humble/install/ros2cli:/home/bobxu/ros2_humble/install/quality_of_service_demo_py:/home/bobxu/ros2_humble/install/lifecycle_py:/home/bobxu/ros2_humble/install/launch_testing_ros:/home/bobxu/ros2_humble/install/launch_ros:/home/bobxu/ros2_humble/install/examples_rclpy_pointcloud_publisher:/home/bobxu/ros2_humble/install/examples_rclpy_minimal_subscriber:/home/bobxu/ros2_humble/install/examples_rclpy_minimal_service:/home/bobxu/ros2_humble/install/examples_rclpy_minimal_publisher:/home/bobxu/ros2_humble/install/examples_rclpy_minimal_client:/home/bobxu/ros2_humble/install/examples_rclpy_minimal_action_server:/home/bobxu/ros2_humble/install/examples_rclpy_minimal_action_client:/home/bobxu/ros2_humble/install/examples_rclpy_guard_conditions:/home/bobxu/ros2_humble/install/examples_rclpy_executors:/home/bobxu/ros2_humble/install/demo_nodes_py:/home/bobxu/ros2_humble/install/action_tutorials_py:/home/bobxu/ros2_humble/install/ament_uncrustify:/home/bobxu/ros2_humble/install/tracetools_trace:/home/bobxu/ros2_humble/install/tracetools_read:/home/bobxu/ros2_humble/install/test_tracetools_launch:/home/bobxu/ros2_humble/install/test_launch_ros:/home/bobxu/ros2_humble/install/sensor_msgs_py:/home/bobxu/ros2_humble/install/rpyutils:/home/bobxu/ros2_humble/install/rosidl_runtime_py:/home/bobxu/ros2_humble/install/rosidl_cli:/home/bobxu/ros2_humble/install/launch_pytest:/home/bobxu/ros2_humble/install/launch_testing:/home/bobxu/ros2_humble/install/launch_yaml:/home/bobxu/ros2_humble/install/launch_xml:/home/bobxu/ros2_humble/install/launch:/home/bobxu/ros2_humble/install/osrf_pycommon:/home/bobxu/ros2_humble/install/launch_testing_examples:/home/bobxu/ros2_humble/install/domain_coordinator:/home/bobxu/ros2_humble/install/ament_xmllint:/home/bobxu/ros2_humble/install/ament_pyflakes:/home/bobxu/ros2_humble/install/ament_pycodestyle:/home/bobxu/ros2_humble/install/ament_pep257:/home/bobxu/ros2_humble/install/ament_pclint:/home/bobxu/ros2_humble/install/ament_package:/home/bobxu/ros2_humble/install/ament_mypy:/home/bobxu/ros2_humble/install/ament_lint_cmake:/home/bobxu/ros2_humble/install/ament_flake8:/home/bobxu/ros2_humble/install/ament_copyright:/home/bobxu/ros2_humble/install/ament_lint:/home/bobxu/ros2_humble/install/ament_index_python:/home/bobxu/ros2_humble/install/ament_cpplint:/home/bobxu/ros2_humble/install/ament_cppcheck:/home/bobxu/ros2_humble/install/ament_clang_tidy:/home/bobxu/ros2_humble/install/ament_clang_format:/opt/ros/humble /usr/bin/cmake --install /home/bobxu/ros_sycl_ws/build/tutorial_interfaces
[38.299s] -- Install configuration: ""
[38.299s] -- Installing: /home/bobxu/ros_sycl_ws/install/tutorial_interfaces/share/ament_index/resource_index/rosidl_interfaces/tutorial_interfaces
[38.299s] -- Up-to-date: /home/bobxu/ros_sycl_ws/install/tutorial_interfaces/include/tutorial_interfaces/tutorial_interfaces
[38.299s] -- Up-to-date: /home/bobxu/ros_sycl_ws/install/tutorial_interfaces/include/tutorial_interfaces/tutorial_interfaces/srv
[38.299s] -- Installing: /home/bobxu/ros_sycl_ws/install/tutorial_interfaces/include/tutorial_interfaces/tutorial_interfaces/srv/add_three_ints.h
[38.307s] -- Up-to-date: /home/bobxu/ros_sycl_ws/install/tutorial_interfaces/include/tutorial_interfaces/tutorial_interfaces/srv/detail
[38.307s] -- Installing: /home/bobxu/ros_sycl_ws/install/tutorial_interfaces/include/tutorial_interfaces/tutorial_interfaces/srv/detail/add_three_ints__functions.h
[38.307s] -- Installing: /home/bobxu/ros_sycl_ws/install/tutorial_interfaces/include/tutorial_interfaces/tutorial_interfaces/srv/detail/add_three_ints__functions.c
[38.307s] -- Installing: /home/bobxu/ros_sycl_ws/install/tutorial_interfaces/include/tutorial_interfaces/tutorial_interfaces/srv/detail/add_three_ints__type_support.h
[38.308s] -- Installing: /home/bobxu/ros_sycl_ws/install/tutorial_interfaces/include/tutorial_interfaces/tutorial_interfaces/srv/detail/add_three_ints__struct.h
[38.308s] -- Up-to-date: /home/bobxu/ros_sycl_ws/install/tutorial_interfaces/include/tutorial_interfaces/tutorial_interfaces/msg
[38.308s] -- Installing: /home/bobxu/ros_sycl_ws/install/tutorial_interfaces/include/tutorial_interfaces/tutorial_interfaces/msg/num.h
[38.308s] -- Installing: /home/bobxu/ros_sycl_ws/install/tutorial_interfaces/include/tutorial_interfaces/tutorial_interfaces/msg/rosidl_generator_c__visibility_control.h
[38.308s] -- Up-to-date: /home/bobxu/ros_sycl_ws/install/tutorial_interfaces/include/tutorial_interfaces/tutorial_interfaces/msg/detail
[38.308s] -- Installing: /home/bobxu/ros_sycl_ws/install/tutorial_interfaces/include/tutorial_interfaces/tutorial_interfaces/msg/detail/sphere__functions.c
[38.308s] -- Installing: /home/bobxu/ros_sycl_ws/install/tutorial_interfaces/include/tutorial_interfaces/tutorial_interfaces/msg/detail/num__functions.c
[38.308s] -- Installing: /home/bobxu/ros_sycl_ws/install/tutorial_interfaces/include/tutorial_interfaces/tutorial_interfaces/msg/detail/num__functions.h
[38.308s] -- Installing: /home/bobxu/ros_sycl_ws/install/tutorial_interfaces/include/tutorial_interfaces/tutorial_interfaces/msg/detail/sphere__functions.h
[38.308s] -- Installing: /home/bobxu/ros_sycl_ws/install/tutorial_interfaces/include/tutorial_interfaces/tutorial_interfaces/msg/detail/sphere__type_support.h
[38.308s] -- Installing: /home/bobxu/ros_sycl_ws/install/tutorial_interfaces/include/tutorial_interfaces/tutorial_interfaces/msg/detail/num__struct.h
[38.308s] -- Installing: /home/bobxu/ros_sycl_ws/install/tutorial_interfaces/include/tutorial_interfaces/tutorial_interfaces/msg/detail/num__type_support.h
[38.308s] -- Installing: /home/bobxu/ros_sycl_ws/install/tutorial_interfaces/include/tutorial_interfaces/tutorial_interfaces/msg/detail/sphere__struct.h
[38.308s] -- Installing: /home/bobxu/ros_sycl_ws/install/tutorial_interfaces/include/tutorial_interfaces/tutorial_interfaces/msg/sphere.h
[38.308s] -- Up-to-date: /home/bobxu/ros_sycl_ws/install/tutorial_interfaces/share/tutorial_interfaces/environment/library_path.sh
[38.308s] -- Installing: /home/bobxu/ros_sycl_ws/install/tutorial_interfaces/share/tutorial_interfaces/environment/library_path.dsv
[38.308s] -- Installing: /home/bobxu/ros_sycl_ws/install/tutorial_interfaces/lib/libtutorial_interfaces__rosidl_generator_c.so
[38.308s] -- Set runtime path of "/home/bobxu/ros_sycl_ws/install/tutorial_interfaces/lib/libtutorial_interfaces__rosidl_generator_c.so" to ""
[38.308s] -- Up-to-date: /home/bobxu/ros_sycl_ws/install/tutorial_interfaces/include/tutorial_interfaces/tutorial_interfaces
[38.308s] -- Up-to-date: /home/bobxu/ros_sycl_ws/install/tutorial_interfaces/include/tutorial_interfaces/tutorial_interfaces/srv
[38.308s] -- Up-to-date: /home/bobxu/ros_sycl_ws/install/tutorial_interfaces/include/tutorial_interfaces/tutorial_interfaces/srv/detail
[38.308s] -- Installing: /home/bobxu/ros_sycl_ws/install/tutorial_interfaces/include/tutorial_interfaces/tutorial_interfaces/srv/detail/add_three_ints__rosidl_typesupport_fastrtps_c.h
[38.309s] -- Up-to-date: /home/bobxu/ros_sycl_ws/install/tutorial_interfaces/include/tutorial_interfaces/tutorial_interfaces/msg
[38.309s] -- Installing: /home/bobxu/ros_sycl_ws/install/tutorial_interfaces/include/tutorial_interfaces/tutorial_interfaces/msg/rosidl_typesupport_fastrtps_c__visibility_control.h
[38.309s] -- Up-to-date: /home/bobxu/ros_sycl_ws/install/tutorial_interfaces/include/tutorial_interfaces/tutorial_interfaces/msg/detail
[38.309s] -- Installing: /home/bobxu/ros_sycl_ws/install/tutorial_interfaces/include/tutorial_interfaces/tutorial_interfaces/msg/detail/num__rosidl_typesupport_fastrtps_c.h
[38.309s] -- Installing: /home/bobxu/ros_sycl_ws/install/tutorial_interfaces/include/tutorial_interfaces/tutorial_interfaces/msg/detail/sphere__rosidl_typesupport_fastrtps_c.h
[38.309s] -- Installing: /home/bobxu/ros_sycl_ws/install/tutorial_interfaces/lib/libtutorial_interfaces__rosidl_typesupport_fastrtps_c.so
[38.309s] -- Set runtime path of "/home/bobxu/ros_sycl_ws/install/tutorial_interfaces/lib/libtutorial_interfaces__rosidl_typesupport_fastrtps_c.so" to ""
[38.309s] -- Up-to-date: /home/bobxu/ros_sycl_ws/install/tutorial_interfaces/include/tutorial_interfaces/tutorial_interfaces
[38.309s] -- Up-to-date: /home/bobxu/ros_sycl_ws/install/tutorial_interfaces/include/tutorial_interfaces/tutorial_interfaces/srv
[38.309s] -- Installing: /home/bobxu/ros_sycl_ws/install/tutorial_interfaces/include/tutorial_interfaces/tutorial_interfaces/srv/add_three_ints.hpp
[38.314s] -- Up-to-date: /home/bobxu/ros_sycl_ws/install/tutorial_interfaces/include/tutorial_interfaces/tutorial_interfaces/srv/detail
[38.314s] -- Installing: /home/bobxu/ros_sycl_ws/install/tutorial_interfaces/include/tutorial_interfaces/tutorial_interfaces/srv/detail/add_three_ints__struct.hpp
[38.315s] -- Installing: /home/bobxu/ros_sycl_ws/install/tutorial_interfaces/include/tutorial_interfaces/tutorial_interfaces/srv/detail/add_three_ints__traits.hpp
[38.315s] -- Installing: /home/bobxu/ros_sycl_ws/install/tutorial_interfaces/include/tutorial_interfaces/tutorial_interfaces/srv/detail/add_three_ints__builder.hpp
[38.315s] -- Up-to-date: /home/bobxu/ros_sycl_ws/install/tutorial_interfaces/include/tutorial_interfaces/tutorial_interfaces/msg
[38.315s] -- Installing: /home/bobxu/ros_sycl_ws/install/tutorial_interfaces/include/tutorial_interfaces/tutorial_interfaces/msg/num.hpp
[38.315s] -- Installing: /home/bobxu/ros_sycl_ws/install/tutorial_interfaces/include/tutorial_interfaces/tutorial_interfaces/msg/sphere.hpp
[38.315s] -- Up-to-date: /home/bobxu/ros_sycl_ws/install/tutorial_interfaces/include/tutorial_interfaces/tutorial_interfaces/msg/detail
[38.315s] -- Installing: /home/bobxu/ros_sycl_ws/install/tutorial_interfaces/include/tutorial_interfaces/tutorial_interfaces/msg/detail/sphere__struct.hpp
[38.315s] -- Installing: /home/bobxu/ros_sycl_ws/install/tutorial_interfaces/include/tutorial_interfaces/tutorial_interfaces/msg/detail/num__traits.hpp
[38.315s] -- Installing: /home/bobxu/ros_sycl_ws/install/tutorial_interfaces/include/tutorial_interfaces/tutorial_interfaces/msg/detail/sphere__traits.hpp
[38.315s] -- Installing: /home/bobxu/ros_sycl_ws/install/tutorial_interfaces/include/tutorial_interfaces/tutorial_interfaces/msg/detail/sphere__builder.hpp
[38.315s] -- Installing: /home/bobxu/ros_sycl_ws/install/tutorial_interfaces/include/tutorial_interfaces/tutorial_interfaces/msg/detail/num__struct.hpp
[38.315s] -- Installing: /home/bobxu/ros_sycl_ws/install/tutorial_interfaces/include/tutorial_interfaces/tutorial_interfaces/msg/detail/num__builder.hpp
[38.315s] -- Up-to-date: /home/bobxu/ros_sycl_ws/install/tutorial_interfaces/include/tutorial_interfaces/tutorial_interfaces
[38.315s] -- Up-to-date: /home/bobxu/ros_sycl_ws/install/tutorial_interfaces/include/tutorial_interfaces/tutorial_interfaces/srv
[38.315s] -- Up-to-date: /home/bobxu/ros_sycl_ws/install/tutorial_interfaces/include/tutorial_interfaces/tutorial_interfaces/srv/detail
[38.315s] -- Installing: /home/bobxu/ros_sycl_ws/install/tutorial_interfaces/include/tutorial_interfaces/tutorial_interfaces/srv/detail/add_three_ints__rosidl_typesupport_fastrtps_cpp.hpp
[38.316s] -- Up-to-date: /home/bobxu/ros_sycl_ws/install/tutorial_interfaces/include/tutorial_interfaces/tutorial_interfaces/srv/detail/dds_fastrtps
[38.316s] -- Up-to-date: /home/bobxu/ros_sycl_ws/install/tutorial_interfaces/include/tutorial_interfaces/tutorial_interfaces/msg
[38.316s] -- Installing: /home/bobxu/ros_sycl_ws/install/tutorial_interfaces/include/tutorial_interfaces/tutorial_interfaces/msg/rosidl_typesupport_fastrtps_cpp__visibility_control.h
[38.316s] -- Up-to-date: /home/bobxu/ros_sycl_ws/install/tutorial_interfaces/include/tutorial_interfaces/tutorial_interfaces/msg/detail
[38.316s] -- Installing: /home/bobxu/ros_sycl_ws/install/tutorial_interfaces/include/tutorial_interfaces/tutorial_interfaces/msg/detail/sphere__rosidl_typesupport_fastrtps_cpp.hpp
[38.316s] -- Up-to-date: /home/bobxu/ros_sycl_ws/install/tutorial_interfaces/include/tutorial_interfaces/tutorial_interfaces/msg/detail/dds_fastrtps
[38.316s] -- Installing: /home/bobxu/ros_sycl_ws/install/tutorial_interfaces/include/tutorial_interfaces/tutorial_interfaces/msg/detail/num__rosidl_typesupport_fastrtps_cpp.hpp
[38.316s] -- Installing: /home/bobxu/ros_sycl_ws/install/tutorial_interfaces/lib/libtutorial_interfaces__rosidl_typesupport_fastrtps_cpp.so
[38.316s] -- Set runtime path of "/home/bobxu/ros_sycl_ws/install/tutorial_interfaces/lib/libtutorial_interfaces__rosidl_typesupport_fastrtps_cpp.so" to ""
[38.316s] -- Up-to-date: /home/bobxu/ros_sycl_ws/install/tutorial_interfaces/include/tutorial_interfaces/tutorial_interfaces
[38.316s] -- Up-to-date: /home/bobxu/ros_sycl_ws/install/tutorial_interfaces/include/tutorial_interfaces/tutorial_interfaces/srv
[38.316s] -- Up-to-date: /home/bobxu/ros_sycl_ws/install/tutorial_interfaces/include/tutorial_interfaces/tutorial_interfaces/srv/detail
[38.316s] -- Installing: /home/bobxu/ros_sycl_ws/install/tutorial_interfaces/include/tutorial_interfaces/tutorial_interfaces/srv/detail/add_three_ints__rosidl_typesupport_introspection_c.h
[38.316s] -- Installing: /home/bobxu/ros_sycl_ws/install/tutorial_interfaces/include/tutorial_interfaces/tutorial_interfaces/srv/detail/add_three_ints__type_support.c
[38.316s] -- Up-to-date: /home/bobxu/ros_sycl_ws/install/tutorial_interfaces/include/tutorial_interfaces/tutorial_interfaces/msg
[38.316s] -- Up-to-date: /home/bobxu/ros_sycl_ws/install/tutorial_interfaces/include/tutorial_interfaces/tutorial_interfaces/msg/detail
[38.316s] -- Installing: /home/bobxu/ros_sycl_ws/install/tutorial_interfaces/include/tutorial_interfaces/tutorial_interfaces/msg/detail/num__rosidl_typesupport_introspection_c.h
[38.316s] -- Installing: /home/bobxu/ros_sycl_ws/install/tutorial_interfaces/include/tutorial_interfaces/tutorial_interfaces/msg/detail/sphere__type_support.c
[38.316s] -- Installing: /home/bobxu/ros_sycl_ws/install/tutorial_interfaces/include/tutorial_interfaces/tutorial_interfaces/msg/detail/sphere__rosidl_typesupport_introspection_c.h
[38.316s] -- Installing: /home/bobxu/ros_sycl_ws/install/tutorial_interfaces/include/tutorial_interfaces/tutorial_interfaces/msg/detail/num__type_support.c
[38.318s] -- Installing: /home/bobxu/ros_sycl_ws/install/tutorial_interfaces/include/tutorial_interfaces/tutorial_interfaces/msg/rosidl_typesupport_introspection_c__visibility_control.h
[38.319s] -- Installing: /home/bobxu/ros_sycl_ws/install/tutorial_interfaces/lib/libtutorial_interfaces__rosidl_typesupport_introspection_c.so
[38.319s] -- Set runtime path of "/home/bobxu/ros_sycl_ws/install/tutorial_interfaces/lib/libtutorial_interfaces__rosidl_typesupport_introspection_c.so" to ""
[38.319s] -- Installing: /home/bobxu/ros_sycl_ws/install/tutorial_interfaces/lib/libtutorial_interfaces__rosidl_typesupport_c.so
[38.319s] -- Set runtime path of "/home/bobxu/ros_sycl_ws/install/tutorial_interfaces/lib/libtutorial_interfaces__rosidl_typesupport_c.so" to ""
[38.319s] -- Up-to-date: /home/bobxu/ros_sycl_ws/install/tutorial_interfaces/include/tutorial_interfaces/tutorial_interfaces
[38.319s] -- Up-to-date: /home/bobxu/ros_sycl_ws/install/tutorial_interfaces/include/tutorial_interfaces/tutorial_interfaces/srv
[38.319s] -- Up-to-date: /home/bobxu/ros_sycl_ws/install/tutorial_interfaces/include/tutorial_interfaces/tutorial_interfaces/srv/detail
[38.319s] -- Installing: /home/bobxu/ros_sycl_ws/install/tutorial_interfaces/include/tutorial_interfaces/tutorial_interfaces/srv/detail/add_three_ints__type_support.cpp
[38.319s] -- Installing: /home/bobxu/ros_sycl_ws/install/tutorial_interfaces/include/tutorial_interfaces/tutorial_interfaces/srv/detail/add_three_ints__rosidl_typesupport_introspection_cpp.hpp
[38.319s] -- Up-to-date: /home/bobxu/ros_sycl_ws/install/tutorial_interfaces/include/tutorial_interfaces/tutorial_interfaces/msg
[38.319s] -- Up-to-date: /home/bobxu/ros_sycl_ws/install/tutorial_interfaces/include/tutorial_interfaces/tutorial_interfaces/msg/detail
[38.319s] -- Installing: /home/bobxu/ros_sycl_ws/install/tutorial_interfaces/include/tutorial_interfaces/tutorial_interfaces/msg/detail/sphere__rosidl_typesupport_introspection_cpp.hpp
[38.322s] -- Installing: /home/bobxu/ros_sycl_ws/install/tutorial_interfaces/include/tutorial_interfaces/tutorial_interfaces/msg/detail/num__rosidl_typesupport_introspection_cpp.hpp
[38.322s] -- Installing: /home/bobxu/ros_sycl_ws/install/tutorial_interfaces/include/tutorial_interfaces/tutorial_interfaces/msg/detail/num__type_support.cpp
[38.322s] -- Installing: /home/bobxu/ros_sycl_ws/install/tutorial_interfaces/include/tutorial_interfaces/tutorial_interfaces/msg/detail/sphere__type_support.cpp
[38.322s] -- Installing: /home/bobxu/ros_sycl_ws/install/tutorial_interfaces/lib/libtutorial_interfaces__rosidl_typesupport_introspection_cpp.so
[38.322s] -- Set runtime path of "/home/bobxu/ros_sycl_ws/install/tutorial_interfaces/lib/libtutorial_interfaces__rosidl_typesupport_introspection_cpp.so" to ""
[38.322s] -- Installing: /home/bobxu/ros_sycl_ws/install/tutorial_interfaces/lib/libtutorial_interfaces__rosidl_typesupport_cpp.so
[38.322s] -- Set runtime path of "/home/bobxu/ros_sycl_ws/install/tutorial_interfaces/lib/libtutorial_interfaces__rosidl_typesupport_cpp.so" to ""
[38.322s] -- Installing: /home/bobxu/ros_sycl_ws/install/tutorial_interfaces/share/tutorial_interfaces/environment/pythonpath.sh
[38.322s] -- Installing: /home/bobxu/ros_sycl_ws/install/tutorial_interfaces/share/tutorial_interfaces/environment/pythonpath.dsv
[38.322s] -- Up-to-date: /home/bobxu/ros_sycl_ws/install/tutorial_interfaces/local/lib/python3.10/dist-packages/tutorial_interfaces-0.0.0-py3.10.egg-info
[38.322s] -- Installing: /home/bobxu/ros_sycl_ws/install/tutorial_interfaces/local/lib/python3.10/dist-packages/tutorial_interfaces-0.0.0-py3.10.egg-info/PKG-INFO
[38.322s] -- Installing: /home/bobxu/ros_sycl_ws/install/tutorial_interfaces/local/lib/python3.10/dist-packages/tutorial_interfaces-0.0.0-py3.10.egg-info/top_level.txt
[38.323s] -- Installing: /home/bobxu/ros_sycl_ws/install/tutorial_interfaces/local/lib/python3.10/dist-packages/tutorial_interfaces-0.0.0-py3.10.egg-info/dependency_links.txt
[38.323s] -- Installing: /home/bobxu/ros_sycl_ws/install/tutorial_interfaces/local/lib/python3.10/dist-packages/tutorial_interfaces-0.0.0-py3.10.egg-info/SOURCES.txt
[38.324s] -- Up-to-date: /home/bobxu/ros_sycl_ws/install/tutorial_interfaces/local/lib/python3.10/dist-packages/tutorial_interfaces
[38.324s] -- Installing: /home/bobxu/ros_sycl_ws/install/tutorial_interfaces/local/lib/python3.10/dist-packages/tutorial_interfaces/_tutorial_interfaces_s.ep.rosidl_typesupport_introspection_c.c
[38.327s] -- Installing: /home/bobxu/ros_sycl_ws/install/tutorial_interfaces/local/lib/python3.10/dist-packages/tutorial_interfaces/__init__.py
[38.327s] -- Installing: /home/bobxu/ros_sycl_ws/install/tutorial_interfaces/local/lib/python3.10/dist-packages/tutorial_interfaces/libtutorial_interfaces__rosidl_generator_py.so
[38.331s] -- Up-to-date: /home/bobxu/ros_sycl_ws/install/tutorial_interfaces/local/lib/python3.10/dist-packages/tutorial_interfaces/srv
[38.331s] -- Installing: /home/bobxu/ros_sycl_ws/install/tutorial_interfaces/local/lib/python3.10/dist-packages/tutorial_interfaces/srv/_add_three_ints_s.c
[38.333s] -- Installing: /home/bobxu/ros_sycl_ws/install/tutorial_interfaces/local/lib/python3.10/dist-packages/tutorial_interfaces/srv/__init__.py
[38.333s] -- Installing: /home/bobxu/ros_sycl_ws/install/tutorial_interfaces/local/lib/python3.10/dist-packages/tutorial_interfaces/srv/_add_three_ints.py
[38.335s] -- Installing: /home/bobxu/ros_sycl_ws/install/tutorial_interfaces/local/lib/python3.10/dist-packages/tutorial_interfaces/tutorial_interfaces_s__rosidl_typesupport_fastrtps_c.cpython-310-x86_64-linux-gnu.so
[38.337s] -- Installing: /home/bobxu/ros_sycl_ws/install/tutorial_interfaces/local/lib/python3.10/dist-packages/tutorial_interfaces/_tutorial_interfaces_s.ep.rosidl_typesupport_c.c
[38.340s] -- Installing: /home/bobxu/ros_sycl_ws/install/tutorial_interfaces/local/lib/python3.10/dist-packages/tutorial_interfaces/tutorial_interfaces_s__rosidl_typesupport_c.cpython-310-x86_64-linux-gnu.so
[38.341s] -- Installing: /home/bobxu/ros_sycl_ws/install/tutorial_interfaces/local/lib/python3.10/dist-packages/tutorial_interfaces/_tutorial_interfaces_s.ep.rosidl_typesupport_fastrtps_c.c
[38.342s] -- Installing: /home/bobxu/ros_sycl_ws/install/tutorial_interfaces/local/lib/python3.10/dist-packages/tutorial_interfaces/tutorial_interfaces_s__rosidl_typesupport_introspection_c.cpython-310-x86_64-linux-gnu.so
[38.343s] -- Up-to-date: /home/bobxu/ros_sycl_ws/install/tutorial_interfaces/local/lib/python3.10/dist-packages/tutorial_interfaces/msg
[38.343s] -- Installing: /home/bobxu/ros_sycl_ws/install/tutorial_interfaces/local/lib/python3.10/dist-packages/tutorial_interfaces/msg/_num.py
[38.344s] -- Installing: /home/bobxu/ros_sycl_ws/install/tutorial_interfaces/local/lib/python3.10/dist-packages/tutorial_interfaces/msg/__init__.py
[38.345s] -- Installing: /home/bobxu/ros_sycl_ws/install/tutorial_interfaces/local/lib/python3.10/dist-packages/tutorial_interfaces/msg/_sphere_s.c
[38.345s] -- Installing: /home/bobxu/ros_sycl_ws/install/tutorial_interfaces/local/lib/python3.10/dist-packages/tutorial_interfaces/msg/_num_s.c
[38.347s] -- Installing: /home/bobxu/ros_sycl_ws/install/tutorial_interfaces/local/lib/python3.10/dist-packages/tutorial_interfaces/msg/_sphere.py
[38.530s] Listing '/home/bobxu/ros_sycl_ws/install/tutorial_interfaces/local/lib/python3.10/dist-packages/tutorial_interfaces'...
[38.530s] Compiling '/home/bobxu/ros_sycl_ws/install/tutorial_interfaces/local/lib/python3.10/dist-packages/tutorial_interfaces/__init__.py'...
[38.530s] Listing '/home/bobxu/ros_sycl_ws/install/tutorial_interfaces/local/lib/python3.10/dist-packages/tutorial_interfaces/msg'...
[38.530s] Compiling '/home/bobxu/ros_sycl_ws/install/tutorial_interfaces/local/lib/python3.10/dist-packages/tutorial_interfaces/msg/__init__.py'...
[38.530s] Compiling '/home/bobxu/ros_sycl_ws/install/tutorial_interfaces/local/lib/python3.10/dist-packages/tutorial_interfaces/msg/_num.py'...
[38.530s] Compiling '/home/bobxu/ros_sycl_ws/install/tutorial_interfaces/local/lib/python3.10/dist-packages/tutorial_interfaces/msg/_sphere.py'...
[38.530s] Listing '/home/bobxu/ros_sycl_ws/install/tutorial_interfaces/local/lib/python3.10/dist-packages/tutorial_interfaces/srv'...
[38.530s] Compiling '/home/bobxu/ros_sycl_ws/install/tutorial_interfaces/local/lib/python3.10/dist-packages/tutorial_interfaces/srv/__init__.py'...
[38.530s] Compiling '/home/bobxu/ros_sycl_ws/install/tutorial_interfaces/local/lib/python3.10/dist-packages/tutorial_interfaces/srv/_add_three_ints.py'...
[38.536s] -- Installing: /home/bobxu/ros_sycl_ws/install/tutorial_interfaces/local/lib/python3.10/dist-packages/tutorial_interfaces/tutorial_interfaces_s__rosidl_typesupport_introspection_c.cpython-310-x86_64-linux-gnu.so
[38.536s] -- Set runtime path of "/home/bobxu/ros_sycl_ws/install/tutorial_interfaces/local/lib/python3.10/dist-packages/tutorial_interfaces/tutorial_interfaces_s__rosidl_typesupport_introspection_c.cpython-310-x86_64-linux-gnu.so" to ""
[38.536s] -- Installing: /home/bobxu/ros_sycl_ws/install/tutorial_interfaces/local/lib/python3.10/dist-packages/tutorial_interfaces/tutorial_interfaces_s__rosidl_typesupport_fastrtps_c.cpython-310-x86_64-linux-gnu.so
[38.537s] -- Set runtime path of "/home/bobxu/ros_sycl_ws/install/tutorial_interfaces/local/lib/python3.10/dist-packages/tutorial_interfaces/tutorial_interfaces_s__rosidl_typesupport_fastrtps_c.cpython-310-x86_64-linux-gnu.so" to ""
[38.537s] -- Installing: /home/bobxu/ros_sycl_ws/install/tutorial_interfaces/local/lib/python3.10/dist-packages/tutorial_interfaces/tutorial_interfaces_s__rosidl_typesupport_c.cpython-310-x86_64-linux-gnu.so
[38.538s] -- Set runtime path of "/home/bobxu/ros_sycl_ws/install/tutorial_interfaces/local/lib/python3.10/dist-packages/tutorial_interfaces/tutorial_interfaces_s__rosidl_typesupport_c.cpython-310-x86_64-linux-gnu.so" to ""
[38.538s] -- Installing: /home/bobxu/ros_sycl_ws/install/tutorial_interfaces/lib/libtutorial_interfaces__rosidl_generator_py.so
[38.541s] -- Set runtime path of "/home/bobxu/ros_sycl_ws/install/tutorial_interfaces/lib/libtutorial_interfaces__rosidl_generator_py.so" to ""
[38.541s] -- Installing: /home/bobxu/ros_sycl_ws/install/tutorial_interfaces/share/tutorial_interfaces/msg/Num.idl
[38.542s] -- Installing: /home/bobxu/ros_sycl_ws/install/tutorial_interfaces/share/tutorial_interfaces/msg/Sphere.idl
[38.542s] -- Installing: /home/bobxu/ros_sycl_ws/install/tutorial_interfaces/share/tutorial_interfaces/srv/AddThreeInts.idl
[38.542s] -- Up-to-date: /home/bobxu/ros_sycl_ws/install/tutorial_interfaces/share/tutorial_interfaces/msg/Num.msg
[38.543s] -- Up-to-date: /home/bobxu/ros_sycl_ws/install/tutorial_interfaces/share/tutorial_interfaces/msg/Sphere.msg
[38.543s] -- Up-to-date: /home/bobxu/ros_sycl_ws/install/tutorial_interfaces/share/tutorial_interfaces/srv/AddThreeInts.srv
[38.543s] -- Installing: /home/bobxu/ros_sycl_ws/install/tutorial_interfaces/share/tutorial_interfaces/srv/AddThreeInts_Request.msg
[38.543s] -- Installing: /home/bobxu/ros_sycl_ws/install/tutorial_interfaces/share/tutorial_interfaces/srv/AddThreeInts_Response.msg
[38.543s] -- Installing: /home/bobxu/ros_sycl_ws/install/tutorial_interfaces/share/ament_index/resource_index/package_run_dependencies/tutorial_interfaces
[38.543s] -- Installing: /home/bobxu/ros_sycl_ws/install/tutorial_interfaces/share/ament_index/resource_index/parent_prefix_path/tutorial_interfaces
[38.548s] -- Installing: /home/bobxu/ros_sycl_ws/install/tutorial_interfaces/share/tutorial_interfaces/environment/ament_prefix_path.dsv
[38.548s] -- Installing: /home/bobxu/ros_sycl_ws/install/tutorial_interfaces/share/tutorial_interfaces/environment/path.dsv
[38.548s] -- Installing: /home/bobxu/ros_sycl_ws/install/tutorial_interfaces/share/tutorial_interfaces/local_setup.bash
[38.548s] -- Installing: /home/bobxu/ros_sycl_ws/install/tutorial_interfaces/share/tutorial_interfaces/local_setup.sh
[38.548s] -- Installing: /home/bobxu/ros_sycl_ws/install/tutorial_interfaces/share/tutorial_interfaces/local_setup.zsh
[38.548s] -- Installing: /home/bobxu/ros_sycl_ws/install/tutorial_interfaces/share/tutorial_interfaces/local_setup.dsv
[38.548s] -- Installing: /home/bobxu/ros_sycl_ws/install/tutorial_interfaces/share/tutorial_interfaces/package.dsv
[38.549s] -- Installing: /home/bobxu/ros_sycl_ws/install/tutorial_interfaces/share/ament_index/resource_index/packages/tutorial_interfaces
[38.549s] -- Installing: /home/bobxu/ros_sycl_ws/install/tutorial_interfaces/share/tutorial_interfaces/cmake/export_tutorial_interfaces__rosidl_generator_cExport.cmake
[38.549s] -- Installing: /home/bobxu/ros_sycl_ws/install/tutorial_interfaces/share/tutorial_interfaces/cmake/export_tutorial_interfaces__rosidl_generator_cExport-noconfig.cmake
[38.549s] -- Installing: /home/bobxu/ros_sycl_ws/install/tutorial_interfaces/share/tutorial_interfaces/cmake/export_tutorial_interfaces__rosidl_typesupport_fastrtps_cExport.cmake
[38.549s] -- Installing: /home/bobxu/ros_sycl_ws/install/tutorial_interfaces/share/tutorial_interfaces/cmake/export_tutorial_interfaces__rosidl_typesupport_fastrtps_cExport-noconfig.cmake
[38.549s] -- Installing: /home/bobxu/ros_sycl_ws/install/tutorial_interfaces/share/tutorial_interfaces/cmake/export_tutorial_interfaces__rosidl_generator_cppExport.cmake
[38.549s] -- Installing: /home/bobxu/ros_sycl_ws/install/tutorial_interfaces/share/tutorial_interfaces/cmake/export_tutorial_interfaces__rosidl_typesupport_fastrtps_cppExport.cmake
[38.550s] -- Installing: /home/bobxu/ros_sycl_ws/install/tutorial_interfaces/share/tutorial_interfaces/cmake/export_tutorial_interfaces__rosidl_typesupport_fastrtps_cppExport-noconfig.cmake
[38.550s] -- Installing: /home/bobxu/ros_sycl_ws/install/tutorial_interfaces/share/tutorial_interfaces/cmake/tutorial_interfaces__rosidl_typesupport_introspection_cExport.cmake
[38.550s] -- Installing: /home/bobxu/ros_sycl_ws/install/tutorial_interfaces/share/tutorial_interfaces/cmake/tutorial_interfaces__rosidl_typesupport_introspection_cExport-noconfig.cmake
[38.550s] -- Installing: /home/bobxu/ros_sycl_ws/install/tutorial_interfaces/share/tutorial_interfaces/cmake/tutorial_interfaces__rosidl_typesupport_cExport.cmake
[38.550s] -- Installing: /home/bobxu/ros_sycl_ws/install/tutorial_interfaces/share/tutorial_interfaces/cmake/tutorial_interfaces__rosidl_typesupport_cExport-noconfig.cmake
[38.550s] -- Installing: /home/bobxu/ros_sycl_ws/install/tutorial_interfaces/share/tutorial_interfaces/cmake/tutorial_interfaces__rosidl_typesupport_introspection_cppExport.cmake
[38.550s] -- Installing: /home/bobxu/ros_sycl_ws/install/tutorial_interfaces/share/tutorial_interfaces/cmake/tutorial_interfaces__rosidl_typesupport_introspection_cppExport-noconfig.cmake
[38.550s] -- Installing: /home/bobxu/ros_sycl_ws/install/tutorial_interfaces/share/tutorial_interfaces/cmake/tutorial_interfaces__rosidl_typesupport_cppExport.cmake
[38.550s] -- Installing: /home/bobxu/ros_sycl_ws/install/tutorial_interfaces/share/tutorial_interfaces/cmake/tutorial_interfaces__rosidl_typesupport_cppExport-noconfig.cmake
[38.551s] -- Installing: /home/bobxu/ros_sycl_ws/install/tutorial_interfaces/share/tutorial_interfaces/cmake/export_tutorial_interfaces__rosidl_generator_pyExport.cmake
[38.551s] -- Installing: /home/bobxu/ros_sycl_ws/install/tutorial_interfaces/share/tutorial_interfaces/cmake/export_tutorial_interfaces__rosidl_generator_pyExport-noconfig.cmake
[38.551s] -- Installing: /home/bobxu/ros_sycl_ws/install/tutorial_interfaces/share/tutorial_interfaces/cmake/rosidl_cmake-extras.cmake
[38.551s] -- Installing: /home/bobxu/ros_sycl_ws/install/tutorial_interfaces/share/tutorial_interfaces/cmake/ament_cmake_export_dependencies-extras.cmake
[38.551s] -- Installing: /home/bobxu/ros_sycl_ws/install/tutorial_interfaces/share/tutorial_interfaces/cmake/ament_cmake_export_include_directories-extras.cmake
[38.551s] -- Installing: /home/bobxu/ros_sycl_ws/install/tutorial_interfaces/share/tutorial_interfaces/cmake/ament_cmake_export_libraries-extras.cmake
[38.552s] -- Installing: /home/bobxu/ros_sycl_ws/install/tutorial_interfaces/share/tutorial_interfaces/cmake/ament_cmake_export_targets-extras.cmake
[38.552s] -- Installing: /home/bobxu/ros_sycl_ws/install/tutorial_interfaces/share/tutorial_interfaces/cmake/rosidl_cmake_export_typesupport_targets-extras.cmake
[38.552s] -- Installing: /home/bobxu/ros_sycl_ws/install/tutorial_interfaces/share/tutorial_interfaces/cmake/rosidl_cmake_export_typesupport_libraries-extras.cmake
[38.552s] -- Installing: /home/bobxu/ros_sycl_ws/install/tutorial_interfaces/share/tutorial_interfaces/cmake/tutorial_interfacesConfig.cmake
[38.552s] -- Installing: /home/bobxu/ros_sycl_ws/install/tutorial_interfaces/share/tutorial_interfaces/cmake/tutorial_interfacesConfig-version.cmake
[38.552s] -- Up-to-date: /home/bobxu/ros_sycl_ws/install/tutorial_interfaces/share/tutorial_interfaces/package.xml
[38.559s] Invoked command in '/home/bobxu/ros_sycl_ws/build/tutorial_interfaces' returned '0': CMAKE_PREFIX_PATH=${CMAKE_PREFIX_PATH}:/home/bobxu/ws_moveit2/install/moveit_configs_utils:/home/bobxu/ws_moveit2/install/launch_param_builder:/home/bobxu/ros2_humble/install/rqt_bag_plugins:/home/bobxu/ros2_humble/install/rqt_bag:/home/bobxu/ros2_humble/install/ros2bag:/home/bobxu/ros2_humble/install/tracetools_test:/home/bobxu/ros2_humble/install/tracetools_launch:/home/bobxu/ros2_humble/install/topic_monitor:/home/bobxu/ros2_humble/install/tf2_tools:/home/bobxu/ros2_humble/install/examples_tf2_py:/home/bobxu/ros2_humble/install/tf2_ros_py:/home/bobxu/ros2_humble/install/sros2:/home/bobxu/ros2_humble/install/rqt_topic:/home/bobxu/ros2_humble/install/rqt_srv:/home/bobxu/ros2_humble/install/rqt_shell:/home/bobxu/ros2_humble/install/rqt_service_caller:/home/bobxu/ros2_humble/install/rqt_reconfigure:/home/bobxu/ros2_humble/install/rqt_py_console:/home/bobxu/ros2_humble/install/rqt_publisher:/home/bobxu/ros2_humble/install/rqt_plot:/home/bobxu/ros2_humble/install/rqt_action:/home/bobxu/ros2_humble/install/rqt_msg:/home/bobxu/ros2_humble/install/rqt_console:/home/bobxu/ros2_humble/install/rqt:/home/bobxu/ros2_humble/install/rqt_graph:/home/bobxu/ros2_humble/install/rqt_gui_py:/home/bobxu/ros2_humble/install/rqt_gui:/home/bobxu/ros2_humble/install/ros2trace:/home/bobxu/ros2_humble/install/ros2topic:/home/bobxu/ros2_humble/install/ros2test:/home/bobxu/ros2_humble/install/ros2component:/home/bobxu/ros2_humble/install/ros2param:/home/bobxu/ros2_humble/install/ros2lifecycle:/home/bobxu/ros2_humble/install/ros2service:/home/bobxu/ros2_humble/install/ros2run:/home/bobxu/ros2_humble/install/ros2launch:/home/bobxu/ros2_humble/install/ros2pkg:/home/bobxu/ros2_humble/install/ros2node:/home/bobxu/ros2_humble/install/ros2multicast:/home/bobxu/ros2_humble/install/ros2interface:/home/bobxu/ros2_humble/install/ros2doctor:/home/bobxu/ros2_humble/install/ros2action:/home/bobxu/ros2_humble/install/ros2cli:/home/bobxu/ros2_humble/install/quality_of_service_demo_py:/home/bobxu/ros2_humble/install/lifecycle_py:/home/bobxu/ros2_humble/install/launch_testing_ros:/home/bobxu/ros2_humble/install/launch_ros:/home/bobxu/ros2_humble/install/examples_rclpy_pointcloud_publisher:/home/bobxu/ros2_humble/install/examples_rclpy_minimal_subscriber:/home/bobxu/ros2_humble/install/examples_rclpy_minimal_service:/home/bobxu/ros2_humble/install/examples_rclpy_minimal_publisher:/home/bobxu/ros2_humble/install/examples_rclpy_minimal_client:/home/bobxu/ros2_humble/install/examples_rclpy_minimal_action_server:/home/bobxu/ros2_humble/install/examples_rclpy_minimal_action_client:/home/bobxu/ros2_humble/install/examples_rclpy_guard_conditions:/home/bobxu/ros2_humble/install/examples_rclpy_executors:/home/bobxu/ros2_humble/install/demo_nodes_py:/home/bobxu/ros2_humble/install/action_tutorials_py:/home/bobxu/ros2_humble/install/ament_uncrustify:/home/bobxu/ros2_humble/install/tracetools_trace:/home/bobxu/ros2_humble/install/tracetools_read:/home/bobxu/ros2_humble/install/test_tracetools_launch:/home/bobxu/ros2_humble/install/test_launch_ros:/home/bobxu/ros2_humble/install/sensor_msgs_py:/home/bobxu/ros2_humble/install/rpyutils:/home/bobxu/ros2_humble/install/rosidl_runtime_py:/home/bobxu/ros2_humble/install/rosidl_cli:/home/bobxu/ros2_humble/install/launch_pytest:/home/bobxu/ros2_humble/install/launch_testing:/home/bobxu/ros2_humble/install/launch_yaml:/home/bobxu/ros2_humble/install/launch_xml:/home/bobxu/ros2_humble/install/launch:/home/bobxu/ros2_humble/install/osrf_pycommon:/home/bobxu/ros2_humble/install/launch_testing_examples:/home/bobxu/ros2_humble/install/domain_coordinator:/home/bobxu/ros2_humble/install/ament_xmllint:/home/bobxu/ros2_humble/install/ament_pyflakes:/home/bobxu/ros2_humble/install/ament_pycodestyle:/home/bobxu/ros2_humble/install/ament_pep257:/home/bobxu/ros2_humble/install/ament_pclint:/home/bobxu/ros2_humble/install/ament_package:/home/bobxu/ros2_humble/install/ament_mypy:/home/bobxu/ros2_humble/install/ament_lint_cmake:/home/bobxu/ros2_humble/install/ament_flake8:/home/bobxu/ros2_humble/install/ament_copyright:/home/bobxu/ros2_humble/install/ament_lint:/home/bobxu/ros2_humble/install/ament_index_python:/home/bobxu/ros2_humble/install/ament_cpplint:/home/bobxu/ros2_humble/install/ament_cppcheck:/home/bobxu/ros2_humble/install/ament_clang_tidy:/home/bobxu/ros2_humble/install/ament_clang_format:/opt/ros/humble /usr/bin/cmake --install /home/bobxu/ros_sycl_ws/build/tutorial_interfaces
