[0.087s] Invoking command in '/home/bobxu/ros_sycl_ws/build/tutorial_interfaces': CMAKE_PREFIX_PATH=${CMAKE_PREFIX_PATH}:/home/bobxu/ws_moveit2/install/moveit_configs_utils:/home/bobxu/ws_moveit2/install/launch_param_builder:/home/bobxu/ros2_humble/install/rqt_bag_plugins:/home/bobxu/ros2_humble/install/rqt_bag:/home/bobxu/ros2_humble/install/ros2bag:/home/bobxu/ros2_humble/install/tracetools_test:/home/bobxu/ros2_humble/install/tracetools_launch:/home/bobxu/ros2_humble/install/topic_monitor:/home/bobxu/ros2_humble/install/tf2_tools:/home/bobxu/ros2_humble/install/examples_tf2_py:/home/bobxu/ros2_humble/install/tf2_ros_py:/home/bobxu/ros2_humble/install/sros2:/home/bobxu/ros2_humble/install/rqt_topic:/home/bobxu/ros2_humble/install/rqt_srv:/home/bobxu/ros2_humble/install/rqt_shell:/home/bobxu/ros2_humble/install/rqt_service_caller:/home/bobxu/ros2_humble/install/rqt_reconfigure:/home/bobxu/ros2_humble/install/rqt_py_console:/home/bobxu/ros2_humble/install/rqt_publisher:/home/bobxu/ros2_humble/install/rqt_plot:/home/bobxu/ros2_humble/install/rqt_action:/home/bobxu/ros2_humble/install/rqt_msg:/home/bobxu/ros2_humble/install/rqt_console:/home/bobxu/ros2_humble/install/rqt:/home/bobxu/ros2_humble/install/rqt_graph:/home/bobxu/ros2_humble/install/rqt_gui_py:/home/bobxu/ros2_humble/install/rqt_gui:/home/bobxu/ros2_humble/install/ros2trace:/home/bobxu/ros2_humble/install/ros2topic:/home/bobxu/ros2_humble/install/ros2test:/home/bobxu/ros2_humble/install/ros2component:/home/bobxu/ros2_humble/install/ros2param:/home/bobxu/ros2_humble/install/ros2lifecycle:/home/bobxu/ros2_humble/install/ros2service:/home/bobxu/ros2_humble/install/ros2run:/home/bobxu/ros2_humble/install/ros2launch:/home/bobxu/ros2_humble/install/ros2pkg:/home/bobxu/ros2_humble/install/ros2node:/home/bobxu/ros2_humble/install/ros2multicast:/home/bobxu/ros2_humble/install/ros2interface:/home/bobxu/ros2_humble/install/ros2doctor:/home/bobxu/ros2_humble/install/ros2action:/home/bobxu/ros2_humble/install/ros2cli:/home/bobxu/ros2_humble/install/quality_of_service_demo_py:/home/bobxu/ros2_humble/install/lifecycle_py:/home/bobxu/ros2_humble/install/launch_testing_ros:/home/bobxu/ros2_humble/install/launch_ros:/home/bobxu/ros2_humble/install/examples_rclpy_pointcloud_publisher:/home/bobxu/ros2_humble/install/examples_rclpy_minimal_subscriber:/home/bobxu/ros2_humble/install/examples_rclpy_minimal_service:/home/bobxu/ros2_humble/install/examples_rclpy_minimal_publisher:/home/bobxu/ros2_humble/install/examples_rclpy_minimal_client:/home/bobxu/ros2_humble/install/examples_rclpy_minimal_action_server:/home/bobxu/ros2_humble/install/examples_rclpy_minimal_action_client:/home/bobxu/ros2_humble/install/examples_rclpy_guard_conditions:/home/bobxu/ros2_humble/install/examples_rclpy_executors:/home/bobxu/ros2_humble/install/demo_nodes_py:/home/bobxu/ros2_humble/install/action_tutorials_py:/home/bobxu/ros2_humble/install/ament_uncrustify:/home/bobxu/ros2_humble/install/tracetools_trace:/home/bobxu/ros2_humble/install/tracetools_read:/home/bobxu/ros2_humble/install/test_tracetools_launch:/home/bobxu/ros2_humble/install/test_launch_ros:/home/bobxu/ros2_humble/install/sensor_msgs_py:/home/bobxu/ros2_humble/install/rpyutils:/home/bobxu/ros2_humble/install/rosidl_runtime_py:/home/bobxu/ros2_humble/install/rosidl_cli:/home/bobxu/ros2_humble/install/launch_pytest:/home/bobxu/ros2_humble/install/launch_testing:/home/bobxu/ros2_humble/install/launch_yaml:/home/bobxu/ros2_humble/install/launch_xml:/home/bobxu/ros2_humble/install/launch:/home/bobxu/ros2_humble/install/osrf_pycommon:/home/bobxu/ros2_humble/install/launch_testing_examples:/home/bobxu/ros2_humble/install/domain_coordinator:/home/bobxu/ros2_humble/install/ament_xmllint:/home/bobxu/ros2_humble/install/ament_pyflakes:/home/bobxu/ros2_humble/install/ament_pycodestyle:/home/bobxu/ros2_humble/install/ament_pep257:/home/bobxu/ros2_humble/install/ament_pclint:/home/bobxu/ros2_humble/install/ament_package:/home/bobxu/ros2_humble/install/ament_mypy:/home/bobxu/ros2_humble/install/ament_lint_cmake:/home/bobxu/ros2_humble/install/ament_flake8:/home/bobxu/ros2_humble/install/ament_copyright:/home/bobxu/ros2_humble/install/ament_lint:/home/bobxu/ros2_humble/install/ament_index_python:/home/bobxu/ros2_humble/install/ament_cpplint:/home/bobxu/ros2_humble/install/ament_cppcheck:/home/bobxu/ros2_humble/install/ament_clang_tidy:/home/bobxu/ros2_humble/install/ament_clang_format:/opt/ros/humble /usr/bin/cmake --build /home/bobxu/ros_sycl_ws/build/tutorial_interfaces -- -j2 -l2
[0.396s] [35m[1mConsolidate compiler generated dependencies of target tutorial_interfaces__rosidl_generator_c[0m
[0.508s] [ 10%] Built target tutorial_interfaces__rosidl_generator_c
[0.536s] [ 12%] Built target tutorial_interfaces__cpp
[0.684s] [35m[1mConsolidate compiler generated dependencies of target tutorial_interfaces__rosidl_typesupport_introspection_c[0m
[0.822s] [ 23%] Built target tutorial_interfaces__rosidl_typesupport_introspection_c
[0.915s] [ 23%] Built target ament_cmake_python_copy_tutorial_interfaces
[1.014s] [35m[1mConsolidate compiler generated dependencies of target tutorial_interfaces__rosidl_typesupport_c[0m
[1.018s] [35m[1mConsolidate compiler generated dependencies of target tutorial_interfaces__rosidl_typesupport_introspection_cpp[0m
[1.123s] [ 34%] Built target tutorial_interfaces__rosidl_typesupport_introspection_cpp
[1.147s] [ 44%] Built target tutorial_interfaces__rosidl_typesupport_c
[1.194s] [35m[1mConsolidate compiler generated dependencies of target tutorial_interfaces__rosidl_typesupport_cpp[0m
[1.270s] [35m[1mConsolidate compiler generated dependencies of target tutorial_interfaces__rosidl_typesupport_fastrtps_c[0m
[1.328s] [ 55%] Built target tutorial_interfaces__rosidl_typesupport_cpp
[1.419s] [ 65%] Built target tutorial_interfaces__rosidl_typesupport_fastrtps_c
[1.442s] [35m[1mConsolidate compiler generated dependencies of target tutorial_interfaces__rosidl_typesupport_fastrtps_cpp[0m
[1.620s] [ 76%] Built target tutorial_interfaces__rosidl_typesupport_fastrtps_cpp
[1.922s] [ 76%] Built target tutorial_interfaces
[2.239s] [ 78%] Built target tutorial_interfaces__py
[2.360s] [35m[1mConsolidate compiler generated dependencies of target tutorial_interfaces__rosidl_generator_py[0m
[2.457s] running egg_info
[2.458s] writing tutorial_interfaces.egg-info/PKG-INFO
[2.459s] writing dependency_links to tutorial_interfaces.egg-info/dependency_links.txt
[2.459s] writing top-level names to tutorial_interfaces.egg-info/top_level.txt
[2.469s] reading manifest file 'tutorial_interfaces.egg-info/SOURCES.txt'
[2.469s] writing manifest file 'tutorial_interfaces.egg-info/SOURCES.txt'
[2.514s] [ 87%] Built target tutorial_interfaces__rosidl_generator_py
[2.585s] [ 87%] Built target ament_cmake_python_build_tutorial_interfaces_egg
[2.684s] [35m[1mConsolidate compiler generated dependencies of target tutorial_interfaces__rosidl_typesupport_introspection_c__pyext[0m
[2.713s] [35m[1mConsolidate compiler generated dependencies of target tutorial_interfaces__rosidl_typesupport_fastrtps_c__pyext[0m
[2.837s] [ 91%] Built target tutorial_interfaces__rosidl_typesupport_introspection_c__pyext
[2.867s] [ 95%] Built target tutorial_interfaces__rosidl_typesupport_fastrtps_c__pyext
[2.953s] [35m[1mConsolidate compiler generated dependencies of target tutorial_interfaces__rosidl_typesupport_c__pyext[0m
[3.060s] [100%] Built target tutorial_interfaces__rosidl_typesupport_c__pyext
[3.134s] Invoked command in '/home/bobxu/ros_sycl_ws/build/tutorial_interfaces' returned '0': CMAKE_PREFIX_PATH=${CMAKE_PREFIX_PATH}:/home/bobxu/ws_moveit2/install/moveit_configs_utils:/home/bobxu/ws_moveit2/install/launch_param_builder:/home/bobxu/ros2_humble/install/rqt_bag_plugins:/home/bobxu/ros2_humble/install/rqt_bag:/home/bobxu/ros2_humble/install/ros2bag:/home/bobxu/ros2_humble/install/tracetools_test:/home/bobxu/ros2_humble/install/tracetools_launch:/home/bobxu/ros2_humble/install/topic_monitor:/home/bobxu/ros2_humble/install/tf2_tools:/home/bobxu/ros2_humble/install/examples_tf2_py:/home/bobxu/ros2_humble/install/tf2_ros_py:/home/bobxu/ros2_humble/install/sros2:/home/bobxu/ros2_humble/install/rqt_topic:/home/bobxu/ros2_humble/install/rqt_srv:/home/bobxu/ros2_humble/install/rqt_shell:/home/bobxu/ros2_humble/install/rqt_service_caller:/home/bobxu/ros2_humble/install/rqt_reconfigure:/home/bobxu/ros2_humble/install/rqt_py_console:/home/bobxu/ros2_humble/install/rqt_publisher:/home/bobxu/ros2_humble/install/rqt_plot:/home/bobxu/ros2_humble/install/rqt_action:/home/bobxu/ros2_humble/install/rqt_msg:/home/bobxu/ros2_humble/install/rqt_console:/home/bobxu/ros2_humble/install/rqt:/home/bobxu/ros2_humble/install/rqt_graph:/home/bobxu/ros2_humble/install/rqt_gui_py:/home/bobxu/ros2_humble/install/rqt_gui:/home/bobxu/ros2_humble/install/ros2trace:/home/bobxu/ros2_humble/install/ros2topic:/home/bobxu/ros2_humble/install/ros2test:/home/bobxu/ros2_humble/install/ros2component:/home/bobxu/ros2_humble/install/ros2param:/home/bobxu/ros2_humble/install/ros2lifecycle:/home/bobxu/ros2_humble/install/ros2service:/home/bobxu/ros2_humble/install/ros2run:/home/bobxu/ros2_humble/install/ros2launch:/home/bobxu/ros2_humble/install/ros2pkg:/home/bobxu/ros2_humble/install/ros2node:/home/bobxu/ros2_humble/install/ros2multicast:/home/bobxu/ros2_humble/install/ros2interface:/home/bobxu/ros2_humble/install/ros2doctor:/home/bobxu/ros2_humble/install/ros2action:/home/bobxu/ros2_humble/install/ros2cli:/home/bobxu/ros2_humble/install/quality_of_service_demo_py:/home/bobxu/ros2_humble/install/lifecycle_py:/home/bobxu/ros2_humble/install/launch_testing_ros:/home/bobxu/ros2_humble/install/launch_ros:/home/bobxu/ros2_humble/install/examples_rclpy_pointcloud_publisher:/home/bobxu/ros2_humble/install/examples_rclpy_minimal_subscriber:/home/bobxu/ros2_humble/install/examples_rclpy_minimal_service:/home/bobxu/ros2_humble/install/examples_rclpy_minimal_publisher:/home/bobxu/ros2_humble/install/examples_rclpy_minimal_client:/home/bobxu/ros2_humble/install/examples_rclpy_minimal_action_server:/home/bobxu/ros2_humble/install/examples_rclpy_minimal_action_client:/home/bobxu/ros2_humble/install/examples_rclpy_guard_conditions:/home/bobxu/ros2_humble/install/examples_rclpy_executors:/home/bobxu/ros2_humble/install/demo_nodes_py:/home/bobxu/ros2_humble/install/action_tutorials_py:/home/bobxu/ros2_humble/install/ament_uncrustify:/home/bobxu/ros2_humble/install/tracetools_trace:/home/bobxu/ros2_humble/install/tracetools_read:/home/bobxu/ros2_humble/install/test_tracetools_launch:/home/bobxu/ros2_humble/install/test_launch_ros:/home/bobxu/ros2_humble/install/sensor_msgs_py:/home/bobxu/ros2_humble/install/rpyutils:/home/bobxu/ros2_humble/install/rosidl_runtime_py:/home/bobxu/ros2_humble/install/rosidl_cli:/home/bobxu/ros2_humble/install/launch_pytest:/home/bobxu/ros2_humble/install/launch_testing:/home/bobxu/ros2_humble/install/launch_yaml:/home/bobxu/ros2_humble/install/launch_xml:/home/bobxu/ros2_humble/install/launch:/home/bobxu/ros2_humble/install/osrf_pycommon:/home/bobxu/ros2_humble/install/launch_testing_examples:/home/bobxu/ros2_humble/install/domain_coordinator:/home/bobxu/ros2_humble/install/ament_xmllint:/home/bobxu/ros2_humble/install/ament_pyflakes:/home/bobxu/ros2_humble/install/ament_pycodestyle:/home/bobxu/ros2_humble/install/ament_pep257:/home/bobxu/ros2_humble/install/ament_pclint:/home/bobxu/ros2_humble/install/ament_package:/home/bobxu/ros2_humble/install/ament_mypy:/home/bobxu/ros2_humble/install/ament_lint_cmake:/home/bobxu/ros2_humble/install/ament_flake8:/home/bobxu/ros2_humble/install/ament_copyright:/home/bobxu/ros2_humble/install/ament_lint:/home/bobxu/ros2_humble/install/ament_index_python:/home/bobxu/ros2_humble/install/ament_cpplint:/home/bobxu/ros2_humble/install/ament_cppcheck:/home/bobxu/ros2_humble/install/ament_clang_tidy:/home/bobxu/ros2_humble/install/ament_clang_format:/opt/ros/humble /usr/bin/cmake --build /home/bobxu/ros_sycl_ws/build/tutorial_interfaces -- -j2 -l2
[4.590s] Invoking command in '/home/bobxu/ros_sycl_ws/build/tutorial_interfaces': CMAKE_PREFIX_PATH=${CMAKE_PREFIX_PATH}:/home/bobxu/ws_moveit2/install/moveit_configs_utils:/home/bobxu/ws_moveit2/install/launch_param_builder:/home/bobxu/ros2_humble/install/rqt_bag_plugins:/home/bobxu/ros2_humble/install/rqt_bag:/home/bobxu/ros2_humble/install/ros2bag:/home/bobxu/ros2_humble/install/tracetools_test:/home/bobxu/ros2_humble/install/tracetools_launch:/home/bobxu/ros2_humble/install/topic_monitor:/home/bobxu/ros2_humble/install/tf2_tools:/home/bobxu/ros2_humble/install/examples_tf2_py:/home/bobxu/ros2_humble/install/tf2_ros_py:/home/bobxu/ros2_humble/install/sros2:/home/bobxu/ros2_humble/install/rqt_topic:/home/bobxu/ros2_humble/install/rqt_srv:/home/bobxu/ros2_humble/install/rqt_shell:/home/bobxu/ros2_humble/install/rqt_service_caller:/home/bobxu/ros2_humble/install/rqt_reconfigure:/home/bobxu/ros2_humble/install/rqt_py_console:/home/bobxu/ros2_humble/install/rqt_publisher:/home/bobxu/ros2_humble/install/rqt_plot:/home/bobxu/ros2_humble/install/rqt_action:/home/bobxu/ros2_humble/install/rqt_msg:/home/bobxu/ros2_humble/install/rqt_console:/home/bobxu/ros2_humble/install/rqt:/home/bobxu/ros2_humble/install/rqt_graph:/home/bobxu/ros2_humble/install/rqt_gui_py:/home/bobxu/ros2_humble/install/rqt_gui:/home/bobxu/ros2_humble/install/ros2trace:/home/bobxu/ros2_humble/install/ros2topic:/home/bobxu/ros2_humble/install/ros2test:/home/bobxu/ros2_humble/install/ros2component:/home/bobxu/ros2_humble/install/ros2param:/home/bobxu/ros2_humble/install/ros2lifecycle:/home/bobxu/ros2_humble/install/ros2service:/home/bobxu/ros2_humble/install/ros2run:/home/bobxu/ros2_humble/install/ros2launch:/home/bobxu/ros2_humble/install/ros2pkg:/home/bobxu/ros2_humble/install/ros2node:/home/bobxu/ros2_humble/install/ros2multicast:/home/bobxu/ros2_humble/install/ros2interface:/home/bobxu/ros2_humble/install/ros2doctor:/home/bobxu/ros2_humble/install/ros2action:/home/bobxu/ros2_humble/install/ros2cli:/home/bobxu/ros2_humble/install/quality_of_service_demo_py:/home/bobxu/ros2_humble/install/lifecycle_py:/home/bobxu/ros2_humble/install/launch_testing_ros:/home/bobxu/ros2_humble/install/launch_ros:/home/bobxu/ros2_humble/install/examples_rclpy_pointcloud_publisher:/home/bobxu/ros2_humble/install/examples_rclpy_minimal_subscriber:/home/bobxu/ros2_humble/install/examples_rclpy_minimal_service:/home/bobxu/ros2_humble/install/examples_rclpy_minimal_publisher:/home/bobxu/ros2_humble/install/examples_rclpy_minimal_client:/home/bobxu/ros2_humble/install/examples_rclpy_minimal_action_server:/home/bobxu/ros2_humble/install/examples_rclpy_minimal_action_client:/home/bobxu/ros2_humble/install/examples_rclpy_guard_conditions:/home/bobxu/ros2_humble/install/examples_rclpy_executors:/home/bobxu/ros2_humble/install/demo_nodes_py:/home/bobxu/ros2_humble/install/action_tutorials_py:/home/bobxu/ros2_humble/install/ament_uncrustify:/home/bobxu/ros2_humble/install/tracetools_trace:/home/bobxu/ros2_humble/install/tracetools_read:/home/bobxu/ros2_humble/install/test_tracetools_launch:/home/bobxu/ros2_humble/install/test_launch_ros:/home/bobxu/ros2_humble/install/sensor_msgs_py:/home/bobxu/ros2_humble/install/rpyutils:/home/bobxu/ros2_humble/install/rosidl_runtime_py:/home/bobxu/ros2_humble/install/rosidl_cli:/home/bobxu/ros2_humble/install/launch_pytest:/home/bobxu/ros2_humble/install/launch_testing:/home/bobxu/ros2_humble/install/launch_yaml:/home/bobxu/ros2_humble/install/launch_xml:/home/bobxu/ros2_humble/install/launch:/home/bobxu/ros2_humble/install/osrf_pycommon:/home/bobxu/ros2_humble/install/launch_testing_examples:/home/bobxu/ros2_humble/install/domain_coordinator:/home/bobxu/ros2_humble/install/ament_xmllint:/home/bobxu/ros2_humble/install/ament_pyflakes:/home/bobxu/ros2_humble/install/ament_pycodestyle:/home/bobxu/ros2_humble/install/ament_pep257:/home/bobxu/ros2_humble/install/ament_pclint:/home/bobxu/ros2_humble/install/ament_package:/home/bobxu/ros2_humble/install/ament_mypy:/home/bobxu/ros2_humble/install/ament_lint_cmake:/home/bobxu/ros2_humble/install/ament_flake8:/home/bobxu/ros2_humble/install/ament_copyright:/home/bobxu/ros2_humble/install/ament_lint:/home/bobxu/ros2_humble/install/ament_index_python:/home/bobxu/ros2_humble/install/ament_cpplint:/home/bobxu/ros2_humble/install/ament_cppcheck:/home/bobxu/ros2_humble/install/ament_clang_tidy:/home/bobxu/ros2_humble/install/ament_clang_format:/opt/ros/humble /usr/bin/cmake --install /home/bobxu/ros_sycl_ws/build/tutorial_interfaces
[4.619s] -- Install configuration: ""
[4.619s] -- Up-to-date: /home/bobxu/ros_sycl_ws/install/tutorial_interfaces/share/ament_index/resource_index/rosidl_interfaces/tutorial_interfaces
[4.620s] -- Up-to-date: /home/bobxu/ros_sycl_ws/install/tutorial_interfaces/include/tutorial_interfaces/tutorial_interfaces
[4.620s] -- Up-to-date: /home/bobxu/ros_sycl_ws/install/tutorial_interfaces/include/tutorial_interfaces/tutorial_interfaces/srv
[4.620s] -- Up-to-date: /home/bobxu/ros_sycl_ws/install/tutorial_interfaces/include/tutorial_interfaces/tutorial_interfaces/srv/add_three_ints.h
[4.620s] -- Up-to-date: /home/bobxu/ros_sycl_ws/install/tutorial_interfaces/include/tutorial_interfaces/tutorial_interfaces/srv/detail
[4.620s] -- Up-to-date: /home/bobxu/ros_sycl_ws/install/tutorial_interfaces/include/tutorial_interfaces/tutorial_interfaces/srv/detail/add_three_ints__functions.h
[4.621s] -- Up-to-date: /home/bobxu/ros_sycl_ws/install/tutorial_interfaces/include/tutorial_interfaces/tutorial_interfaces/srv/detail/add_three_ints__functions.c
[4.621s] -- Up-to-date: /home/bobxu/ros_sycl_ws/install/tutorial_interfaces/include/tutorial_interfaces/tutorial_interfaces/srv/detail/add_three_ints__type_support.h
[4.621s] -- Up-to-date: /home/bobxu/ros_sycl_ws/install/tutorial_interfaces/include/tutorial_interfaces/tutorial_interfaces/srv/detail/add_three_ints__struct.h
[4.621s] -- Up-to-date: /home/bobxu/ros_sycl_ws/install/tutorial_interfaces/include/tutorial_interfaces/tutorial_interfaces/msg
[4.621s] -- Up-to-date: /home/bobxu/ros_sycl_ws/install/tutorial_interfaces/include/tutorial_interfaces/tutorial_interfaces/msg/num.h
[4.621s] -- Up-to-date: /home/bobxu/ros_sycl_ws/install/tutorial_interfaces/include/tutorial_interfaces/tutorial_interfaces/msg/rosidl_generator_c__visibility_control.h
[4.621s] -- Up-to-date: /home/bobxu/ros_sycl_ws/install/tutorial_interfaces/include/tutorial_interfaces/tutorial_interfaces/msg/detail
[4.621s] -- Up-to-date: /home/bobxu/ros_sycl_ws/install/tutorial_interfaces/include/tutorial_interfaces/tutorial_interfaces/msg/detail/sphere__functions.c
[4.621s] -- Up-to-date: /home/bobxu/ros_sycl_ws/install/tutorial_interfaces/include/tutorial_interfaces/tutorial_interfaces/msg/detail/num__functions.c
[4.621s] -- Up-to-date: /home/bobxu/ros_sycl_ws/install/tutorial_interfaces/include/tutorial_interfaces/tutorial_interfaces/msg/detail/num__functions.h
[4.621s] -- Up-to-date: /home/bobxu/ros_sycl_ws/install/tutorial_interfaces/include/tutorial_interfaces/tutorial_interfaces/msg/detail/sphere__functions.h
[4.622s] -- Up-to-date: /home/bobxu/ros_sycl_ws/install/tutorial_interfaces/include/tutorial_interfaces/tutorial_interfaces/msg/detail/sphere__type_support.h
[4.622s] -- Up-to-date: /home/bobxu/ros_sycl_ws/install/tutorial_interfaces/include/tutorial_interfaces/tutorial_interfaces/msg/detail/num__struct.h
[4.622s] -- Up-to-date: /home/bobxu/ros_sycl_ws/install/tutorial_interfaces/include/tutorial_interfaces/tutorial_interfaces/msg/detail/num__type_support.h
[4.622s] -- Up-to-date: /home/bobxu/ros_sycl_ws/install/tutorial_interfaces/include/tutorial_interfaces/tutorial_interfaces/msg/detail/sphere__struct.h
[4.622s] -- Up-to-date: /home/bobxu/ros_sycl_ws/install/tutorial_interfaces/include/tutorial_interfaces/tutorial_interfaces/msg/sphere.h
[4.622s] -- Up-to-date: /home/bobxu/ros_sycl_ws/install/tutorial_interfaces/share/tutorial_interfaces/environment/library_path.sh
[4.622s] -- Up-to-date: /home/bobxu/ros_sycl_ws/install/tutorial_interfaces/share/tutorial_interfaces/environment/library_path.dsv
[4.623s] -- Up-to-date: /home/bobxu/ros_sycl_ws/install/tutorial_interfaces/lib/libtutorial_interfaces__rosidl_generator_c.so
[4.623s] -- Up-to-date: /home/bobxu/ros_sycl_ws/install/tutorial_interfaces/include/tutorial_interfaces/tutorial_interfaces
[4.623s] -- Up-to-date: /home/bobxu/ros_sycl_ws/install/tutorial_interfaces/include/tutorial_interfaces/tutorial_interfaces/srv
[4.623s] -- Up-to-date: /home/bobxu/ros_sycl_ws/install/tutorial_interfaces/include/tutorial_interfaces/tutorial_interfaces/srv/detail
[4.623s] -- Up-to-date: /home/bobxu/ros_sycl_ws/install/tutorial_interfaces/include/tutorial_interfaces/tutorial_interfaces/srv/detail/add_three_ints__rosidl_typesupport_fastrtps_c.h
[4.623s] -- Up-to-date: /home/bobxu/ros_sycl_ws/install/tutorial_interfaces/include/tutorial_interfaces/tutorial_interfaces/msg
[4.623s] -- Up-to-date: /home/bobxu/ros_sycl_ws/install/tutorial_interfaces/include/tutorial_interfaces/tutorial_interfaces/msg/rosidl_typesupport_fastrtps_c__visibility_control.h
[4.623s] -- Up-to-date: /home/bobxu/ros_sycl_ws/install/tutorial_interfaces/include/tutorial_interfaces/tutorial_interfaces/msg/detail
[4.623s] -- Up-to-date: /home/bobxu/ros_sycl_ws/install/tutorial_interfaces/include/tutorial_interfaces/tutorial_interfaces/msg/detail/num__rosidl_typesupport_fastrtps_c.h
[4.624s] -- Up-to-date: /home/bobxu/ros_sycl_ws/install/tutorial_interfaces/include/tutorial_interfaces/tutorial_interfaces/msg/detail/sphere__rosidl_typesupport_fastrtps_c.h
[4.624s] -- Up-to-date: /home/bobxu/ros_sycl_ws/install/tutorial_interfaces/lib/libtutorial_interfaces__rosidl_typesupport_fastrtps_c.so
[4.624s] -- Up-to-date: /home/bobxu/ros_sycl_ws/install/tutorial_interfaces/include/tutorial_interfaces/tutorial_interfaces
[4.624s] -- Up-to-date: /home/bobxu/ros_sycl_ws/install/tutorial_interfaces/include/tutorial_interfaces/tutorial_interfaces/srv
[4.624s] -- Up-to-date: /home/bobxu/ros_sycl_ws/install/tutorial_interfaces/include/tutorial_interfaces/tutorial_interfaces/srv/add_three_ints.hpp
[4.625s] -- Up-to-date: /home/bobxu/ros_sycl_ws/install/tutorial_interfaces/include/tutorial_interfaces/tutorial_interfaces/srv/detail
[4.625s] -- Up-to-date: /home/bobxu/ros_sycl_ws/install/tutorial_interfaces/include/tutorial_interfaces/tutorial_interfaces/srv/detail/add_three_ints__struct.hpp
[4.625s] -- Up-to-date: /home/bobxu/ros_sycl_ws/install/tutorial_interfaces/include/tutorial_interfaces/tutorial_interfaces/srv/detail/add_three_ints__traits.hpp
[4.625s] -- Up-to-date: /home/bobxu/ros_sycl_ws/install/tutorial_interfaces/include/tutorial_interfaces/tutorial_interfaces/srv/detail/add_three_ints__builder.hpp
[4.625s] -- Up-to-date: /home/bobxu/ros_sycl_ws/install/tutorial_interfaces/include/tutorial_interfaces/tutorial_interfaces/msg
[4.625s] -- Up-to-date: /home/bobxu/ros_sycl_ws/install/tutorial_interfaces/include/tutorial_interfaces/tutorial_interfaces/msg/num.hpp
[4.625s] -- Up-to-date: /home/bobxu/ros_sycl_ws/install/tutorial_interfaces/include/tutorial_interfaces/tutorial_interfaces/msg/sphere.hpp
[4.625s] -- Up-to-date: /home/bobxu/ros_sycl_ws/install/tutorial_interfaces/include/tutorial_interfaces/tutorial_interfaces/msg/detail
[4.625s] -- Up-to-date: /home/bobxu/ros_sycl_ws/install/tutorial_interfaces/include/tutorial_interfaces/tutorial_interfaces/msg/detail/sphere__struct.hpp
[4.625s] -- Up-to-date: /home/bobxu/ros_sycl_ws/install/tutorial_interfaces/include/tutorial_interfaces/tutorial_interfaces/msg/detail/num__traits.hpp
[4.625s] -- Up-to-date: /home/bobxu/ros_sycl_ws/install/tutorial_interfaces/include/tutorial_interfaces/tutorial_interfaces/msg/detail/sphere__traits.hpp
[4.626s] -- Up-to-date: /home/bobxu/ros_sycl_ws/install/tutorial_interfaces/include/tutorial_interfaces/tutorial_interfaces/msg/detail/sphere__builder.hpp
[4.626s] -- Up-to-date: /home/bobxu/ros_sycl_ws/install/tutorial_interfaces/include/tutorial_interfaces/tutorial_interfaces/msg/detail/num__struct.hpp
[4.626s] -- Up-to-date: /home/bobxu/ros_sycl_ws/install/tutorial_interfaces/include/tutorial_interfaces/tutorial_interfaces/msg/detail/num__builder.hpp
[4.626s] -- Up-to-date: /home/bobxu/ros_sycl_ws/install/tutorial_interfaces/include/tutorial_interfaces/tutorial_interfaces
[4.626s] -- Up-to-date: /home/bobxu/ros_sycl_ws/install/tutorial_interfaces/include/tutorial_interfaces/tutorial_interfaces/srv
[4.626s] -- Up-to-date: /home/bobxu/ros_sycl_ws/install/tutorial_interfaces/include/tutorial_interfaces/tutorial_interfaces/srv/detail
[4.626s] -- Up-to-date: /home/bobxu/ros_sycl_ws/install/tutorial_interfaces/include/tutorial_interfaces/tutorial_interfaces/srv/detail/add_three_ints__rosidl_typesupport_fastrtps_cpp.hpp
[4.626s] -- Up-to-date: /home/bobxu/ros_sycl_ws/install/tutorial_interfaces/include/tutorial_interfaces/tutorial_interfaces/srv/detail/dds_fastrtps
[4.626s] -- Up-to-date: /home/bobxu/ros_sycl_ws/install/tutorial_interfaces/include/tutorial_interfaces/tutorial_interfaces/msg
[4.626s] -- Up-to-date: /home/bobxu/ros_sycl_ws/install/tutorial_interfaces/include/tutorial_interfaces/tutorial_interfaces/msg/rosidl_typesupport_fastrtps_cpp__visibility_control.h
[4.626s] -- Up-to-date: /home/bobxu/ros_sycl_ws/install/tutorial_interfaces/include/tutorial_interfaces/tutorial_interfaces/msg/detail
[4.627s] -- Up-to-date: /home/bobxu/ros_sycl_ws/install/tutorial_interfaces/include/tutorial_interfaces/tutorial_interfaces/msg/detail/sphere__rosidl_typesupport_fastrtps_cpp.hpp
[4.627s] -- Up-to-date: /home/bobxu/ros_sycl_ws/install/tutorial_interfaces/include/tutorial_interfaces/tutorial_interfaces/msg/detail/dds_fastrtps
[4.627s] -- Up-to-date: /home/bobxu/ros_sycl_ws/install/tutorial_interfaces/include/tutorial_interfaces/tutorial_interfaces/msg/detail/num__rosidl_typesupport_fastrtps_cpp.hpp
[4.627s] -- Up-to-date: /home/bobxu/ros_sycl_ws/install/tutorial_interfaces/lib/libtutorial_interfaces__rosidl_typesupport_fastrtps_cpp.so
[4.627s] -- Up-to-date: /home/bobxu/ros_sycl_ws/install/tutorial_interfaces/include/tutorial_interfaces/tutorial_interfaces
[4.627s] -- Up-to-date: /home/bobxu/ros_sycl_ws/install/tutorial_interfaces/include/tutorial_interfaces/tutorial_interfaces/srv
[4.627s] -- Up-to-date: /home/bobxu/ros_sycl_ws/install/tutorial_interfaces/include/tutorial_interfaces/tutorial_interfaces/srv/detail
[4.628s] -- Up-to-date: /home/bobxu/ros_sycl_ws/install/tutorial_interfaces/include/tutorial_interfaces/tutorial_interfaces/srv/detail/add_three_ints__rosidl_typesupport_introspection_c.h
[4.628s] -- Up-to-date: /home/bobxu/ros_sycl_ws/install/tutorial_interfaces/include/tutorial_interfaces/tutorial_interfaces/srv/detail/add_three_ints__type_support.c
[4.628s] -- Up-to-date: /home/bobxu/ros_sycl_ws/install/tutorial_interfaces/include/tutorial_interfaces/tutorial_interfaces/msg
[4.628s] -- Up-to-date: /home/bobxu/ros_sycl_ws/install/tutorial_interfaces/include/tutorial_interfaces/tutorial_interfaces/msg/detail
[4.628s] -- Up-to-date: /home/bobxu/ros_sycl_ws/install/tutorial_interfaces/include/tutorial_interfaces/tutorial_interfaces/msg/detail/num__rosidl_typesupport_introspection_c.h
[4.628s] -- Up-to-date: /home/bobxu/ros_sycl_ws/install/tutorial_interfaces/include/tutorial_interfaces/tutorial_interfaces/msg/detail/sphere__type_support.c
[4.629s] -- Up-to-date: /home/bobxu/ros_sycl_ws/install/tutorial_interfaces/include/tutorial_interfaces/tutorial_interfaces/msg/detail/sphere__rosidl_typesupport_introspection_c.h
[4.629s] -- Up-to-date: /home/bobxu/ros_sycl_ws/install/tutorial_interfaces/include/tutorial_interfaces/tutorial_interfaces/msg/detail/num__type_support.c
[4.629s] -- Up-to-date: /home/bobxu/ros_sycl_ws/install/tutorial_interfaces/include/tutorial_interfaces/tutorial_interfaces/msg/rosidl_typesupport_introspection_c__visibility_control.h
[4.629s] -- Up-to-date: /home/bobxu/ros_sycl_ws/install/tutorial_interfaces/lib/libtutorial_interfaces__rosidl_typesupport_introspection_c.so
[4.629s] -- Up-to-date: /home/bobxu/ros_sycl_ws/install/tutorial_interfaces/lib/libtutorial_interfaces__rosidl_typesupport_c.so
[4.630s] -- Up-to-date: /home/bobxu/ros_sycl_ws/install/tutorial_interfaces/include/tutorial_interfaces/tutorial_interfaces
[4.630s] -- Up-to-date: /home/bobxu/ros_sycl_ws/install/tutorial_interfaces/include/tutorial_interfaces/tutorial_interfaces/srv
[4.630s] -- Up-to-date: /home/bobxu/ros_sycl_ws/install/tutorial_interfaces/include/tutorial_interfaces/tutorial_interfaces/srv/detail
[4.630s] -- Up-to-date: /home/bobxu/ros_sycl_ws/install/tutorial_interfaces/include/tutorial_interfaces/tutorial_interfaces/srv/detail/add_three_ints__type_support.cpp
[4.630s] -- Up-to-date: /home/bobxu/ros_sycl_ws/install/tutorial_interfaces/include/tutorial_interfaces/tutorial_interfaces/srv/detail/add_three_ints__rosidl_typesupport_introspection_cpp.hpp
[4.630s] -- Up-to-date: /home/bobxu/ros_sycl_ws/install/tutorial_interfaces/include/tutorial_interfaces/tutorial_interfaces/msg
[4.630s] -- Up-to-date: /home/bobxu/ros_sycl_ws/install/tutorial_interfaces/include/tutorial_interfaces/tutorial_interfaces/msg/detail
[4.630s] -- Up-to-date: /home/bobxu/ros_sycl_ws/install/tutorial_interfaces/include/tutorial_interfaces/tutorial_interfaces/msg/detail/sphere__rosidl_typesupport_introspection_cpp.hpp
[4.630s] -- Up-to-date: /home/bobxu/ros_sycl_ws/install/tutorial_interfaces/include/tutorial_interfaces/tutorial_interfaces/msg/detail/num__rosidl_typesupport_introspection_cpp.hpp
[4.630s] -- Up-to-date: /home/bobxu/ros_sycl_ws/install/tutorial_interfaces/include/tutorial_interfaces/tutorial_interfaces/msg/detail/num__type_support.cpp
[4.630s] -- Up-to-date: /home/bobxu/ros_sycl_ws/install/tutorial_interfaces/include/tutorial_interfaces/tutorial_interfaces/msg/detail/sphere__type_support.cpp
[4.631s] -- Up-to-date: /home/bobxu/ros_sycl_ws/install/tutorial_interfaces/lib/libtutorial_interfaces__rosidl_typesupport_introspection_cpp.so
[4.631s] -- Up-to-date: /home/bobxu/ros_sycl_ws/install/tutorial_interfaces/lib/libtutorial_interfaces__rosidl_typesupport_cpp.so
[4.631s] -- Up-to-date: /home/bobxu/ros_sycl_ws/install/tutorial_interfaces/share/tutorial_interfaces/environment/pythonpath.sh
[4.632s] -- Up-to-date: /home/bobxu/ros_sycl_ws/install/tutorial_interfaces/share/tutorial_interfaces/environment/pythonpath.dsv
[4.632s] -- Up-to-date: /home/bobxu/ros_sycl_ws/install/tutorial_interfaces/local/lib/python3.10/dist-packages/tutorial_interfaces-0.0.0-py3.10.egg-info
[4.632s] -- Installing: /home/bobxu/ros_sycl_ws/install/tutorial_interfaces/local/lib/python3.10/dist-packages/tutorial_interfaces-0.0.0-py3.10.egg-info/PKG-INFO
[4.634s] -- Installing: /home/bobxu/ros_sycl_ws/install/tutorial_interfaces/local/lib/python3.10/dist-packages/tutorial_interfaces-0.0.0-py3.10.egg-info/top_level.txt
[4.634s] -- Installing: /home/bobxu/ros_sycl_ws/install/tutorial_interfaces/local/lib/python3.10/dist-packages/tutorial_interfaces-0.0.0-py3.10.egg-info/dependency_links.txt
[4.635s] -- Installing: /home/bobxu/ros_sycl_ws/install/tutorial_interfaces/local/lib/python3.10/dist-packages/tutorial_interfaces-0.0.0-py3.10.egg-info/SOURCES.txt
[4.636s] -- Up-to-date: /home/bobxu/ros_sycl_ws/install/tutorial_interfaces/local/lib/python3.10/dist-packages/tutorial_interfaces
[4.636s] -- Up-to-date: /home/bobxu/ros_sycl_ws/install/tutorial_interfaces/local/lib/python3.10/dist-packages/tutorial_interfaces/_tutorial_interfaces_s.ep.rosidl_typesupport_introspection_c.c
[4.636s] -- Up-to-date: /home/bobxu/ros_sycl_ws/install/tutorial_interfaces/local/lib/python3.10/dist-packages/tutorial_interfaces/__init__.py
[4.637s] -- Up-to-date: /home/bobxu/ros_sycl_ws/install/tutorial_interfaces/local/lib/python3.10/dist-packages/tutorial_interfaces/libtutorial_interfaces__rosidl_generator_py.so
[4.637s] -- Up-to-date: /home/bobxu/ros_sycl_ws/install/tutorial_interfaces/local/lib/python3.10/dist-packages/tutorial_interfaces/srv
[4.637s] -- Up-to-date: /home/bobxu/ros_sycl_ws/install/tutorial_interfaces/local/lib/python3.10/dist-packages/tutorial_interfaces/srv/_add_three_ints_s.c
[4.637s] -- Up-to-date: /home/bobxu/ros_sycl_ws/install/tutorial_interfaces/local/lib/python3.10/dist-packages/tutorial_interfaces/srv/__init__.py
[4.638s] -- Up-to-date: /home/bobxu/ros_sycl_ws/install/tutorial_interfaces/local/lib/python3.10/dist-packages/tutorial_interfaces/srv/_add_three_ints.py
[4.638s] -- Up-to-date: /home/bobxu/ros_sycl_ws/install/tutorial_interfaces/local/lib/python3.10/dist-packages/tutorial_interfaces/tutorial_interfaces_s__rosidl_typesupport_fastrtps_c.cpython-310-x86_64-linux-gnu.so
[4.638s] -- Up-to-date: /home/bobxu/ros_sycl_ws/install/tutorial_interfaces/local/lib/python3.10/dist-packages/tutorial_interfaces/_tutorial_interfaces_s.ep.rosidl_typesupport_c.c
[4.638s] -- Up-to-date: /home/bobxu/ros_sycl_ws/install/tutorial_interfaces/local/lib/python3.10/dist-packages/tutorial_interfaces/tutorial_interfaces_s__rosidl_typesupport_c.cpython-310-x86_64-linux-gnu.so
[4.639s] -- Up-to-date: /home/bobxu/ros_sycl_ws/install/tutorial_interfaces/local/lib/python3.10/dist-packages/tutorial_interfaces/_tutorial_interfaces_s.ep.rosidl_typesupport_fastrtps_c.c
[4.639s] -- Up-to-date: /home/bobxu/ros_sycl_ws/install/tutorial_interfaces/local/lib/python3.10/dist-packages/tutorial_interfaces/tutorial_interfaces_s__rosidl_typesupport_introspection_c.cpython-310-x86_64-linux-gnu.so
[4.639s] -- Up-to-date: /home/bobxu/ros_sycl_ws/install/tutorial_interfaces/local/lib/python3.10/dist-packages/tutorial_interfaces/msg
[4.639s] -- Up-to-date: /home/bobxu/ros_sycl_ws/install/tutorial_interfaces/local/lib/python3.10/dist-packages/tutorial_interfaces/msg/_num.py
[4.639s] -- Up-to-date: /home/bobxu/ros_sycl_ws/install/tutorial_interfaces/local/lib/python3.10/dist-packages/tutorial_interfaces/msg/__init__.py
[4.640s] -- Up-to-date: /home/bobxu/ros_sycl_ws/install/tutorial_interfaces/local/lib/python3.10/dist-packages/tutorial_interfaces/msg/_sphere_s.c
[4.640s] -- Up-to-date: /home/bobxu/ros_sycl_ws/install/tutorial_interfaces/local/lib/python3.10/dist-packages/tutorial_interfaces/msg/_num_s.c
[4.640s] -- Up-to-date: /home/bobxu/ros_sycl_ws/install/tutorial_interfaces/local/lib/python3.10/dist-packages/tutorial_interfaces/msg/_sphere.py
[4.782s] Listing '/home/bobxu/ros_sycl_ws/install/tutorial_interfaces/local/lib/python3.10/dist-packages/tutorial_interfaces'...
[4.782s] Listing '/home/bobxu/ros_sycl_ws/install/tutorial_interfaces/local/lib/python3.10/dist-packages/tutorial_interfaces/msg'...
[4.782s] Listing '/home/bobxu/ros_sycl_ws/install/tutorial_interfaces/local/lib/python3.10/dist-packages/tutorial_interfaces/srv'...
[4.786s] -- Up-to-date: /home/bobxu/ros_sycl_ws/install/tutorial_interfaces/local/lib/python3.10/dist-packages/tutorial_interfaces/tutorial_interfaces_s__rosidl_typesupport_introspection_c.cpython-310-x86_64-linux-gnu.so
[4.786s] -- Up-to-date: /home/bobxu/ros_sycl_ws/install/tutorial_interfaces/local/lib/python3.10/dist-packages/tutorial_interfaces/tutorial_interfaces_s__rosidl_typesupport_fastrtps_c.cpython-310-x86_64-linux-gnu.so
[4.787s] -- Up-to-date: /home/bobxu/ros_sycl_ws/install/tutorial_interfaces/local/lib/python3.10/dist-packages/tutorial_interfaces/tutorial_interfaces_s__rosidl_typesupport_c.cpython-310-x86_64-linux-gnu.so
[4.788s] -- Up-to-date: /home/bobxu/ros_sycl_ws/install/tutorial_interfaces/lib/libtutorial_interfaces__rosidl_generator_py.so
[4.788s] -- Up-to-date: /home/bobxu/ros_sycl_ws/install/tutorial_interfaces/share/tutorial_interfaces/msg/Num.idl
[4.789s] -- Up-to-date: /home/bobxu/ros_sycl_ws/install/tutorial_interfaces/share/tutorial_interfaces/msg/Sphere.idl
[4.790s] -- Up-to-date: /home/bobxu/ros_sycl_ws/install/tutorial_interfaces/share/tutorial_interfaces/srv/AddThreeInts.idl
[4.790s] -- Up-to-date: /home/bobxu/ros_sycl_ws/install/tutorial_interfaces/share/tutorial_interfaces/msg/Num.msg
[4.790s] -- Up-to-date: /home/bobxu/ros_sycl_ws/install/tutorial_interfaces/share/tutorial_interfaces/msg/Sphere.msg
[4.790s] -- Up-to-date: /home/bobxu/ros_sycl_ws/install/tutorial_interfaces/share/tutorial_interfaces/srv/AddThreeInts.srv
[4.790s] -- Up-to-date: /home/bobxu/ros_sycl_ws/install/tutorial_interfaces/share/tutorial_interfaces/srv/AddThreeInts_Request.msg
[4.791s] -- Up-to-date: /home/bobxu/ros_sycl_ws/install/tutorial_interfaces/share/tutorial_interfaces/srv/AddThreeInts_Response.msg
[4.791s] -- Up-to-date: /home/bobxu/ros_sycl_ws/install/tutorial_interfaces/share/ament_index/resource_index/package_run_dependencies/tutorial_interfaces
[4.791s] -- Up-to-date: /home/bobxu/ros_sycl_ws/install/tutorial_interfaces/share/ament_index/resource_index/parent_prefix_path/tutorial_interfaces
[4.791s] -- Up-to-date: /home/bobxu/ros_sycl_ws/install/tutorial_interfaces/share/tutorial_interfaces/environment/ament_prefix_path.dsv
[4.791s] -- Up-to-date: /home/bobxu/ros_sycl_ws/install/tutorial_interfaces/share/tutorial_interfaces/environment/path.dsv
[4.791s] -- Up-to-date: /home/bobxu/ros_sycl_ws/install/tutorial_interfaces/share/tutorial_interfaces/local_setup.bash
[4.791s] -- Up-to-date: /home/bobxu/ros_sycl_ws/install/tutorial_interfaces/share/tutorial_interfaces/local_setup.sh
[4.792s] -- Up-to-date: /home/bobxu/ros_sycl_ws/install/tutorial_interfaces/share/tutorial_interfaces/local_setup.zsh
[4.792s] -- Up-to-date: /home/bobxu/ros_sycl_ws/install/tutorial_interfaces/share/tutorial_interfaces/local_setup.dsv
[4.792s] -- Installing: /home/bobxu/ros_sycl_ws/install/tutorial_interfaces/share/tutorial_interfaces/package.dsv
[4.792s] -- Up-to-date: /home/bobxu/ros_sycl_ws/install/tutorial_interfaces/share/ament_index/resource_index/packages/tutorial_interfaces
[4.792s] -- Up-to-date: /home/bobxu/ros_sycl_ws/install/tutorial_interfaces/share/tutorial_interfaces/cmake/export_tutorial_interfaces__rosidl_generator_cExport.cmake
[4.793s] -- Up-to-date: /home/bobxu/ros_sycl_ws/install/tutorial_interfaces/share/tutorial_interfaces/cmake/export_tutorial_interfaces__rosidl_generator_cExport-noconfig.cmake
[4.793s] -- Up-to-date: /home/bobxu/ros_sycl_ws/install/tutorial_interfaces/share/tutorial_interfaces/cmake/export_tutorial_interfaces__rosidl_typesupport_fastrtps_cExport.cmake
[4.793s] -- Up-to-date: /home/bobxu/ros_sycl_ws/install/tutorial_interfaces/share/tutorial_interfaces/cmake/export_tutorial_interfaces__rosidl_typesupport_fastrtps_cExport-noconfig.cmake
[4.793s] -- Up-to-date: /home/bobxu/ros_sycl_ws/install/tutorial_interfaces/share/tutorial_interfaces/cmake/export_tutorial_interfaces__rosidl_generator_cppExport.cmake
[4.793s] -- Up-to-date: /home/bobxu/ros_sycl_ws/install/tutorial_interfaces/share/tutorial_interfaces/cmake/export_tutorial_interfaces__rosidl_typesupport_fastrtps_cppExport.cmake
[4.793s] -- Up-to-date: /home/bobxu/ros_sycl_ws/install/tutorial_interfaces/share/tutorial_interfaces/cmake/export_tutorial_interfaces__rosidl_typesupport_fastrtps_cppExport-noconfig.cmake
[4.793s] -- Up-to-date: /home/bobxu/ros_sycl_ws/install/tutorial_interfaces/share/tutorial_interfaces/cmake/tutorial_interfaces__rosidl_typesupport_introspection_cExport.cmake
[4.794s] -- Up-to-date: /home/bobxu/ros_sycl_ws/install/tutorial_interfaces/share/tutorial_interfaces/cmake/tutorial_interfaces__rosidl_typesupport_introspection_cExport-noconfig.cmake
[4.794s] -- Up-to-date: /home/bobxu/ros_sycl_ws/install/tutorial_interfaces/share/tutorial_interfaces/cmake/tutorial_interfaces__rosidl_typesupport_cExport.cmake
[4.794s] -- Up-to-date: /home/bobxu/ros_sycl_ws/install/tutorial_interfaces/share/tutorial_interfaces/cmake/tutorial_interfaces__rosidl_typesupport_cExport-noconfig.cmake
[4.794s] -- Up-to-date: /home/bobxu/ros_sycl_ws/install/tutorial_interfaces/share/tutorial_interfaces/cmake/tutorial_interfaces__rosidl_typesupport_introspection_cppExport.cmake
[4.794s] -- Up-to-date: /home/bobxu/ros_sycl_ws/install/tutorial_interfaces/share/tutorial_interfaces/cmake/tutorial_interfaces__rosidl_typesupport_introspection_cppExport-noconfig.cmake
[4.794s] -- Up-to-date: /home/bobxu/ros_sycl_ws/install/tutorial_interfaces/share/tutorial_interfaces/cmake/tutorial_interfaces__rosidl_typesupport_cppExport.cmake
[4.794s] -- Up-to-date: /home/bobxu/ros_sycl_ws/install/tutorial_interfaces/share/tutorial_interfaces/cmake/tutorial_interfaces__rosidl_typesupport_cppExport-noconfig.cmake
[4.795s] -- Up-to-date: /home/bobxu/ros_sycl_ws/install/tutorial_interfaces/share/tutorial_interfaces/cmake/export_tutorial_interfaces__rosidl_generator_pyExport.cmake
[4.795s] -- Up-to-date: /home/bobxu/ros_sycl_ws/install/tutorial_interfaces/share/tutorial_interfaces/cmake/export_tutorial_interfaces__rosidl_generator_pyExport-noconfig.cmake
[4.795s] -- Up-to-date: /home/bobxu/ros_sycl_ws/install/tutorial_interfaces/share/tutorial_interfaces/cmake/rosidl_cmake-extras.cmake
[4.795s] -- Up-to-date: /home/bobxu/ros_sycl_ws/install/tutorial_interfaces/share/tutorial_interfaces/cmake/ament_cmake_export_dependencies-extras.cmake
[4.795s] -- Up-to-date: /home/bobxu/ros_sycl_ws/install/tutorial_interfaces/share/tutorial_interfaces/cmake/ament_cmake_export_include_directories-extras.cmake
[4.795s] -- Up-to-date: /home/bobxu/ros_sycl_ws/install/tutorial_interfaces/share/tutorial_interfaces/cmake/ament_cmake_export_libraries-extras.cmake
[4.795s] -- Up-to-date: /home/bobxu/ros_sycl_ws/install/tutorial_interfaces/share/tutorial_interfaces/cmake/ament_cmake_export_targets-extras.cmake
[4.795s] -- Up-to-date: /home/bobxu/ros_sycl_ws/install/tutorial_interfaces/share/tutorial_interfaces/cmake/rosidl_cmake_export_typesupport_targets-extras.cmake
[4.795s] -- Up-to-date: /home/bobxu/ros_sycl_ws/install/tutorial_interfaces/share/tutorial_interfaces/cmake/rosidl_cmake_export_typesupport_libraries-extras.cmake
[4.796s] -- Up-to-date: /home/bobxu/ros_sycl_ws/install/tutorial_interfaces/share/tutorial_interfaces/cmake/tutorial_interfacesConfig.cmake
[4.796s] -- Up-to-date: /home/bobxu/ros_sycl_ws/install/tutorial_interfaces/share/tutorial_interfaces/cmake/tutorial_interfacesConfig-version.cmake
[4.796s] -- Up-to-date: /home/bobxu/ros_sycl_ws/install/tutorial_interfaces/share/tutorial_interfaces/package.xml
[4.804s] Invoked command in '/home/bobxu/ros_sycl_ws/build/tutorial_interfaces' returned '0': CMAKE_PREFIX_PATH=${CMAKE_PREFIX_PATH}:/home/bobxu/ws_moveit2/install/moveit_configs_utils:/home/bobxu/ws_moveit2/install/launch_param_builder:/home/bobxu/ros2_humble/install/rqt_bag_plugins:/home/bobxu/ros2_humble/install/rqt_bag:/home/bobxu/ros2_humble/install/ros2bag:/home/bobxu/ros2_humble/install/tracetools_test:/home/bobxu/ros2_humble/install/tracetools_launch:/home/bobxu/ros2_humble/install/topic_monitor:/home/bobxu/ros2_humble/install/tf2_tools:/home/bobxu/ros2_humble/install/examples_tf2_py:/home/bobxu/ros2_humble/install/tf2_ros_py:/home/bobxu/ros2_humble/install/sros2:/home/bobxu/ros2_humble/install/rqt_topic:/home/bobxu/ros2_humble/install/rqt_srv:/home/bobxu/ros2_humble/install/rqt_shell:/home/bobxu/ros2_humble/install/rqt_service_caller:/home/bobxu/ros2_humble/install/rqt_reconfigure:/home/bobxu/ros2_humble/install/rqt_py_console:/home/bobxu/ros2_humble/install/rqt_publisher:/home/bobxu/ros2_humble/install/rqt_plot:/home/bobxu/ros2_humble/install/rqt_action:/home/bobxu/ros2_humble/install/rqt_msg:/home/bobxu/ros2_humble/install/rqt_console:/home/bobxu/ros2_humble/install/rqt:/home/bobxu/ros2_humble/install/rqt_graph:/home/bobxu/ros2_humble/install/rqt_gui_py:/home/bobxu/ros2_humble/install/rqt_gui:/home/bobxu/ros2_humble/install/ros2trace:/home/bobxu/ros2_humble/install/ros2topic:/home/bobxu/ros2_humble/install/ros2test:/home/bobxu/ros2_humble/install/ros2component:/home/bobxu/ros2_humble/install/ros2param:/home/bobxu/ros2_humble/install/ros2lifecycle:/home/bobxu/ros2_humble/install/ros2service:/home/bobxu/ros2_humble/install/ros2run:/home/bobxu/ros2_humble/install/ros2launch:/home/bobxu/ros2_humble/install/ros2pkg:/home/bobxu/ros2_humble/install/ros2node:/home/bobxu/ros2_humble/install/ros2multicast:/home/bobxu/ros2_humble/install/ros2interface:/home/bobxu/ros2_humble/install/ros2doctor:/home/bobxu/ros2_humble/install/ros2action:/home/bobxu/ros2_humble/install/ros2cli:/home/bobxu/ros2_humble/install/quality_of_service_demo_py:/home/bobxu/ros2_humble/install/lifecycle_py:/home/bobxu/ros2_humble/install/launch_testing_ros:/home/bobxu/ros2_humble/install/launch_ros:/home/bobxu/ros2_humble/install/examples_rclpy_pointcloud_publisher:/home/bobxu/ros2_humble/install/examples_rclpy_minimal_subscriber:/home/bobxu/ros2_humble/install/examples_rclpy_minimal_service:/home/bobxu/ros2_humble/install/examples_rclpy_minimal_publisher:/home/bobxu/ros2_humble/install/examples_rclpy_minimal_client:/home/bobxu/ros2_humble/install/examples_rclpy_minimal_action_server:/home/bobxu/ros2_humble/install/examples_rclpy_minimal_action_client:/home/bobxu/ros2_humble/install/examples_rclpy_guard_conditions:/home/bobxu/ros2_humble/install/examples_rclpy_executors:/home/bobxu/ros2_humble/install/demo_nodes_py:/home/bobxu/ros2_humble/install/action_tutorials_py:/home/bobxu/ros2_humble/install/ament_uncrustify:/home/bobxu/ros2_humble/install/tracetools_trace:/home/bobxu/ros2_humble/install/tracetools_read:/home/bobxu/ros2_humble/install/test_tracetools_launch:/home/bobxu/ros2_humble/install/test_launch_ros:/home/bobxu/ros2_humble/install/sensor_msgs_py:/home/bobxu/ros2_humble/install/rpyutils:/home/bobxu/ros2_humble/install/rosidl_runtime_py:/home/bobxu/ros2_humble/install/rosidl_cli:/home/bobxu/ros2_humble/install/launch_pytest:/home/bobxu/ros2_humble/install/launch_testing:/home/bobxu/ros2_humble/install/launch_yaml:/home/bobxu/ros2_humble/install/launch_xml:/home/bobxu/ros2_humble/install/launch:/home/bobxu/ros2_humble/install/osrf_pycommon:/home/bobxu/ros2_humble/install/launch_testing_examples:/home/bobxu/ros2_humble/install/domain_coordinator:/home/bobxu/ros2_humble/install/ament_xmllint:/home/bobxu/ros2_humble/install/ament_pyflakes:/home/bobxu/ros2_humble/install/ament_pycodestyle:/home/bobxu/ros2_humble/install/ament_pep257:/home/bobxu/ros2_humble/install/ament_pclint:/home/bobxu/ros2_humble/install/ament_package:/home/bobxu/ros2_humble/install/ament_mypy:/home/bobxu/ros2_humble/install/ament_lint_cmake:/home/bobxu/ros2_humble/install/ament_flake8:/home/bobxu/ros2_humble/install/ament_copyright:/home/bobxu/ros2_humble/install/ament_lint:/home/bobxu/ros2_humble/install/ament_index_python:/home/bobxu/ros2_humble/install/ament_cpplint:/home/bobxu/ros2_humble/install/ament_cppcheck:/home/bobxu/ros2_humble/install/ament_clang_tidy:/home/bobxu/ros2_humble/install/ament_clang_format:/opt/ros/humble /usr/bin/cmake --install /home/bobxu/ros_sycl_ws/build/tutorial_interfaces
