-- Found ament_cmake: 1.3.4 (/home/bobxu/ros2_humble/install/ament_cmake/share/ament_cmake/cmake)
-- Found rclcpp: 16.0.4 (/home/bobxu/ros2_humble/install/rclcpp/share/rclcpp/cmake)
-- Found rosidl_generator_c: 3.1.4 (/home/bobxu/ros2_humble/install/rosidl_generator_c/share/rosidl_generator_c/cmake)
-- Found rosidl_adapter: 3.1.4 (/home/bobxu/ros2_humble/install/rosidl_adapter/share/rosidl_adapter/cmake)
-- Found rosidl_generator_cpp: 3.1.4 (/home/bobxu/ros2_humble/install/rosidl_generator_cpp/share/rosidl_generator_cpp/cmake)
-- Using all available rosidl_typesupport_c: rosidl_typesupport_introspection_c;rosidl_typesupport_fastrtps_c
-- Using all available rosidl_typesupport_cpp: rosidl_typesupport_introspection_cpp;rosidl_typesupport_fastrtps_cpp
-- Found rmw_implementation_cmake: 6.1.1 (/home/bobxu/ros2_humble/install/rmw_implementation_cmake/share/rmw_implementation_cmake/cmake)
-- Found rmw_fastrtps_cpp: 6.2.2 (/home/bobxu/ros2_humble/install/rmw_fastrtps_cpp/share/rmw_fastrtps_cpp/cmake)
-- Using RMW implementation 'rmw_fastrtps_cpp' as default
-- Found rclcpp_action: 16.0.4 (/home/bobxu/ros2_humble/install/rclcpp_action/share/rclcpp_action/cmake)
-- Found control_msgs: 4.4.0 (/opt/ros/humble/share/control_msgs/cmake)
-- Found tutorial_interfaces: 0.0.0 (/home/bobxu/ros_sycl_ws/install/tutorial_interfaces/share/tutorial_interfaces/cmake)
-- Found cpp_pubsub: 0.0.0 (/home/bobxu/ros_sycl_ws/install/cpp_pubsub/share/cpp_pubsub/cmake)
-- Found ament_lint_auto: 0.12.6 (/home/bobxu/ros2_humble/install/ament_lint_auto/share/ament_lint_auto/cmake)
-- Added test 'copyright' to check source files copyright and LICENSE
-- Added test 'cppcheck' to perform static code analysis on C / C++ code
-- Configured cppcheck include dirs: 
-- Configured cppcheck exclude dirs and/or files: 
-- Added test 'cpplint' to check C / C++ code against the Google style
-- Configured cpplint exclude dirs and/or files: 
-- Added test 'flake8' to check Python code syntax and style conventions
-- Added test 'lint_cmake' to check CMake code style
-- Added test 'pep257' to check Python code against some of the docstring style conventions in PEP 257
-- Added test 'uncrustify' to check C / C++ code style
-- Configured uncrustify additional arguments: 
-- Added test 'xmllint' to check XML markup files
-- Configuring done
-- Generating done
-- Build files have been written to: /home/bobxu/ros_sycl_ws/build/my_bot
[35m[1mConsolidate compiler generated dependencies of target joint_command[0m
[ 50%] [32mBuilding CXX object CMakeFiles/joint_command.dir/src/joint_command.cpp.o[0m
[100%] [32m[1mLinking CXX executable joint_command[0m
[100%] Built target joint_command
-- Install configuration: ""
-- Up-to-date: /home/bobxu/ros_sycl_ws/install/my_bot/share/my_bot/config
-- Up-to-date: /home/bobxu/ros_sycl_ws/install/my_bot/share/my_bot/config/joint_position_controller.yaml
-- Up-to-date: /home/bobxu/ros_sycl_ws/install/my_bot/share/my_bot/config/my_bot.rviz
-- Up-to-date: /home/bobxu/ros_sycl_ws/install/my_bot/share/my_bot/description
-- Up-to-date: /home/bobxu/ros_sycl_ws/install/my_bot/share/my_bot/description/robot_core.xacro
-- Up-to-date: /home/bobxu/ros_sycl_ws/install/my_bot/share/my_bot/description/robot.urdf.xacro
-- Up-to-date: /home/bobxu/ros_sycl_ws/install/my_bot/share/my_bot/launch
-- Up-to-date: /home/bobxu/ros_sycl_ws/install/my_bot/share/my_bot/launch/launch_sim.launch.py
-- Up-to-date: /home/bobxu/ros_sycl_ws/install/my_bot/share/my_bot/launch/rsp.launch.py
-- Up-to-date: /home/bobxu/ros_sycl_ws/install/my_bot/share/my_bot/worlds
-- Up-to-date: /home/bobxu/ros_sycl_ws/install/my_bot/share/my_bot/worlds/empty.world
-- Installing: /home/bobxu/ros_sycl_ws/install/my_bot/share/ament_index/resource_index/package_run_dependencies/my_bot
-- Installing: /home/bobxu/ros_sycl_ws/install/my_bot/share/ament_index/resource_index/parent_prefix_path/my_bot
-- Installing: /home/bobxu/ros_sycl_ws/install/my_bot/share/my_bot/environment/ament_prefix_path.dsv
-- Installing: /home/bobxu/ros_sycl_ws/install/my_bot/share/my_bot/environment/path.dsv
-- Up-to-date: /home/bobxu/ros_sycl_ws/install/my_bot/share/my_bot/local_setup.bash
-- Up-to-date: /home/bobxu/ros_sycl_ws/install/my_bot/share/my_bot/local_setup.sh
-- Up-to-date: /home/bobxu/ros_sycl_ws/install/my_bot/share/my_bot/local_setup.zsh
-- Installing: /home/bobxu/ros_sycl_ws/install/my_bot/share/my_bot/local_setup.dsv
-- Installing: /home/bobxu/ros_sycl_ws/install/my_bot/share/my_bot/package.dsv
-- Up-to-date: /home/bobxu/ros_sycl_ws/install/my_bot/share/ament_index/resource_index/packages/my_bot
-- Up-to-date: /home/bobxu/ros_sycl_ws/install/my_bot/share/my_bot/cmake/my_botConfig.cmake
-- Up-to-date: /home/bobxu/ros_sycl_ws/install/my_bot/share/my_bot/cmake/my_botConfig-version.cmake
-- Installing: /home/bobxu/ros_sycl_ws/install/my_bot/share/my_bot/package.xml
