[0.055s] Invoking command in '/home/bobxu/ros_sycl_ws/build/tutorial_interfaces': CMAKE_PREFIX_PATH=${CMAKE_PREFIX_PATH}:/home/bobxu/ws_moveit2/install/moveit_configs_utils:/home/bobxu/ws_moveit2/install/launch_param_builder:/home/bobxu/ros2_humble/install/rqt_bag_plugins:/home/bobxu/ros2_humble/install/rqt_bag:/home/bobxu/ros2_humble/install/ros2bag:/home/bobxu/ros2_humble/install/tracetools_test:/home/bobxu/ros2_humble/install/tracetools_launch:/home/bobxu/ros2_humble/install/topic_monitor:/home/bobxu/ros2_humble/install/tf2_tools:/home/bobxu/ros2_humble/install/examples_tf2_py:/home/bobxu/ros2_humble/install/tf2_ros_py:/home/bobxu/ros2_humble/install/sros2:/home/bobxu/ros2_humble/install/rqt_topic:/home/bobxu/ros2_humble/install/rqt_srv:/home/bobxu/ros2_humble/install/rqt_shell:/home/bobxu/ros2_humble/install/rqt_service_caller:/home/bobxu/ros2_humble/install/rqt_reconfigure:/home/bobxu/ros2_humble/install/rqt_py_console:/home/bobxu/ros2_humble/install/rqt_publisher:/home/bobxu/ros2_humble/install/rqt_plot:/home/bobxu/ros2_humble/install/rqt_action:/home/bobxu/ros2_humble/install/rqt_msg:/home/bobxu/ros2_humble/install/rqt_console:/home/bobxu/ros2_humble/install/rqt:/home/bobxu/ros2_humble/install/rqt_graph:/home/bobxu/ros2_humble/install/rqt_gui_py:/home/bobxu/ros2_humble/install/rqt_gui:/home/bobxu/ros2_humble/install/ros2trace:/home/bobxu/ros2_humble/install/ros2topic:/home/bobxu/ros2_humble/install/ros2test:/home/bobxu/ros2_humble/install/ros2component:/home/bobxu/ros2_humble/install/ros2param:/home/bobxu/ros2_humble/install/ros2lifecycle:/home/bobxu/ros2_humble/install/ros2service:/home/bobxu/ros2_humble/install/ros2run:/home/bobxu/ros2_humble/install/ros2launch:/home/bobxu/ros2_humble/install/ros2pkg:/home/bobxu/ros2_humble/install/ros2node:/home/bobxu/ros2_humble/install/ros2multicast:/home/bobxu/ros2_humble/install/ros2interface:/home/bobxu/ros2_humble/install/ros2doctor:/home/bobxu/ros2_humble/install/ros2action:/home/bobxu/ros2_humble/install/ros2cli:/home/bobxu/ros2_humble/install/quality_of_service_demo_py:/home/bobxu/ros2_humble/install/lifecycle_py:/home/bobxu/ros2_humble/install/launch_testing_ros:/home/bobxu/ros2_humble/install/launch_ros:/home/bobxu/ros2_humble/install/examples_rclpy_pointcloud_publisher:/home/bobxu/ros2_humble/install/examples_rclpy_minimal_subscriber:/home/bobxu/ros2_humble/install/examples_rclpy_minimal_service:/home/bobxu/ros2_humble/install/examples_rclpy_minimal_publisher:/home/bobxu/ros2_humble/install/examples_rclpy_minimal_client:/home/bobxu/ros2_humble/install/examples_rclpy_minimal_action_server:/home/bobxu/ros2_humble/install/examples_rclpy_minimal_action_client:/home/bobxu/ros2_humble/install/examples_rclpy_guard_conditions:/home/bobxu/ros2_humble/install/examples_rclpy_executors:/home/bobxu/ros2_humble/install/demo_nodes_py:/home/bobxu/ros2_humble/install/action_tutorials_py:/home/bobxu/ros2_humble/install/ament_uncrustify:/home/bobxu/ros2_humble/install/tracetools_trace:/home/bobxu/ros2_humble/install/tracetools_read:/home/bobxu/ros2_humble/install/test_tracetools_launch:/home/bobxu/ros2_humble/install/test_launch_ros:/home/bobxu/ros2_humble/install/sensor_msgs_py:/home/bobxu/ros2_humble/install/rpyutils:/home/bobxu/ros2_humble/install/rosidl_runtime_py:/home/bobxu/ros2_humble/install/rosidl_cli:/home/bobxu/ros2_humble/install/launch_pytest:/home/bobxu/ros2_humble/install/launch_testing:/home/bobxu/ros2_humble/install/launch_yaml:/home/bobxu/ros2_humble/install/launch_xml:/home/bobxu/ros2_humble/install/launch:/home/bobxu/ros2_humble/install/osrf_pycommon:/home/bobxu/ros2_humble/install/launch_testing_examples:/home/bobxu/ros2_humble/install/domain_coordinator:/home/bobxu/ros2_humble/install/ament_xmllint:/home/bobxu/ros2_humble/install/ament_pyflakes:/home/bobxu/ros2_humble/install/ament_pycodestyle:/home/bobxu/ros2_humble/install/ament_pep257:/home/bobxu/ros2_humble/install/ament_pclint:/home/bobxu/ros2_humble/install/ament_package:/home/bobxu/ros2_humble/install/ament_mypy:/home/bobxu/ros2_humble/install/ament_lint_cmake:/home/bobxu/ros2_humble/install/ament_flake8:/home/bobxu/ros2_humble/install/ament_copyright:/home/bobxu/ros2_humble/install/ament_lint:/home/bobxu/ros2_humble/install/ament_index_python:/home/bobxu/ros2_humble/install/ament_cpplint:/home/bobxu/ros2_humble/install/ament_cppcheck:/home/bobxu/ros2_humble/install/ament_clang_tidy:/home/bobxu/ros2_humble/install/ament_clang_format:/opt/ros/humble /usr/bin/cmake --build /home/bobxu/ros_sycl_ws/build/tutorial_interfaces -- -j2 -l2
[0.135s] -- Found ament_cmake: 1.3.4 (/home/bobxu/ros2_humble/install/ament_cmake/share/ament_cmake/cmake)
[0.556s] -- Found geometry_msgs: 4.2.3 (/home/bobxu/ros2_humble/install/geometry_msgs/share/geometry_msgs/cmake)
[0.585s] -- Found rosidl_generator_c: 3.1.4 (/home/bobxu/ros2_humble/install/rosidl_generator_c/share/rosidl_generator_c/cmake)
[0.587s] -- Found rosidl_adapter: 3.1.4 (/home/bobxu/ros2_humble/install/rosidl_adapter/share/rosidl_adapter/cmake)
[0.592s] -- Found rosidl_generator_cpp: 3.1.4 (/home/bobxu/ros2_humble/install/rosidl_generator_cpp/share/rosidl_generator_cpp/cmake)
[0.625s] -- Using all available rosidl_typesupport_c: rosidl_typesupport_introspection_c;rosidl_typesupport_fastrtps_c
[0.663s] -- Using all available rosidl_typesupport_cpp: rosidl_typesupport_introspection_cpp;rosidl_typesupport_fastrtps_cpp
[0.775s] -- Found rosidl_default_generators: 1.2.0 (/home/bobxu/ros2_humble/install/rosidl_default_generators/share/rosidl_default_generators/cmake)
[1.538s] -- Found ament_cmake_ros: 0.10.0 (/home/bobxu/ros2_humble/install/ament_cmake_ros/share/ament_cmake_ros/cmake)
[2.499s] -- Using all available rosidl_typesupport_c: rosidl_typesupport_introspection_c;rosidl_typesupport_fastrtps_c
[2.900s] -- Using all available rosidl_typesupport_cpp: rosidl_typesupport_introspection_cpp;rosidl_typesupport_fastrtps_cpp
[2.970s] -- Found python_cmake_module: 0.10.0 (/home/bobxu/ros2_humble/install/python_cmake_module/share/python_cmake_module/cmake)
[3.045s] -- Using PYTHON_EXECUTABLE: /usr/bin/python3
[3.045s] -- Using PYTHON_INCLUDE_DIRS: /usr/include/python3.10
[3.045s] -- Using PYTHON_LIBRARIES: /usr/lib/x86_64-linux-gnu/libpython3.10.so
[3.440s] -- Found ament_lint_auto: 0.12.6 (/home/bobxu/ros2_humble/install/ament_lint_auto/share/ament_lint_auto/cmake)
[3.448s] -- Added test 'lint_cmake' to check CMake code style
[3.450s] -- Added test 'xmllint' to check XML markup files
[3.451s] -- Configuring done
[3.499s] -- Generating done
[3.506s] -- Build files have been written to: /home/bobxu/ros_sycl_ws/build/tutorial_interfaces
[3.595s] [  2%] [34m[1mGenerating C code for ROS interfaces[0m
[3.651s] [  4%] [34m[1mGenerating C++ code for ROS interfaces[0m
[4.385s] [  4%] Built target tutorial_interfaces__cpp
[4.431s] [35m[1mConsolidate compiler generated dependencies of target tutorial_interfaces__rosidl_generator_c[0m
[4.483s] [  6%] [32mBuilding C object CMakeFiles/tutorial_interfaces__rosidl_generator_c.dir/rosidl_generator_c/tutorial_interfaces/msg/detail/num__functions.c.o[0m
[4.505s] [  6%] Built target ament_cmake_python_copy_tutorial_interfaces
[4.551s] [  8%] [34m[1mGenerating C++ type support dispatch for ROS interfaces[0m
[4.582s] [ 10%] [32mBuilding C object CMakeFiles/tutorial_interfaces__rosidl_generator_c.dir/rosidl_generator_c/tutorial_interfaces/msg/detail/sphere__functions.c.o[0m
[4.699s] [ 12%] [32mBuilding C object CMakeFiles/tutorial_interfaces__rosidl_generator_c.dir/rosidl_generator_c/tutorial_interfaces/srv/detail/add_three_ints__functions.c.o[0m
[4.827s] [ 14%] [32m[1mLinking C shared library libtutorial_interfaces__rosidl_generator_c.so[0m
[4.943s] [ 14%] Built target tutorial_interfaces__rosidl_generator_c
[4.983s] [35m[1mConsolidate compiler generated dependencies of target tutorial_interfaces__rosidl_typesupport_cpp[0m
[4.990s] [ 17%] [34m[1mGenerating C++ type support for eProsima Fast-RTPS[0m
[5.039s] [ 19%] [32mBuilding CXX object CMakeFiles/tutorial_interfaces__rosidl_typesupport_cpp.dir/rosidl_typesupport_cpp/tutorial_interfaces/msg/num__type_support.cpp.o[0m
[5.434s] [ 21%] [32mBuilding CXX object CMakeFiles/tutorial_interfaces__rosidl_typesupport_cpp.dir/rosidl_typesupport_cpp/tutorial_interfaces/msg/sphere__type_support.cpp.o[0m
[5.581s] [35m[1mConsolidate compiler generated dependencies of target tutorial_interfaces__rosidl_typesupport_fastrtps_cpp[0m
[5.640s] [ 23%] [32mBuilding CXX object CMakeFiles/tutorial_interfaces__rosidl_typesupport_fastrtps_cpp.dir/rosidl_typesupport_fastrtps_cpp/tutorial_interfaces/msg/detail/dds_fastrtps/num__type_support.cpp.o[0m
[5.694s] [ 25%] [32mBuilding CXX object CMakeFiles/tutorial_interfaces__rosidl_typesupport_cpp.dir/rosidl_typesupport_cpp/tutorial_interfaces/srv/add_three_ints__type_support.cpp.o[0m
[6.084s] [ 27%] [32m[1mLinking CXX shared library libtutorial_interfaces__rosidl_typesupport_cpp.so[0m
[6.125s] [ 29%] [32mBuilding CXX object CMakeFiles/tutorial_interfaces__rosidl_typesupport_fastrtps_cpp.dir/rosidl_typesupport_fastrtps_cpp/tutorial_interfaces/msg/detail/dds_fastrtps/sphere__type_support.cpp.o[0m
[6.198s] [ 29%] Built target tutorial_interfaces__rosidl_typesupport_cpp
[6.255s] [ 31%] [34m[1mGenerating C introspection for ROS interfaces[0m
[6.499s] [ 34%] [32mBuilding CXX object CMakeFiles/tutorial_interfaces__rosidl_typesupport_fastrtps_cpp.dir/rosidl_typesupport_fastrtps_cpp/tutorial_interfaces/srv/detail/dds_fastrtps/add_three_ints__type_support.cpp.o[0m
[6.809s] [35m[1mConsolidate compiler generated dependencies of target tutorial_interfaces__rosidl_typesupport_introspection_c[0m
[6.866s] [ 36%] [32m[1mLinking CXX shared library libtutorial_interfaces__rosidl_typesupport_fastrtps_cpp.so[0m
[6.871s] [ 38%] [32mBuilding C object CMakeFiles/tutorial_interfaces__rosidl_typesupport_introspection_c.dir/rosidl_typesupport_introspection_c/tutorial_interfaces/msg/detail/num__type_support.c.o[0m
[6.962s] [ 40%] [32mBuilding C object CMakeFiles/tutorial_interfaces__rosidl_typesupport_introspection_c.dir/rosidl_typesupport_introspection_c/tutorial_interfaces/msg/detail/sphere__type_support.c.o[0m
[7.004s] [ 40%] Built target tutorial_interfaces__rosidl_typesupport_fastrtps_cpp
[7.051s] [ 42%] [34m[1mGenerating C type support dispatch for ROS interfaces[0m
[7.063s] [ 44%] [32mBuilding C object CMakeFiles/tutorial_interfaces__rosidl_typesupport_introspection_c.dir/rosidl_typesupport_introspection_c/tutorial_interfaces/srv/detail/add_three_ints__type_support.c.o[0m
[7.158s] [ 46%] [32m[1mLinking C shared library libtutorial_interfaces__rosidl_typesupport_introspection_c.so[0m
[7.273s] [ 46%] Built target tutorial_interfaces__rosidl_typesupport_introspection_c
[7.319s] [ 48%] [34m[1mGenerating C++ introspection for ROS interfaces[0m
[7.453s] [35m[1mConsolidate compiler generated dependencies of target tutorial_interfaces__rosidl_typesupport_c[0m
[7.505s] [ 51%] [32mBuilding CXX object CMakeFiles/tutorial_interfaces__rosidl_typesupport_c.dir/rosidl_typesupport_c/tutorial_interfaces/msg/num__type_support.cpp.o[0m
[7.594s] [ 53%] [32mBuilding CXX object CMakeFiles/tutorial_interfaces__rosidl_typesupport_c.dir/rosidl_typesupport_c/tutorial_interfaces/msg/sphere__type_support.cpp.o[0m
[7.686s] [ 55%] [32mBuilding CXX object CMakeFiles/tutorial_interfaces__rosidl_typesupport_c.dir/rosidl_typesupport_c/tutorial_interfaces/srv/add_three_ints__type_support.cpp.o[0m
[7.771s] [ 57%] [32m[1mLinking CXX shared library libtutorial_interfaces__rosidl_typesupport_c.so[0m
[7.863s] [35m[1mConsolidate compiler generated dependencies of target tutorial_interfaces__rosidl_typesupport_introspection_cpp[0m
[7.890s] [ 57%] Built target tutorial_interfaces__rosidl_typesupport_c
[7.918s] [ 59%] [32mBuilding CXX object CMakeFiles/tutorial_interfaces__rosidl_typesupport_introspection_cpp.dir/rosidl_typesupport_introspection_cpp/tutorial_interfaces/msg/detail/num__type_support.cpp.o[0m
[8.282s] [ 61%] [32mBuilding CXX object CMakeFiles/tutorial_interfaces__rosidl_typesupport_introspection_cpp.dir/rosidl_typesupport_introspection_cpp/tutorial_interfaces/msg/detail/sphere__type_support.cpp.o[0m
[8.361s] running egg_info
[8.361s] writing tutorial_interfaces.egg-info/PKG-INFO
[8.362s] writing dependency_links to tutorial_interfaces.egg-info/dependency_links.txt
[8.362s] writing top-level names to tutorial_interfaces.egg-info/top_level.txt
[8.364s] reading manifest file 'tutorial_interfaces.egg-info/SOURCES.txt'
[8.365s] writing manifest file 'tutorial_interfaces.egg-info/SOURCES.txt'
[8.413s] [ 61%] Built target ament_cmake_python_build_tutorial_interfaces_egg
[8.463s] [ 63%] [34m[1mGenerating C type support for eProsima Fast-RTPS[0m
[8.662s] [ 65%] [32mBuilding CXX object CMakeFiles/tutorial_interfaces__rosidl_typesupport_introspection_cpp.dir/rosidl_typesupport_introspection_cpp/tutorial_interfaces/srv/detail/add_three_ints__type_support.cpp.o[0m
[9.029s] [ 68%] [32m[1mLinking CXX shared library libtutorial_interfaces__rosidl_typesupport_introspection_cpp.so[0m
[9.038s] [35m[1mConsolidate compiler generated dependencies of target tutorial_interfaces__rosidl_typesupport_fastrtps_c[0m
[9.091s] [ 70%] [32mBuilding CXX object CMakeFiles/tutorial_interfaces__rosidl_typesupport_fastrtps_c.dir/rosidl_typesupport_fastrtps_c/tutorial_interfaces/msg/detail/num__type_support_c.cpp.o[0m
[9.164s] [ 70%] Built target tutorial_interfaces__rosidl_typesupport_introspection_cpp
[9.202s] [ 72%] [32mBuilding CXX object CMakeFiles/tutorial_interfaces__rosidl_typesupport_fastrtps_c.dir/rosidl_typesupport_fastrtps_c/tutorial_interfaces/msg/detail/sphere__type_support_c.cpp.o[0m
[9.419s] [ 74%] [32mBuilding CXX object CMakeFiles/tutorial_interfaces__rosidl_typesupport_fastrtps_c.dir/rosidl_typesupport_fastrtps_c/tutorial_interfaces/srv/detail/add_three_ints__type_support_c.cpp.o[0m
[9.745s] [ 76%] [32m[1mLinking CXX shared library libtutorial_interfaces__rosidl_typesupport_fastrtps_c.so[0m
[9.882s] [ 76%] Built target tutorial_interfaces__rosidl_typesupport_fastrtps_c
[9.976s] [ 76%] Built target tutorial_interfaces
[10.076s] [ 78%] [34m[1mGenerating Python code for ROS interfaces[0m
[10.747s] [ 78%] Built target tutorial_interfaces__py
[10.795s] [35m[1mConsolidate compiler generated dependencies of target tutorial_interfaces__rosidl_generator_py[0m
[10.844s] [ 80%] [32mBuilding C object CMakeFiles/tutorial_interfaces__rosidl_generator_py.dir/rosidl_generator_py/tutorial_interfaces/msg/_num_s.c.o[0m
[10.847s] [ 82%] [32mBuilding C object CMakeFiles/tutorial_interfaces__rosidl_generator_py.dir/rosidl_generator_py/tutorial_interfaces/msg/_sphere_s.c.o[0m
[10.999s] [ 85%] [32mBuilding C object CMakeFiles/tutorial_interfaces__rosidl_generator_py.dir/rosidl_generator_py/tutorial_interfaces/srv/_add_three_ints_s.c.o[0m
[11.148s] [ 87%] [32m[1mLinking C shared library rosidl_generator_py/tutorial_interfaces/libtutorial_interfaces__rosidl_generator_py.so[0m
[11.264s] [ 87%] Built target tutorial_interfaces__rosidl_generator_py
[11.315s] [35m[1mConsolidate compiler generated dependencies of target tutorial_interfaces__rosidl_typesupport_fastrtps_c__pyext[0m
[11.316s] [35m[1mConsolidate compiler generated dependencies of target tutorial_interfaces__rosidl_typesupport_introspection_c__pyext[0m
[11.369s] [ 89%] [32mBuilding C object CMakeFiles/tutorial_interfaces__rosidl_typesupport_introspection_c__pyext.dir/rosidl_generator_py/tutorial_interfaces/_tutorial_interfaces_s.ep.rosidl_typesupport_introspection_c.c.o[0m
[11.370s] [ 91%] [32mBuilding C object CMakeFiles/tutorial_interfaces__rosidl_typesupport_fastrtps_c__pyext.dir/rosidl_generator_py/tutorial_interfaces/_tutorial_interfaces_s.ep.rosidl_typesupport_fastrtps_c.c.o[0m
[11.528s] [ 93%] [32m[1mLinking C shared library rosidl_generator_py/tutorial_interfaces/tutorial_interfaces_s__rosidl_typesupport_introspection_c.cpython-310-x86_64-linux-gnu.so[0m
[11.533s] [ 95%] [32m[1mLinking C shared library rosidl_generator_py/tutorial_interfaces/tutorial_interfaces_s__rosidl_typesupport_fastrtps_c.cpython-310-x86_64-linux-gnu.so[0m
[11.646s] [ 95%] Built target tutorial_interfaces__rosidl_typesupport_fastrtps_c__pyext
[11.646s] [ 95%] Built target tutorial_interfaces__rosidl_typesupport_introspection_c__pyext
[11.695s] [35m[1mConsolidate compiler generated dependencies of target tutorial_interfaces__rosidl_typesupport_c__pyext[0m
[11.748s] [ 97%] [32mBuilding C object CMakeFiles/tutorial_interfaces__rosidl_typesupport_c__pyext.dir/rosidl_generator_py/tutorial_interfaces/_tutorial_interfaces_s.ep.rosidl_typesupport_c.c.o[0m
[11.908s] [100%] [32m[1mLinking C shared library rosidl_generator_py/tutorial_interfaces/tutorial_interfaces_s__rosidl_typesupport_c.cpython-310-x86_64-linux-gnu.so[0m
[12.023s] [100%] Built target tutorial_interfaces__rosidl_typesupport_c__pyext
[12.054s] Invoked command in '/home/bobxu/ros_sycl_ws/build/tutorial_interfaces' returned '0': CMAKE_PREFIX_PATH=${CMAKE_PREFIX_PATH}:/home/bobxu/ws_moveit2/install/moveit_configs_utils:/home/bobxu/ws_moveit2/install/launch_param_builder:/home/bobxu/ros2_humble/install/rqt_bag_plugins:/home/bobxu/ros2_humble/install/rqt_bag:/home/bobxu/ros2_humble/install/ros2bag:/home/bobxu/ros2_humble/install/tracetools_test:/home/bobxu/ros2_humble/install/tracetools_launch:/home/bobxu/ros2_humble/install/topic_monitor:/home/bobxu/ros2_humble/install/tf2_tools:/home/bobxu/ros2_humble/install/examples_tf2_py:/home/bobxu/ros2_humble/install/tf2_ros_py:/home/bobxu/ros2_humble/install/sros2:/home/bobxu/ros2_humble/install/rqt_topic:/home/bobxu/ros2_humble/install/rqt_srv:/home/bobxu/ros2_humble/install/rqt_shell:/home/bobxu/ros2_humble/install/rqt_service_caller:/home/bobxu/ros2_humble/install/rqt_reconfigure:/home/bobxu/ros2_humble/install/rqt_py_console:/home/bobxu/ros2_humble/install/rqt_publisher:/home/bobxu/ros2_humble/install/rqt_plot:/home/bobxu/ros2_humble/install/rqt_action:/home/bobxu/ros2_humble/install/rqt_msg:/home/bobxu/ros2_humble/install/rqt_console:/home/bobxu/ros2_humble/install/rqt:/home/bobxu/ros2_humble/install/rqt_graph:/home/bobxu/ros2_humble/install/rqt_gui_py:/home/bobxu/ros2_humble/install/rqt_gui:/home/bobxu/ros2_humble/install/ros2trace:/home/bobxu/ros2_humble/install/ros2topic:/home/bobxu/ros2_humble/install/ros2test:/home/bobxu/ros2_humble/install/ros2component:/home/bobxu/ros2_humble/install/ros2param:/home/bobxu/ros2_humble/install/ros2lifecycle:/home/bobxu/ros2_humble/install/ros2service:/home/bobxu/ros2_humble/install/ros2run:/home/bobxu/ros2_humble/install/ros2launch:/home/bobxu/ros2_humble/install/ros2pkg:/home/bobxu/ros2_humble/install/ros2node:/home/bobxu/ros2_humble/install/ros2multicast:/home/bobxu/ros2_humble/install/ros2interface:/home/bobxu/ros2_humble/install/ros2doctor:/home/bobxu/ros2_humble/install/ros2action:/home/bobxu/ros2_humble/install/ros2cli:/home/bobxu/ros2_humble/install/quality_of_service_demo_py:/home/bobxu/ros2_humble/install/lifecycle_py:/home/bobxu/ros2_humble/install/launch_testing_ros:/home/bobxu/ros2_humble/install/launch_ros:/home/bobxu/ros2_humble/install/examples_rclpy_pointcloud_publisher:/home/bobxu/ros2_humble/install/examples_rclpy_minimal_subscriber:/home/bobxu/ros2_humble/install/examples_rclpy_minimal_service:/home/bobxu/ros2_humble/install/examples_rclpy_minimal_publisher:/home/bobxu/ros2_humble/install/examples_rclpy_minimal_client:/home/bobxu/ros2_humble/install/examples_rclpy_minimal_action_server:/home/bobxu/ros2_humble/install/examples_rclpy_minimal_action_client:/home/bobxu/ros2_humble/install/examples_rclpy_guard_conditions:/home/bobxu/ros2_humble/install/examples_rclpy_executors:/home/bobxu/ros2_humble/install/demo_nodes_py:/home/bobxu/ros2_humble/install/action_tutorials_py:/home/bobxu/ros2_humble/install/ament_uncrustify:/home/bobxu/ros2_humble/install/tracetools_trace:/home/bobxu/ros2_humble/install/tracetools_read:/home/bobxu/ros2_humble/install/test_tracetools_launch:/home/bobxu/ros2_humble/install/test_launch_ros:/home/bobxu/ros2_humble/install/sensor_msgs_py:/home/bobxu/ros2_humble/install/rpyutils:/home/bobxu/ros2_humble/install/rosidl_runtime_py:/home/bobxu/ros2_humble/install/rosidl_cli:/home/bobxu/ros2_humble/install/launch_pytest:/home/bobxu/ros2_humble/install/launch_testing:/home/bobxu/ros2_humble/install/launch_yaml:/home/bobxu/ros2_humble/install/launch_xml:/home/bobxu/ros2_humble/install/launch:/home/bobxu/ros2_humble/install/osrf_pycommon:/home/bobxu/ros2_humble/install/launch_testing_examples:/home/bobxu/ros2_humble/install/domain_coordinator:/home/bobxu/ros2_humble/install/ament_xmllint:/home/bobxu/ros2_humble/install/ament_pyflakes:/home/bobxu/ros2_humble/install/ament_pycodestyle:/home/bobxu/ros2_humble/install/ament_pep257:/home/bobxu/ros2_humble/install/ament_pclint:/home/bobxu/ros2_humble/install/ament_package:/home/bobxu/ros2_humble/install/ament_mypy:/home/bobxu/ros2_humble/install/ament_lint_cmake:/home/bobxu/ros2_humble/install/ament_flake8:/home/bobxu/ros2_humble/install/ament_copyright:/home/bobxu/ros2_humble/install/ament_lint:/home/bobxu/ros2_humble/install/ament_index_python:/home/bobxu/ros2_humble/install/ament_cpplint:/home/bobxu/ros2_humble/install/ament_cppcheck:/home/bobxu/ros2_humble/install/ament_clang_tidy:/home/bobxu/ros2_humble/install/ament_clang_format:/opt/ros/humble /usr/bin/cmake --build /home/bobxu/ros_sycl_ws/build/tutorial_interfaces -- -j2 -l2
[13.169s] Invoking command in '/home/bobxu/ros_sycl_ws/build/tutorial_interfaces': CMAKE_PREFIX_PATH=${CMAKE_PREFIX_PATH}:/home/bobxu/ws_moveit2/install/moveit_configs_utils:/home/bobxu/ws_moveit2/install/launch_param_builder:/home/bobxu/ros2_humble/install/rqt_bag_plugins:/home/bobxu/ros2_humble/install/rqt_bag:/home/bobxu/ros2_humble/install/ros2bag:/home/bobxu/ros2_humble/install/tracetools_test:/home/bobxu/ros2_humble/install/tracetools_launch:/home/bobxu/ros2_humble/install/topic_monitor:/home/bobxu/ros2_humble/install/tf2_tools:/home/bobxu/ros2_humble/install/examples_tf2_py:/home/bobxu/ros2_humble/install/tf2_ros_py:/home/bobxu/ros2_humble/install/sros2:/home/bobxu/ros2_humble/install/rqt_topic:/home/bobxu/ros2_humble/install/rqt_srv:/home/bobxu/ros2_humble/install/rqt_shell:/home/bobxu/ros2_humble/install/rqt_service_caller:/home/bobxu/ros2_humble/install/rqt_reconfigure:/home/bobxu/ros2_humble/install/rqt_py_console:/home/bobxu/ros2_humble/install/rqt_publisher:/home/bobxu/ros2_humble/install/rqt_plot:/home/bobxu/ros2_humble/install/rqt_action:/home/bobxu/ros2_humble/install/rqt_msg:/home/bobxu/ros2_humble/install/rqt_console:/home/bobxu/ros2_humble/install/rqt:/home/bobxu/ros2_humble/install/rqt_graph:/home/bobxu/ros2_humble/install/rqt_gui_py:/home/bobxu/ros2_humble/install/rqt_gui:/home/bobxu/ros2_humble/install/ros2trace:/home/bobxu/ros2_humble/install/ros2topic:/home/bobxu/ros2_humble/install/ros2test:/home/bobxu/ros2_humble/install/ros2component:/home/bobxu/ros2_humble/install/ros2param:/home/bobxu/ros2_humble/install/ros2lifecycle:/home/bobxu/ros2_humble/install/ros2service:/home/bobxu/ros2_humble/install/ros2run:/home/bobxu/ros2_humble/install/ros2launch:/home/bobxu/ros2_humble/install/ros2pkg:/home/bobxu/ros2_humble/install/ros2node:/home/bobxu/ros2_humble/install/ros2multicast:/home/bobxu/ros2_humble/install/ros2interface:/home/bobxu/ros2_humble/install/ros2doctor:/home/bobxu/ros2_humble/install/ros2action:/home/bobxu/ros2_humble/install/ros2cli:/home/bobxu/ros2_humble/install/quality_of_service_demo_py:/home/bobxu/ros2_humble/install/lifecycle_py:/home/bobxu/ros2_humble/install/launch_testing_ros:/home/bobxu/ros2_humble/install/launch_ros:/home/bobxu/ros2_humble/install/examples_rclpy_pointcloud_publisher:/home/bobxu/ros2_humble/install/examples_rclpy_minimal_subscriber:/home/bobxu/ros2_humble/install/examples_rclpy_minimal_service:/home/bobxu/ros2_humble/install/examples_rclpy_minimal_publisher:/home/bobxu/ros2_humble/install/examples_rclpy_minimal_client:/home/bobxu/ros2_humble/install/examples_rclpy_minimal_action_server:/home/bobxu/ros2_humble/install/examples_rclpy_minimal_action_client:/home/bobxu/ros2_humble/install/examples_rclpy_guard_conditions:/home/bobxu/ros2_humble/install/examples_rclpy_executors:/home/bobxu/ros2_humble/install/demo_nodes_py:/home/bobxu/ros2_humble/install/action_tutorials_py:/home/bobxu/ros2_humble/install/ament_uncrustify:/home/bobxu/ros2_humble/install/tracetools_trace:/home/bobxu/ros2_humble/install/tracetools_read:/home/bobxu/ros2_humble/install/test_tracetools_launch:/home/bobxu/ros2_humble/install/test_launch_ros:/home/bobxu/ros2_humble/install/sensor_msgs_py:/home/bobxu/ros2_humble/install/rpyutils:/home/bobxu/ros2_humble/install/rosidl_runtime_py:/home/bobxu/ros2_humble/install/rosidl_cli:/home/bobxu/ros2_humble/install/launch_pytest:/home/bobxu/ros2_humble/install/launch_testing:/home/bobxu/ros2_humble/install/launch_yaml:/home/bobxu/ros2_humble/install/launch_xml:/home/bobxu/ros2_humble/install/launch:/home/bobxu/ros2_humble/install/osrf_pycommon:/home/bobxu/ros2_humble/install/launch_testing_examples:/home/bobxu/ros2_humble/install/domain_coordinator:/home/bobxu/ros2_humble/install/ament_xmllint:/home/bobxu/ros2_humble/install/ament_pyflakes:/home/bobxu/ros2_humble/install/ament_pycodestyle:/home/bobxu/ros2_humble/install/ament_pep257:/home/bobxu/ros2_humble/install/ament_pclint:/home/bobxu/ros2_humble/install/ament_package:/home/bobxu/ros2_humble/install/ament_mypy:/home/bobxu/ros2_humble/install/ament_lint_cmake:/home/bobxu/ros2_humble/install/ament_flake8:/home/bobxu/ros2_humble/install/ament_copyright:/home/bobxu/ros2_humble/install/ament_lint:/home/bobxu/ros2_humble/install/ament_index_python:/home/bobxu/ros2_humble/install/ament_cpplint:/home/bobxu/ros2_humble/install/ament_cppcheck:/home/bobxu/ros2_humble/install/ament_clang_tidy:/home/bobxu/ros2_humble/install/ament_clang_format:/opt/ros/humble /usr/bin/cmake --install /home/bobxu/ros_sycl_ws/build/tutorial_interfaces
[13.196s] -- Install configuration: ""
[13.196s] -- Up-to-date: /home/bobxu/ros_sycl_ws/install/tutorial_interfaces/share/ament_index/resource_index/rosidl_interfaces/tutorial_interfaces
[13.196s] -- Up-to-date: /home/bobxu/ros_sycl_ws/install/tutorial_interfaces/include/tutorial_interfaces/tutorial_interfaces
[13.196s] -- Up-to-date: /home/bobxu/ros_sycl_ws/install/tutorial_interfaces/include/tutorial_interfaces/tutorial_interfaces/srv
[13.196s] -- Installing: /home/bobxu/ros_sycl_ws/install/tutorial_interfaces/include/tutorial_interfaces/tutorial_interfaces/srv/add_three_ints.h
[13.196s] -- Up-to-date: /home/bobxu/ros_sycl_ws/install/tutorial_interfaces/include/tutorial_interfaces/tutorial_interfaces/srv/detail
[13.196s] -- Installing: /home/bobxu/ros_sycl_ws/install/tutorial_interfaces/include/tutorial_interfaces/tutorial_interfaces/srv/detail/add_three_ints__functions.h
[13.198s] -- Installing: /home/bobxu/ros_sycl_ws/install/tutorial_interfaces/include/tutorial_interfaces/tutorial_interfaces/srv/detail/add_three_ints__functions.c
[13.198s] -- Installing: /home/bobxu/ros_sycl_ws/install/tutorial_interfaces/include/tutorial_interfaces/tutorial_interfaces/srv/detail/add_three_ints__type_support.h
[13.198s] -- Installing: /home/bobxu/ros_sycl_ws/install/tutorial_interfaces/include/tutorial_interfaces/tutorial_interfaces/srv/detail/add_three_ints__struct.h
[13.198s] -- Up-to-date: /home/bobxu/ros_sycl_ws/install/tutorial_interfaces/include/tutorial_interfaces/tutorial_interfaces/msg
[13.198s] -- Installing: /home/bobxu/ros_sycl_ws/install/tutorial_interfaces/include/tutorial_interfaces/tutorial_interfaces/msg/num.h
[13.198s] -- Up-to-date: /home/bobxu/ros_sycl_ws/install/tutorial_interfaces/include/tutorial_interfaces/tutorial_interfaces/msg/rosidl_generator_c__visibility_control.h
[13.198s] -- Up-to-date: /home/bobxu/ros_sycl_ws/install/tutorial_interfaces/include/tutorial_interfaces/tutorial_interfaces/msg/detail
[13.198s] -- Installing: /home/bobxu/ros_sycl_ws/install/tutorial_interfaces/include/tutorial_interfaces/tutorial_interfaces/msg/detail/sphere__functions.c
[13.198s] -- Installing: /home/bobxu/ros_sycl_ws/install/tutorial_interfaces/include/tutorial_interfaces/tutorial_interfaces/msg/detail/num__functions.c
[13.198s] -- Installing: /home/bobxu/ros_sycl_ws/install/tutorial_interfaces/include/tutorial_interfaces/tutorial_interfaces/msg/detail/num__functions.h
[13.199s] -- Installing: /home/bobxu/ros_sycl_ws/install/tutorial_interfaces/include/tutorial_interfaces/tutorial_interfaces/msg/detail/sphere__functions.h
[13.199s] -- Installing: /home/bobxu/ros_sycl_ws/install/tutorial_interfaces/include/tutorial_interfaces/tutorial_interfaces/msg/detail/sphere__type_support.h
[13.199s] -- Installing: /home/bobxu/ros_sycl_ws/install/tutorial_interfaces/include/tutorial_interfaces/tutorial_interfaces/msg/detail/num__struct.h
[13.199s] -- Installing: /home/bobxu/ros_sycl_ws/install/tutorial_interfaces/include/tutorial_interfaces/tutorial_interfaces/msg/detail/num__type_support.h
[13.199s] -- Installing: /home/bobxu/ros_sycl_ws/install/tutorial_interfaces/include/tutorial_interfaces/tutorial_interfaces/msg/detail/sphere__struct.h
[13.199s] -- Installing: /home/bobxu/ros_sycl_ws/install/tutorial_interfaces/include/tutorial_interfaces/tutorial_interfaces/msg/sphere.h
[13.199s] -- Up-to-date: /home/bobxu/ros_sycl_ws/install/tutorial_interfaces/share/tutorial_interfaces/environment/library_path.sh
[13.199s] -- Installing: /home/bobxu/ros_sycl_ws/install/tutorial_interfaces/share/tutorial_interfaces/environment/library_path.dsv
[13.200s] -- Installing: /home/bobxu/ros_sycl_ws/install/tutorial_interfaces/lib/libtutorial_interfaces__rosidl_generator_c.so
[13.200s] -- Set runtime path of "/home/bobxu/ros_sycl_ws/install/tutorial_interfaces/lib/libtutorial_interfaces__rosidl_generator_c.so" to ""
[13.200s] -- Up-to-date: /home/bobxu/ros_sycl_ws/install/tutorial_interfaces/include/tutorial_interfaces/tutorial_interfaces
[13.200s] -- Up-to-date: /home/bobxu/ros_sycl_ws/install/tutorial_interfaces/include/tutorial_interfaces/tutorial_interfaces/srv
[13.200s] -- Up-to-date: /home/bobxu/ros_sycl_ws/install/tutorial_interfaces/include/tutorial_interfaces/tutorial_interfaces/srv/detail
[13.200s] -- Installing: /home/bobxu/ros_sycl_ws/install/tutorial_interfaces/include/tutorial_interfaces/tutorial_interfaces/srv/detail/add_three_ints__rosidl_typesupport_fastrtps_c.h
[13.200s] -- Up-to-date: /home/bobxu/ros_sycl_ws/install/tutorial_interfaces/include/tutorial_interfaces/tutorial_interfaces/msg
[13.200s] -- Up-to-date: /home/bobxu/ros_sycl_ws/install/tutorial_interfaces/include/tutorial_interfaces/tutorial_interfaces/msg/rosidl_typesupport_fastrtps_c__visibility_control.h
[13.200s] -- Up-to-date: /home/bobxu/ros_sycl_ws/install/tutorial_interfaces/include/tutorial_interfaces/tutorial_interfaces/msg/detail
[13.201s] -- Installing: /home/bobxu/ros_sycl_ws/install/tutorial_interfaces/include/tutorial_interfaces/tutorial_interfaces/msg/detail/num__rosidl_typesupport_fastrtps_c.h
[13.201s] -- Installing: /home/bobxu/ros_sycl_ws/install/tutorial_interfaces/include/tutorial_interfaces/tutorial_interfaces/msg/detail/sphere__rosidl_typesupport_fastrtps_c.h
[13.201s] -- Installing: /home/bobxu/ros_sycl_ws/install/tutorial_interfaces/lib/libtutorial_interfaces__rosidl_typesupport_fastrtps_c.so
[13.201s] -- Set runtime path of "/home/bobxu/ros_sycl_ws/install/tutorial_interfaces/lib/libtutorial_interfaces__rosidl_typesupport_fastrtps_c.so" to ""
[13.201s] -- Up-to-date: /home/bobxu/ros_sycl_ws/install/tutorial_interfaces/include/tutorial_interfaces/tutorial_interfaces
[13.201s] -- Up-to-date: /home/bobxu/ros_sycl_ws/install/tutorial_interfaces/include/tutorial_interfaces/tutorial_interfaces/srv
[13.201s] -- Installing: /home/bobxu/ros_sycl_ws/install/tutorial_interfaces/include/tutorial_interfaces/tutorial_interfaces/srv/add_three_ints.hpp
[13.201s] -- Up-to-date: /home/bobxu/ros_sycl_ws/install/tutorial_interfaces/include/tutorial_interfaces/tutorial_interfaces/srv/detail
[13.201s] -- Installing: /home/bobxu/ros_sycl_ws/install/tutorial_interfaces/include/tutorial_interfaces/tutorial_interfaces/srv/detail/add_three_ints__struct.hpp
[13.202s] -- Installing: /home/bobxu/ros_sycl_ws/install/tutorial_interfaces/include/tutorial_interfaces/tutorial_interfaces/srv/detail/add_three_ints__traits.hpp
[13.202s] -- Installing: /home/bobxu/ros_sycl_ws/install/tutorial_interfaces/include/tutorial_interfaces/tutorial_interfaces/srv/detail/add_three_ints__builder.hpp
[13.202s] -- Up-to-date: /home/bobxu/ros_sycl_ws/install/tutorial_interfaces/include/tutorial_interfaces/tutorial_interfaces/msg
[13.202s] -- Installing: /home/bobxu/ros_sycl_ws/install/tutorial_interfaces/include/tutorial_interfaces/tutorial_interfaces/msg/num.hpp
[13.202s] -- Installing: /home/bobxu/ros_sycl_ws/install/tutorial_interfaces/include/tutorial_interfaces/tutorial_interfaces/msg/sphere.hpp
[13.202s] -- Up-to-date: /home/bobxu/ros_sycl_ws/install/tutorial_interfaces/include/tutorial_interfaces/tutorial_interfaces/msg/detail
[13.202s] -- Installing: /home/bobxu/ros_sycl_ws/install/tutorial_interfaces/include/tutorial_interfaces/tutorial_interfaces/msg/detail/sphere__struct.hpp
[13.202s] -- Installing: /home/bobxu/ros_sycl_ws/install/tutorial_interfaces/include/tutorial_interfaces/tutorial_interfaces/msg/detail/num__traits.hpp
[13.202s] -- Installing: /home/bobxu/ros_sycl_ws/install/tutorial_interfaces/include/tutorial_interfaces/tutorial_interfaces/msg/detail/sphere__traits.hpp
[13.202s] -- Installing: /home/bobxu/ros_sycl_ws/install/tutorial_interfaces/include/tutorial_interfaces/tutorial_interfaces/msg/detail/sphere__builder.hpp
[13.202s] -- Installing: /home/bobxu/ros_sycl_ws/install/tutorial_interfaces/include/tutorial_interfaces/tutorial_interfaces/msg/detail/num__struct.hpp
[13.203s] -- Installing: /home/bobxu/ros_sycl_ws/install/tutorial_interfaces/include/tutorial_interfaces/tutorial_interfaces/msg/detail/num__builder.hpp
[13.203s] -- Up-to-date: /home/bobxu/ros_sycl_ws/install/tutorial_interfaces/include/tutorial_interfaces/tutorial_interfaces
[13.203s] -- Up-to-date: /home/bobxu/ros_sycl_ws/install/tutorial_interfaces/include/tutorial_interfaces/tutorial_interfaces/srv
[13.203s] -- Up-to-date: /home/bobxu/ros_sycl_ws/install/tutorial_interfaces/include/tutorial_interfaces/tutorial_interfaces/srv/detail
[13.203s] -- Installing: /home/bobxu/ros_sycl_ws/install/tutorial_interfaces/include/tutorial_interfaces/tutorial_interfaces/srv/detail/add_three_ints__rosidl_typesupport_fastrtps_cpp.hpp
[13.203s] -- Up-to-date: /home/bobxu/ros_sycl_ws/install/tutorial_interfaces/include/tutorial_interfaces/tutorial_interfaces/srv/detail/dds_fastrtps
[13.203s] -- Up-to-date: /home/bobxu/ros_sycl_ws/install/tutorial_interfaces/include/tutorial_interfaces/tutorial_interfaces/msg
[13.203s] -- Up-to-date: /home/bobxu/ros_sycl_ws/install/tutorial_interfaces/include/tutorial_interfaces/tutorial_interfaces/msg/rosidl_typesupport_fastrtps_cpp__visibility_control.h
[13.203s] -- Up-to-date: /home/bobxu/ros_sycl_ws/install/tutorial_interfaces/include/tutorial_interfaces/tutorial_interfaces/msg/detail
[13.203s] -- Installing: /home/bobxu/ros_sycl_ws/install/tutorial_interfaces/include/tutorial_interfaces/tutorial_interfaces/msg/detail/sphere__rosidl_typesupport_fastrtps_cpp.hpp
[13.203s] -- Up-to-date: /home/bobxu/ros_sycl_ws/install/tutorial_interfaces/include/tutorial_interfaces/tutorial_interfaces/msg/detail/dds_fastrtps
[13.203s] -- Installing: /home/bobxu/ros_sycl_ws/install/tutorial_interfaces/include/tutorial_interfaces/tutorial_interfaces/msg/detail/num__rosidl_typesupport_fastrtps_cpp.hpp
[13.204s] -- Installing: /home/bobxu/ros_sycl_ws/install/tutorial_interfaces/lib/libtutorial_interfaces__rosidl_typesupport_fastrtps_cpp.so
[13.204s] -- Set runtime path of "/home/bobxu/ros_sycl_ws/install/tutorial_interfaces/lib/libtutorial_interfaces__rosidl_typesupport_fastrtps_cpp.so" to ""
[13.204s] -- Up-to-date: /home/bobxu/ros_sycl_ws/install/tutorial_interfaces/include/tutorial_interfaces/tutorial_interfaces
[13.204s] -- Up-to-date: /home/bobxu/ros_sycl_ws/install/tutorial_interfaces/include/tutorial_interfaces/tutorial_interfaces/srv
[13.204s] -- Up-to-date: /home/bobxu/ros_sycl_ws/install/tutorial_interfaces/include/tutorial_interfaces/tutorial_interfaces/srv/detail
[13.204s] -- Installing: /home/bobxu/ros_sycl_ws/install/tutorial_interfaces/include/tutorial_interfaces/tutorial_interfaces/srv/detail/add_three_ints__rosidl_typesupport_introspection_c.h
[13.204s] -- Installing: /home/bobxu/ros_sycl_ws/install/tutorial_interfaces/include/tutorial_interfaces/tutorial_interfaces/srv/detail/add_three_ints__type_support.c
[13.205s] -- Up-to-date: /home/bobxu/ros_sycl_ws/install/tutorial_interfaces/include/tutorial_interfaces/tutorial_interfaces/msg
[13.205s] -- Up-to-date: /home/bobxu/ros_sycl_ws/install/tutorial_interfaces/include/tutorial_interfaces/tutorial_interfaces/msg/detail
[13.205s] -- Installing: /home/bobxu/ros_sycl_ws/install/tutorial_interfaces/include/tutorial_interfaces/tutorial_interfaces/msg/detail/num__rosidl_typesupport_introspection_c.h
[13.205s] -- Installing: /home/bobxu/ros_sycl_ws/install/tutorial_interfaces/include/tutorial_interfaces/tutorial_interfaces/msg/detail/sphere__type_support.c
[13.205s] -- Installing: /home/bobxu/ros_sycl_ws/install/tutorial_interfaces/include/tutorial_interfaces/tutorial_interfaces/msg/detail/sphere__rosidl_typesupport_introspection_c.h
[13.205s] -- Installing: /home/bobxu/ros_sycl_ws/install/tutorial_interfaces/include/tutorial_interfaces/tutorial_interfaces/msg/detail/num__type_support.c
[13.205s] -- Up-to-date: /home/bobxu/ros_sycl_ws/install/tutorial_interfaces/include/tutorial_interfaces/tutorial_interfaces/msg/rosidl_typesupport_introspection_c__visibility_control.h
[13.205s] -- Installing: /home/bobxu/ros_sycl_ws/install/tutorial_interfaces/lib/libtutorial_interfaces__rosidl_typesupport_introspection_c.so
[13.205s] -- Set runtime path of "/home/bobxu/ros_sycl_ws/install/tutorial_interfaces/lib/libtutorial_interfaces__rosidl_typesupport_introspection_c.so" to ""
[13.206s] -- Installing: /home/bobxu/ros_sycl_ws/install/tutorial_interfaces/lib/libtutorial_interfaces__rosidl_typesupport_c.so
[13.206s] -- Set runtime path of "/home/bobxu/ros_sycl_ws/install/tutorial_interfaces/lib/libtutorial_interfaces__rosidl_typesupport_c.so" to ""
[13.206s] -- Up-to-date: /home/bobxu/ros_sycl_ws/install/tutorial_interfaces/include/tutorial_interfaces/tutorial_interfaces
[13.206s] -- Up-to-date: /home/bobxu/ros_sycl_ws/install/tutorial_interfaces/include/tutorial_interfaces/tutorial_interfaces/srv
[13.206s] -- Up-to-date: /home/bobxu/ros_sycl_ws/install/tutorial_interfaces/include/tutorial_interfaces/tutorial_interfaces/srv/detail
[13.207s] -- Installing: /home/bobxu/ros_sycl_ws/install/tutorial_interfaces/include/tutorial_interfaces/tutorial_interfaces/srv/detail/add_three_ints__type_support.cpp
[13.207s] -- Installing: /home/bobxu/ros_sycl_ws/install/tutorial_interfaces/include/tutorial_interfaces/tutorial_interfaces/srv/detail/add_three_ints__rosidl_typesupport_introspection_cpp.hpp
[13.207s] -- Up-to-date: /home/bobxu/ros_sycl_ws/install/tutorial_interfaces/include/tutorial_interfaces/tutorial_interfaces/msg
[13.207s] -- Up-to-date: /home/bobxu/ros_sycl_ws/install/tutorial_interfaces/include/tutorial_interfaces/tutorial_interfaces/msg/detail
[13.207s] -- Installing: /home/bobxu/ros_sycl_ws/install/tutorial_interfaces/include/tutorial_interfaces/tutorial_interfaces/msg/detail/sphere__rosidl_typesupport_introspection_cpp.hpp
[13.207s] -- Installing: /home/bobxu/ros_sycl_ws/install/tutorial_interfaces/include/tutorial_interfaces/tutorial_interfaces/msg/detail/num__rosidl_typesupport_introspection_cpp.hpp
[13.208s] -- Installing: /home/bobxu/ros_sycl_ws/install/tutorial_interfaces/include/tutorial_interfaces/tutorial_interfaces/msg/detail/num__type_support.cpp
[13.208s] -- Installing: /home/bobxu/ros_sycl_ws/install/tutorial_interfaces/include/tutorial_interfaces/tutorial_interfaces/msg/detail/sphere__type_support.cpp
[13.208s] -- Installing: /home/bobxu/ros_sycl_ws/install/tutorial_interfaces/lib/libtutorial_interfaces__rosidl_typesupport_introspection_cpp.so
[13.209s] -- Set runtime path of "/home/bobxu/ros_sycl_ws/install/tutorial_interfaces/lib/libtutorial_interfaces__rosidl_typesupport_introspection_cpp.so" to ""
[13.209s] -- Installing: /home/bobxu/ros_sycl_ws/install/tutorial_interfaces/lib/libtutorial_interfaces__rosidl_typesupport_cpp.so
[13.211s] -- Set runtime path of "/home/bobxu/ros_sycl_ws/install/tutorial_interfaces/lib/libtutorial_interfaces__rosidl_typesupport_cpp.so" to ""
[13.211s] -- Up-to-date: /home/bobxu/ros_sycl_ws/install/tutorial_interfaces/share/tutorial_interfaces/environment/pythonpath.sh
[13.211s] -- Installing: /home/bobxu/ros_sycl_ws/install/tutorial_interfaces/share/tutorial_interfaces/environment/pythonpath.dsv
[13.212s] -- Up-to-date: /home/bobxu/ros_sycl_ws/install/tutorial_interfaces/local/lib/python3.10/dist-packages/tutorial_interfaces-0.0.0-py3.10.egg-info
[13.212s] -- Installing: /home/bobxu/ros_sycl_ws/install/tutorial_interfaces/local/lib/python3.10/dist-packages/tutorial_interfaces-0.0.0-py3.10.egg-info/PKG-INFO
[13.212s] -- Installing: /home/bobxu/ros_sycl_ws/install/tutorial_interfaces/local/lib/python3.10/dist-packages/tutorial_interfaces-0.0.0-py3.10.egg-info/top_level.txt
[13.212s] -- Installing: /home/bobxu/ros_sycl_ws/install/tutorial_interfaces/local/lib/python3.10/dist-packages/tutorial_interfaces-0.0.0-py3.10.egg-info/dependency_links.txt
[13.212s] -- Installing: /home/bobxu/ros_sycl_ws/install/tutorial_interfaces/local/lib/python3.10/dist-packages/tutorial_interfaces-0.0.0-py3.10.egg-info/SOURCES.txt
[13.212s] -- Up-to-date: /home/bobxu/ros_sycl_ws/install/tutorial_interfaces/local/lib/python3.10/dist-packages/tutorial_interfaces
[13.212s] -- Installing: /home/bobxu/ros_sycl_ws/install/tutorial_interfaces/local/lib/python3.10/dist-packages/tutorial_interfaces/_tutorial_interfaces_s.ep.rosidl_typesupport_introspection_c.c
[13.212s] -- Installing: /home/bobxu/ros_sycl_ws/install/tutorial_interfaces/local/lib/python3.10/dist-packages/tutorial_interfaces/__init__.py
[13.212s] -- Installing: /home/bobxu/ros_sycl_ws/install/tutorial_interfaces/local/lib/python3.10/dist-packages/tutorial_interfaces/libtutorial_interfaces__rosidl_generator_py.so
[13.212s] -- Up-to-date: /home/bobxu/ros_sycl_ws/install/tutorial_interfaces/local/lib/python3.10/dist-packages/tutorial_interfaces/srv
[13.212s] -- Installing: /home/bobxu/ros_sycl_ws/install/tutorial_interfaces/local/lib/python3.10/dist-packages/tutorial_interfaces/srv/_add_three_ints_s.c
[13.212s] -- Installing: /home/bobxu/ros_sycl_ws/install/tutorial_interfaces/local/lib/python3.10/dist-packages/tutorial_interfaces/srv/__init__.py
[13.212s] -- Installing: /home/bobxu/ros_sycl_ws/install/tutorial_interfaces/local/lib/python3.10/dist-packages/tutorial_interfaces/srv/_add_three_ints.py
[13.212s] -- Installing: /home/bobxu/ros_sycl_ws/install/tutorial_interfaces/local/lib/python3.10/dist-packages/tutorial_interfaces/tutorial_interfaces_s__rosidl_typesupport_fastrtps_c.cpython-310-x86_64-linux-gnu.so
[13.212s] -- Installing: /home/bobxu/ros_sycl_ws/install/tutorial_interfaces/local/lib/python3.10/dist-packages/tutorial_interfaces/_tutorial_interfaces_s.ep.rosidl_typesupport_c.c
[13.212s] -- Installing: /home/bobxu/ros_sycl_ws/install/tutorial_interfaces/local/lib/python3.10/dist-packages/tutorial_interfaces/tutorial_interfaces_s__rosidl_typesupport_c.cpython-310-x86_64-linux-gnu.so
[13.212s] -- Installing: /home/bobxu/ros_sycl_ws/install/tutorial_interfaces/local/lib/python3.10/dist-packages/tutorial_interfaces/_tutorial_interfaces_s.ep.rosidl_typesupport_fastrtps_c.c
[13.212s] -- Installing: /home/bobxu/ros_sycl_ws/install/tutorial_interfaces/local/lib/python3.10/dist-packages/tutorial_interfaces/tutorial_interfaces_s__rosidl_typesupport_introspection_c.cpython-310-x86_64-linux-gnu.so
[13.212s] -- Up-to-date: /home/bobxu/ros_sycl_ws/install/tutorial_interfaces/local/lib/python3.10/dist-packages/tutorial_interfaces/msg
[13.212s] -- Installing: /home/bobxu/ros_sycl_ws/install/tutorial_interfaces/local/lib/python3.10/dist-packages/tutorial_interfaces/msg/_num.py
[13.213s] -- Installing: /home/bobxu/ros_sycl_ws/install/tutorial_interfaces/local/lib/python3.10/dist-packages/tutorial_interfaces/msg/__init__.py
[13.213s] -- Installing: /home/bobxu/ros_sycl_ws/install/tutorial_interfaces/local/lib/python3.10/dist-packages/tutorial_interfaces/msg/_sphere_s.c
[13.213s] -- Installing: /home/bobxu/ros_sycl_ws/install/tutorial_interfaces/local/lib/python3.10/dist-packages/tutorial_interfaces/msg/_num_s.c
[13.213s] -- Installing: /home/bobxu/ros_sycl_ws/install/tutorial_interfaces/local/lib/python3.10/dist-packages/tutorial_interfaces/msg/_sphere.py
[13.344s] Listing '/home/bobxu/ros_sycl_ws/install/tutorial_interfaces/local/lib/python3.10/dist-packages/tutorial_interfaces'...
[13.344s] Compiling '/home/bobxu/ros_sycl_ws/install/tutorial_interfaces/local/lib/python3.10/dist-packages/tutorial_interfaces/__init__.py'...
[13.344s] Listing '/home/bobxu/ros_sycl_ws/install/tutorial_interfaces/local/lib/python3.10/dist-packages/tutorial_interfaces/msg'...
[13.344s] Compiling '/home/bobxu/ros_sycl_ws/install/tutorial_interfaces/local/lib/python3.10/dist-packages/tutorial_interfaces/msg/__init__.py'...
[13.344s] Compiling '/home/bobxu/ros_sycl_ws/install/tutorial_interfaces/local/lib/python3.10/dist-packages/tutorial_interfaces/msg/_num.py'...
[13.344s] Compiling '/home/bobxu/ros_sycl_ws/install/tutorial_interfaces/local/lib/python3.10/dist-packages/tutorial_interfaces/msg/_sphere.py'...
[13.344s] Listing '/home/bobxu/ros_sycl_ws/install/tutorial_interfaces/local/lib/python3.10/dist-packages/tutorial_interfaces/srv'...
[13.344s] Compiling '/home/bobxu/ros_sycl_ws/install/tutorial_interfaces/local/lib/python3.10/dist-packages/tutorial_interfaces/srv/__init__.py'...
[13.344s] Compiling '/home/bobxu/ros_sycl_ws/install/tutorial_interfaces/local/lib/python3.10/dist-packages/tutorial_interfaces/srv/_add_three_ints.py'...
[13.349s] -- Installing: /home/bobxu/ros_sycl_ws/install/tutorial_interfaces/local/lib/python3.10/dist-packages/tutorial_interfaces/tutorial_interfaces_s__rosidl_typesupport_introspection_c.cpython-310-x86_64-linux-gnu.so
[13.349s] -- Set runtime path of "/home/bobxu/ros_sycl_ws/install/tutorial_interfaces/local/lib/python3.10/dist-packages/tutorial_interfaces/tutorial_interfaces_s__rosidl_typesupport_introspection_c.cpython-310-x86_64-linux-gnu.so" to ""
[13.349s] -- Installing: /home/bobxu/ros_sycl_ws/install/tutorial_interfaces/local/lib/python3.10/dist-packages/tutorial_interfaces/tutorial_interfaces_s__rosidl_typesupport_fastrtps_c.cpython-310-x86_64-linux-gnu.so
[13.350s] -- Set runtime path of "/home/bobxu/ros_sycl_ws/install/tutorial_interfaces/local/lib/python3.10/dist-packages/tutorial_interfaces/tutorial_interfaces_s__rosidl_typesupport_fastrtps_c.cpython-310-x86_64-linux-gnu.so" to ""
[13.350s] -- Installing: /home/bobxu/ros_sycl_ws/install/tutorial_interfaces/local/lib/python3.10/dist-packages/tutorial_interfaces/tutorial_interfaces_s__rosidl_typesupport_c.cpython-310-x86_64-linux-gnu.so
[13.350s] -- Set runtime path of "/home/bobxu/ros_sycl_ws/install/tutorial_interfaces/local/lib/python3.10/dist-packages/tutorial_interfaces/tutorial_interfaces_s__rosidl_typesupport_c.cpython-310-x86_64-linux-gnu.so" to ""
[13.350s] -- Installing: /home/bobxu/ros_sycl_ws/install/tutorial_interfaces/lib/libtutorial_interfaces__rosidl_generator_py.so
[13.352s] -- Set runtime path of "/home/bobxu/ros_sycl_ws/install/tutorial_interfaces/lib/libtutorial_interfaces__rosidl_generator_py.so" to ""
[13.352s] -- Installing: /home/bobxu/ros_sycl_ws/install/tutorial_interfaces/share/tutorial_interfaces/msg/Num.idl
[13.354s] -- Up-to-date: /home/bobxu/ros_sycl_ws/install/tutorial_interfaces/share/tutorial_interfaces/msg/Sphere.idl
[13.354s] -- Up-to-date: /home/bobxu/ros_sycl_ws/install/tutorial_interfaces/share/tutorial_interfaces/srv/AddThreeInts.idl
[13.354s] -- Installing: /home/bobxu/ros_sycl_ws/install/tutorial_interfaces/share/tutorial_interfaces/msg/Num.msg
[13.354s] -- Installing: /home/bobxu/ros_sycl_ws/install/tutorial_interfaces/share/tutorial_interfaces/msg/Sphere.msg
[13.354s] -- Installing: /home/bobxu/ros_sycl_ws/install/tutorial_interfaces/share/tutorial_interfaces/srv/AddThreeInts.srv
[13.354s] -- Up-to-date: /home/bobxu/ros_sycl_ws/install/tutorial_interfaces/share/tutorial_interfaces/srv/AddThreeInts_Request.msg
[13.354s] -- Up-to-date: /home/bobxu/ros_sycl_ws/install/tutorial_interfaces/share/tutorial_interfaces/srv/AddThreeInts_Response.msg
[13.354s] -- Up-to-date: /home/bobxu/ros_sycl_ws/install/tutorial_interfaces/share/ament_index/resource_index/package_run_dependencies/tutorial_interfaces
[13.354s] -- Up-to-date: /home/bobxu/ros_sycl_ws/install/tutorial_interfaces/share/ament_index/resource_index/parent_prefix_path/tutorial_interfaces
[13.354s] -- Installing: /home/bobxu/ros_sycl_ws/install/tutorial_interfaces/share/tutorial_interfaces/environment/ament_prefix_path.dsv
[13.354s] -- Installing: /home/bobxu/ros_sycl_ws/install/tutorial_interfaces/share/tutorial_interfaces/environment/path.dsv
[13.355s] -- Up-to-date: /home/bobxu/ros_sycl_ws/install/tutorial_interfaces/share/tutorial_interfaces/local_setup.bash
[13.355s] -- Up-to-date: /home/bobxu/ros_sycl_ws/install/tutorial_interfaces/share/tutorial_interfaces/local_setup.sh
[13.355s] -- Up-to-date: /home/bobxu/ros_sycl_ws/install/tutorial_interfaces/share/tutorial_interfaces/local_setup.zsh
[13.355s] -- Installing: /home/bobxu/ros_sycl_ws/install/tutorial_interfaces/share/tutorial_interfaces/local_setup.dsv
[13.355s] -- Installing: /home/bobxu/ros_sycl_ws/install/tutorial_interfaces/share/tutorial_interfaces/package.dsv
[13.355s] -- Up-to-date: /home/bobxu/ros_sycl_ws/install/tutorial_interfaces/share/ament_index/resource_index/packages/tutorial_interfaces
[13.355s] -- Up-to-date: /home/bobxu/ros_sycl_ws/install/tutorial_interfaces/share/tutorial_interfaces/cmake/export_tutorial_interfaces__rosidl_generator_cExport.cmake
[13.355s] -- Up-to-date: /home/bobxu/ros_sycl_ws/install/tutorial_interfaces/share/tutorial_interfaces/cmake/export_tutorial_interfaces__rosidl_generator_cExport-noconfig.cmake
[13.355s] -- Up-to-date: /home/bobxu/ros_sycl_ws/install/tutorial_interfaces/share/tutorial_interfaces/cmake/export_tutorial_interfaces__rosidl_typesupport_fastrtps_cExport.cmake
[13.355s] -- Up-to-date: /home/bobxu/ros_sycl_ws/install/tutorial_interfaces/share/tutorial_interfaces/cmake/export_tutorial_interfaces__rosidl_typesupport_fastrtps_cExport-noconfig.cmake
[13.355s] -- Up-to-date: /home/bobxu/ros_sycl_ws/install/tutorial_interfaces/share/tutorial_interfaces/cmake/export_tutorial_interfaces__rosidl_generator_cppExport.cmake
[13.355s] -- Up-to-date: /home/bobxu/ros_sycl_ws/install/tutorial_interfaces/share/tutorial_interfaces/cmake/export_tutorial_interfaces__rosidl_typesupport_fastrtps_cppExport.cmake
[13.355s] -- Up-to-date: /home/bobxu/ros_sycl_ws/install/tutorial_interfaces/share/tutorial_interfaces/cmake/export_tutorial_interfaces__rosidl_typesupport_fastrtps_cppExport-noconfig.cmake
[13.355s] -- Up-to-date: /home/bobxu/ros_sycl_ws/install/tutorial_interfaces/share/tutorial_interfaces/cmake/tutorial_interfaces__rosidl_typesupport_introspection_cExport.cmake
[13.355s] -- Up-to-date: /home/bobxu/ros_sycl_ws/install/tutorial_interfaces/share/tutorial_interfaces/cmake/tutorial_interfaces__rosidl_typesupport_introspection_cExport-noconfig.cmake
[13.355s] -- Up-to-date: /home/bobxu/ros_sycl_ws/install/tutorial_interfaces/share/tutorial_interfaces/cmake/tutorial_interfaces__rosidl_typesupport_cExport.cmake
[13.355s] -- Up-to-date: /home/bobxu/ros_sycl_ws/install/tutorial_interfaces/share/tutorial_interfaces/cmake/tutorial_interfaces__rosidl_typesupport_cExport-noconfig.cmake
[13.355s] -- Up-to-date: /home/bobxu/ros_sycl_ws/install/tutorial_interfaces/share/tutorial_interfaces/cmake/tutorial_interfaces__rosidl_typesupport_introspection_cppExport.cmake
[13.355s] -- Up-to-date: /home/bobxu/ros_sycl_ws/install/tutorial_interfaces/share/tutorial_interfaces/cmake/tutorial_interfaces__rosidl_typesupport_introspection_cppExport-noconfig.cmake
[13.355s] -- Up-to-date: /home/bobxu/ros_sycl_ws/install/tutorial_interfaces/share/tutorial_interfaces/cmake/tutorial_interfaces__rosidl_typesupport_cppExport.cmake
[13.355s] -- Up-to-date: /home/bobxu/ros_sycl_ws/install/tutorial_interfaces/share/tutorial_interfaces/cmake/tutorial_interfaces__rosidl_typesupport_cppExport-noconfig.cmake
[13.356s] -- Up-to-date: /home/bobxu/ros_sycl_ws/install/tutorial_interfaces/share/tutorial_interfaces/cmake/export_tutorial_interfaces__rosidl_generator_pyExport.cmake
[13.356s] -- Up-to-date: /home/bobxu/ros_sycl_ws/install/tutorial_interfaces/share/tutorial_interfaces/cmake/export_tutorial_interfaces__rosidl_generator_pyExport-noconfig.cmake
[13.356s] -- Up-to-date: /home/bobxu/ros_sycl_ws/install/tutorial_interfaces/share/tutorial_interfaces/cmake/rosidl_cmake-extras.cmake
[13.356s] -- Up-to-date: /home/bobxu/ros_sycl_ws/install/tutorial_interfaces/share/tutorial_interfaces/cmake/ament_cmake_export_dependencies-extras.cmake
[13.356s] -- Up-to-date: /home/bobxu/ros_sycl_ws/install/tutorial_interfaces/share/tutorial_interfaces/cmake/ament_cmake_export_include_directories-extras.cmake
[13.356s] -- Up-to-date: /home/bobxu/ros_sycl_ws/install/tutorial_interfaces/share/tutorial_interfaces/cmake/ament_cmake_export_libraries-extras.cmake
[13.356s] -- Up-to-date: /home/bobxu/ros_sycl_ws/install/tutorial_interfaces/share/tutorial_interfaces/cmake/ament_cmake_export_targets-extras.cmake
[13.356s] -- Up-to-date: /home/bobxu/ros_sycl_ws/install/tutorial_interfaces/share/tutorial_interfaces/cmake/rosidl_cmake_export_typesupport_targets-extras.cmake
[13.356s] -- Up-to-date: /home/bobxu/ros_sycl_ws/install/tutorial_interfaces/share/tutorial_interfaces/cmake/rosidl_cmake_export_typesupport_libraries-extras.cmake
[13.356s] -- Up-to-date: /home/bobxu/ros_sycl_ws/install/tutorial_interfaces/share/tutorial_interfaces/cmake/tutorial_interfacesConfig.cmake
[13.356s] -- Up-to-date: /home/bobxu/ros_sycl_ws/install/tutorial_interfaces/share/tutorial_interfaces/cmake/tutorial_interfacesConfig-version.cmake
[13.356s] -- Installing: /home/bobxu/ros_sycl_ws/install/tutorial_interfaces/share/tutorial_interfaces/package.xml
[13.361s] Invoked command in '/home/bobxu/ros_sycl_ws/build/tutorial_interfaces' returned '0': CMAKE_PREFIX_PATH=${CMAKE_PREFIX_PATH}:/home/bobxu/ws_moveit2/install/moveit_configs_utils:/home/bobxu/ws_moveit2/install/launch_param_builder:/home/bobxu/ros2_humble/install/rqt_bag_plugins:/home/bobxu/ros2_humble/install/rqt_bag:/home/bobxu/ros2_humble/install/ros2bag:/home/bobxu/ros2_humble/install/tracetools_test:/home/bobxu/ros2_humble/install/tracetools_launch:/home/bobxu/ros2_humble/install/topic_monitor:/home/bobxu/ros2_humble/install/tf2_tools:/home/bobxu/ros2_humble/install/examples_tf2_py:/home/bobxu/ros2_humble/install/tf2_ros_py:/home/bobxu/ros2_humble/install/sros2:/home/bobxu/ros2_humble/install/rqt_topic:/home/bobxu/ros2_humble/install/rqt_srv:/home/bobxu/ros2_humble/install/rqt_shell:/home/bobxu/ros2_humble/install/rqt_service_caller:/home/bobxu/ros2_humble/install/rqt_reconfigure:/home/bobxu/ros2_humble/install/rqt_py_console:/home/bobxu/ros2_humble/install/rqt_publisher:/home/bobxu/ros2_humble/install/rqt_plot:/home/bobxu/ros2_humble/install/rqt_action:/home/bobxu/ros2_humble/install/rqt_msg:/home/bobxu/ros2_humble/install/rqt_console:/home/bobxu/ros2_humble/install/rqt:/home/bobxu/ros2_humble/install/rqt_graph:/home/bobxu/ros2_humble/install/rqt_gui_py:/home/bobxu/ros2_humble/install/rqt_gui:/home/bobxu/ros2_humble/install/ros2trace:/home/bobxu/ros2_humble/install/ros2topic:/home/bobxu/ros2_humble/install/ros2test:/home/bobxu/ros2_humble/install/ros2component:/home/bobxu/ros2_humble/install/ros2param:/home/bobxu/ros2_humble/install/ros2lifecycle:/home/bobxu/ros2_humble/install/ros2service:/home/bobxu/ros2_humble/install/ros2run:/home/bobxu/ros2_humble/install/ros2launch:/home/bobxu/ros2_humble/install/ros2pkg:/home/bobxu/ros2_humble/install/ros2node:/home/bobxu/ros2_humble/install/ros2multicast:/home/bobxu/ros2_humble/install/ros2interface:/home/bobxu/ros2_humble/install/ros2doctor:/home/bobxu/ros2_humble/install/ros2action:/home/bobxu/ros2_humble/install/ros2cli:/home/bobxu/ros2_humble/install/quality_of_service_demo_py:/home/bobxu/ros2_humble/install/lifecycle_py:/home/bobxu/ros2_humble/install/launch_testing_ros:/home/bobxu/ros2_humble/install/launch_ros:/home/bobxu/ros2_humble/install/examples_rclpy_pointcloud_publisher:/home/bobxu/ros2_humble/install/examples_rclpy_minimal_subscriber:/home/bobxu/ros2_humble/install/examples_rclpy_minimal_service:/home/bobxu/ros2_humble/install/examples_rclpy_minimal_publisher:/home/bobxu/ros2_humble/install/examples_rclpy_minimal_client:/home/bobxu/ros2_humble/install/examples_rclpy_minimal_action_server:/home/bobxu/ros2_humble/install/examples_rclpy_minimal_action_client:/home/bobxu/ros2_humble/install/examples_rclpy_guard_conditions:/home/bobxu/ros2_humble/install/examples_rclpy_executors:/home/bobxu/ros2_humble/install/demo_nodes_py:/home/bobxu/ros2_humble/install/action_tutorials_py:/home/bobxu/ros2_humble/install/ament_uncrustify:/home/bobxu/ros2_humble/install/tracetools_trace:/home/bobxu/ros2_humble/install/tracetools_read:/home/bobxu/ros2_humble/install/test_tracetools_launch:/home/bobxu/ros2_humble/install/test_launch_ros:/home/bobxu/ros2_humble/install/sensor_msgs_py:/home/bobxu/ros2_humble/install/rpyutils:/home/bobxu/ros2_humble/install/rosidl_runtime_py:/home/bobxu/ros2_humble/install/rosidl_cli:/home/bobxu/ros2_humble/install/launch_pytest:/home/bobxu/ros2_humble/install/launch_testing:/home/bobxu/ros2_humble/install/launch_yaml:/home/bobxu/ros2_humble/install/launch_xml:/home/bobxu/ros2_humble/install/launch:/home/bobxu/ros2_humble/install/osrf_pycommon:/home/bobxu/ros2_humble/install/launch_testing_examples:/home/bobxu/ros2_humble/install/domain_coordinator:/home/bobxu/ros2_humble/install/ament_xmllint:/home/bobxu/ros2_humble/install/ament_pyflakes:/home/bobxu/ros2_humble/install/ament_pycodestyle:/home/bobxu/ros2_humble/install/ament_pep257:/home/bobxu/ros2_humble/install/ament_pclint:/home/bobxu/ros2_humble/install/ament_package:/home/bobxu/ros2_humble/install/ament_mypy:/home/bobxu/ros2_humble/install/ament_lint_cmake:/home/bobxu/ros2_humble/install/ament_flake8:/home/bobxu/ros2_humble/install/ament_copyright:/home/bobxu/ros2_humble/install/ament_lint:/home/bobxu/ros2_humble/install/ament_index_python:/home/bobxu/ros2_humble/install/ament_cpplint:/home/bobxu/ros2_humble/install/ament_cppcheck:/home/bobxu/ros2_humble/install/ament_clang_tidy:/home/bobxu/ros2_humble/install/ament_clang_format:/opt/ros/humble /usr/bin/cmake --install /home/bobxu/ros_sycl_ws/build/tutorial_interfaces
