[35m[1mConsolidate compiler generated dependencies of target listener.fpga_emu[0m
[ 50%] Built target talker
[ 75%] [32mBuilding CXX object CMakeFiles/listener.fpga_emu.dir/src/subscriber_member_function.cpp.o[0m
[100%] [32m[1mLinking CXX executable listener.fpga_emu[0m
[100%] Built target listener.fpga_emu
-- Install configuration: ""
-- Up-to-date: /home/bobxu/ros_sycl_ws/install/cpp_pubsub/lib/cpp_pubsub/talker
-- Installing: /home/bobxu/ros_sycl_ws/install/cpp_pubsub/lib/cpp_pubsub/listener.fpga_emu
-- Set runtime path of "/home/bobxu/ros_sycl_ws/install/cpp_pubsub/lib/cpp_pubsub/listener.fpga_emu" to ""
-- Up-to-date: /home/bobxu/ros_sycl_ws/install/cpp_pubsub/share/ament_index/resource_index/package_run_dependencies/cpp_pubsub
-- Up-to-date: /home/bobxu/ros_sycl_ws/install/cpp_pubsub/share/ament_index/resource_index/parent_prefix_path/cpp_pubsub
-- Up-to-date: /home/bobxu/ros_sycl_ws/install/cpp_pubsub/share/cpp_pubsub/environment/ament_prefix_path.dsv
-- Up-to-date: /home/bobxu/ros_sycl_ws/install/cpp_pubsub/share/cpp_pubsub/environment/path.dsv
-- Up-to-date: /home/bobxu/ros_sycl_ws/install/cpp_pubsub/share/cpp_pubsub/local_setup.bash
-- Up-to-date: /home/bobxu/ros_sycl_ws/install/cpp_pubsub/share/cpp_pubsub/local_setup.sh
-- Up-to-date: /home/bobxu/ros_sycl_ws/install/cpp_pubsub/share/cpp_pubsub/local_setup.zsh
-- Up-to-date: /home/bobxu/ros_sycl_ws/install/cpp_pubsub/share/cpp_pubsub/local_setup.dsv
-- Installing: /home/bobxu/ros_sycl_ws/install/cpp_pubsub/share/cpp_pubsub/package.dsv
-- Up-to-date: /home/bobxu/ros_sycl_ws/install/cpp_pubsub/share/ament_index/resource_index/packages/cpp_pubsub
-- Up-to-date: /home/bobxu/ros_sycl_ws/install/cpp_pubsub/share/cpp_pubsub/cmake/cpp_pubsubConfig.cmake
-- Up-to-date: /home/bobxu/ros_sycl_ws/install/cpp_pubsub/share/cpp_pubsub/cmake/cpp_pubsubConfig-version.cmake
-- Up-to-date: /home/bobxu/ros_sycl_ws/install/cpp_pubsub/share/cpp_pubsub/package.xml
