[0.069s] Invoking command in '/home/bobxu/ros_sycl_ws/build/tutorial_interfaces': CMAKE_PREFIX_PATH=${CMAKE_PREFIX_PATH}:/home/bobxu/ws_moveit2/install/moveit_configs_utils:/home/bobxu/ws_moveit2/install/launch_param_builder:/home/bobxu/ros2_humble/install/rqt_bag_plugins:/home/bobxu/ros2_humble/install/rqt_bag:/home/bobxu/ros2_humble/install/ros2bag:/home/bobxu/ros2_humble/install/tracetools_test:/home/bobxu/ros2_humble/install/tracetools_launch:/home/bobxu/ros2_humble/install/topic_monitor:/home/bobxu/ros2_humble/install/tf2_tools:/home/bobxu/ros2_humble/install/examples_tf2_py:/home/bobxu/ros2_humble/install/tf2_ros_py:/home/bobxu/ros2_humble/install/sros2:/home/bobxu/ros2_humble/install/rqt_topic:/home/bobxu/ros2_humble/install/rqt_srv:/home/bobxu/ros2_humble/install/rqt_shell:/home/bobxu/ros2_humble/install/rqt_service_caller:/home/bobxu/ros2_humble/install/rqt_reconfigure:/home/bobxu/ros2_humble/install/rqt_py_console:/home/bobxu/ros2_humble/install/rqt_publisher:/home/bobxu/ros2_humble/install/rqt_plot:/home/bobxu/ros2_humble/install/rqt_action:/home/bobxu/ros2_humble/install/rqt_msg:/home/bobxu/ros2_humble/install/rqt_console:/home/bobxu/ros2_humble/install/rqt:/home/bobxu/ros2_humble/install/rqt_graph:/home/bobxu/ros2_humble/install/rqt_gui_py:/home/bobxu/ros2_humble/install/rqt_gui:/home/bobxu/ros2_humble/install/ros2trace:/home/bobxu/ros2_humble/install/ros2topic:/home/bobxu/ros2_humble/install/ros2test:/home/bobxu/ros2_humble/install/ros2component:/home/bobxu/ros2_humble/install/ros2param:/home/bobxu/ros2_humble/install/ros2lifecycle:/home/bobxu/ros2_humble/install/ros2service:/home/bobxu/ros2_humble/install/ros2run:/home/bobxu/ros2_humble/install/ros2launch:/home/bobxu/ros2_humble/install/ros2pkg:/home/bobxu/ros2_humble/install/ros2node:/home/bobxu/ros2_humble/install/ros2multicast:/home/bobxu/ros2_humble/install/ros2interface:/home/bobxu/ros2_humble/install/ros2doctor:/home/bobxu/ros2_humble/install/ros2action:/home/bobxu/ros2_humble/install/ros2cli:/home/bobxu/ros2_humble/install/quality_of_service_demo_py:/home/bobxu/ros2_humble/install/lifecycle_py:/home/bobxu/ros2_humble/install/launch_testing_ros:/home/bobxu/ros2_humble/install/launch_ros:/home/bobxu/ros2_humble/install/examples_rclpy_pointcloud_publisher:/home/bobxu/ros2_humble/install/examples_rclpy_minimal_subscriber:/home/bobxu/ros2_humble/install/examples_rclpy_minimal_service:/home/bobxu/ros2_humble/install/examples_rclpy_minimal_publisher:/home/bobxu/ros2_humble/install/examples_rclpy_minimal_client:/home/bobxu/ros2_humble/install/examples_rclpy_minimal_action_server:/home/bobxu/ros2_humble/install/examples_rclpy_minimal_action_client:/home/bobxu/ros2_humble/install/examples_rclpy_guard_conditions:/home/bobxu/ros2_humble/install/examples_rclpy_executors:/home/bobxu/ros2_humble/install/demo_nodes_py:/home/bobxu/ros2_humble/install/action_tutorials_py:/home/bobxu/ros2_humble/install/ament_uncrustify:/home/bobxu/ros2_humble/install/tracetools_trace:/home/bobxu/ros2_humble/install/tracetools_read:/home/bobxu/ros2_humble/install/test_tracetools_launch:/home/bobxu/ros2_humble/install/test_launch_ros:/home/bobxu/ros2_humble/install/sensor_msgs_py:/home/bobxu/ros2_humble/install/rpyutils:/home/bobxu/ros2_humble/install/rosidl_runtime_py:/home/bobxu/ros2_humble/install/rosidl_cli:/home/bobxu/ros2_humble/install/launch_pytest:/home/bobxu/ros2_humble/install/launch_testing:/home/bobxu/ros2_humble/install/launch_yaml:/home/bobxu/ros2_humble/install/launch_xml:/home/bobxu/ros2_humble/install/launch:/home/bobxu/ros2_humble/install/osrf_pycommon:/home/bobxu/ros2_humble/install/launch_testing_examples:/home/bobxu/ros2_humble/install/domain_coordinator:/home/bobxu/ros2_humble/install/ament_xmllint:/home/bobxu/ros2_humble/install/ament_pyflakes:/home/bobxu/ros2_humble/install/ament_pycodestyle:/home/bobxu/ros2_humble/install/ament_pep257:/home/bobxu/ros2_humble/install/ament_pclint:/home/bobxu/ros2_humble/install/ament_package:/home/bobxu/ros2_humble/install/ament_mypy:/home/bobxu/ros2_humble/install/ament_lint_cmake:/home/bobxu/ros2_humble/install/ament_flake8:/home/bobxu/ros2_humble/install/ament_copyright:/home/bobxu/ros2_humble/install/ament_lint:/home/bobxu/ros2_humble/install/ament_index_python:/home/bobxu/ros2_humble/install/ament_cpplint:/home/bobxu/ros2_humble/install/ament_cppcheck:/home/bobxu/ros2_humble/install/ament_clang_tidy:/home/bobxu/ros2_humble/install/ament_clang_format:/opt/ros/humble /usr/bin/cmake /home/bobxu/ros_sycl_ws/src/tutorial_interfaces -DCMAKE_INSTALL_PREFIX=/home/bobxu/ros_sycl_ws/install/tutorial_interfaces
[0.260s] -- The C compiler identification is GNU 11.3.0
[0.360s] -- The CXX compiler identification is GNU 11.3.0
[0.376s] -- Detecting C compiler ABI info
[0.598s] -- Detecting C compiler ABI info - done
[0.606s] -- Check for working C compiler: /usr/bin/cc - skipped
[0.606s] -- Detecting C compile features
[0.606s] -- Detecting C compile features - done
[0.609s] -- Detecting CXX compiler ABI info
[0.825s] -- Detecting CXX compiler ABI info - done
[0.831s] -- Check for working CXX compiler: /usr/bin/c++ - skipped
[0.832s] -- Detecting CXX compile features
[0.832s] -- Detecting CXX compile features - done
[0.860s] -- Found ament_cmake: 1.3.4 (/home/bobxu/ros2_humble/install/ament_cmake/share/ament_cmake/cmake)
[1.530s] -- Found Python3: /usr/bin/python3.10 (found version "3.10.6") found components: Interpreter 
[2.092s] -- Found geometry_msgs: 4.2.3 (/home/bobxu/ros2_humble/install/geometry_msgs/share/geometry_msgs/cmake)
[2.334s] -- Found rosidl_generator_c: 3.1.4 (/home/bobxu/ros2_humble/install/rosidl_generator_c/share/rosidl_generator_c/cmake)
[2.379s] -- Found rosidl_adapter: 3.1.4 (/home/bobxu/ros2_humble/install/rosidl_adapter/share/rosidl_adapter/cmake)
[2.424s] -- Found rosidl_generator_cpp: 3.1.4 (/home/bobxu/ros2_humble/install/rosidl_generator_cpp/share/rosidl_generator_cpp/cmake)
[2.501s] -- Using all available rosidl_typesupport_c: rosidl_typesupport_introspection_c;rosidl_typesupport_fastrtps_c
[2.608s] -- Using all available rosidl_typesupport_cpp: rosidl_typesupport_introspection_cpp;rosidl_typesupport_fastrtps_cpp
[2.783s] -- Found rosidl_default_generators: 1.2.0 (/home/bobxu/ros2_humble/install/rosidl_default_generators/share/rosidl_default_generators/cmake)
[3.590s] -- Found ament_cmake_ros: 0.10.0 (/home/bobxu/ros2_humble/install/ament_cmake_ros/share/ament_cmake_ros/cmake)
[4.621s] -- Using all available rosidl_typesupport_c: rosidl_typesupport_introspection_c;rosidl_typesupport_fastrtps_c
[5.009s] -- Using all available rosidl_typesupport_cpp: rosidl_typesupport_introspection_cpp;rosidl_typesupport_fastrtps_cpp
[5.089s] -- Found PythonInterp: /usr/bin/python3 (found suitable version "3.10.6", minimum required is "3.6") 
[5.113s] -- Found python_cmake_module: 0.10.0 (/home/bobxu/ros2_humble/install/python_cmake_module/share/python_cmake_module/cmake)
[5.205s] -- Found PythonLibs: /usr/lib/x86_64-linux-gnu/libpython3.10.so (found suitable version "3.10.6", minimum required is "3.5") 
[5.205s] -- Using PYTHON_EXECUTABLE: /usr/bin/python3
[5.205s] -- Using PYTHON_INCLUDE_DIRS: /usr/include/python3.10
[5.205s] -- Using PYTHON_LIBRARIES: /usr/lib/x86_64-linux-gnu/libpython3.10.so
[5.297s] -- Found PythonExtra: .so  
[6.069s] -- Found ament_lint_auto: 0.12.6 (/home/bobxu/ros2_humble/install/ament_lint_auto/share/ament_lint_auto/cmake)
[6.304s] -- Added test 'lint_cmake' to check CMake code style
[6.311s] -- Added test 'xmllint' to check XML markup files
[6.330s] -- Configuring done
[6.465s] -- Generating done
[6.475s] -- Build files have been written to: /home/bobxu/ros_sycl_ws/build/tutorial_interfaces
[6.490s] Invoked command in '/home/bobxu/ros_sycl_ws/build/tutorial_interfaces' returned '0': CMAKE_PREFIX_PATH=${CMAKE_PREFIX_PATH}:/home/bobxu/ws_moveit2/install/moveit_configs_utils:/home/bobxu/ws_moveit2/install/launch_param_builder:/home/bobxu/ros2_humble/install/rqt_bag_plugins:/home/bobxu/ros2_humble/install/rqt_bag:/home/bobxu/ros2_humble/install/ros2bag:/home/bobxu/ros2_humble/install/tracetools_test:/home/bobxu/ros2_humble/install/tracetools_launch:/home/bobxu/ros2_humble/install/topic_monitor:/home/bobxu/ros2_humble/install/tf2_tools:/home/bobxu/ros2_humble/install/examples_tf2_py:/home/bobxu/ros2_humble/install/tf2_ros_py:/home/bobxu/ros2_humble/install/sros2:/home/bobxu/ros2_humble/install/rqt_topic:/home/bobxu/ros2_humble/install/rqt_srv:/home/bobxu/ros2_humble/install/rqt_shell:/home/bobxu/ros2_humble/install/rqt_service_caller:/home/bobxu/ros2_humble/install/rqt_reconfigure:/home/bobxu/ros2_humble/install/rqt_py_console:/home/bobxu/ros2_humble/install/rqt_publisher:/home/bobxu/ros2_humble/install/rqt_plot:/home/bobxu/ros2_humble/install/rqt_action:/home/bobxu/ros2_humble/install/rqt_msg:/home/bobxu/ros2_humble/install/rqt_console:/home/bobxu/ros2_humble/install/rqt:/home/bobxu/ros2_humble/install/rqt_graph:/home/bobxu/ros2_humble/install/rqt_gui_py:/home/bobxu/ros2_humble/install/rqt_gui:/home/bobxu/ros2_humble/install/ros2trace:/home/bobxu/ros2_humble/install/ros2topic:/home/bobxu/ros2_humble/install/ros2test:/home/bobxu/ros2_humble/install/ros2component:/home/bobxu/ros2_humble/install/ros2param:/home/bobxu/ros2_humble/install/ros2lifecycle:/home/bobxu/ros2_humble/install/ros2service:/home/bobxu/ros2_humble/install/ros2run:/home/bobxu/ros2_humble/install/ros2launch:/home/bobxu/ros2_humble/install/ros2pkg:/home/bobxu/ros2_humble/install/ros2node:/home/bobxu/ros2_humble/install/ros2multicast:/home/bobxu/ros2_humble/install/ros2interface:/home/bobxu/ros2_humble/install/ros2doctor:/home/bobxu/ros2_humble/install/ros2action:/home/bobxu/ros2_humble/install/ros2cli:/home/bobxu/ros2_humble/install/quality_of_service_demo_py:/home/bobxu/ros2_humble/install/lifecycle_py:/home/bobxu/ros2_humble/install/launch_testing_ros:/home/bobxu/ros2_humble/install/launch_ros:/home/bobxu/ros2_humble/install/examples_rclpy_pointcloud_publisher:/home/bobxu/ros2_humble/install/examples_rclpy_minimal_subscriber:/home/bobxu/ros2_humble/install/examples_rclpy_minimal_service:/home/bobxu/ros2_humble/install/examples_rclpy_minimal_publisher:/home/bobxu/ros2_humble/install/examples_rclpy_minimal_client:/home/bobxu/ros2_humble/install/examples_rclpy_minimal_action_server:/home/bobxu/ros2_humble/install/examples_rclpy_minimal_action_client:/home/bobxu/ros2_humble/install/examples_rclpy_guard_conditions:/home/bobxu/ros2_humble/install/examples_rclpy_executors:/home/bobxu/ros2_humble/install/demo_nodes_py:/home/bobxu/ros2_humble/install/action_tutorials_py:/home/bobxu/ros2_humble/install/ament_uncrustify:/home/bobxu/ros2_humble/install/tracetools_trace:/home/bobxu/ros2_humble/install/tracetools_read:/home/bobxu/ros2_humble/install/test_tracetools_launch:/home/bobxu/ros2_humble/install/test_launch_ros:/home/bobxu/ros2_humble/install/sensor_msgs_py:/home/bobxu/ros2_humble/install/rpyutils:/home/bobxu/ros2_humble/install/rosidl_runtime_py:/home/bobxu/ros2_humble/install/rosidl_cli:/home/bobxu/ros2_humble/install/launch_pytest:/home/bobxu/ros2_humble/install/launch_testing:/home/bobxu/ros2_humble/install/launch_yaml:/home/bobxu/ros2_humble/install/launch_xml:/home/bobxu/ros2_humble/install/launch:/home/bobxu/ros2_humble/install/osrf_pycommon:/home/bobxu/ros2_humble/install/launch_testing_examples:/home/bobxu/ros2_humble/install/domain_coordinator:/home/bobxu/ros2_humble/install/ament_xmllint:/home/bobxu/ros2_humble/install/ament_pyflakes:/home/bobxu/ros2_humble/install/ament_pycodestyle:/home/bobxu/ros2_humble/install/ament_pep257:/home/bobxu/ros2_humble/install/ament_pclint:/home/bobxu/ros2_humble/install/ament_package:/home/bobxu/ros2_humble/install/ament_mypy:/home/bobxu/ros2_humble/install/ament_lint_cmake:/home/bobxu/ros2_humble/install/ament_flake8:/home/bobxu/ros2_humble/install/ament_copyright:/home/bobxu/ros2_humble/install/ament_lint:/home/bobxu/ros2_humble/install/ament_index_python:/home/bobxu/ros2_humble/install/ament_cpplint:/home/bobxu/ros2_humble/install/ament_cppcheck:/home/bobxu/ros2_humble/install/ament_clang_tidy:/home/bobxu/ros2_humble/install/ament_clang_format:/opt/ros/humble /usr/bin/cmake /home/bobxu/ros_sycl_ws/src/tutorial_interfaces -DCMAKE_INSTALL_PREFIX=/home/bobxu/ros_sycl_ws/install/tutorial_interfaces
[6.490s] Invoking command in '/home/bobxu/ros_sycl_ws/build/tutorial_interfaces': CMAKE_PREFIX_PATH=${CMAKE_PREFIX_PATH}:/home/bobxu/ws_moveit2/install/moveit_configs_utils:/home/bobxu/ws_moveit2/install/launch_param_builder:/home/bobxu/ros2_humble/install/rqt_bag_plugins:/home/bobxu/ros2_humble/install/rqt_bag:/home/bobxu/ros2_humble/install/ros2bag:/home/bobxu/ros2_humble/install/tracetools_test:/home/bobxu/ros2_humble/install/tracetools_launch:/home/bobxu/ros2_humble/install/topic_monitor:/home/bobxu/ros2_humble/install/tf2_tools:/home/bobxu/ros2_humble/install/examples_tf2_py:/home/bobxu/ros2_humble/install/tf2_ros_py:/home/bobxu/ros2_humble/install/sros2:/home/bobxu/ros2_humble/install/rqt_topic:/home/bobxu/ros2_humble/install/rqt_srv:/home/bobxu/ros2_humble/install/rqt_shell:/home/bobxu/ros2_humble/install/rqt_service_caller:/home/bobxu/ros2_humble/install/rqt_reconfigure:/home/bobxu/ros2_humble/install/rqt_py_console:/home/bobxu/ros2_humble/install/rqt_publisher:/home/bobxu/ros2_humble/install/rqt_plot:/home/bobxu/ros2_humble/install/rqt_action:/home/bobxu/ros2_humble/install/rqt_msg:/home/bobxu/ros2_humble/install/rqt_console:/home/bobxu/ros2_humble/install/rqt:/home/bobxu/ros2_humble/install/rqt_graph:/home/bobxu/ros2_humble/install/rqt_gui_py:/home/bobxu/ros2_humble/install/rqt_gui:/home/bobxu/ros2_humble/install/ros2trace:/home/bobxu/ros2_humble/install/ros2topic:/home/bobxu/ros2_humble/install/ros2test:/home/bobxu/ros2_humble/install/ros2component:/home/bobxu/ros2_humble/install/ros2param:/home/bobxu/ros2_humble/install/ros2lifecycle:/home/bobxu/ros2_humble/install/ros2service:/home/bobxu/ros2_humble/install/ros2run:/home/bobxu/ros2_humble/install/ros2launch:/home/bobxu/ros2_humble/install/ros2pkg:/home/bobxu/ros2_humble/install/ros2node:/home/bobxu/ros2_humble/install/ros2multicast:/home/bobxu/ros2_humble/install/ros2interface:/home/bobxu/ros2_humble/install/ros2doctor:/home/bobxu/ros2_humble/install/ros2action:/home/bobxu/ros2_humble/install/ros2cli:/home/bobxu/ros2_humble/install/quality_of_service_demo_py:/home/bobxu/ros2_humble/install/lifecycle_py:/home/bobxu/ros2_humble/install/launch_testing_ros:/home/bobxu/ros2_humble/install/launch_ros:/home/bobxu/ros2_humble/install/examples_rclpy_pointcloud_publisher:/home/bobxu/ros2_humble/install/examples_rclpy_minimal_subscriber:/home/bobxu/ros2_humble/install/examples_rclpy_minimal_service:/home/bobxu/ros2_humble/install/examples_rclpy_minimal_publisher:/home/bobxu/ros2_humble/install/examples_rclpy_minimal_client:/home/bobxu/ros2_humble/install/examples_rclpy_minimal_action_server:/home/bobxu/ros2_humble/install/examples_rclpy_minimal_action_client:/home/bobxu/ros2_humble/install/examples_rclpy_guard_conditions:/home/bobxu/ros2_humble/install/examples_rclpy_executors:/home/bobxu/ros2_humble/install/demo_nodes_py:/home/bobxu/ros2_humble/install/action_tutorials_py:/home/bobxu/ros2_humble/install/ament_uncrustify:/home/bobxu/ros2_humble/install/tracetools_trace:/home/bobxu/ros2_humble/install/tracetools_read:/home/bobxu/ros2_humble/install/test_tracetools_launch:/home/bobxu/ros2_humble/install/test_launch_ros:/home/bobxu/ros2_humble/install/sensor_msgs_py:/home/bobxu/ros2_humble/install/rpyutils:/home/bobxu/ros2_humble/install/rosidl_runtime_py:/home/bobxu/ros2_humble/install/rosidl_cli:/home/bobxu/ros2_humble/install/launch_pytest:/home/bobxu/ros2_humble/install/launch_testing:/home/bobxu/ros2_humble/install/launch_yaml:/home/bobxu/ros2_humble/install/launch_xml:/home/bobxu/ros2_humble/install/launch:/home/bobxu/ros2_humble/install/osrf_pycommon:/home/bobxu/ros2_humble/install/launch_testing_examples:/home/bobxu/ros2_humble/install/domain_coordinator:/home/bobxu/ros2_humble/install/ament_xmllint:/home/bobxu/ros2_humble/install/ament_pyflakes:/home/bobxu/ros2_humble/install/ament_pycodestyle:/home/bobxu/ros2_humble/install/ament_pep257:/home/bobxu/ros2_humble/install/ament_pclint:/home/bobxu/ros2_humble/install/ament_package:/home/bobxu/ros2_humble/install/ament_mypy:/home/bobxu/ros2_humble/install/ament_lint_cmake:/home/bobxu/ros2_humble/install/ament_flake8:/home/bobxu/ros2_humble/install/ament_copyright:/home/bobxu/ros2_humble/install/ament_lint:/home/bobxu/ros2_humble/install/ament_index_python:/home/bobxu/ros2_humble/install/ament_cpplint:/home/bobxu/ros2_humble/install/ament_cppcheck:/home/bobxu/ros2_humble/install/ament_clang_tidy:/home/bobxu/ros2_humble/install/ament_clang_format:/opt/ros/humble /usr/bin/cmake --build /home/bobxu/ros_sycl_ws/build/tutorial_interfaces -- -j2 -l2
[6.840s] [  2%] [34m[1mGenerating C code for ROS interfaces[0m
[6.963s] [  4%] [34m[1mGenerating C++ code for ROS interfaces[0m
[8.723s] [  4%] Built target tutorial_interfaces__cpp
[8.992s] [  6%] [32mBuilding C object CMakeFiles/tutorial_interfaces__rosidl_generator_c.dir/rosidl_generator_c/tutorial_interfaces/msg/detail/num__functions.c.o[0m
[9.003s] [  6%] Built target ament_cmake_python_copy_tutorial_interfaces
[9.112s] [  8%] [34m[1mGenerating C++ introspection for ROS interfaces[0m
[9.244s] [ 10%] [32mBuilding C object CMakeFiles/tutorial_interfaces__rosidl_generator_c.dir/rosidl_generator_c/tutorial_interfaces/msg/detail/sphere__functions.c.o[0m
[9.538s] [ 12%] [32mBuilding C object CMakeFiles/tutorial_interfaces__rosidl_generator_c.dir/rosidl_generator_c/tutorial_interfaces/srv/detail/add_three_ints__functions.c.o[0m
[9.831s] [ 14%] [32m[1mLinking C shared library libtutorial_interfaces__rosidl_generator_c.so[0m
[10.116s] [ 14%] Built target tutorial_interfaces__rosidl_generator_c
[10.220s] [ 17%] [34m[1mGenerating C++ type support dispatch for ROS interfaces[0m
[10.224s] [ 19%] [32mBuilding CXX object CMakeFiles/tutorial_interfaces__rosidl_typesupport_introspection_cpp.dir/rosidl_typesupport_introspection_cpp/tutorial_interfaces/msg/detail/num__type_support.cpp.o[0m
[11.323s] [ 21%] [32mBuilding CXX object CMakeFiles/tutorial_interfaces__rosidl_typesupport_cpp.dir/rosidl_typesupport_cpp/tutorial_interfaces/msg/num__type_support.cpp.o[0m
[11.373s] [ 23%] [32mBuilding CXX object CMakeFiles/tutorial_interfaces__rosidl_typesupport_introspection_cpp.dir/rosidl_typesupport_introspection_cpp/tutorial_interfaces/msg/detail/sphere__type_support.cpp.o[0m
[11.936s] [ 25%] [32mBuilding CXX object CMakeFiles/tutorial_interfaces__rosidl_typesupport_cpp.dir/rosidl_typesupport_cpp/tutorial_interfaces/msg/sphere__type_support.cpp.o[0m
[12.106s] [ 27%] [32mBuilding CXX object CMakeFiles/tutorial_interfaces__rosidl_typesupport_introspection_cpp.dir/rosidl_typesupport_introspection_cpp/tutorial_interfaces/srv/detail/add_three_ints__type_support.cpp.o[0m
[12.522s] [ 29%] [32mBuilding CXX object CMakeFiles/tutorial_interfaces__rosidl_typesupport_cpp.dir/rosidl_typesupport_cpp/tutorial_interfaces/srv/add_three_ints__type_support.cpp.o[0m
[12.811s] [ 31%] [32m[1mLinking CXX shared library libtutorial_interfaces__rosidl_typesupport_introspection_cpp.so[0m
[12.929s] [ 34%] [32m[1mLinking CXX shared library libtutorial_interfaces__rosidl_typesupport_cpp.so[0m
[12.988s] [ 34%] Built target tutorial_interfaces__rosidl_typesupport_introspection_cpp
[13.055s] [ 34%] Built target tutorial_interfaces__rosidl_typesupport_cpp
[13.087s] [ 36%] [34m[1mGenerating C type support for eProsima Fast-RTPS[0m
[13.103s] [ 38%] [34m[1mGenerating C++ type support for eProsima Fast-RTPS[0m
[13.853s] [ 40%] [32mBuilding CXX object CMakeFiles/tutorial_interfaces__rosidl_typesupport_fastrtps_c.dir/rosidl_typesupport_fastrtps_c/tutorial_interfaces/msg/detail/num__type_support_c.cpp.o[0m
[13.938s] [ 42%] [32mBuilding CXX object CMakeFiles/tutorial_interfaces__rosidl_typesupport_fastrtps_cpp.dir/rosidl_typesupport_fastrtps_cpp/tutorial_interfaces/msg/detail/dds_fastrtps/num__type_support.cpp.o[0m
[14.301s] [ 44%] [32mBuilding CXX object CMakeFiles/tutorial_interfaces__rosidl_typesupport_fastrtps_c.dir/rosidl_typesupport_fastrtps_c/tutorial_interfaces/msg/detail/sphere__type_support_c.cpp.o[0m
[14.380s] [ 46%] [32mBuilding CXX object CMakeFiles/tutorial_interfaces__rosidl_typesupport_fastrtps_cpp.dir/rosidl_typesupport_fastrtps_cpp/tutorial_interfaces/msg/detail/dds_fastrtps/sphere__type_support.cpp.o[0m
[14.799s] [ 48%] [32mBuilding CXX object CMakeFiles/tutorial_interfaces__rosidl_typesupport_fastrtps_c.dir/rosidl_typesupport_fastrtps_c/tutorial_interfaces/srv/detail/add_three_ints__type_support_c.cpp.o[0m
[14.828s] [ 51%] [32mBuilding CXX object CMakeFiles/tutorial_interfaces__rosidl_typesupport_fastrtps_cpp.dir/rosidl_typesupport_fastrtps_cpp/tutorial_interfaces/srv/detail/dds_fastrtps/add_three_ints__type_support.cpp.o[0m
[15.254s] [ 53%] [32m[1mLinking CXX shared library libtutorial_interfaces__rosidl_typesupport_fastrtps_cpp.so[0m
[15.332s] [ 55%] [32m[1mLinking CXX shared library libtutorial_interfaces__rosidl_typesupport_fastrtps_c.so[0m
[15.430s] [ 55%] Built target tutorial_interfaces__rosidl_typesupport_fastrtps_cpp
[15.591s] [ 55%] Built target tutorial_interfaces__rosidl_typesupport_fastrtps_c
[15.677s] [ 57%] [34m[1mGenerating C introspection for ROS interfaces[0m
[16.105s] running egg_info
[16.107s] creating tutorial_interfaces.egg-info
[16.107s] writing tutorial_interfaces.egg-info/PKG-INFO
[16.107s] writing dependency_links to tutorial_interfaces.egg-info/dependency_links.txt
[16.108s] writing top-level names to tutorial_interfaces.egg-info/top_level.txt
[16.108s] writing manifest file 'tutorial_interfaces.egg-info/SOURCES.txt'
[16.114s] reading manifest file 'tutorial_interfaces.egg-info/SOURCES.txt'
[16.114s] writing manifest file 'tutorial_interfaces.egg-info/SOURCES.txt'
[16.221s] [ 57%] Built target ament_cmake_python_build_tutorial_interfaces_egg
[16.321s] [ 59%] [34m[1mGenerating C type support dispatch for ROS interfaces[0m
[16.652s] [ 61%] [32mBuilding C object CMakeFiles/tutorial_interfaces__rosidl_typesupport_introspection_c.dir/rosidl_typesupport_introspection_c/tutorial_interfaces/msg/detail/num__type_support.c.o[0m
[16.750s] [ 63%] [32mBuilding C object CMakeFiles/tutorial_interfaces__rosidl_typesupport_introspection_c.dir/rosidl_typesupport_introspection_c/tutorial_interfaces/msg/detail/sphere__type_support.c.o[0m
[16.844s] [ 65%] [32mBuilding C object CMakeFiles/tutorial_interfaces__rosidl_typesupport_introspection_c.dir/rosidl_typesupport_introspection_c/tutorial_interfaces/srv/detail/add_three_ints__type_support.c.o[0m
[17.008s] [ 68%] [32m[1mLinking C shared library libtutorial_interfaces__rosidl_typesupport_introspection_c.so[0m
[17.063s] [ 70%] [32mBuilding CXX object CMakeFiles/tutorial_interfaces__rosidl_typesupport_c.dir/rosidl_typesupport_c/tutorial_interfaces/msg/num__type_support.cpp.o[0m
[17.177s] [ 70%] Built target tutorial_interfaces__rosidl_typesupport_introspection_c
[17.215s] [ 72%] [32mBuilding CXX object CMakeFiles/tutorial_interfaces__rosidl_typesupport_c.dir/rosidl_typesupport_c/tutorial_interfaces/msg/sphere__type_support.cpp.o[0m
[17.248s] [ 74%] [32mBuilding CXX object CMakeFiles/tutorial_interfaces__rosidl_typesupport_c.dir/rosidl_typesupport_c/tutorial_interfaces/srv/add_three_ints__type_support.cpp.o[0m
[17.346s] [ 76%] [32m[1mLinking CXX shared library libtutorial_interfaces__rosidl_typesupport_c.so[0m
[17.464s] [ 76%] Built target tutorial_interfaces__rosidl_typesupport_c
[17.560s] [ 76%] Built target tutorial_interfaces
[17.654s] [ 78%] [34m[1mGenerating Python code for ROS interfaces[0m
[18.345s] [ 78%] Built target tutorial_interfaces__py
[18.438s] [ 80%] [32mBuilding C object CMakeFiles/tutorial_interfaces__rosidl_generator_py.dir/rosidl_generator_py/tutorial_interfaces/msg/_num_s.c.o[0m
[18.440s] [ 82%] [32mBuilding C object CMakeFiles/tutorial_interfaces__rosidl_generator_py.dir/rosidl_generator_py/tutorial_interfaces/msg/_sphere_s.c.o[0m
[18.584s] [ 85%] [32mBuilding C object CMakeFiles/tutorial_interfaces__rosidl_generator_py.dir/rosidl_generator_py/tutorial_interfaces/srv/_add_three_ints_s.c.o[0m
[18.734s] [ 87%] [32m[1mLinking C shared library rosidl_generator_py/tutorial_interfaces/libtutorial_interfaces__rosidl_generator_py.so[0m
[18.845s] [ 87%] Built target tutorial_interfaces__rosidl_generator_py
[18.938s] [ 89%] [32mBuilding C object CMakeFiles/tutorial_interfaces__rosidl_typesupport_fastrtps_c__pyext.dir/rosidl_generator_py/tutorial_interfaces/_tutorial_interfaces_s.ep.rosidl_typesupport_fastrtps_c.c.o[0m
[18.941s] [ 91%] [32mBuilding C object CMakeFiles/tutorial_interfaces__rosidl_typesupport_introspection_c__pyext.dir/rosidl_generator_py/tutorial_interfaces/_tutorial_interfaces_s.ep.rosidl_typesupport_introspection_c.c.o[0m
[19.093s] [ 93%] [32m[1mLinking C shared library rosidl_generator_py/tutorial_interfaces/tutorial_interfaces_s__rosidl_typesupport_fastrtps_c.cpython-310-x86_64-linux-gnu.so[0m
[19.098s] [ 95%] [32m[1mLinking C shared library rosidl_generator_py/tutorial_interfaces/tutorial_interfaces_s__rosidl_typesupport_introspection_c.cpython-310-x86_64-linux-gnu.so[0m
[19.206s] [ 95%] Built target tutorial_interfaces__rosidl_typesupport_fastrtps_c__pyext
[19.211s] [ 95%] Built target tutorial_interfaces__rosidl_typesupport_introspection_c__pyext
[19.298s] [ 97%] [32mBuilding C object CMakeFiles/tutorial_interfaces__rosidl_typesupport_c__pyext.dir/rosidl_generator_py/tutorial_interfaces/_tutorial_interfaces_s.ep.rosidl_typesupport_c.c.o[0m
[19.454s] [100%] [32m[1mLinking C shared library rosidl_generator_py/tutorial_interfaces/tutorial_interfaces_s__rosidl_typesupport_c.cpython-310-x86_64-linux-gnu.so[0m
[19.568s] [100%] Built target tutorial_interfaces__rosidl_typesupport_c__pyext
[19.602s] Invoked command in '/home/bobxu/ros_sycl_ws/build/tutorial_interfaces' returned '0': CMAKE_PREFIX_PATH=${CMAKE_PREFIX_PATH}:/home/bobxu/ws_moveit2/install/moveit_configs_utils:/home/bobxu/ws_moveit2/install/launch_param_builder:/home/bobxu/ros2_humble/install/rqt_bag_plugins:/home/bobxu/ros2_humble/install/rqt_bag:/home/bobxu/ros2_humble/install/ros2bag:/home/bobxu/ros2_humble/install/tracetools_test:/home/bobxu/ros2_humble/install/tracetools_launch:/home/bobxu/ros2_humble/install/topic_monitor:/home/bobxu/ros2_humble/install/tf2_tools:/home/bobxu/ros2_humble/install/examples_tf2_py:/home/bobxu/ros2_humble/install/tf2_ros_py:/home/bobxu/ros2_humble/install/sros2:/home/bobxu/ros2_humble/install/rqt_topic:/home/bobxu/ros2_humble/install/rqt_srv:/home/bobxu/ros2_humble/install/rqt_shell:/home/bobxu/ros2_humble/install/rqt_service_caller:/home/bobxu/ros2_humble/install/rqt_reconfigure:/home/bobxu/ros2_humble/install/rqt_py_console:/home/bobxu/ros2_humble/install/rqt_publisher:/home/bobxu/ros2_humble/install/rqt_plot:/home/bobxu/ros2_humble/install/rqt_action:/home/bobxu/ros2_humble/install/rqt_msg:/home/bobxu/ros2_humble/install/rqt_console:/home/bobxu/ros2_humble/install/rqt:/home/bobxu/ros2_humble/install/rqt_graph:/home/bobxu/ros2_humble/install/rqt_gui_py:/home/bobxu/ros2_humble/install/rqt_gui:/home/bobxu/ros2_humble/install/ros2trace:/home/bobxu/ros2_humble/install/ros2topic:/home/bobxu/ros2_humble/install/ros2test:/home/bobxu/ros2_humble/install/ros2component:/home/bobxu/ros2_humble/install/ros2param:/home/bobxu/ros2_humble/install/ros2lifecycle:/home/bobxu/ros2_humble/install/ros2service:/home/bobxu/ros2_humble/install/ros2run:/home/bobxu/ros2_humble/install/ros2launch:/home/bobxu/ros2_humble/install/ros2pkg:/home/bobxu/ros2_humble/install/ros2node:/home/bobxu/ros2_humble/install/ros2multicast:/home/bobxu/ros2_humble/install/ros2interface:/home/bobxu/ros2_humble/install/ros2doctor:/home/bobxu/ros2_humble/install/ros2action:/home/bobxu/ros2_humble/install/ros2cli:/home/bobxu/ros2_humble/install/quality_of_service_demo_py:/home/bobxu/ros2_humble/install/lifecycle_py:/home/bobxu/ros2_humble/install/launch_testing_ros:/home/bobxu/ros2_humble/install/launch_ros:/home/bobxu/ros2_humble/install/examples_rclpy_pointcloud_publisher:/home/bobxu/ros2_humble/install/examples_rclpy_minimal_subscriber:/home/bobxu/ros2_humble/install/examples_rclpy_minimal_service:/home/bobxu/ros2_humble/install/examples_rclpy_minimal_publisher:/home/bobxu/ros2_humble/install/examples_rclpy_minimal_client:/home/bobxu/ros2_humble/install/examples_rclpy_minimal_action_server:/home/bobxu/ros2_humble/install/examples_rclpy_minimal_action_client:/home/bobxu/ros2_humble/install/examples_rclpy_guard_conditions:/home/bobxu/ros2_humble/install/examples_rclpy_executors:/home/bobxu/ros2_humble/install/demo_nodes_py:/home/bobxu/ros2_humble/install/action_tutorials_py:/home/bobxu/ros2_humble/install/ament_uncrustify:/home/bobxu/ros2_humble/install/tracetools_trace:/home/bobxu/ros2_humble/install/tracetools_read:/home/bobxu/ros2_humble/install/test_tracetools_launch:/home/bobxu/ros2_humble/install/test_launch_ros:/home/bobxu/ros2_humble/install/sensor_msgs_py:/home/bobxu/ros2_humble/install/rpyutils:/home/bobxu/ros2_humble/install/rosidl_runtime_py:/home/bobxu/ros2_humble/install/rosidl_cli:/home/bobxu/ros2_humble/install/launch_pytest:/home/bobxu/ros2_humble/install/launch_testing:/home/bobxu/ros2_humble/install/launch_yaml:/home/bobxu/ros2_humble/install/launch_xml:/home/bobxu/ros2_humble/install/launch:/home/bobxu/ros2_humble/install/osrf_pycommon:/home/bobxu/ros2_humble/install/launch_testing_examples:/home/bobxu/ros2_humble/install/domain_coordinator:/home/bobxu/ros2_humble/install/ament_xmllint:/home/bobxu/ros2_humble/install/ament_pyflakes:/home/bobxu/ros2_humble/install/ament_pycodestyle:/home/bobxu/ros2_humble/install/ament_pep257:/home/bobxu/ros2_humble/install/ament_pclint:/home/bobxu/ros2_humble/install/ament_package:/home/bobxu/ros2_humble/install/ament_mypy:/home/bobxu/ros2_humble/install/ament_lint_cmake:/home/bobxu/ros2_humble/install/ament_flake8:/home/bobxu/ros2_humble/install/ament_copyright:/home/bobxu/ros2_humble/install/ament_lint:/home/bobxu/ros2_humble/install/ament_index_python:/home/bobxu/ros2_humble/install/ament_cpplint:/home/bobxu/ros2_humble/install/ament_cppcheck:/home/bobxu/ros2_humble/install/ament_clang_tidy:/home/bobxu/ros2_humble/install/ament_clang_format:/opt/ros/humble /usr/bin/cmake --build /home/bobxu/ros_sycl_ws/build/tutorial_interfaces -- -j2 -l2
[20.669s] Invoking command in '/home/bobxu/ros_sycl_ws/build/tutorial_interfaces': CMAKE_PREFIX_PATH=${CMAKE_PREFIX_PATH}:/home/bobxu/ws_moveit2/install/moveit_configs_utils:/home/bobxu/ws_moveit2/install/launch_param_builder:/home/bobxu/ros2_humble/install/rqt_bag_plugins:/home/bobxu/ros2_humble/install/rqt_bag:/home/bobxu/ros2_humble/install/ros2bag:/home/bobxu/ros2_humble/install/tracetools_test:/home/bobxu/ros2_humble/install/tracetools_launch:/home/bobxu/ros2_humble/install/topic_monitor:/home/bobxu/ros2_humble/install/tf2_tools:/home/bobxu/ros2_humble/install/examples_tf2_py:/home/bobxu/ros2_humble/install/tf2_ros_py:/home/bobxu/ros2_humble/install/sros2:/home/bobxu/ros2_humble/install/rqt_topic:/home/bobxu/ros2_humble/install/rqt_srv:/home/bobxu/ros2_humble/install/rqt_shell:/home/bobxu/ros2_humble/install/rqt_service_caller:/home/bobxu/ros2_humble/install/rqt_reconfigure:/home/bobxu/ros2_humble/install/rqt_py_console:/home/bobxu/ros2_humble/install/rqt_publisher:/home/bobxu/ros2_humble/install/rqt_plot:/home/bobxu/ros2_humble/install/rqt_action:/home/bobxu/ros2_humble/install/rqt_msg:/home/bobxu/ros2_humble/install/rqt_console:/home/bobxu/ros2_humble/install/rqt:/home/bobxu/ros2_humble/install/rqt_graph:/home/bobxu/ros2_humble/install/rqt_gui_py:/home/bobxu/ros2_humble/install/rqt_gui:/home/bobxu/ros2_humble/install/ros2trace:/home/bobxu/ros2_humble/install/ros2topic:/home/bobxu/ros2_humble/install/ros2test:/home/bobxu/ros2_humble/install/ros2component:/home/bobxu/ros2_humble/install/ros2param:/home/bobxu/ros2_humble/install/ros2lifecycle:/home/bobxu/ros2_humble/install/ros2service:/home/bobxu/ros2_humble/install/ros2run:/home/bobxu/ros2_humble/install/ros2launch:/home/bobxu/ros2_humble/install/ros2pkg:/home/bobxu/ros2_humble/install/ros2node:/home/bobxu/ros2_humble/install/ros2multicast:/home/bobxu/ros2_humble/install/ros2interface:/home/bobxu/ros2_humble/install/ros2doctor:/home/bobxu/ros2_humble/install/ros2action:/home/bobxu/ros2_humble/install/ros2cli:/home/bobxu/ros2_humble/install/quality_of_service_demo_py:/home/bobxu/ros2_humble/install/lifecycle_py:/home/bobxu/ros2_humble/install/launch_testing_ros:/home/bobxu/ros2_humble/install/launch_ros:/home/bobxu/ros2_humble/install/examples_rclpy_pointcloud_publisher:/home/bobxu/ros2_humble/install/examples_rclpy_minimal_subscriber:/home/bobxu/ros2_humble/install/examples_rclpy_minimal_service:/home/bobxu/ros2_humble/install/examples_rclpy_minimal_publisher:/home/bobxu/ros2_humble/install/examples_rclpy_minimal_client:/home/bobxu/ros2_humble/install/examples_rclpy_minimal_action_server:/home/bobxu/ros2_humble/install/examples_rclpy_minimal_action_client:/home/bobxu/ros2_humble/install/examples_rclpy_guard_conditions:/home/bobxu/ros2_humble/install/examples_rclpy_executors:/home/bobxu/ros2_humble/install/demo_nodes_py:/home/bobxu/ros2_humble/install/action_tutorials_py:/home/bobxu/ros2_humble/install/ament_uncrustify:/home/bobxu/ros2_humble/install/tracetools_trace:/home/bobxu/ros2_humble/install/tracetools_read:/home/bobxu/ros2_humble/install/test_tracetools_launch:/home/bobxu/ros2_humble/install/test_launch_ros:/home/bobxu/ros2_humble/install/sensor_msgs_py:/home/bobxu/ros2_humble/install/rpyutils:/home/bobxu/ros2_humble/install/rosidl_runtime_py:/home/bobxu/ros2_humble/install/rosidl_cli:/home/bobxu/ros2_humble/install/launch_pytest:/home/bobxu/ros2_humble/install/launch_testing:/home/bobxu/ros2_humble/install/launch_yaml:/home/bobxu/ros2_humble/install/launch_xml:/home/bobxu/ros2_humble/install/launch:/home/bobxu/ros2_humble/install/osrf_pycommon:/home/bobxu/ros2_humble/install/launch_testing_examples:/home/bobxu/ros2_humble/install/domain_coordinator:/home/bobxu/ros2_humble/install/ament_xmllint:/home/bobxu/ros2_humble/install/ament_pyflakes:/home/bobxu/ros2_humble/install/ament_pycodestyle:/home/bobxu/ros2_humble/install/ament_pep257:/home/bobxu/ros2_humble/install/ament_pclint:/home/bobxu/ros2_humble/install/ament_package:/home/bobxu/ros2_humble/install/ament_mypy:/home/bobxu/ros2_humble/install/ament_lint_cmake:/home/bobxu/ros2_humble/install/ament_flake8:/home/bobxu/ros2_humble/install/ament_copyright:/home/bobxu/ros2_humble/install/ament_lint:/home/bobxu/ros2_humble/install/ament_index_python:/home/bobxu/ros2_humble/install/ament_cpplint:/home/bobxu/ros2_humble/install/ament_cppcheck:/home/bobxu/ros2_humble/install/ament_clang_tidy:/home/bobxu/ros2_humble/install/ament_clang_format:/opt/ros/humble /usr/bin/cmake --install /home/bobxu/ros_sycl_ws/build/tutorial_interfaces
[20.695s] -- Install configuration: ""
[20.695s] -- Installing: /home/bobxu/ros_sycl_ws/install/tutorial_interfaces/share/ament_index/resource_index/rosidl_interfaces/tutorial_interfaces
[20.695s] -- Up-to-date: /home/bobxu/ros_sycl_ws/install/tutorial_interfaces/include/tutorial_interfaces/tutorial_interfaces
[20.695s] -- Up-to-date: /home/bobxu/ros_sycl_ws/install/tutorial_interfaces/include/tutorial_interfaces/tutorial_interfaces/srv
[20.696s] -- Installing: /home/bobxu/ros_sycl_ws/install/tutorial_interfaces/include/tutorial_interfaces/tutorial_interfaces/srv/add_three_ints.h
[20.696s] -- Up-to-date: /home/bobxu/ros_sycl_ws/install/tutorial_interfaces/include/tutorial_interfaces/tutorial_interfaces/srv/detail
[20.696s] -- Installing: /home/bobxu/ros_sycl_ws/install/tutorial_interfaces/include/tutorial_interfaces/tutorial_interfaces/srv/detail/add_three_ints__functions.h
[20.696s] -- Installing: /home/bobxu/ros_sycl_ws/install/tutorial_interfaces/include/tutorial_interfaces/tutorial_interfaces/srv/detail/add_three_ints__functions.c
[20.696s] -- Installing: /home/bobxu/ros_sycl_ws/install/tutorial_interfaces/include/tutorial_interfaces/tutorial_interfaces/srv/detail/add_three_ints__type_support.h
[20.696s] -- Installing: /home/bobxu/ros_sycl_ws/install/tutorial_interfaces/include/tutorial_interfaces/tutorial_interfaces/srv/detail/add_three_ints__struct.h
[20.696s] -- Up-to-date: /home/bobxu/ros_sycl_ws/install/tutorial_interfaces/include/tutorial_interfaces/tutorial_interfaces/msg
[20.696s] -- Installing: /home/bobxu/ros_sycl_ws/install/tutorial_interfaces/include/tutorial_interfaces/tutorial_interfaces/msg/num.h
[20.696s] -- Installing: /home/bobxu/ros_sycl_ws/install/tutorial_interfaces/include/tutorial_interfaces/tutorial_interfaces/msg/rosidl_generator_c__visibility_control.h
[20.696s] -- Up-to-date: /home/bobxu/ros_sycl_ws/install/tutorial_interfaces/include/tutorial_interfaces/tutorial_interfaces/msg/detail
[20.696s] -- Installing: /home/bobxu/ros_sycl_ws/install/tutorial_interfaces/include/tutorial_interfaces/tutorial_interfaces/msg/detail/sphere__functions.c
[20.696s] -- Installing: /home/bobxu/ros_sycl_ws/install/tutorial_interfaces/include/tutorial_interfaces/tutorial_interfaces/msg/detail/num__functions.c
[20.697s] -- Installing: /home/bobxu/ros_sycl_ws/install/tutorial_interfaces/include/tutorial_interfaces/tutorial_interfaces/msg/detail/num__functions.h
[20.697s] -- Installing: /home/bobxu/ros_sycl_ws/install/tutorial_interfaces/include/tutorial_interfaces/tutorial_interfaces/msg/detail/sphere__functions.h
[20.697s] -- Installing: /home/bobxu/ros_sycl_ws/install/tutorial_interfaces/include/tutorial_interfaces/tutorial_interfaces/msg/detail/sphere__type_support.h
[20.697s] -- Installing: /home/bobxu/ros_sycl_ws/install/tutorial_interfaces/include/tutorial_interfaces/tutorial_interfaces/msg/detail/num__struct.h
[20.697s] -- Installing: /home/bobxu/ros_sycl_ws/install/tutorial_interfaces/include/tutorial_interfaces/tutorial_interfaces/msg/detail/num__type_support.h
[20.697s] -- Installing: /home/bobxu/ros_sycl_ws/install/tutorial_interfaces/include/tutorial_interfaces/tutorial_interfaces/msg/detail/sphere__struct.h
[20.697s] -- Installing: /home/bobxu/ros_sycl_ws/install/tutorial_interfaces/include/tutorial_interfaces/tutorial_interfaces/msg/sphere.h
[20.697s] -- Up-to-date: /home/bobxu/ros_sycl_ws/install/tutorial_interfaces/share/tutorial_interfaces/environment/library_path.sh
[20.697s] -- Installing: /home/bobxu/ros_sycl_ws/install/tutorial_interfaces/share/tutorial_interfaces/environment/library_path.dsv
[20.697s] -- Installing: /home/bobxu/ros_sycl_ws/install/tutorial_interfaces/lib/libtutorial_interfaces__rosidl_generator_c.so
[20.698s] -- Set runtime path of "/home/bobxu/ros_sycl_ws/install/tutorial_interfaces/lib/libtutorial_interfaces__rosidl_generator_c.so" to ""
[20.698s] -- Up-to-date: /home/bobxu/ros_sycl_ws/install/tutorial_interfaces/include/tutorial_interfaces/tutorial_interfaces
[20.698s] -- Up-to-date: /home/bobxu/ros_sycl_ws/install/tutorial_interfaces/include/tutorial_interfaces/tutorial_interfaces/srv
[20.698s] -- Up-to-date: /home/bobxu/ros_sycl_ws/install/tutorial_interfaces/include/tutorial_interfaces/tutorial_interfaces/srv/detail
[20.698s] -- Installing: /home/bobxu/ros_sycl_ws/install/tutorial_interfaces/include/tutorial_interfaces/tutorial_interfaces/srv/detail/add_three_ints__rosidl_typesupport_fastrtps_c.h
[20.698s] -- Up-to-date: /home/bobxu/ros_sycl_ws/install/tutorial_interfaces/include/tutorial_interfaces/tutorial_interfaces/msg
[20.698s] -- Installing: /home/bobxu/ros_sycl_ws/install/tutorial_interfaces/include/tutorial_interfaces/tutorial_interfaces/msg/rosidl_typesupport_fastrtps_c__visibility_control.h
[20.698s] -- Up-to-date: /home/bobxu/ros_sycl_ws/install/tutorial_interfaces/include/tutorial_interfaces/tutorial_interfaces/msg/detail
[20.698s] -- Installing: /home/bobxu/ros_sycl_ws/install/tutorial_interfaces/include/tutorial_interfaces/tutorial_interfaces/msg/detail/num__rosidl_typesupport_fastrtps_c.h
[20.699s] -- Installing: /home/bobxu/ros_sycl_ws/install/tutorial_interfaces/include/tutorial_interfaces/tutorial_interfaces/msg/detail/sphere__rosidl_typesupport_fastrtps_c.h
[20.699s] -- Installing: /home/bobxu/ros_sycl_ws/install/tutorial_interfaces/lib/libtutorial_interfaces__rosidl_typesupport_fastrtps_c.so
[20.699s] -- Set runtime path of "/home/bobxu/ros_sycl_ws/install/tutorial_interfaces/lib/libtutorial_interfaces__rosidl_typesupport_fastrtps_c.so" to ""
[20.700s] -- Up-to-date: /home/bobxu/ros_sycl_ws/install/tutorial_interfaces/include/tutorial_interfaces/tutorial_interfaces
[20.700s] -- Up-to-date: /home/bobxu/ros_sycl_ws/install/tutorial_interfaces/include/tutorial_interfaces/tutorial_interfaces/srv
[20.700s] -- Installing: /home/bobxu/ros_sycl_ws/install/tutorial_interfaces/include/tutorial_interfaces/tutorial_interfaces/srv/add_three_ints.hpp
[20.700s] -- Up-to-date: /home/bobxu/ros_sycl_ws/install/tutorial_interfaces/include/tutorial_interfaces/tutorial_interfaces/srv/detail
[20.700s] -- Installing: /home/bobxu/ros_sycl_ws/install/tutorial_interfaces/include/tutorial_interfaces/tutorial_interfaces/srv/detail/add_three_ints__struct.hpp
[20.700s] -- Installing: /home/bobxu/ros_sycl_ws/install/tutorial_interfaces/include/tutorial_interfaces/tutorial_interfaces/srv/detail/add_three_ints__traits.hpp
[20.700s] -- Installing: /home/bobxu/ros_sycl_ws/install/tutorial_interfaces/include/tutorial_interfaces/tutorial_interfaces/srv/detail/add_three_ints__builder.hpp
[20.700s] -- Up-to-date: /home/bobxu/ros_sycl_ws/install/tutorial_interfaces/include/tutorial_interfaces/tutorial_interfaces/msg
[20.700s] -- Installing: /home/bobxu/ros_sycl_ws/install/tutorial_interfaces/include/tutorial_interfaces/tutorial_interfaces/msg/num.hpp
[20.700s] -- Installing: /home/bobxu/ros_sycl_ws/install/tutorial_interfaces/include/tutorial_interfaces/tutorial_interfaces/msg/sphere.hpp
[20.700s] -- Up-to-date: /home/bobxu/ros_sycl_ws/install/tutorial_interfaces/include/tutorial_interfaces/tutorial_interfaces/msg/detail
[20.701s] -- Installing: /home/bobxu/ros_sycl_ws/install/tutorial_interfaces/include/tutorial_interfaces/tutorial_interfaces/msg/detail/sphere__struct.hpp
[20.701s] -- Installing: /home/bobxu/ros_sycl_ws/install/tutorial_interfaces/include/tutorial_interfaces/tutorial_interfaces/msg/detail/num__traits.hpp
[20.701s] -- Installing: /home/bobxu/ros_sycl_ws/install/tutorial_interfaces/include/tutorial_interfaces/tutorial_interfaces/msg/detail/sphere__traits.hpp
[20.701s] -- Installing: /home/bobxu/ros_sycl_ws/install/tutorial_interfaces/include/tutorial_interfaces/tutorial_interfaces/msg/detail/sphere__builder.hpp
[20.701s] -- Installing: /home/bobxu/ros_sycl_ws/install/tutorial_interfaces/include/tutorial_interfaces/tutorial_interfaces/msg/detail/num__struct.hpp
[20.701s] -- Installing: /home/bobxu/ros_sycl_ws/install/tutorial_interfaces/include/tutorial_interfaces/tutorial_interfaces/msg/detail/num__builder.hpp
[20.701s] -- Up-to-date: /home/bobxu/ros_sycl_ws/install/tutorial_interfaces/include/tutorial_interfaces/tutorial_interfaces
[20.702s] -- Up-to-date: /home/bobxu/ros_sycl_ws/install/tutorial_interfaces/include/tutorial_interfaces/tutorial_interfaces/srv
[20.702s] -- Up-to-date: /home/bobxu/ros_sycl_ws/install/tutorial_interfaces/include/tutorial_interfaces/tutorial_interfaces/srv/detail
[20.702s] -- Installing: /home/bobxu/ros_sycl_ws/install/tutorial_interfaces/include/tutorial_interfaces/tutorial_interfaces/srv/detail/add_three_ints__rosidl_typesupport_fastrtps_cpp.hpp
[20.702s] -- Up-to-date: /home/bobxu/ros_sycl_ws/install/tutorial_interfaces/include/tutorial_interfaces/tutorial_interfaces/srv/detail/dds_fastrtps
[20.702s] -- Up-to-date: /home/bobxu/ros_sycl_ws/install/tutorial_interfaces/include/tutorial_interfaces/tutorial_interfaces/msg
[20.702s] -- Installing: /home/bobxu/ros_sycl_ws/install/tutorial_interfaces/include/tutorial_interfaces/tutorial_interfaces/msg/rosidl_typesupport_fastrtps_cpp__visibility_control.h
[20.702s] -- Up-to-date: /home/bobxu/ros_sycl_ws/install/tutorial_interfaces/include/tutorial_interfaces/tutorial_interfaces/msg/detail
[20.702s] -- Installing: /home/bobxu/ros_sycl_ws/install/tutorial_interfaces/include/tutorial_interfaces/tutorial_interfaces/msg/detail/sphere__rosidl_typesupport_fastrtps_cpp.hpp
[20.702s] -- Up-to-date: /home/bobxu/ros_sycl_ws/install/tutorial_interfaces/include/tutorial_interfaces/tutorial_interfaces/msg/detail/dds_fastrtps
[20.702s] -- Installing: /home/bobxu/ros_sycl_ws/install/tutorial_interfaces/include/tutorial_interfaces/tutorial_interfaces/msg/detail/num__rosidl_typesupport_fastrtps_cpp.hpp
[20.702s] -- Installing: /home/bobxu/ros_sycl_ws/install/tutorial_interfaces/lib/libtutorial_interfaces__rosidl_typesupport_fastrtps_cpp.so
[20.702s] -- Set runtime path of "/home/bobxu/ros_sycl_ws/install/tutorial_interfaces/lib/libtutorial_interfaces__rosidl_typesupport_fastrtps_cpp.so" to ""
[20.703s] -- Up-to-date: /home/bobxu/ros_sycl_ws/install/tutorial_interfaces/include/tutorial_interfaces/tutorial_interfaces
[20.703s] -- Up-to-date: /home/bobxu/ros_sycl_ws/install/tutorial_interfaces/include/tutorial_interfaces/tutorial_interfaces/srv
[20.703s] -- Up-to-date: /home/bobxu/ros_sycl_ws/install/tutorial_interfaces/include/tutorial_interfaces/tutorial_interfaces/srv/detail
[20.703s] -- Installing: /home/bobxu/ros_sycl_ws/install/tutorial_interfaces/include/tutorial_interfaces/tutorial_interfaces/srv/detail/add_three_ints__rosidl_typesupport_introspection_c.h
[20.703s] -- Installing: /home/bobxu/ros_sycl_ws/install/tutorial_interfaces/include/tutorial_interfaces/tutorial_interfaces/srv/detail/add_three_ints__type_support.c
[20.703s] -- Up-to-date: /home/bobxu/ros_sycl_ws/install/tutorial_interfaces/include/tutorial_interfaces/tutorial_interfaces/msg
[20.703s] -- Up-to-date: /home/bobxu/ros_sycl_ws/install/tutorial_interfaces/include/tutorial_interfaces/tutorial_interfaces/msg/detail
[20.703s] -- Installing: /home/bobxu/ros_sycl_ws/install/tutorial_interfaces/include/tutorial_interfaces/tutorial_interfaces/msg/detail/num__rosidl_typesupport_introspection_c.h
[20.703s] -- Installing: /home/bobxu/ros_sycl_ws/install/tutorial_interfaces/include/tutorial_interfaces/tutorial_interfaces/msg/detail/sphere__type_support.c
[20.703s] -- Installing: /home/bobxu/ros_sycl_ws/install/tutorial_interfaces/include/tutorial_interfaces/tutorial_interfaces/msg/detail/sphere__rosidl_typesupport_introspection_c.h
[20.703s] -- Installing: /home/bobxu/ros_sycl_ws/install/tutorial_interfaces/include/tutorial_interfaces/tutorial_interfaces/msg/detail/num__type_support.c
[20.703s] -- Installing: /home/bobxu/ros_sycl_ws/install/tutorial_interfaces/include/tutorial_interfaces/tutorial_interfaces/msg/rosidl_typesupport_introspection_c__visibility_control.h
[20.705s] -- Installing: /home/bobxu/ros_sycl_ws/install/tutorial_interfaces/lib/libtutorial_interfaces__rosidl_typesupport_introspection_c.so
[20.705s] -- Set runtime path of "/home/bobxu/ros_sycl_ws/install/tutorial_interfaces/lib/libtutorial_interfaces__rosidl_typesupport_introspection_c.so" to ""
[20.705s] -- Installing: /home/bobxu/ros_sycl_ws/install/tutorial_interfaces/lib/libtutorial_interfaces__rosidl_typesupport_c.so
[20.705s] -- Set runtime path of "/home/bobxu/ros_sycl_ws/install/tutorial_interfaces/lib/libtutorial_interfaces__rosidl_typesupport_c.so" to ""
[20.705s] -- Up-to-date: /home/bobxu/ros_sycl_ws/install/tutorial_interfaces/include/tutorial_interfaces/tutorial_interfaces
[20.705s] -- Up-to-date: /home/bobxu/ros_sycl_ws/install/tutorial_interfaces/include/tutorial_interfaces/tutorial_interfaces/srv
[20.705s] -- Up-to-date: /home/bobxu/ros_sycl_ws/install/tutorial_interfaces/include/tutorial_interfaces/tutorial_interfaces/srv/detail
[20.705s] -- Installing: /home/bobxu/ros_sycl_ws/install/tutorial_interfaces/include/tutorial_interfaces/tutorial_interfaces/srv/detail/add_three_ints__type_support.cpp
[20.705s] -- Installing: /home/bobxu/ros_sycl_ws/install/tutorial_interfaces/include/tutorial_interfaces/tutorial_interfaces/srv/detail/add_three_ints__rosidl_typesupport_introspection_cpp.hpp
[20.705s] -- Up-to-date: /home/bobxu/ros_sycl_ws/install/tutorial_interfaces/include/tutorial_interfaces/tutorial_interfaces/msg
[20.706s] -- Up-to-date: /home/bobxu/ros_sycl_ws/install/tutorial_interfaces/include/tutorial_interfaces/tutorial_interfaces/msg/detail
[20.706s] -- Installing: /home/bobxu/ros_sycl_ws/install/tutorial_interfaces/include/tutorial_interfaces/tutorial_interfaces/msg/detail/sphere__rosidl_typesupport_introspection_cpp.hpp
[20.706s] -- Installing: /home/bobxu/ros_sycl_ws/install/tutorial_interfaces/include/tutorial_interfaces/tutorial_interfaces/msg/detail/num__rosidl_typesupport_introspection_cpp.hpp
[20.706s] -- Installing: /home/bobxu/ros_sycl_ws/install/tutorial_interfaces/include/tutorial_interfaces/tutorial_interfaces/msg/detail/num__type_support.cpp
[20.706s] -- Installing: /home/bobxu/ros_sycl_ws/install/tutorial_interfaces/include/tutorial_interfaces/tutorial_interfaces/msg/detail/sphere__type_support.cpp
[20.706s] -- Installing: /home/bobxu/ros_sycl_ws/install/tutorial_interfaces/lib/libtutorial_interfaces__rosidl_typesupport_introspection_cpp.so
[20.706s] -- Set runtime path of "/home/bobxu/ros_sycl_ws/install/tutorial_interfaces/lib/libtutorial_interfaces__rosidl_typesupport_introspection_cpp.so" to ""
[20.712s] -- Installing: /home/bobxu/ros_sycl_ws/install/tutorial_interfaces/lib/libtutorial_interfaces__rosidl_typesupport_cpp.so
[20.712s] -- Set runtime path of "/home/bobxu/ros_sycl_ws/install/tutorial_interfaces/lib/libtutorial_interfaces__rosidl_typesupport_cpp.so" to ""
[20.713s] -- Installing: /home/bobxu/ros_sycl_ws/install/tutorial_interfaces/share/tutorial_interfaces/environment/pythonpath.sh
[20.713s] -- Installing: /home/bobxu/ros_sycl_ws/install/tutorial_interfaces/share/tutorial_interfaces/environment/pythonpath.dsv
[20.713s] -- Up-to-date: /home/bobxu/ros_sycl_ws/install/tutorial_interfaces/local/lib/python3.10/dist-packages/tutorial_interfaces-0.0.0-py3.10.egg-info
[20.713s] -- Installing: /home/bobxu/ros_sycl_ws/install/tutorial_interfaces/local/lib/python3.10/dist-packages/tutorial_interfaces-0.0.0-py3.10.egg-info/PKG-INFO
[20.713s] -- Installing: /home/bobxu/ros_sycl_ws/install/tutorial_interfaces/local/lib/python3.10/dist-packages/tutorial_interfaces-0.0.0-py3.10.egg-info/top_level.txt
[20.713s] -- Installing: /home/bobxu/ros_sycl_ws/install/tutorial_interfaces/local/lib/python3.10/dist-packages/tutorial_interfaces-0.0.0-py3.10.egg-info/dependency_links.txt
[20.713s] -- Installing: /home/bobxu/ros_sycl_ws/install/tutorial_interfaces/local/lib/python3.10/dist-packages/tutorial_interfaces-0.0.0-py3.10.egg-info/SOURCES.txt
[20.713s] -- Up-to-date: /home/bobxu/ros_sycl_ws/install/tutorial_interfaces/local/lib/python3.10/dist-packages/tutorial_interfaces
[20.713s] -- Installing: /home/bobxu/ros_sycl_ws/install/tutorial_interfaces/local/lib/python3.10/dist-packages/tutorial_interfaces/_tutorial_interfaces_s.ep.rosidl_typesupport_introspection_c.c
[20.713s] -- Installing: /home/bobxu/ros_sycl_ws/install/tutorial_interfaces/local/lib/python3.10/dist-packages/tutorial_interfaces/__init__.py
[20.713s] -- Installing: /home/bobxu/ros_sycl_ws/install/tutorial_interfaces/local/lib/python3.10/dist-packages/tutorial_interfaces/libtutorial_interfaces__rosidl_generator_py.so
[20.713s] -- Up-to-date: /home/bobxu/ros_sycl_ws/install/tutorial_interfaces/local/lib/python3.10/dist-packages/tutorial_interfaces/srv
[20.713s] -- Installing: /home/bobxu/ros_sycl_ws/install/tutorial_interfaces/local/lib/python3.10/dist-packages/tutorial_interfaces/srv/_add_three_ints_s.c
[20.713s] -- Installing: /home/bobxu/ros_sycl_ws/install/tutorial_interfaces/local/lib/python3.10/dist-packages/tutorial_interfaces/srv/__init__.py
[20.713s] -- Installing: /home/bobxu/ros_sycl_ws/install/tutorial_interfaces/local/lib/python3.10/dist-packages/tutorial_interfaces/srv/_add_three_ints.py
[20.713s] -- Installing: /home/bobxu/ros_sycl_ws/install/tutorial_interfaces/local/lib/python3.10/dist-packages/tutorial_interfaces/tutorial_interfaces_s__rosidl_typesupport_fastrtps_c.cpython-310-x86_64-linux-gnu.so
[20.713s] -- Installing: /home/bobxu/ros_sycl_ws/install/tutorial_interfaces/local/lib/python3.10/dist-packages/tutorial_interfaces/_tutorial_interfaces_s.ep.rosidl_typesupport_c.c
[20.713s] -- Installing: /home/bobxu/ros_sycl_ws/install/tutorial_interfaces/local/lib/python3.10/dist-packages/tutorial_interfaces/tutorial_interfaces_s__rosidl_typesupport_c.cpython-310-x86_64-linux-gnu.so
[20.713s] -- Installing: /home/bobxu/ros_sycl_ws/install/tutorial_interfaces/local/lib/python3.10/dist-packages/tutorial_interfaces/_tutorial_interfaces_s.ep.rosidl_typesupport_fastrtps_c.c
[20.713s] -- Installing: /home/bobxu/ros_sycl_ws/install/tutorial_interfaces/local/lib/python3.10/dist-packages/tutorial_interfaces/tutorial_interfaces_s__rosidl_typesupport_introspection_c.cpython-310-x86_64-linux-gnu.so
[20.713s] -- Up-to-date: /home/bobxu/ros_sycl_ws/install/tutorial_interfaces/local/lib/python3.10/dist-packages/tutorial_interfaces/msg
[20.713s] -- Installing: /home/bobxu/ros_sycl_ws/install/tutorial_interfaces/local/lib/python3.10/dist-packages/tutorial_interfaces/msg/_num.py
[20.714s] -- Installing: /home/bobxu/ros_sycl_ws/install/tutorial_interfaces/local/lib/python3.10/dist-packages/tutorial_interfaces/msg/__init__.py
[20.714s] -- Installing: /home/bobxu/ros_sycl_ws/install/tutorial_interfaces/local/lib/python3.10/dist-packages/tutorial_interfaces/msg/_sphere_s.c
[20.714s] -- Installing: /home/bobxu/ros_sycl_ws/install/tutorial_interfaces/local/lib/python3.10/dist-packages/tutorial_interfaces/msg/_num_s.c
[20.714s] -- Installing: /home/bobxu/ros_sycl_ws/install/tutorial_interfaces/local/lib/python3.10/dist-packages/tutorial_interfaces/msg/_sphere.py
[20.834s] Listing '/home/bobxu/ros_sycl_ws/install/tutorial_interfaces/local/lib/python3.10/dist-packages/tutorial_interfaces'...
[20.834s] Compiling '/home/bobxu/ros_sycl_ws/install/tutorial_interfaces/local/lib/python3.10/dist-packages/tutorial_interfaces/__init__.py'...
[20.834s] Listing '/home/bobxu/ros_sycl_ws/install/tutorial_interfaces/local/lib/python3.10/dist-packages/tutorial_interfaces/msg'...
[20.834s] Compiling '/home/bobxu/ros_sycl_ws/install/tutorial_interfaces/local/lib/python3.10/dist-packages/tutorial_interfaces/msg/__init__.py'...
[20.834s] Compiling '/home/bobxu/ros_sycl_ws/install/tutorial_interfaces/local/lib/python3.10/dist-packages/tutorial_interfaces/msg/_num.py'...
[20.834s] Compiling '/home/bobxu/ros_sycl_ws/install/tutorial_interfaces/local/lib/python3.10/dist-packages/tutorial_interfaces/msg/_sphere.py'...
[20.835s] Listing '/home/bobxu/ros_sycl_ws/install/tutorial_interfaces/local/lib/python3.10/dist-packages/tutorial_interfaces/srv'...
[20.835s] Compiling '/home/bobxu/ros_sycl_ws/install/tutorial_interfaces/local/lib/python3.10/dist-packages/tutorial_interfaces/srv/__init__.py'...
[20.835s] Compiling '/home/bobxu/ros_sycl_ws/install/tutorial_interfaces/local/lib/python3.10/dist-packages/tutorial_interfaces/srv/_add_three_ints.py'...
[20.838s] -- Installing: /home/bobxu/ros_sycl_ws/install/tutorial_interfaces/local/lib/python3.10/dist-packages/tutorial_interfaces/tutorial_interfaces_s__rosidl_typesupport_introspection_c.cpython-310-x86_64-linux-gnu.so
[20.838s] -- Set runtime path of "/home/bobxu/ros_sycl_ws/install/tutorial_interfaces/local/lib/python3.10/dist-packages/tutorial_interfaces/tutorial_interfaces_s__rosidl_typesupport_introspection_c.cpython-310-x86_64-linux-gnu.so" to ""
[20.838s] -- Installing: /home/bobxu/ros_sycl_ws/install/tutorial_interfaces/local/lib/python3.10/dist-packages/tutorial_interfaces/tutorial_interfaces_s__rosidl_typesupport_fastrtps_c.cpython-310-x86_64-linux-gnu.so
[20.839s] -- Set runtime path of "/home/bobxu/ros_sycl_ws/install/tutorial_interfaces/local/lib/python3.10/dist-packages/tutorial_interfaces/tutorial_interfaces_s__rosidl_typesupport_fastrtps_c.cpython-310-x86_64-linux-gnu.so" to ""
[20.839s] -- Installing: /home/bobxu/ros_sycl_ws/install/tutorial_interfaces/local/lib/python3.10/dist-packages/tutorial_interfaces/tutorial_interfaces_s__rosidl_typesupport_c.cpython-310-x86_64-linux-gnu.so
[20.839s] -- Set runtime path of "/home/bobxu/ros_sycl_ws/install/tutorial_interfaces/local/lib/python3.10/dist-packages/tutorial_interfaces/tutorial_interfaces_s__rosidl_typesupport_c.cpython-310-x86_64-linux-gnu.so" to ""
[20.839s] -- Installing: /home/bobxu/ros_sycl_ws/install/tutorial_interfaces/lib/libtutorial_interfaces__rosidl_generator_py.so
[20.840s] -- Set runtime path of "/home/bobxu/ros_sycl_ws/install/tutorial_interfaces/lib/libtutorial_interfaces__rosidl_generator_py.so" to ""
[20.840s] -- Installing: /home/bobxu/ros_sycl_ws/install/tutorial_interfaces/share/tutorial_interfaces/msg/Num.idl
[20.840s] -- Installing: /home/bobxu/ros_sycl_ws/install/tutorial_interfaces/share/tutorial_interfaces/msg/Sphere.idl
[20.840s] -- Installing: /home/bobxu/ros_sycl_ws/install/tutorial_interfaces/share/tutorial_interfaces/srv/AddThreeInts.idl
[20.841s] -- Up-to-date: /home/bobxu/ros_sycl_ws/install/tutorial_interfaces/share/tutorial_interfaces/msg/Num.msg
[20.842s] -- Up-to-date: /home/bobxu/ros_sycl_ws/install/tutorial_interfaces/share/tutorial_interfaces/msg/Sphere.msg
[20.842s] -- Up-to-date: /home/bobxu/ros_sycl_ws/install/tutorial_interfaces/share/tutorial_interfaces/srv/AddThreeInts.srv
[20.842s] -- Installing: /home/bobxu/ros_sycl_ws/install/tutorial_interfaces/share/tutorial_interfaces/srv/AddThreeInts_Request.msg
[20.842s] -- Installing: /home/bobxu/ros_sycl_ws/install/tutorial_interfaces/share/tutorial_interfaces/srv/AddThreeInts_Response.msg
[20.842s] -- Installing: /home/bobxu/ros_sycl_ws/install/tutorial_interfaces/share/ament_index/resource_index/package_run_dependencies/tutorial_interfaces
[20.842s] -- Installing: /home/bobxu/ros_sycl_ws/install/tutorial_interfaces/share/ament_index/resource_index/parent_prefix_path/tutorial_interfaces
[20.842s] -- Installing: /home/bobxu/ros_sycl_ws/install/tutorial_interfaces/share/tutorial_interfaces/environment/ament_prefix_path.dsv
[20.842s] -- Installing: /home/bobxu/ros_sycl_ws/install/tutorial_interfaces/share/tutorial_interfaces/environment/path.dsv
[20.842s] -- Installing: /home/bobxu/ros_sycl_ws/install/tutorial_interfaces/share/tutorial_interfaces/local_setup.bash
[20.842s] -- Installing: /home/bobxu/ros_sycl_ws/install/tutorial_interfaces/share/tutorial_interfaces/local_setup.sh
[20.842s] -- Installing: /home/bobxu/ros_sycl_ws/install/tutorial_interfaces/share/tutorial_interfaces/local_setup.zsh
[20.842s] -- Installing: /home/bobxu/ros_sycl_ws/install/tutorial_interfaces/share/tutorial_interfaces/local_setup.dsv
[20.842s] -- Installing: /home/bobxu/ros_sycl_ws/install/tutorial_interfaces/share/tutorial_interfaces/package.dsv
[20.842s] -- Installing: /home/bobxu/ros_sycl_ws/install/tutorial_interfaces/share/ament_index/resource_index/packages/tutorial_interfaces
[20.842s] -- Installing: /home/bobxu/ros_sycl_ws/install/tutorial_interfaces/share/tutorial_interfaces/cmake/export_tutorial_interfaces__rosidl_generator_cExport.cmake
[20.842s] -- Installing: /home/bobxu/ros_sycl_ws/install/tutorial_interfaces/share/tutorial_interfaces/cmake/export_tutorial_interfaces__rosidl_generator_cExport-noconfig.cmake
[20.842s] -- Installing: /home/bobxu/ros_sycl_ws/install/tutorial_interfaces/share/tutorial_interfaces/cmake/export_tutorial_interfaces__rosidl_typesupport_fastrtps_cExport.cmake
[20.842s] -- Installing: /home/bobxu/ros_sycl_ws/install/tutorial_interfaces/share/tutorial_interfaces/cmake/export_tutorial_interfaces__rosidl_typesupport_fastrtps_cExport-noconfig.cmake
[20.843s] -- Installing: /home/bobxu/ros_sycl_ws/install/tutorial_interfaces/share/tutorial_interfaces/cmake/export_tutorial_interfaces__rosidl_generator_cppExport.cmake
[20.843s] -- Installing: /home/bobxu/ros_sycl_ws/install/tutorial_interfaces/share/tutorial_interfaces/cmake/export_tutorial_interfaces__rosidl_typesupport_fastrtps_cppExport.cmake
[20.843s] -- Installing: /home/bobxu/ros_sycl_ws/install/tutorial_interfaces/share/tutorial_interfaces/cmake/export_tutorial_interfaces__rosidl_typesupport_fastrtps_cppExport-noconfig.cmake
[20.843s] -- Installing: /home/bobxu/ros_sycl_ws/install/tutorial_interfaces/share/tutorial_interfaces/cmake/tutorial_interfaces__rosidl_typesupport_introspection_cExport.cmake
[20.843s] -- Installing: /home/bobxu/ros_sycl_ws/install/tutorial_interfaces/share/tutorial_interfaces/cmake/tutorial_interfaces__rosidl_typesupport_introspection_cExport-noconfig.cmake
[20.843s] -- Installing: /home/bobxu/ros_sycl_ws/install/tutorial_interfaces/share/tutorial_interfaces/cmake/tutorial_interfaces__rosidl_typesupport_cExport.cmake
[20.843s] -- Installing: /home/bobxu/ros_sycl_ws/install/tutorial_interfaces/share/tutorial_interfaces/cmake/tutorial_interfaces__rosidl_typesupport_cExport-noconfig.cmake
[20.843s] -- Installing: /home/bobxu/ros_sycl_ws/install/tutorial_interfaces/share/tutorial_interfaces/cmake/tutorial_interfaces__rosidl_typesupport_introspection_cppExport.cmake
[20.843s] -- Installing: /home/bobxu/ros_sycl_ws/install/tutorial_interfaces/share/tutorial_interfaces/cmake/tutorial_interfaces__rosidl_typesupport_introspection_cppExport-noconfig.cmake
[20.844s] -- Installing: /home/bobxu/ros_sycl_ws/install/tutorial_interfaces/share/tutorial_interfaces/cmake/tutorial_interfaces__rosidl_typesupport_cppExport.cmake
[20.844s] -- Installing: /home/bobxu/ros_sycl_ws/install/tutorial_interfaces/share/tutorial_interfaces/cmake/tutorial_interfaces__rosidl_typesupport_cppExport-noconfig.cmake
[20.844s] -- Installing: /home/bobxu/ros_sycl_ws/install/tutorial_interfaces/share/tutorial_interfaces/cmake/export_tutorial_interfaces__rosidl_generator_pyExport.cmake
[20.844s] -- Installing: /home/bobxu/ros_sycl_ws/install/tutorial_interfaces/share/tutorial_interfaces/cmake/export_tutorial_interfaces__rosidl_generator_pyExport-noconfig.cmake
[20.844s] -- Installing: /home/bobxu/ros_sycl_ws/install/tutorial_interfaces/share/tutorial_interfaces/cmake/rosidl_cmake-extras.cmake
[20.844s] -- Installing: /home/bobxu/ros_sycl_ws/install/tutorial_interfaces/share/tutorial_interfaces/cmake/ament_cmake_export_dependencies-extras.cmake
[20.844s] -- Installing: /home/bobxu/ros_sycl_ws/install/tutorial_interfaces/share/tutorial_interfaces/cmake/ament_cmake_export_include_directories-extras.cmake
[20.844s] -- Installing: /home/bobxu/ros_sycl_ws/install/tutorial_interfaces/share/tutorial_interfaces/cmake/ament_cmake_export_libraries-extras.cmake
[20.844s] -- Installing: /home/bobxu/ros_sycl_ws/install/tutorial_interfaces/share/tutorial_interfaces/cmake/ament_cmake_export_targets-extras.cmake
[20.845s] -- Installing: /home/bobxu/ros_sycl_ws/install/tutorial_interfaces/share/tutorial_interfaces/cmake/rosidl_cmake_export_typesupport_targets-extras.cmake
[20.845s] -- Installing: /home/bobxu/ros_sycl_ws/install/tutorial_interfaces/share/tutorial_interfaces/cmake/rosidl_cmake_export_typesupport_libraries-extras.cmake
[20.845s] -- Installing: /home/bobxu/ros_sycl_ws/install/tutorial_interfaces/share/tutorial_interfaces/cmake/tutorial_interfacesConfig.cmake
[20.845s] -- Installing: /home/bobxu/ros_sycl_ws/install/tutorial_interfaces/share/tutorial_interfaces/cmake/tutorial_interfacesConfig-version.cmake
[20.845s] -- Up-to-date: /home/bobxu/ros_sycl_ws/install/tutorial_interfaces/share/tutorial_interfaces/package.xml
[20.856s] Invoked command in '/home/bobxu/ros_sycl_ws/build/tutorial_interfaces' returned '0': CMAKE_PREFIX_PATH=${CMAKE_PREFIX_PATH}:/home/bobxu/ws_moveit2/install/moveit_configs_utils:/home/bobxu/ws_moveit2/install/launch_param_builder:/home/bobxu/ros2_humble/install/rqt_bag_plugins:/home/bobxu/ros2_humble/install/rqt_bag:/home/bobxu/ros2_humble/install/ros2bag:/home/bobxu/ros2_humble/install/tracetools_test:/home/bobxu/ros2_humble/install/tracetools_launch:/home/bobxu/ros2_humble/install/topic_monitor:/home/bobxu/ros2_humble/install/tf2_tools:/home/bobxu/ros2_humble/install/examples_tf2_py:/home/bobxu/ros2_humble/install/tf2_ros_py:/home/bobxu/ros2_humble/install/sros2:/home/bobxu/ros2_humble/install/rqt_topic:/home/bobxu/ros2_humble/install/rqt_srv:/home/bobxu/ros2_humble/install/rqt_shell:/home/bobxu/ros2_humble/install/rqt_service_caller:/home/bobxu/ros2_humble/install/rqt_reconfigure:/home/bobxu/ros2_humble/install/rqt_py_console:/home/bobxu/ros2_humble/install/rqt_publisher:/home/bobxu/ros2_humble/install/rqt_plot:/home/bobxu/ros2_humble/install/rqt_action:/home/bobxu/ros2_humble/install/rqt_msg:/home/bobxu/ros2_humble/install/rqt_console:/home/bobxu/ros2_humble/install/rqt:/home/bobxu/ros2_humble/install/rqt_graph:/home/bobxu/ros2_humble/install/rqt_gui_py:/home/bobxu/ros2_humble/install/rqt_gui:/home/bobxu/ros2_humble/install/ros2trace:/home/bobxu/ros2_humble/install/ros2topic:/home/bobxu/ros2_humble/install/ros2test:/home/bobxu/ros2_humble/install/ros2component:/home/bobxu/ros2_humble/install/ros2param:/home/bobxu/ros2_humble/install/ros2lifecycle:/home/bobxu/ros2_humble/install/ros2service:/home/bobxu/ros2_humble/install/ros2run:/home/bobxu/ros2_humble/install/ros2launch:/home/bobxu/ros2_humble/install/ros2pkg:/home/bobxu/ros2_humble/install/ros2node:/home/bobxu/ros2_humble/install/ros2multicast:/home/bobxu/ros2_humble/install/ros2interface:/home/bobxu/ros2_humble/install/ros2doctor:/home/bobxu/ros2_humble/install/ros2action:/home/bobxu/ros2_humble/install/ros2cli:/home/bobxu/ros2_humble/install/quality_of_service_demo_py:/home/bobxu/ros2_humble/install/lifecycle_py:/home/bobxu/ros2_humble/install/launch_testing_ros:/home/bobxu/ros2_humble/install/launch_ros:/home/bobxu/ros2_humble/install/examples_rclpy_pointcloud_publisher:/home/bobxu/ros2_humble/install/examples_rclpy_minimal_subscriber:/home/bobxu/ros2_humble/install/examples_rclpy_minimal_service:/home/bobxu/ros2_humble/install/examples_rclpy_minimal_publisher:/home/bobxu/ros2_humble/install/examples_rclpy_minimal_client:/home/bobxu/ros2_humble/install/examples_rclpy_minimal_action_server:/home/bobxu/ros2_humble/install/examples_rclpy_minimal_action_client:/home/bobxu/ros2_humble/install/examples_rclpy_guard_conditions:/home/bobxu/ros2_humble/install/examples_rclpy_executors:/home/bobxu/ros2_humble/install/demo_nodes_py:/home/bobxu/ros2_humble/install/action_tutorials_py:/home/bobxu/ros2_humble/install/ament_uncrustify:/home/bobxu/ros2_humble/install/tracetools_trace:/home/bobxu/ros2_humble/install/tracetools_read:/home/bobxu/ros2_humble/install/test_tracetools_launch:/home/bobxu/ros2_humble/install/test_launch_ros:/home/bobxu/ros2_humble/install/sensor_msgs_py:/home/bobxu/ros2_humble/install/rpyutils:/home/bobxu/ros2_humble/install/rosidl_runtime_py:/home/bobxu/ros2_humble/install/rosidl_cli:/home/bobxu/ros2_humble/install/launch_pytest:/home/bobxu/ros2_humble/install/launch_testing:/home/bobxu/ros2_humble/install/launch_yaml:/home/bobxu/ros2_humble/install/launch_xml:/home/bobxu/ros2_humble/install/launch:/home/bobxu/ros2_humble/install/osrf_pycommon:/home/bobxu/ros2_humble/install/launch_testing_examples:/home/bobxu/ros2_humble/install/domain_coordinator:/home/bobxu/ros2_humble/install/ament_xmllint:/home/bobxu/ros2_humble/install/ament_pyflakes:/home/bobxu/ros2_humble/install/ament_pycodestyle:/home/bobxu/ros2_humble/install/ament_pep257:/home/bobxu/ros2_humble/install/ament_pclint:/home/bobxu/ros2_humble/install/ament_package:/home/bobxu/ros2_humble/install/ament_mypy:/home/bobxu/ros2_humble/install/ament_lint_cmake:/home/bobxu/ros2_humble/install/ament_flake8:/home/bobxu/ros2_humble/install/ament_copyright:/home/bobxu/ros2_humble/install/ament_lint:/home/bobxu/ros2_humble/install/ament_index_python:/home/bobxu/ros2_humble/install/ament_cpplint:/home/bobxu/ros2_humble/install/ament_cppcheck:/home/bobxu/ros2_humble/install/ament_clang_tidy:/home/bobxu/ros2_humble/install/ament_clang_format:/opt/ros/humble /usr/bin/cmake --install /home/bobxu/ros_sycl_ws/build/tutorial_interfaces
