-- Found ament_cmake: 1.3.4 (/home/bobxu/ros2_humble/install/ament_cmake/share/ament_cmake/cmake)
-- Override CMake install command with custom implementation using symlinks instead of copying resources
-- Found rclcpp: 16.0.4 (/home/bobxu/ros2_humble/install/rclcpp/share/rclcpp/cmake)
-- Found rosidl_generator_c: 3.1.4 (/home/bobxu/ros2_humble/install/rosidl_generator_c/share/rosidl_generator_c/cmake)
-- Found rosidl_adapter: 3.1.4 (/home/bobxu/ros2_humble/install/rosidl_adapter/share/rosidl_adapter/cmake)
-- Found rosidl_generator_cpp: 3.1.4 (/home/bobxu/ros2_humble/install/rosidl_generator_cpp/share/rosidl_generator_cpp/cmake)
-- Using all available rosidl_typesupport_c: rosidl_typesupport_introspection_c;rosidl_typesupport_fastrtps_c
-- Using all available rosidl_typesupport_cpp: rosidl_typesupport_introspection_cpp;rosidl_typesupport_fastrtps_cpp
-- Found rmw_implementation_cmake: 6.1.1 (/home/bobxu/ros2_humble/install/rmw_implementation_cmake/share/rmw_implementation_cmake/cmake)
-- Found rmw_fastrtps_cpp: 6.2.2 (/home/bobxu/ros2_humble/install/rmw_fastrtps_cpp/share/rmw_fastrtps_cpp/cmake)
-- Using RMW implementation 'rmw_fastrtps_cpp' as default
-- Found example_interfaces: 0.9.3 (/home/bobxu/ros2_humble/install/example_interfaces/share/example_interfaces/cmake)
-- Found ament_lint_auto: 0.12.6 (/home/bobxu/ros2_humble/install/ament_lint_auto/share/ament_lint_auto/cmake)
-- Added test 'cppcheck' to perform static code analysis on C / C++ code
-- Configured cppcheck include dirs: 
-- Configured cppcheck exclude dirs and/or files: 
-- Added test 'lint_cmake' to check CMake code style
-- Added test 'uncrustify' to check C / C++ code style
-- Configured uncrustify additional arguments: 
-- Added test 'xmllint' to check XML markup files
-- Configuring done
-- Generating done
-- Build files have been written to: /home/bobxu/ros_sycl_ws/build/cpp_srvcli
[35m[1mConsolidate compiler generated dependencies of target server[0m
[ 25%] [32m[1mLinking CXX executable server[0m
[35m[1mConsolidate compiler generated dependencies of target client[0m
[ 75%] Built target client
[100%] Built target server
-- Install configuration: ""
-- Execute custom install script
-- Symlinking: /home/bobxu/ros_sycl_ws/install/cpp_srvcli/lib/cpp_srvcli/server
-- Symlinking: /home/bobxu/ros_sycl_ws/install/cpp_srvcli/share/ament_index/resource_index/package_run_dependencies/cpp_srvcli
-- Symlinking: /home/bobxu/ros_sycl_ws/install/cpp_srvcli/share/ament_index/resource_index/parent_prefix_path/cpp_srvcli
-- Up-to-date symlink: /home/bobxu/ros_sycl_ws/install/cpp_srvcli/share/cpp_srvcli/environment/ament_prefix_path.sh
-- Symlinking: /home/bobxu/ros_sycl_ws/install/cpp_srvcli/share/cpp_srvcli/environment/ament_prefix_path.dsv
-- Up-to-date symlink: /home/bobxu/ros_sycl_ws/install/cpp_srvcli/share/cpp_srvcli/environment/path.sh
-- Symlinking: /home/bobxu/ros_sycl_ws/install/cpp_srvcli/share/cpp_srvcli/environment/path.dsv
-- Symlinking: /home/bobxu/ros_sycl_ws/install/cpp_srvcli/share/cpp_srvcli/local_setup.bash
-- Symlinking: /home/bobxu/ros_sycl_ws/install/cpp_srvcli/share/cpp_srvcli/local_setup.sh
-- Symlinking: /home/bobxu/ros_sycl_ws/install/cpp_srvcli/share/cpp_srvcli/local_setup.zsh
-- Symlinking: /home/bobxu/ros_sycl_ws/install/cpp_srvcli/share/cpp_srvcli/local_setup.dsv
-- Symlinking: /home/bobxu/ros_sycl_ws/install/cpp_srvcli/share/cpp_srvcli/package.dsv
-- Symlinking: /home/bobxu/ros_sycl_ws/install/cpp_srvcli/share/ament_index/resource_index/packages/cpp_srvcli
-- Symlinking: /home/bobxu/ros_sycl_ws/install/cpp_srvcli/share/cpp_srvcli/cmake/cpp_srvcliConfig.cmake
-- Symlinking: /home/bobxu/ros_sycl_ws/install/cpp_srvcli/share/cpp_srvcli/cmake/cpp_srvcliConfig-version.cmake
-- Symlinking: /home/bobxu/ros_sycl_ws/install/cpp_srvcli/share/cpp_srvcli/package.xml
