[0.475s] DEBUG:colcon:Command line arguments: ['/usr/bin/colcon', 'build', '--packages-select', 'cpp_pubsub']
[0.475s] DEBUG:colcon:Parsed command line arguments: Namespace(log_base=None, log_level=None, verb_name='build', build_base='build', install_base='install', merge_install=False, symlink_install=False, test_result_base=None, continue_on_error=False, executor='parallel', parallel_workers=2, event_handlers=None, ignore_user_meta=False, metas=['./colcon.meta'], base_paths=['.'], packages_ignore=None, packages_ignore_regex=None, paths=None, packages_up_to=None, packages_up_to_regex=None, packages_above=None, packages_above_and_dependencies=None, packages_above_depth=None, packages_select_by_dep=None, packages_skip_by_dep=None, packages_skip_up_to=None, packages_select_build_failed=False, packages_skip_build_finished=False, packages_select_test_failures=False, packages_skip_test_passed=False, packages_select=['cpp_pubsub'], packages_skip=None, packages_select_regex=None, packages_skip_regex=None, packages_start=None, packages_end=None, allow_overriding=[], cmake_args=None, cmake_target=None, cmake_target_skip_unavailable=False, cmake_clean_cache=False, cmake_clean_first=False, cmake_force_configure=False, ament_cmake_args=None, catkin_cmake_args=None, catkin_skip_building_tests=False, mixin_files=None, mixin=None, verb_parser=<colcon_mixin.mixin.mixin_argument.MixinArgumentDecorator object at 0x7f70779e5f60>, verb_extension=<colcon_core.verb.build.BuildVerb object at 0x7f70781b4b50>, main=<bound method BuildVerb.main of <colcon_core.verb.build.BuildVerb object at 0x7f70781b4b50>>, mixin_verb=('build',))
[0.513s] Level 1:colcon.colcon_core.package_discovery:discover_packages(colcon_meta) check parameters
[0.513s] Level 1:colcon.colcon_core.package_discovery:discover_packages(recursive) check parameters
[0.513s] Level 1:colcon.colcon_core.package_discovery:discover_packages(ignore) check parameters
[0.513s] Level 1:colcon.colcon_core.package_discovery:discover_packages(path) check parameters
[0.513s] Level 1:colcon.colcon_core.package_discovery:discover_packages(colcon_meta) discover
[0.513s] Level 1:colcon.colcon_core.package_discovery:discover_packages(recursive) discover
[0.513s] INFO:colcon.colcon_core.package_discovery:Crawling recursively for packages in '/home/bobxu/ros_sycl_ws/build/cpp_pubsub'
[0.513s] Level 1:colcon.colcon_core.package_identification:_identify(.) by extensions ['ignore', 'ignore_ament_install']
[0.513s] Level 1:colcon.colcon_core.package_identification:_identify(.) by extension 'ignore'
[0.513s] Level 1:colcon.colcon_core.package_identification:_identify(.) by extension 'ignore_ament_install'
[0.513s] Level 1:colcon.colcon_core.package_identification:_identify(.) by extensions ['colcon_pkg']
[0.514s] Level 1:colcon.colcon_core.package_identification:_identify(.) by extension 'colcon_pkg'
[0.514s] Level 1:colcon.colcon_core.package_identification:_identify(.) by extensions ['colcon_meta']
[0.514s] Level 1:colcon.colcon_core.package_identification:_identify(.) by extension 'colcon_meta'
[0.514s] Level 1:colcon.colcon_core.package_identification:_identify(.) by extensions ['ros']
[0.514s] Level 1:colcon.colcon_core.package_identification:_identify(.) by extension 'ros'
[0.525s] Level 1:colcon.colcon_core.package_identification:_identify(.) by extensions ['cmake', 'python']
[0.525s] Level 1:colcon.colcon_core.package_identification:_identify(.) by extension 'cmake'
[0.525s] Level 1:colcon.colcon_core.package_identification:_identify(.) by extension 'python'
[0.525s] Level 1:colcon.colcon_core.package_identification:_identify(.) by extensions ['python_setup_py']
[0.525s] Level 1:colcon.colcon_core.package_identification:_identify(.) by extension 'python_setup_py'
[0.526s] Level 1:colcon.colcon_core.package_identification:_identify(CMakeFiles) by extensions ['ignore', 'ignore_ament_install']
[0.526s] Level 1:colcon.colcon_core.package_identification:_identify(CMakeFiles) by extension 'ignore'
[0.526s] Level 1:colcon.colcon_core.package_identification:_identify(CMakeFiles) by extension 'ignore_ament_install'
[0.526s] Level 1:colcon.colcon_core.package_identification:_identify(CMakeFiles) by extensions ['colcon_pkg']
[0.526s] Level 1:colcon.colcon_core.package_identification:_identify(CMakeFiles) by extension 'colcon_pkg'
[0.526s] Level 1:colcon.colcon_core.package_identification:_identify(CMakeFiles) by extensions ['colcon_meta']
[0.526s] Level 1:colcon.colcon_core.package_identification:_identify(CMakeFiles) by extension 'colcon_meta'
[0.526s] Level 1:colcon.colcon_core.package_identification:_identify(CMakeFiles) by extensions ['ros']
[0.526s] Level 1:colcon.colcon_core.package_identification:_identify(CMakeFiles) by extension 'ros'
[0.526s] Level 1:colcon.colcon_core.package_identification:_identify(CMakeFiles) by extensions ['cmake', 'python']
[0.526s] Level 1:colcon.colcon_core.package_identification:_identify(CMakeFiles) by extension 'cmake'
[0.526s] Level 1:colcon.colcon_core.package_identification:_identify(CMakeFiles) by extension 'python'
[0.527s] Level 1:colcon.colcon_core.package_identification:_identify(CMakeFiles) by extensions ['python_setup_py']
[0.527s] Level 1:colcon.colcon_core.package_identification:_identify(CMakeFiles) by extension 'python_setup_py'
[0.527s] Level 1:colcon.colcon_core.package_identification:_identify(CMakeFiles/3.22.1) by extensions ['ignore', 'ignore_ament_install']
[0.527s] Level 1:colcon.colcon_core.package_identification:_identify(CMakeFiles/3.22.1) by extension 'ignore'
[0.527s] Level 1:colcon.colcon_core.package_identification:_identify(CMakeFiles/3.22.1) by extension 'ignore_ament_install'
[0.527s] Level 1:colcon.colcon_core.package_identification:_identify(CMakeFiles/3.22.1) by extensions ['colcon_pkg']
[0.527s] Level 1:colcon.colcon_core.package_identification:_identify(CMakeFiles/3.22.1) by extension 'colcon_pkg'
[0.527s] Level 1:colcon.colcon_core.package_identification:_identify(CMakeFiles/3.22.1) by extensions ['colcon_meta']
[0.527s] Level 1:colcon.colcon_core.package_identification:_identify(CMakeFiles/3.22.1) by extension 'colcon_meta'
[0.527s] Level 1:colcon.colcon_core.package_identification:_identify(CMakeFiles/3.22.1) by extensions ['ros']
[0.527s] Level 1:colcon.colcon_core.package_identification:_identify(CMakeFiles/3.22.1) by extension 'ros'
[0.528s] Level 1:colcon.colcon_core.package_identification:_identify(CMakeFiles/3.22.1) by extensions ['cmake', 'python']
[0.528s] Level 1:colcon.colcon_core.package_identification:_identify(CMakeFiles/3.22.1) by extension 'cmake'
[0.528s] Level 1:colcon.colcon_core.package_identification:_identify(CMakeFiles/3.22.1) by extension 'python'
[0.528s] Level 1:colcon.colcon_core.package_identification:_identify(CMakeFiles/3.22.1) by extensions ['python_setup_py']
[0.528s] Level 1:colcon.colcon_core.package_identification:_identify(CMakeFiles/3.22.1) by extension 'python_setup_py'
[0.528s] Level 1:colcon.colcon_core.package_identification:_identify(CMakeFiles/3.22.1/CompilerIdC) by extensions ['ignore', 'ignore_ament_install']
[0.528s] Level 1:colcon.colcon_core.package_identification:_identify(CMakeFiles/3.22.1/CompilerIdC) by extension 'ignore'
[0.528s] Level 1:colcon.colcon_core.package_identification:_identify(CMakeFiles/3.22.1/CompilerIdC) by extension 'ignore_ament_install'
[0.528s] Level 1:colcon.colcon_core.package_identification:_identify(CMakeFiles/3.22.1/CompilerIdC) by extensions ['colcon_pkg']
[0.528s] Level 1:colcon.colcon_core.package_identification:_identify(CMakeFiles/3.22.1/CompilerIdC) by extension 'colcon_pkg'
[0.529s] Level 1:colcon.colcon_core.package_identification:_identify(CMakeFiles/3.22.1/CompilerIdC) by extensions ['colcon_meta']
[0.529s] Level 1:colcon.colcon_core.package_identification:_identify(CMakeFiles/3.22.1/CompilerIdC) by extension 'colcon_meta'
[0.529s] Level 1:colcon.colcon_core.package_identification:_identify(CMakeFiles/3.22.1/CompilerIdC) by extensions ['ros']
[0.529s] Level 1:colcon.colcon_core.package_identification:_identify(CMakeFiles/3.22.1/CompilerIdC) by extension 'ros'
[0.529s] Level 1:colcon.colcon_core.package_identification:_identify(CMakeFiles/3.22.1/CompilerIdC) by extensions ['cmake', 'python']
[0.529s] Level 1:colcon.colcon_core.package_identification:_identify(CMakeFiles/3.22.1/CompilerIdC) by extension 'cmake'
[0.529s] Level 1:colcon.colcon_core.package_identification:_identify(CMakeFiles/3.22.1/CompilerIdC) by extension 'python'
[0.529s] Level 1:colcon.colcon_core.package_identification:_identify(CMakeFiles/3.22.1/CompilerIdC) by extensions ['python_setup_py']
[0.529s] Level 1:colcon.colcon_core.package_identification:_identify(CMakeFiles/3.22.1/CompilerIdC) by extension 'python_setup_py'
[0.530s] Level 1:colcon.colcon_core.package_identification:_identify(CMakeFiles/3.22.1/CompilerIdC/tmp) by extensions ['ignore', 'ignore_ament_install']
[0.530s] Level 1:colcon.colcon_core.package_identification:_identify(CMakeFiles/3.22.1/CompilerIdC/tmp) by extension 'ignore'
[0.530s] Level 1:colcon.colcon_core.package_identification:_identify(CMakeFiles/3.22.1/CompilerIdC/tmp) by extension 'ignore_ament_install'
[0.530s] Level 1:colcon.colcon_core.package_identification:_identify(CMakeFiles/3.22.1/CompilerIdC/tmp) by extensions ['colcon_pkg']
[0.530s] Level 1:colcon.colcon_core.package_identification:_identify(CMakeFiles/3.22.1/CompilerIdC/tmp) by extension 'colcon_pkg'
[0.530s] Level 1:colcon.colcon_core.package_identification:_identify(CMakeFiles/3.22.1/CompilerIdC/tmp) by extensions ['colcon_meta']
[0.530s] Level 1:colcon.colcon_core.package_identification:_identify(CMakeFiles/3.22.1/CompilerIdC/tmp) by extension 'colcon_meta'
[0.531s] Level 1:colcon.colcon_core.package_identification:_identify(CMakeFiles/3.22.1/CompilerIdC/tmp) by extensions ['ros']
[0.531s] Level 1:colcon.colcon_core.package_identification:_identify(CMakeFiles/3.22.1/CompilerIdC/tmp) by extension 'ros'
[0.531s] Level 1:colcon.colcon_core.package_identification:_identify(CMakeFiles/3.22.1/CompilerIdC/tmp) by extensions ['cmake', 'python']
[0.531s] Level 1:colcon.colcon_core.package_identification:_identify(CMakeFiles/3.22.1/CompilerIdC/tmp) by extension 'cmake'
[0.531s] Level 1:colcon.colcon_core.package_identification:_identify(CMakeFiles/3.22.1/CompilerIdC/tmp) by extension 'python'
[0.531s] Level 1:colcon.colcon_core.package_identification:_identify(CMakeFiles/3.22.1/CompilerIdC/tmp) by extensions ['python_setup_py']
[0.531s] Level 1:colcon.colcon_core.package_identification:_identify(CMakeFiles/3.22.1/CompilerIdC/tmp) by extension 'python_setup_py'
[0.532s] Level 1:colcon.colcon_core.package_identification:_identify(CMakeFiles/3.22.1/CompilerIdCXX) by extensions ['ignore', 'ignore_ament_install']
[0.532s] Level 1:colcon.colcon_core.package_identification:_identify(CMakeFiles/3.22.1/CompilerIdCXX) by extension 'ignore'
[0.532s] Level 1:colcon.colcon_core.package_identification:_identify(CMakeFiles/3.22.1/CompilerIdCXX) by extension 'ignore_ament_install'
[0.532s] Level 1:colcon.colcon_core.package_identification:_identify(CMakeFiles/3.22.1/CompilerIdCXX) by extensions ['colcon_pkg']
[0.532s] Level 1:colcon.colcon_core.package_identification:_identify(CMakeFiles/3.22.1/CompilerIdCXX) by extension 'colcon_pkg'
[0.532s] Level 1:colcon.colcon_core.package_identification:_identify(CMakeFiles/3.22.1/CompilerIdCXX) by extensions ['colcon_meta']
[0.532s] Level 1:colcon.colcon_core.package_identification:_identify(CMakeFiles/3.22.1/CompilerIdCXX) by extension 'colcon_meta'
[0.532s] Level 1:colcon.colcon_core.package_identification:_identify(CMakeFiles/3.22.1/CompilerIdCXX) by extensions ['ros']
[0.532s] Level 1:colcon.colcon_core.package_identification:_identify(CMakeFiles/3.22.1/CompilerIdCXX) by extension 'ros'
[0.532s] Level 1:colcon.colcon_core.package_identification:_identify(CMakeFiles/3.22.1/CompilerIdCXX) by extensions ['cmake', 'python']
[0.532s] Level 1:colcon.colcon_core.package_identification:_identify(CMakeFiles/3.22.1/CompilerIdCXX) by extension 'cmake'
[0.532s] Level 1:colcon.colcon_core.package_identification:_identify(CMakeFiles/3.22.1/CompilerIdCXX) by extension 'python'
[0.532s] Level 1:colcon.colcon_core.package_identification:_identify(CMakeFiles/3.22.1/CompilerIdCXX) by extensions ['python_setup_py']
[0.532s] Level 1:colcon.colcon_core.package_identification:_identify(CMakeFiles/3.22.1/CompilerIdCXX) by extension 'python_setup_py'
[0.533s] Level 1:colcon.colcon_core.package_identification:_identify(CMakeFiles/3.22.1/CompilerIdCXX/tmp) by extensions ['ignore', 'ignore_ament_install']
[0.533s] Level 1:colcon.colcon_core.package_identification:_identify(CMakeFiles/3.22.1/CompilerIdCXX/tmp) by extension 'ignore'
[0.533s] Level 1:colcon.colcon_core.package_identification:_identify(CMakeFiles/3.22.1/CompilerIdCXX/tmp) by extension 'ignore_ament_install'
[0.534s] Level 1:colcon.colcon_core.package_identification:_identify(CMakeFiles/3.22.1/CompilerIdCXX/tmp) by extensions ['colcon_pkg']
[0.534s] Level 1:colcon.colcon_core.package_identification:_identify(CMakeFiles/3.22.1/CompilerIdCXX/tmp) by extension 'colcon_pkg'
[0.534s] Level 1:colcon.colcon_core.package_identification:_identify(CMakeFiles/3.22.1/CompilerIdCXX/tmp) by extensions ['colcon_meta']
[0.534s] Level 1:colcon.colcon_core.package_identification:_identify(CMakeFiles/3.22.1/CompilerIdCXX/tmp) by extension 'colcon_meta'
[0.534s] Level 1:colcon.colcon_core.package_identification:_identify(CMakeFiles/3.22.1/CompilerIdCXX/tmp) by extensions ['ros']
[0.534s] Level 1:colcon.colcon_core.package_identification:_identify(CMakeFiles/3.22.1/CompilerIdCXX/tmp) by extension 'ros'
[0.534s] Level 1:colcon.colcon_core.package_identification:_identify(CMakeFiles/3.22.1/CompilerIdCXX/tmp) by extensions ['cmake', 'python']
[0.534s] Level 1:colcon.colcon_core.package_identification:_identify(CMakeFiles/3.22.1/CompilerIdCXX/tmp) by extension 'cmake'
[0.534s] Level 1:colcon.colcon_core.package_identification:_identify(CMakeFiles/3.22.1/CompilerIdCXX/tmp) by extension 'python'
[0.534s] Level 1:colcon.colcon_core.package_identification:_identify(CMakeFiles/3.22.1/CompilerIdCXX/tmp) by extensions ['python_setup_py']
[0.534s] Level 1:colcon.colcon_core.package_identification:_identify(CMakeFiles/3.22.1/CompilerIdCXX/tmp) by extension 'python_setup_py'
[0.534s] Level 1:colcon.colcon_core.package_identification:_identify(CMakeFiles/CMakeTmp) by extensions ['ignore', 'ignore_ament_install']
[0.534s] Level 1:colcon.colcon_core.package_identification:_identify(CMakeFiles/CMakeTmp) by extension 'ignore'
[0.534s] Level 1:colcon.colcon_core.package_identification:_identify(CMakeFiles/CMakeTmp) by extension 'ignore_ament_install'
[0.535s] Level 1:colcon.colcon_core.package_identification:_identify(CMakeFiles/CMakeTmp) by extensions ['colcon_pkg']
[0.535s] Level 1:colcon.colcon_core.package_identification:_identify(CMakeFiles/CMakeTmp) by extension 'colcon_pkg'
[0.535s] Level 1:colcon.colcon_core.package_identification:_identify(CMakeFiles/CMakeTmp) by extensions ['colcon_meta']
[0.535s] Level 1:colcon.colcon_core.package_identification:_identify(CMakeFiles/CMakeTmp) by extension 'colcon_meta'
[0.535s] Level 1:colcon.colcon_core.package_identification:_identify(CMakeFiles/CMakeTmp) by extensions ['ros']
[0.535s] Level 1:colcon.colcon_core.package_identification:_identify(CMakeFiles/CMakeTmp) by extension 'ros'
[0.535s] Level 1:colcon.colcon_core.package_identification:_identify(CMakeFiles/CMakeTmp) by extensions ['cmake', 'python']
[0.535s] Level 1:colcon.colcon_core.package_identification:_identify(CMakeFiles/CMakeTmp) by extension 'cmake'
[0.535s] Level 1:colcon.colcon_core.package_identification:_identify(CMakeFiles/CMakeTmp) by extension 'python'
[0.535s] Level 1:colcon.colcon_core.package_identification:_identify(CMakeFiles/CMakeTmp) by extensions ['python_setup_py']
[0.535s] Level 1:colcon.colcon_core.package_identification:_identify(CMakeFiles/CMakeTmp) by extension 'python_setup_py'
[0.536s] Level 1:colcon.colcon_core.package_identification:_identify(CMakeFiles/cpp_pubsub_uninstall.dir) by extensions ['ignore', 'ignore_ament_install']
[0.536s] Level 1:colcon.colcon_core.package_identification:_identify(CMakeFiles/cpp_pubsub_uninstall.dir) by extension 'ignore'
[0.536s] Level 1:colcon.colcon_core.package_identification:_identify(CMakeFiles/cpp_pubsub_uninstall.dir) by extension 'ignore_ament_install'
[0.537s] Level 1:colcon.colcon_core.package_identification:_identify(CMakeFiles/cpp_pubsub_uninstall.dir) by extensions ['colcon_pkg']
[0.537s] Level 1:colcon.colcon_core.package_identification:_identify(CMakeFiles/cpp_pubsub_uninstall.dir) by extension 'colcon_pkg'
[0.537s] Level 1:colcon.colcon_core.package_identification:_identify(CMakeFiles/cpp_pubsub_uninstall.dir) by extensions ['colcon_meta']
[0.537s] Level 1:colcon.colcon_core.package_identification:_identify(CMakeFiles/cpp_pubsub_uninstall.dir) by extension 'colcon_meta'
[0.537s] Level 1:colcon.colcon_core.package_identification:_identify(CMakeFiles/cpp_pubsub_uninstall.dir) by extensions ['ros']
[0.537s] Level 1:colcon.colcon_core.package_identification:_identify(CMakeFiles/cpp_pubsub_uninstall.dir) by extension 'ros'
[0.537s] Level 1:colcon.colcon_core.package_identification:_identify(CMakeFiles/cpp_pubsub_uninstall.dir) by extensions ['cmake', 'python']
[0.537s] Level 1:colcon.colcon_core.package_identification:_identify(CMakeFiles/cpp_pubsub_uninstall.dir) by extension 'cmake'
[0.537s] Level 1:colcon.colcon_core.package_identification:_identify(CMakeFiles/cpp_pubsub_uninstall.dir) by extension 'python'
[0.537s] Level 1:colcon.colcon_core.package_identification:_identify(CMakeFiles/cpp_pubsub_uninstall.dir) by extensions ['python_setup_py']
[0.537s] Level 1:colcon.colcon_core.package_identification:_identify(CMakeFiles/cpp_pubsub_uninstall.dir) by extension 'python_setup_py'
[0.537s] Level 1:colcon.colcon_core.package_identification:_identify(CMakeFiles/fpga_emu.dir) by extensions ['ignore', 'ignore_ament_install']
[0.538s] Level 1:colcon.colcon_core.package_identification:_identify(CMakeFiles/fpga_emu.dir) by extension 'ignore'
[0.538s] Level 1:colcon.colcon_core.package_identification:_identify(CMakeFiles/fpga_emu.dir) by extension 'ignore_ament_install'
[0.538s] Level 1:colcon.colcon_core.package_identification:_identify(CMakeFiles/fpga_emu.dir) by extensions ['colcon_pkg']
[0.538s] Level 1:colcon.colcon_core.package_identification:_identify(CMakeFiles/fpga_emu.dir) by extension 'colcon_pkg'
[0.538s] Level 1:colcon.colcon_core.package_identification:_identify(CMakeFiles/fpga_emu.dir) by extensions ['colcon_meta']
[0.538s] Level 1:colcon.colcon_core.package_identification:_identify(CMakeFiles/fpga_emu.dir) by extension 'colcon_meta'
[0.538s] Level 1:colcon.colcon_core.package_identification:_identify(CMakeFiles/fpga_emu.dir) by extensions ['ros']
[0.538s] Level 1:colcon.colcon_core.package_identification:_identify(CMakeFiles/fpga_emu.dir) by extension 'ros'
[0.538s] Level 1:colcon.colcon_core.package_identification:_identify(CMakeFiles/fpga_emu.dir) by extensions ['cmake', 'python']
[0.538s] Level 1:colcon.colcon_core.package_identification:_identify(CMakeFiles/fpga_emu.dir) by extension 'cmake'
[0.538s] Level 1:colcon.colcon_core.package_identification:_identify(CMakeFiles/fpga_emu.dir) by extension 'python'
[0.538s] Level 1:colcon.colcon_core.package_identification:_identify(CMakeFiles/fpga_emu.dir) by extensions ['python_setup_py']
[0.538s] Level 1:colcon.colcon_core.package_identification:_identify(CMakeFiles/fpga_emu.dir) by extension 'python_setup_py'
[0.538s] Level 1:colcon.colcon_core.package_identification:_identify(CMakeFiles/listener.fpga_emu.dir) by extensions ['ignore', 'ignore_ament_install']
[0.538s] Level 1:colcon.colcon_core.package_identification:_identify(CMakeFiles/listener.fpga_emu.dir) by extension 'ignore'
[0.538s] Level 1:colcon.colcon_core.package_identification:_identify(CMakeFiles/listener.fpga_emu.dir) by extension 'ignore_ament_install'
[0.538s] Level 1:colcon.colcon_core.package_identification:_identify(CMakeFiles/listener.fpga_emu.dir) by extensions ['colcon_pkg']
[0.539s] Level 1:colcon.colcon_core.package_identification:_identify(CMakeFiles/listener.fpga_emu.dir) by extension 'colcon_pkg'
[0.539s] Level 1:colcon.colcon_core.package_identification:_identify(CMakeFiles/listener.fpga_emu.dir) by extensions ['colcon_meta']
[0.539s] Level 1:colcon.colcon_core.package_identification:_identify(CMakeFiles/listener.fpga_emu.dir) by extension 'colcon_meta'
[0.539s] Level 1:colcon.colcon_core.package_identification:_identify(CMakeFiles/listener.fpga_emu.dir) by extensions ['ros']
[0.539s] Level 1:colcon.colcon_core.package_identification:_identify(CMakeFiles/listener.fpga_emu.dir) by extension 'ros'
[0.539s] Level 1:colcon.colcon_core.package_identification:_identify(CMakeFiles/listener.fpga_emu.dir) by extensions ['cmake', 'python']
[0.539s] Level 1:colcon.colcon_core.package_identification:_identify(CMakeFiles/listener.fpga_emu.dir) by extension 'cmake'
[0.539s] Level 1:colcon.colcon_core.package_identification:_identify(CMakeFiles/listener.fpga_emu.dir) by extension 'python'
[0.539s] Level 1:colcon.colcon_core.package_identification:_identify(CMakeFiles/listener.fpga_emu.dir) by extensions ['python_setup_py']
[0.539s] Level 1:colcon.colcon_core.package_identification:_identify(CMakeFiles/listener.fpga_emu.dir) by extension 'python_setup_py'
[0.539s] Level 1:colcon.colcon_core.package_identification:_identify(CMakeFiles/listener.fpga_emu.dir/src) by extensions ['ignore', 'ignore_ament_install']
[0.539s] Level 1:colcon.colcon_core.package_identification:_identify(CMakeFiles/listener.fpga_emu.dir/src) by extension 'ignore'
[0.539s] Level 1:colcon.colcon_core.package_identification:_identify(CMakeFiles/listener.fpga_emu.dir/src) by extension 'ignore_ament_install'
[0.539s] Level 1:colcon.colcon_core.package_identification:_identify(CMakeFiles/listener.fpga_emu.dir/src) by extensions ['colcon_pkg']
[0.539s] Level 1:colcon.colcon_core.package_identification:_identify(CMakeFiles/listener.fpga_emu.dir/src) by extension 'colcon_pkg'
[0.539s] Level 1:colcon.colcon_core.package_identification:_identify(CMakeFiles/listener.fpga_emu.dir/src) by extensions ['colcon_meta']
[0.539s] Level 1:colcon.colcon_core.package_identification:_identify(CMakeFiles/listener.fpga_emu.dir/src) by extension 'colcon_meta'
[0.539s] Level 1:colcon.colcon_core.package_identification:_identify(CMakeFiles/listener.fpga_emu.dir/src) by extensions ['ros']
[0.539s] Level 1:colcon.colcon_core.package_identification:_identify(CMakeFiles/listener.fpga_emu.dir/src) by extension 'ros'
[0.539s] Level 1:colcon.colcon_core.package_identification:_identify(CMakeFiles/listener.fpga_emu.dir/src) by extensions ['cmake', 'python']
[0.539s] Level 1:colcon.colcon_core.package_identification:_identify(CMakeFiles/listener.fpga_emu.dir/src) by extension 'cmake'
[0.539s] Level 1:colcon.colcon_core.package_identification:_identify(CMakeFiles/listener.fpga_emu.dir/src) by extension 'python'
[0.539s] Level 1:colcon.colcon_core.package_identification:_identify(CMakeFiles/listener.fpga_emu.dir/src) by extensions ['python_setup_py']
[0.539s] Level 1:colcon.colcon_core.package_identification:_identify(CMakeFiles/listener.fpga_emu.dir/src) by extension 'python_setup_py'
[0.540s] Level 1:colcon.colcon_core.package_identification:_identify(CMakeFiles/talker.dir) by extensions ['ignore', 'ignore_ament_install']
[0.540s] Level 1:colcon.colcon_core.package_identification:_identify(CMakeFiles/talker.dir) by extension 'ignore'
[0.540s] Level 1:colcon.colcon_core.package_identification:_identify(CMakeFiles/talker.dir) by extension 'ignore_ament_install'
[0.540s] Level 1:colcon.colcon_core.package_identification:_identify(CMakeFiles/talker.dir) by extensions ['colcon_pkg']
[0.540s] Level 1:colcon.colcon_core.package_identification:_identify(CMakeFiles/talker.dir) by extension 'colcon_pkg'
[0.540s] Level 1:colcon.colcon_core.package_identification:_identify(CMakeFiles/talker.dir) by extensions ['colcon_meta']
[0.540s] Level 1:colcon.colcon_core.package_identification:_identify(CMakeFiles/talker.dir) by extension 'colcon_meta'
[0.540s] Level 1:colcon.colcon_core.package_identification:_identify(CMakeFiles/talker.dir) by extensions ['ros']
[0.540s] Level 1:colcon.colcon_core.package_identification:_identify(CMakeFiles/talker.dir) by extension 'ros'
[0.540s] Level 1:colcon.colcon_core.package_identification:_identify(CMakeFiles/talker.dir) by extensions ['cmake', 'python']
[0.540s] Level 1:colcon.colcon_core.package_identification:_identify(CMakeFiles/talker.dir) by extension 'cmake'
[0.540s] Level 1:colcon.colcon_core.package_identification:_identify(CMakeFiles/talker.dir) by extension 'python'
[0.540s] Level 1:colcon.colcon_core.package_identification:_identify(CMakeFiles/talker.dir) by extensions ['python_setup_py']
[0.540s] Level 1:colcon.colcon_core.package_identification:_identify(CMakeFiles/talker.dir) by extension 'python_setup_py'
[0.540s] Level 1:colcon.colcon_core.package_identification:_identify(CMakeFiles/talker.dir/src) by extensions ['ignore', 'ignore_ament_install']
[0.540s] Level 1:colcon.colcon_core.package_identification:_identify(CMakeFiles/talker.dir/src) by extension 'ignore'
[0.540s] Level 1:colcon.colcon_core.package_identification:_identify(CMakeFiles/talker.dir/src) by extension 'ignore_ament_install'
[0.540s] Level 1:colcon.colcon_core.package_identification:_identify(CMakeFiles/talker.dir/src) by extensions ['colcon_pkg']
[0.540s] Level 1:colcon.colcon_core.package_identification:_identify(CMakeFiles/talker.dir/src) by extension 'colcon_pkg'
[0.541s] Level 1:colcon.colcon_core.package_identification:_identify(CMakeFiles/talker.dir/src) by extensions ['colcon_meta']
[0.541s] Level 1:colcon.colcon_core.package_identification:_identify(CMakeFiles/talker.dir/src) by extension 'colcon_meta'
[0.541s] Level 1:colcon.colcon_core.package_identification:_identify(CMakeFiles/talker.dir/src) by extensions ['ros']
[0.541s] Level 1:colcon.colcon_core.package_identification:_identify(CMakeFiles/talker.dir/src) by extension 'ros'
[0.541s] Level 1:colcon.colcon_core.package_identification:_identify(CMakeFiles/talker.dir/src) by extensions ['cmake', 'python']
[0.541s] Level 1:colcon.colcon_core.package_identification:_identify(CMakeFiles/talker.dir/src) by extension 'cmake'
[0.541s] Level 1:colcon.colcon_core.package_identification:_identify(CMakeFiles/talker.dir/src) by extension 'python'
[0.541s] Level 1:colcon.colcon_core.package_identification:_identify(CMakeFiles/talker.dir/src) by extensions ['python_setup_py']
[0.541s] Level 1:colcon.colcon_core.package_identification:_identify(CMakeFiles/talker.dir/src) by extension 'python_setup_py'
[0.541s] Level 1:colcon.colcon_core.package_identification:_identify(CMakeFiles/uninstall.dir) by extensions ['ignore', 'ignore_ament_install']
[0.541s] Level 1:colcon.colcon_core.package_identification:_identify(CMakeFiles/uninstall.dir) by extension 'ignore'
[0.541s] Level 1:colcon.colcon_core.package_identification:_identify(CMakeFiles/uninstall.dir) by extension 'ignore_ament_install'
[0.541s] Level 1:colcon.colcon_core.package_identification:_identify(CMakeFiles/uninstall.dir) by extensions ['colcon_pkg']
[0.541s] Level 1:colcon.colcon_core.package_identification:_identify(CMakeFiles/uninstall.dir) by extension 'colcon_pkg'
[0.541s] Level 1:colcon.colcon_core.package_identification:_identify(CMakeFiles/uninstall.dir) by extensions ['colcon_meta']
[0.541s] Level 1:colcon.colcon_core.package_identification:_identify(CMakeFiles/uninstall.dir) by extension 'colcon_meta'
[0.541s] Level 1:colcon.colcon_core.package_identification:_identify(CMakeFiles/uninstall.dir) by extensions ['ros']
[0.541s] Level 1:colcon.colcon_core.package_identification:_identify(CMakeFiles/uninstall.dir) by extension 'ros'
[0.542s] Level 1:colcon.colcon_core.package_identification:_identify(CMakeFiles/uninstall.dir) by extensions ['cmake', 'python']
[0.542s] Level 1:colcon.colcon_core.package_identification:_identify(CMakeFiles/uninstall.dir) by extension 'cmake'
[0.542s] Level 1:colcon.colcon_core.package_identification:_identify(CMakeFiles/uninstall.dir) by extension 'python'
[0.542s] Level 1:colcon.colcon_core.package_identification:_identify(CMakeFiles/uninstall.dir) by extensions ['python_setup_py']
[0.542s] Level 1:colcon.colcon_core.package_identification:_identify(CMakeFiles/uninstall.dir) by extension 'python_setup_py'
[0.542s] Level 1:colcon.colcon_core.package_identification:_identify(ament_cmake_core) by extensions ['ignore', 'ignore_ament_install']
[0.542s] Level 1:colcon.colcon_core.package_identification:_identify(ament_cmake_core) by extension 'ignore'
[0.542s] Level 1:colcon.colcon_core.package_identification:_identify(ament_cmake_core) by extension 'ignore_ament_install'
[0.542s] Level 1:colcon.colcon_core.package_identification:_identify(ament_cmake_core) by extensions ['colcon_pkg']
[0.542s] Level 1:colcon.colcon_core.package_identification:_identify(ament_cmake_core) by extension 'colcon_pkg'
[0.542s] Level 1:colcon.colcon_core.package_identification:_identify(ament_cmake_core) by extensions ['colcon_meta']
[0.542s] Level 1:colcon.colcon_core.package_identification:_identify(ament_cmake_core) by extension 'colcon_meta'
[0.543s] Level 1:colcon.colcon_core.package_identification:_identify(ament_cmake_core) by extensions ['ros']
[0.543s] Level 1:colcon.colcon_core.package_identification:_identify(ament_cmake_core) by extension 'ros'
[0.543s] Level 1:colcon.colcon_core.package_identification:_identify(ament_cmake_core) by extensions ['cmake', 'python']
[0.543s] Level 1:colcon.colcon_core.package_identification:_identify(ament_cmake_core) by extension 'cmake'
[0.543s] Level 1:colcon.colcon_core.package_identification:_identify(ament_cmake_core) by extension 'python'
[0.543s] Level 1:colcon.colcon_core.package_identification:_identify(ament_cmake_core) by extensions ['python_setup_py']
[0.543s] Level 1:colcon.colcon_core.package_identification:_identify(ament_cmake_core) by extension 'python_setup_py'
[0.543s] Level 1:colcon.colcon_core.package_identification:_identify(ament_cmake_core/stamps) by extensions ['ignore', 'ignore_ament_install']
[0.543s] Level 1:colcon.colcon_core.package_identification:_identify(ament_cmake_core/stamps) by extension 'ignore'
[0.543s] Level 1:colcon.colcon_core.package_identification:_identify(ament_cmake_core/stamps) by extension 'ignore_ament_install'
[0.543s] Level 1:colcon.colcon_core.package_identification:_identify(ament_cmake_core/stamps) by extensions ['colcon_pkg']
[0.543s] Level 1:colcon.colcon_core.package_identification:_identify(ament_cmake_core/stamps) by extension 'colcon_pkg'
[0.543s] Level 1:colcon.colcon_core.package_identification:_identify(ament_cmake_core/stamps) by extensions ['colcon_meta']
[0.543s] Level 1:colcon.colcon_core.package_identification:_identify(ament_cmake_core/stamps) by extension 'colcon_meta'
[0.544s] Level 1:colcon.colcon_core.package_identification:_identify(ament_cmake_core/stamps) by extensions ['ros']
[0.544s] Level 1:colcon.colcon_core.package_identification:_identify(ament_cmake_core/stamps) by extension 'ros'
[0.544s] Level 1:colcon.colcon_core.package_identification:_identify(ament_cmake_core/stamps) by extensions ['cmake', 'python']
[0.544s] Level 1:colcon.colcon_core.package_identification:_identify(ament_cmake_core/stamps) by extension 'cmake'
[0.544s] Level 1:colcon.colcon_core.package_identification:_identify(ament_cmake_core/stamps) by extension 'python'
[0.544s] Level 1:colcon.colcon_core.package_identification:_identify(ament_cmake_core/stamps) by extensions ['python_setup_py']
[0.544s] Level 1:colcon.colcon_core.package_identification:_identify(ament_cmake_core/stamps) by extension 'python_setup_py'
[0.544s] Level 1:colcon.colcon_core.package_identification:_identify(ament_cmake_environment_hooks) by extensions ['ignore', 'ignore_ament_install']
[0.544s] Level 1:colcon.colcon_core.package_identification:_identify(ament_cmake_environment_hooks) by extension 'ignore'
[0.545s] Level 1:colcon.colcon_core.package_identification:_identify(ament_cmake_environment_hooks) by extension 'ignore_ament_install'
[0.545s] Level 1:colcon.colcon_core.package_identification:_identify(ament_cmake_environment_hooks) by extensions ['colcon_pkg']
[0.545s] Level 1:colcon.colcon_core.package_identification:_identify(ament_cmake_environment_hooks) by extension 'colcon_pkg'
[0.545s] Level 1:colcon.colcon_core.package_identification:_identify(ament_cmake_environment_hooks) by extensions ['colcon_meta']
[0.545s] Level 1:colcon.colcon_core.package_identification:_identify(ament_cmake_environment_hooks) by extension 'colcon_meta'
[0.545s] Level 1:colcon.colcon_core.package_identification:_identify(ament_cmake_environment_hooks) by extensions ['ros']
[0.545s] Level 1:colcon.colcon_core.package_identification:_identify(ament_cmake_environment_hooks) by extension 'ros'
[0.545s] Level 1:colcon.colcon_core.package_identification:_identify(ament_cmake_environment_hooks) by extensions ['cmake', 'python']
[0.545s] Level 1:colcon.colcon_core.package_identification:_identify(ament_cmake_environment_hooks) by extension 'cmake'
[0.545s] Level 1:colcon.colcon_core.package_identification:_identify(ament_cmake_environment_hooks) by extension 'python'
[0.545s] Level 1:colcon.colcon_core.package_identification:_identify(ament_cmake_environment_hooks) by extensions ['python_setup_py']
[0.545s] Level 1:colcon.colcon_core.package_identification:_identify(ament_cmake_environment_hooks) by extension 'python_setup_py'
[0.546s] Level 1:colcon.colcon_core.package_identification:_identify(ament_cmake_index) by extensions ['ignore', 'ignore_ament_install']
[0.546s] Level 1:colcon.colcon_core.package_identification:_identify(ament_cmake_index) by extension 'ignore'
[0.546s] Level 1:colcon.colcon_core.package_identification:_identify(ament_cmake_index) by extension 'ignore_ament_install'
[0.546s] Level 1:colcon.colcon_core.package_identification:_identify(ament_cmake_index) by extensions ['colcon_pkg']
[0.546s] Level 1:colcon.colcon_core.package_identification:_identify(ament_cmake_index) by extension 'colcon_pkg'
[0.546s] Level 1:colcon.colcon_core.package_identification:_identify(ament_cmake_index) by extensions ['colcon_meta']
[0.546s] Level 1:colcon.colcon_core.package_identification:_identify(ament_cmake_index) by extension 'colcon_meta'
[0.546s] Level 1:colcon.colcon_core.package_identification:_identify(ament_cmake_index) by extensions ['ros']
[0.546s] Level 1:colcon.colcon_core.package_identification:_identify(ament_cmake_index) by extension 'ros'
[0.546s] Level 1:colcon.colcon_core.package_identification:_identify(ament_cmake_index) by extensions ['cmake', 'python']
[0.546s] Level 1:colcon.colcon_core.package_identification:_identify(ament_cmake_index) by extension 'cmake'
[0.546s] Level 1:colcon.colcon_core.package_identification:_identify(ament_cmake_index) by extension 'python'
[0.546s] Level 1:colcon.colcon_core.package_identification:_identify(ament_cmake_index) by extensions ['python_setup_py']
[0.546s] Level 1:colcon.colcon_core.package_identification:_identify(ament_cmake_index) by extension 'python_setup_py'
[0.546s] Level 1:colcon.colcon_core.package_identification:_identify(ament_cmake_index/share) by extensions ['ignore', 'ignore_ament_install']
[0.547s] Level 1:colcon.colcon_core.package_identification:_identify(ament_cmake_index/share) by extension 'ignore'
[0.547s] Level 1:colcon.colcon_core.package_identification:_identify(ament_cmake_index/share) by extension 'ignore_ament_install'
[0.547s] Level 1:colcon.colcon_core.package_identification:_identify(ament_cmake_index/share) by extensions ['colcon_pkg']
[0.547s] Level 1:colcon.colcon_core.package_identification:_identify(ament_cmake_index/share) by extension 'colcon_pkg'
[0.547s] Level 1:colcon.colcon_core.package_identification:_identify(ament_cmake_index/share) by extensions ['colcon_meta']
[0.547s] Level 1:colcon.colcon_core.package_identification:_identify(ament_cmake_index/share) by extension 'colcon_meta'
[0.547s] Level 1:colcon.colcon_core.package_identification:_identify(ament_cmake_index/share) by extensions ['ros']
[0.547s] Level 1:colcon.colcon_core.package_identification:_identify(ament_cmake_index/share) by extension 'ros'
[0.547s] Level 1:colcon.colcon_core.package_identification:_identify(ament_cmake_index/share) by extensions ['cmake', 'python']
[0.547s] Level 1:colcon.colcon_core.package_identification:_identify(ament_cmake_index/share) by extension 'cmake'
[0.547s] Level 1:colcon.colcon_core.package_identification:_identify(ament_cmake_index/share) by extension 'python'
[0.547s] Level 1:colcon.colcon_core.package_identification:_identify(ament_cmake_index/share) by extensions ['python_setup_py']
[0.547s] Level 1:colcon.colcon_core.package_identification:_identify(ament_cmake_index/share) by extension 'python_setup_py'
[0.547s] Level 1:colcon.colcon_core.package_identification:_identify(ament_cmake_index/share/ament_index) by extensions ['ignore', 'ignore_ament_install']
[0.548s] Level 1:colcon.colcon_core.package_identification:_identify(ament_cmake_index/share/ament_index) by extension 'ignore'
[0.548s] Level 1:colcon.colcon_core.package_identification:_identify(ament_cmake_index/share/ament_index) by extension 'ignore_ament_install'
[0.548s] Level 1:colcon.colcon_core.package_identification:_identify(ament_cmake_index/share/ament_index) by extensions ['colcon_pkg']
[0.548s] Level 1:colcon.colcon_core.package_identification:_identify(ament_cmake_index/share/ament_index) by extension 'colcon_pkg'
[0.548s] Level 1:colcon.colcon_core.package_identification:_identify(ament_cmake_index/share/ament_index) by extensions ['colcon_meta']
[0.548s] Level 1:colcon.colcon_core.package_identification:_identify(ament_cmake_index/share/ament_index) by extension 'colcon_meta'
[0.548s] Level 1:colcon.colcon_core.package_identification:_identify(ament_cmake_index/share/ament_index) by extensions ['ros']
[0.548s] Level 1:colcon.colcon_core.package_identification:_identify(ament_cmake_index/share/ament_index) by extension 'ros'
[0.548s] Level 1:colcon.colcon_core.package_identification:_identify(ament_cmake_index/share/ament_index) by extensions ['cmake', 'python']
[0.548s] Level 1:colcon.colcon_core.package_identification:_identify(ament_cmake_index/share/ament_index) by extension 'cmake'
[0.548s] Level 1:colcon.colcon_core.package_identification:_identify(ament_cmake_index/share/ament_index) by extension 'python'
[0.548s] Level 1:colcon.colcon_core.package_identification:_identify(ament_cmake_index/share/ament_index) by extensions ['python_setup_py']
[0.548s] Level 1:colcon.colcon_core.package_identification:_identify(ament_cmake_index/share/ament_index) by extension 'python_setup_py'
[0.548s] Level 1:colcon.colcon_core.package_identification:_identify(ament_cmake_index/share/ament_index/resource_index) by extensions ['ignore', 'ignore_ament_install']
[0.549s] Level 1:colcon.colcon_core.package_identification:_identify(ament_cmake_index/share/ament_index/resource_index) by extension 'ignore'
[0.549s] Level 1:colcon.colcon_core.package_identification:_identify(ament_cmake_index/share/ament_index/resource_index) by extension 'ignore_ament_install'
[0.549s] Level 1:colcon.colcon_core.package_identification:_identify(ament_cmake_index/share/ament_index/resource_index) by extensions ['colcon_pkg']
[0.549s] Level 1:colcon.colcon_core.package_identification:_identify(ament_cmake_index/share/ament_index/resource_index) by extension 'colcon_pkg'
[0.549s] Level 1:colcon.colcon_core.package_identification:_identify(ament_cmake_index/share/ament_index/resource_index) by extensions ['colcon_meta']
[0.549s] Level 1:colcon.colcon_core.package_identification:_identify(ament_cmake_index/share/ament_index/resource_index) by extension 'colcon_meta'
[0.549s] Level 1:colcon.colcon_core.package_identification:_identify(ament_cmake_index/share/ament_index/resource_index) by extensions ['ros']
[0.549s] Level 1:colcon.colcon_core.package_identification:_identify(ament_cmake_index/share/ament_index/resource_index) by extension 'ros'
[0.549s] Level 1:colcon.colcon_core.package_identification:_identify(ament_cmake_index/share/ament_index/resource_index) by extensions ['cmake', 'python']
[0.549s] Level 1:colcon.colcon_core.package_identification:_identify(ament_cmake_index/share/ament_index/resource_index) by extension 'cmake'
[0.549s] Level 1:colcon.colcon_core.package_identification:_identify(ament_cmake_index/share/ament_index/resource_index) by extension 'python'
[0.549s] Level 1:colcon.colcon_core.package_identification:_identify(ament_cmake_index/share/ament_index/resource_index) by extensions ['python_setup_py']
[0.549s] Level 1:colcon.colcon_core.package_identification:_identify(ament_cmake_index/share/ament_index/resource_index) by extension 'python_setup_py'
[0.550s] Level 1:colcon.colcon_core.package_identification:_identify(ament_cmake_index/share/ament_index/resource_index/package_run_dependencies) by extensions ['ignore', 'ignore_ament_install']
[0.550s] Level 1:colcon.colcon_core.package_identification:_identify(ament_cmake_index/share/ament_index/resource_index/package_run_dependencies) by extension 'ignore'
[0.550s] Level 1:colcon.colcon_core.package_identification:_identify(ament_cmake_index/share/ament_index/resource_index/package_run_dependencies) by extension 'ignore_ament_install'
[0.550s] Level 1:colcon.colcon_core.package_identification:_identify(ament_cmake_index/share/ament_index/resource_index/package_run_dependencies) by extensions ['colcon_pkg']
[0.550s] Level 1:colcon.colcon_core.package_identification:_identify(ament_cmake_index/share/ament_index/resource_index/package_run_dependencies) by extension 'colcon_pkg'
[0.551s] Level 1:colcon.colcon_core.package_identification:_identify(ament_cmake_index/share/ament_index/resource_index/package_run_dependencies) by extensions ['colcon_meta']
[0.551s] Level 1:colcon.colcon_core.package_identification:_identify(ament_cmake_index/share/ament_index/resource_index/package_run_dependencies) by extension 'colcon_meta'
[0.551s] Level 1:colcon.colcon_core.package_identification:_identify(ament_cmake_index/share/ament_index/resource_index/package_run_dependencies) by extensions ['ros']
[0.551s] Level 1:colcon.colcon_core.package_identification:_identify(ament_cmake_index/share/ament_index/resource_index/package_run_dependencies) by extension 'ros'
[0.551s] Level 1:colcon.colcon_core.package_identification:_identify(ament_cmake_index/share/ament_index/resource_index/package_run_dependencies) by extensions ['cmake', 'python']
[0.551s] Level 1:colcon.colcon_core.package_identification:_identify(ament_cmake_index/share/ament_index/resource_index/package_run_dependencies) by extension 'cmake'
[0.551s] Level 1:colcon.colcon_core.package_identification:_identify(ament_cmake_index/share/ament_index/resource_index/package_run_dependencies) by extension 'python'
[0.551s] Level 1:colcon.colcon_core.package_identification:_identify(ament_cmake_index/share/ament_index/resource_index/package_run_dependencies) by extensions ['python_setup_py']
[0.551s] Level 1:colcon.colcon_core.package_identification:_identify(ament_cmake_index/share/ament_index/resource_index/package_run_dependencies) by extension 'python_setup_py'
[0.551s] Level 1:colcon.colcon_core.package_identification:_identify(ament_cmake_index/share/ament_index/resource_index/packages) by extensions ['ignore', 'ignore_ament_install']
[0.551s] Level 1:colcon.colcon_core.package_identification:_identify(ament_cmake_index/share/ament_index/resource_index/packages) by extension 'ignore'
[0.551s] Level 1:colcon.colcon_core.package_identification:_identify(ament_cmake_index/share/ament_index/resource_index/packages) by extension 'ignore_ament_install'
[0.551s] Level 1:colcon.colcon_core.package_identification:_identify(ament_cmake_index/share/ament_index/resource_index/packages) by extensions ['colcon_pkg']
[0.551s] Level 1:colcon.colcon_core.package_identification:_identify(ament_cmake_index/share/ament_index/resource_index/packages) by extension 'colcon_pkg'
[0.551s] Level 1:colcon.colcon_core.package_identification:_identify(ament_cmake_index/share/ament_index/resource_index/packages) by extensions ['colcon_meta']
[0.551s] Level 1:colcon.colcon_core.package_identification:_identify(ament_cmake_index/share/ament_index/resource_index/packages) by extension 'colcon_meta'
[0.551s] Level 1:colcon.colcon_core.package_identification:_identify(ament_cmake_index/share/ament_index/resource_index/packages) by extensions ['ros']
[0.551s] Level 1:colcon.colcon_core.package_identification:_identify(ament_cmake_index/share/ament_index/resource_index/packages) by extension 'ros'
[0.551s] Level 1:colcon.colcon_core.package_identification:_identify(ament_cmake_index/share/ament_index/resource_index/packages) by extensions ['cmake', 'python']
[0.552s] Level 1:colcon.colcon_core.package_identification:_identify(ament_cmake_index/share/ament_index/resource_index/packages) by extension 'cmake'
[0.552s] Level 1:colcon.colcon_core.package_identification:_identify(ament_cmake_index/share/ament_index/resource_index/packages) by extension 'python'
[0.552s] Level 1:colcon.colcon_core.package_identification:_identify(ament_cmake_index/share/ament_index/resource_index/packages) by extensions ['python_setup_py']
[0.552s] Level 1:colcon.colcon_core.package_identification:_identify(ament_cmake_index/share/ament_index/resource_index/packages) by extension 'python_setup_py'
[0.552s] Level 1:colcon.colcon_core.package_identification:_identify(ament_cmake_index/share/ament_index/resource_index/parent_prefix_path) by extensions ['ignore', 'ignore_ament_install']
[0.552s] Level 1:colcon.colcon_core.package_identification:_identify(ament_cmake_index/share/ament_index/resource_index/parent_prefix_path) by extension 'ignore'
[0.552s] Level 1:colcon.colcon_core.package_identification:_identify(ament_cmake_index/share/ament_index/resource_index/parent_prefix_path) by extension 'ignore_ament_install'
[0.552s] Level 1:colcon.colcon_core.package_identification:_identify(ament_cmake_index/share/ament_index/resource_index/parent_prefix_path) by extensions ['colcon_pkg']
[0.552s] Level 1:colcon.colcon_core.package_identification:_identify(ament_cmake_index/share/ament_index/resource_index/parent_prefix_path) by extension 'colcon_pkg'
[0.552s] Level 1:colcon.colcon_core.package_identification:_identify(ament_cmake_index/share/ament_index/resource_index/parent_prefix_path) by extensions ['colcon_meta']
[0.552s] Level 1:colcon.colcon_core.package_identification:_identify(ament_cmake_index/share/ament_index/resource_index/parent_prefix_path) by extension 'colcon_meta'
[0.552s] Level 1:colcon.colcon_core.package_identification:_identify(ament_cmake_index/share/ament_index/resource_index/parent_prefix_path) by extensions ['ros']
[0.552s] Level 1:colcon.colcon_core.package_identification:_identify(ament_cmake_index/share/ament_index/resource_index/parent_prefix_path) by extension 'ros'
[0.552s] Level 1:colcon.colcon_core.package_identification:_identify(ament_cmake_index/share/ament_index/resource_index/parent_prefix_path) by extensions ['cmake', 'python']
[0.552s] Level 1:colcon.colcon_core.package_identification:_identify(ament_cmake_index/share/ament_index/resource_index/parent_prefix_path) by extension 'cmake'
[0.552s] Level 1:colcon.colcon_core.package_identification:_identify(ament_cmake_index/share/ament_index/resource_index/parent_prefix_path) by extension 'python'
[0.552s] Level 1:colcon.colcon_core.package_identification:_identify(ament_cmake_index/share/ament_index/resource_index/parent_prefix_path) by extensions ['python_setup_py']
[0.552s] Level 1:colcon.colcon_core.package_identification:_identify(ament_cmake_index/share/ament_index/resource_index/parent_prefix_path) by extension 'python_setup_py'
[0.553s] Level 1:colcon.colcon_core.package_identification:_identify(ament_cmake_package_templates) by extensions ['ignore', 'ignore_ament_install']
[0.553s] Level 1:colcon.colcon_core.package_identification:_identify(ament_cmake_package_templates) by extension 'ignore'
[0.553s] Level 1:colcon.colcon_core.package_identification:_identify(ament_cmake_package_templates) by extension 'ignore_ament_install'
[0.553s] Level 1:colcon.colcon_core.package_identification:_identify(ament_cmake_package_templates) by extensions ['colcon_pkg']
[0.553s] Level 1:colcon.colcon_core.package_identification:_identify(ament_cmake_package_templates) by extension 'colcon_pkg'
[0.553s] Level 1:colcon.colcon_core.package_identification:_identify(ament_cmake_package_templates) by extensions ['colcon_meta']
[0.553s] Level 1:colcon.colcon_core.package_identification:_identify(ament_cmake_package_templates) by extension 'colcon_meta'
[0.553s] Level 1:colcon.colcon_core.package_identification:_identify(ament_cmake_package_templates) by extensions ['ros']
[0.553s] Level 1:colcon.colcon_core.package_identification:_identify(ament_cmake_package_templates) by extension 'ros'
[0.553s] Level 1:colcon.colcon_core.package_identification:_identify(ament_cmake_package_templates) by extensions ['cmake', 'python']
[0.553s] Level 1:colcon.colcon_core.package_identification:_identify(ament_cmake_package_templates) by extension 'cmake'
[0.553s] Level 1:colcon.colcon_core.package_identification:_identify(ament_cmake_package_templates) by extension 'python'
[0.553s] Level 1:colcon.colcon_core.package_identification:_identify(ament_cmake_package_templates) by extensions ['python_setup_py']
[0.553s] Level 1:colcon.colcon_core.package_identification:_identify(ament_cmake_package_templates) by extension 'python_setup_py'
[0.554s] Level 1:colcon.colcon_core.package_identification:_identify(ament_cmake_uninstall_target) by extensions ['ignore', 'ignore_ament_install']
[0.554s] Level 1:colcon.colcon_core.package_identification:_identify(ament_cmake_uninstall_target) by extension 'ignore'
[0.554s] Level 1:colcon.colcon_core.package_identification:_identify(ament_cmake_uninstall_target) by extension 'ignore_ament_install'
[0.554s] Level 1:colcon.colcon_core.package_identification:_identify(ament_cmake_uninstall_target) by extensions ['colcon_pkg']
[0.554s] Level 1:colcon.colcon_core.package_identification:_identify(ament_cmake_uninstall_target) by extension 'colcon_pkg'
[0.554s] Level 1:colcon.colcon_core.package_identification:_identify(ament_cmake_uninstall_target) by extensions ['colcon_meta']
[0.554s] Level 1:colcon.colcon_core.package_identification:_identify(ament_cmake_uninstall_target) by extension 'colcon_meta'
[0.554s] Level 1:colcon.colcon_core.package_identification:_identify(ament_cmake_uninstall_target) by extensions ['ros']
[0.554s] Level 1:colcon.colcon_core.package_identification:_identify(ament_cmake_uninstall_target) by extension 'ros'
[0.554s] Level 1:colcon.colcon_core.package_identification:_identify(ament_cmake_uninstall_target) by extensions ['cmake', 'python']
[0.554s] Level 1:colcon.colcon_core.package_identification:_identify(ament_cmake_uninstall_target) by extension 'cmake'
[0.554s] Level 1:colcon.colcon_core.package_identification:_identify(ament_cmake_uninstall_target) by extension 'python'
[0.554s] Level 1:colcon.colcon_core.package_identification:_identify(ament_cmake_uninstall_target) by extensions ['python_setup_py']
[0.554s] Level 1:colcon.colcon_core.package_identification:_identify(ament_cmake_uninstall_target) by extension 'python_setup_py'
[0.555s] Level 1:colcon.colcon_core.package_identification:_identify(ament_cppcheck) by extensions ['ignore', 'ignore_ament_install']
[0.555s] Level 1:colcon.colcon_core.package_identification:_identify(ament_cppcheck) by extension 'ignore'
[0.555s] Level 1:colcon.colcon_core.package_identification:_identify(ament_cppcheck) by extension 'ignore_ament_install'
[0.555s] Level 1:colcon.colcon_core.package_identification:_identify(ament_cppcheck) by extensions ['colcon_pkg']
[0.555s] Level 1:colcon.colcon_core.package_identification:_identify(ament_cppcheck) by extension 'colcon_pkg'
[0.556s] Level 1:colcon.colcon_core.package_identification:_identify(ament_cppcheck) by extensions ['colcon_meta']
[0.556s] Level 1:colcon.colcon_core.package_identification:_identify(ament_cppcheck) by extension 'colcon_meta'
[0.556s] Level 1:colcon.colcon_core.package_identification:_identify(ament_cppcheck) by extensions ['ros']
[0.556s] Level 1:colcon.colcon_core.package_identification:_identify(ament_cppcheck) by extension 'ros'
[0.556s] Level 1:colcon.colcon_core.package_identification:_identify(ament_cppcheck) by extensions ['cmake', 'python']
[0.556s] Level 1:colcon.colcon_core.package_identification:_identify(ament_cppcheck) by extension 'cmake'
[0.556s] Level 1:colcon.colcon_core.package_identification:_identify(ament_cppcheck) by extension 'python'
[0.556s] Level 1:colcon.colcon_core.package_identification:_identify(ament_cppcheck) by extensions ['python_setup_py']
[0.556s] Level 1:colcon.colcon_core.package_identification:_identify(ament_cppcheck) by extension 'python_setup_py'
[0.557s] Level 1:colcon.colcon_core.package_identification:_identify(ament_lint_cmake) by extensions ['ignore', 'ignore_ament_install']
[0.557s] Level 1:colcon.colcon_core.package_identification:_identify(ament_lint_cmake) by extension 'ignore'
[0.557s] Level 1:colcon.colcon_core.package_identification:_identify(ament_lint_cmake) by extension 'ignore_ament_install'
[0.557s] Level 1:colcon.colcon_core.package_identification:_identify(ament_lint_cmake) by extensions ['colcon_pkg']
[0.557s] Level 1:colcon.colcon_core.package_identification:_identify(ament_lint_cmake) by extension 'colcon_pkg'
[0.557s] Level 1:colcon.colcon_core.package_identification:_identify(ament_lint_cmake) by extensions ['colcon_meta']
[0.557s] Level 1:colcon.colcon_core.package_identification:_identify(ament_lint_cmake) by extension 'colcon_meta'
[0.557s] Level 1:colcon.colcon_core.package_identification:_identify(ament_lint_cmake) by extensions ['ros']
[0.557s] Level 1:colcon.colcon_core.package_identification:_identify(ament_lint_cmake) by extension 'ros'
[0.557s] Level 1:colcon.colcon_core.package_identification:_identify(ament_lint_cmake) by extensions ['cmake', 'python']
[0.557s] Level 1:colcon.colcon_core.package_identification:_identify(ament_lint_cmake) by extension 'cmake'
[0.557s] Level 1:colcon.colcon_core.package_identification:_identify(ament_lint_cmake) by extension 'python'
[0.557s] Level 1:colcon.colcon_core.package_identification:_identify(ament_lint_cmake) by extensions ['python_setup_py']
[0.557s] Level 1:colcon.colcon_core.package_identification:_identify(ament_lint_cmake) by extension 'python_setup_py'
[0.558s] Level 1:colcon.colcon_core.package_identification:_identify(ament_uncrustify) by extensions ['ignore', 'ignore_ament_install']
[0.558s] Level 1:colcon.colcon_core.package_identification:_identify(ament_uncrustify) by extension 'ignore'
[0.558s] Level 1:colcon.colcon_core.package_identification:_identify(ament_uncrustify) by extension 'ignore_ament_install'
[0.558s] Level 1:colcon.colcon_core.package_identification:_identify(ament_uncrustify) by extensions ['colcon_pkg']
[0.558s] Level 1:colcon.colcon_core.package_identification:_identify(ament_uncrustify) by extension 'colcon_pkg'
[0.558s] Level 1:colcon.colcon_core.package_identification:_identify(ament_uncrustify) by extensions ['colcon_meta']
[0.558s] Level 1:colcon.colcon_core.package_identification:_identify(ament_uncrustify) by extension 'colcon_meta'
[0.558s] Level 1:colcon.colcon_core.package_identification:_identify(ament_uncrustify) by extensions ['ros']
[0.558s] Level 1:colcon.colcon_core.package_identification:_identify(ament_uncrustify) by extension 'ros'
[0.558s] Level 1:colcon.colcon_core.package_identification:_identify(ament_uncrustify) by extensions ['cmake', 'python']
[0.558s] Level 1:colcon.colcon_core.package_identification:_identify(ament_uncrustify) by extension 'cmake'
[0.558s] Level 1:colcon.colcon_core.package_identification:_identify(ament_uncrustify) by extension 'python'
[0.558s] Level 1:colcon.colcon_core.package_identification:_identify(ament_uncrustify) by extensions ['python_setup_py']
[0.558s] Level 1:colcon.colcon_core.package_identification:_identify(ament_uncrustify) by extension 'python_setup_py'
[0.558s] Level 1:colcon.colcon_core.package_identification:_identify(ament_xmllint) by extensions ['ignore', 'ignore_ament_install']
[0.558s] Level 1:colcon.colcon_core.package_identification:_identify(ament_xmllint) by extension 'ignore'
[0.558s] Level 1:colcon.colcon_core.package_identification:_identify(ament_xmllint) by extension 'ignore_ament_install'
[0.558s] Level 1:colcon.colcon_core.package_identification:_identify(ament_xmllint) by extensions ['colcon_pkg']
[0.559s] Level 1:colcon.colcon_core.package_identification:_identify(ament_xmllint) by extension 'colcon_pkg'
[0.559s] Level 1:colcon.colcon_core.package_identification:_identify(ament_xmllint) by extensions ['colcon_meta']
[0.559s] Level 1:colcon.colcon_core.package_identification:_identify(ament_xmllint) by extension 'colcon_meta'
[0.559s] Level 1:colcon.colcon_core.package_identification:_identify(ament_xmllint) by extensions ['ros']
[0.559s] Level 1:colcon.colcon_core.package_identification:_identify(ament_xmllint) by extension 'ros'
[0.559s] Level 1:colcon.colcon_core.package_identification:_identify(ament_xmllint) by extensions ['cmake', 'python']
[0.559s] Level 1:colcon.colcon_core.package_identification:_identify(ament_xmllint) by extension 'cmake'
[0.559s] Level 1:colcon.colcon_core.package_identification:_identify(ament_xmllint) by extension 'python'
[0.559s] Level 1:colcon.colcon_core.package_identification:_identify(ament_xmllint) by extensions ['python_setup_py']
[0.559s] Level 1:colcon.colcon_core.package_identification:_identify(ament_xmllint) by extension 'python_setup_py'
[0.559s] Level 1:colcon.colcon_core.package_identification:_identify(build) by extensions ['ignore', 'ignore_ament_install']
[0.559s] Level 1:colcon.colcon_core.package_identification:_identify(build) by extension 'ignore'
[0.559s] Level 1:colcon.colcon_core.package_identification:_identify(build) ignored
[0.559s] Level 1:colcon.colcon_core.package_identification:_identify(install) by extensions ['ignore', 'ignore_ament_install']
[0.559s] Level 1:colcon.colcon_core.package_identification:_identify(install) by extension 'ignore'
[0.559s] Level 1:colcon.colcon_core.package_identification:_identify(install) ignored
[0.559s] Level 1:colcon.colcon_core.package_identification:_identify(log) by extensions ['ignore', 'ignore_ament_install']
[0.559s] Level 1:colcon.colcon_core.package_identification:_identify(log) by extension 'ignore'
[0.559s] Level 1:colcon.colcon_core.package_identification:_identify(log) ignored
[0.559s] Level 1:colcon.colcon_core.package_discovery:discover_packages(recursive) using defaults
[0.559s] Level 1:colcon.colcon_core.package_discovery:discover_packages(ignore) discover
[0.559s] Level 1:colcon.colcon_core.package_discovery:discover_packages(ignore) using defaults
[0.559s] Level 1:colcon.colcon_core.package_discovery:discover_packages(path) discover
[0.559s] Level 1:colcon.colcon_core.package_discovery:discover_packages(path) using defaults
[0.561s] WARNING:colcon.colcon_core.package_selection:ignoring unknown package 'cpp_pubsub' in --packages-select
[0.602s] Level 1:colcon.colcon_core.package_discovery:discover_packages(prefix_path) check parameters
[0.602s] Level 1:colcon.colcon_core.package_discovery:discover_packages(prefix_path) discover
[0.617s] DEBUG:colcon.colcon_installed_package_information.package_discovery:Found 4 installed packages in /home/bobxu/ros_sycl_ws/install
[0.619s] DEBUG:colcon.colcon_installed_package_information.package_discovery:Found 56 installed packages in /home/bobxu/ws_moveit2/install
[0.627s] DEBUG:colcon.colcon_installed_package_information.package_discovery:Found 343 installed packages in /home/bobxu/ros2_humble/install
[0.631s] DEBUG:colcon.colcon_installed_package_information.package_discovery:Found 292 installed packages in /opt/ros/humble
[0.638s] Level 1:colcon.colcon_core.package_discovery:discover_packages(prefix_path) using defaults
[0.703s] INFO:colcon.colcon_core.executor:Executing jobs using 'parallel' executor
[0.708s] DEBUG:colcon.colcon_parallel_executor.executor.parallel:run_until_complete
[0.708s] DEBUG:colcon.colcon_parallel_executor.executor.parallel:closing loop
[0.708s] DEBUG:colcon.colcon_parallel_executor.executor.parallel:loop closed
[0.708s] DEBUG:colcon.colcon_parallel_executor.executor.parallel:run_until_complete finished with '0'
[0.708s] DEBUG:colcon.colcon_core.event_reactor:joining thread
[0.738s] INFO:colcon.colcon_core.plugin_system:Skipping extension 'colcon_notification.desktop_notification.terminal_notifier': Not used on non-Darwin systems
[0.738s] INFO:colcon.colcon_core.plugin_system:Skipping extension 'colcon_notification.desktop_notification.win32': Not used on non-Windows systems
[0.738s] INFO:colcon.colcon_notification.desktop_notification:Sending desktop notification using 'notify2'
[0.751s] DEBUG:colcon.colcon_core.event_reactor:joined thread
[0.758s] INFO:colcon.colcon_core.plugin_system:Skipping extension 'colcon_core.shell.bat': Not used on non-Windows systems
[0.759s] INFO:colcon.colcon_core.shell:Creating prefix script '/home/bobxu/ros_sycl_ws/build/cpp_pubsub/install/local_setup.ps1'
[0.759s] INFO:colcon.colcon_core.shell:Creating prefix util module '/home/bobxu/ros_sycl_ws/build/cpp_pubsub/install/_local_setup_util_ps1.py'
[0.762s] INFO:colcon.colcon_core.shell:Creating prefix chain script '/home/bobxu/ros_sycl_ws/build/cpp_pubsub/install/setup.ps1'
[0.783s] INFO:colcon.colcon_core.shell:Creating prefix script '/home/bobxu/ros_sycl_ws/build/cpp_pubsub/install/local_setup.sh'
[0.784s] INFO:colcon.colcon_core.shell:Creating prefix util module '/home/bobxu/ros_sycl_ws/build/cpp_pubsub/install/_local_setup_util_sh.py'
[0.784s] INFO:colcon.colcon_core.shell:Creating prefix chain script '/home/bobxu/ros_sycl_ws/build/cpp_pubsub/install/setup.sh'
[0.799s] INFO:colcon.colcon_core.shell:Creating prefix script '/home/bobxu/ros_sycl_ws/build/cpp_pubsub/install/local_setup.bash'
[0.800s] INFO:colcon.colcon_core.shell:Creating prefix chain script '/home/bobxu/ros_sycl_ws/build/cpp_pubsub/install/setup.bash'
[0.813s] INFO:colcon.colcon_core.shell:Creating prefix script '/home/bobxu/ros_sycl_ws/build/cpp_pubsub/install/local_setup.zsh'
[0.814s] INFO:colcon.colcon_core.shell:Creating prefix chain script '/home/bobxu/ros_sycl_ws/build/cpp_pubsub/install/setup.zsh'
