[1.483s] DEBUG:colcon:Command line arguments: ['/usr/bin/colcon', 'list', '-p', '--base-paths', '/home/bobxu/ros_sycl_ws']
[1.483s] DEBUG:colcon:Parsed command line arguments: Namespace(log_base=None, log_level=None, verb_name='list', build_base='build', ignore_user_meta=False, metas=['./colcon.meta'], base_paths=['/home/bobxu/ros_sycl_ws'], packages_ignore=None, packages_ignore_regex=None, paths=None, packages_up_to=None, packages_up_to_regex=None, packages_above=None, packages_above_and_dependencies=None, packages_above_depth=None, packages_select_by_dep=None, packages_skip_by_dep=None, packages_skip_up_to=None, packages_select_build_failed=False, packages_skip_build_finished=False, packages_select_test_failures=False, packages_skip_test_passed=False, packages_select=None, packages_skip=None, packages_select_regex=None, packages_skip_regex=None, packages_start=None, packages_end=None, allow_overriding=[], topological_order=False, names_only=False, paths_only=True, topological_graph=False, topological_graph_dot=False, topological_graph_density=False, topological_graph_legend=False, topological_graph_dot_cluster=False, topological_graph_dot_include_skipped=False, mixin_files=None, mixin=None, verb_parser=<colcon_mixin.mixin.mixin_argument.MixinArgumentDecorator object at 0x7fb729dded70>, verb_extension=<colcon_package_information.verb.list.ListVerb object at 0x7fb729d95de0>, main=<bound method ListVerb.main of <colcon_package_information.verb.list.ListVerb object at 0x7fb729d95de0>>, mixin_verb=('list',))
[1.601s] Level 1:colcon.colcon_core.package_discovery:discover_packages(colcon_meta) check parameters
[1.601s] Level 1:colcon.colcon_core.package_discovery:discover_packages(recursive) check parameters
[1.601s] Level 1:colcon.colcon_core.package_discovery:discover_packages(ignore) check parameters
[1.601s] Level 1:colcon.colcon_core.package_discovery:discover_packages(path) check parameters
[1.601s] Level 1:colcon.colcon_core.package_discovery:discover_packages(recursive) discover
[1.602s] INFO:colcon.colcon_core.package_discovery:Crawling recursively for packages in '/home/bobxu/ros_sycl_ws'
[1.602s] Level 1:colcon.colcon_core.package_identification:_identify(/home/bobxu/ros_sycl_ws) by extensions ['ignore', 'ignore_ament_install']
[1.602s] Level 1:colcon.colcon_core.package_identification:_identify(/home/bobxu/ros_sycl_ws) by extension 'ignore'
[1.602s] Level 1:colcon.colcon_core.package_identification:_identify(/home/bobxu/ros_sycl_ws) by extension 'ignore_ament_install'
[1.602s] Level 1:colcon.colcon_core.package_identification:_identify(/home/bobxu/ros_sycl_ws) by extensions ['colcon_pkg']
[1.602s] Level 1:colcon.colcon_core.package_identification:_identify(/home/bobxu/ros_sycl_ws) by extension 'colcon_pkg'
[1.602s] Level 1:colcon.colcon_core.package_identification:_identify(/home/bobxu/ros_sycl_ws) by extensions ['colcon_meta']
[1.602s] Level 1:colcon.colcon_core.package_identification:_identify(/home/bobxu/ros_sycl_ws) by extension 'colcon_meta'
[1.602s] Level 1:colcon.colcon_core.package_identification:_identify(/home/bobxu/ros_sycl_ws) by extensions ['ros']
[1.602s] Level 1:colcon.colcon_core.package_identification:_identify(/home/bobxu/ros_sycl_ws) by extension 'ros'
[1.661s] Level 1:colcon.colcon_core.package_identification:_identify(/home/bobxu/ros_sycl_ws) by extensions ['cmake', 'python']
[1.661s] Level 1:colcon.colcon_core.package_identification:_identify(/home/bobxu/ros_sycl_ws) by extension 'cmake'
[1.661s] Level 1:colcon.colcon_core.package_identification:_identify(/home/bobxu/ros_sycl_ws) by extension 'python'
[1.661s] Level 1:colcon.colcon_core.package_identification:_identify(/home/bobxu/ros_sycl_ws) by extensions ['python_setup_py']
[1.661s] Level 1:colcon.colcon_core.package_identification:_identify(/home/bobxu/ros_sycl_ws) by extension 'python_setup_py'
[1.661s] Level 1:colcon.colcon_core.package_identification:_identify(/home/bobxu/ros_sycl_ws/build) by extensions ['ignore', 'ignore_ament_install']
[1.661s] Level 1:colcon.colcon_core.package_identification:_identify(/home/bobxu/ros_sycl_ws/build) by extension 'ignore'
[1.661s] Level 1:colcon.colcon_core.package_identification:_identify(/home/bobxu/ros_sycl_ws/build) ignored
[1.661s] Level 1:colcon.colcon_core.package_identification:_identify(/home/bobxu/ros_sycl_ws/install) by extensions ['ignore', 'ignore_ament_install']
[1.661s] Level 1:colcon.colcon_core.package_identification:_identify(/home/bobxu/ros_sycl_ws/install) by extension 'ignore'
[1.662s] Level 1:colcon.colcon_core.package_identification:_identify(/home/bobxu/ros_sycl_ws/install) ignored
[1.662s] Level 1:colcon.colcon_core.package_identification:_identify(/home/bobxu/ros_sycl_ws/log) by extensions ['ignore', 'ignore_ament_install']
[1.662s] Level 1:colcon.colcon_core.package_identification:_identify(/home/bobxu/ros_sycl_ws/log) by extension 'ignore'
[1.662s] Level 1:colcon.colcon_core.package_identification:_identify(/home/bobxu/ros_sycl_ws/log) ignored
[1.662s] Level 1:colcon.colcon_core.package_identification:_identify(/home/bobxu/ros_sycl_ws/src) by extensions ['ignore', 'ignore_ament_install']
[1.662s] Level 1:colcon.colcon_core.package_identification:_identify(/home/bobxu/ros_sycl_ws/src) by extension 'ignore'
[1.662s] Level 1:colcon.colcon_core.package_identification:_identify(/home/bobxu/ros_sycl_ws/src) by extension 'ignore_ament_install'
[1.662s] Level 1:colcon.colcon_core.package_identification:_identify(/home/bobxu/ros_sycl_ws/src) by extensions ['colcon_pkg']
[1.662s] Level 1:colcon.colcon_core.package_identification:_identify(/home/bobxu/ros_sycl_ws/src) by extension 'colcon_pkg'
[1.662s] Level 1:colcon.colcon_core.package_identification:_identify(/home/bobxu/ros_sycl_ws/src) by extensions ['colcon_meta']
[1.662s] Level 1:colcon.colcon_core.package_identification:_identify(/home/bobxu/ros_sycl_ws/src) by extension 'colcon_meta'
[1.662s] Level 1:colcon.colcon_core.package_identification:_identify(/home/bobxu/ros_sycl_ws/src) by extensions ['ros']
[1.662s] Level 1:colcon.colcon_core.package_identification:_identify(/home/bobxu/ros_sycl_ws/src) by extension 'ros'
[1.662s] Level 1:colcon.colcon_core.package_identification:_identify(/home/bobxu/ros_sycl_ws/src) by extensions ['cmake', 'python']
[1.662s] Level 1:colcon.colcon_core.package_identification:_identify(/home/bobxu/ros_sycl_ws/src) by extension 'cmake'
[1.662s] Level 1:colcon.colcon_core.package_identification:_identify(/home/bobxu/ros_sycl_ws/src) by extension 'python'
[1.662s] Level 1:colcon.colcon_core.package_identification:_identify(/home/bobxu/ros_sycl_ws/src) by extensions ['python_setup_py']
[1.662s] Level 1:colcon.colcon_core.package_identification:_identify(/home/bobxu/ros_sycl_ws/src) by extension 'python_setup_py'
[1.662s] Level 1:colcon.colcon_core.package_identification:_identify(/home/bobxu/ros_sycl_ws/src/cpp_pubsub) by extensions ['ignore', 'ignore_ament_install']
[1.662s] Level 1:colcon.colcon_core.package_identification:_identify(/home/bobxu/ros_sycl_ws/src/cpp_pubsub) by extension 'ignore'
[1.662s] Level 1:colcon.colcon_core.package_identification:_identify(/home/bobxu/ros_sycl_ws/src/cpp_pubsub) by extension 'ignore_ament_install'
[1.662s] Level 1:colcon.colcon_core.package_identification:_identify(/home/bobxu/ros_sycl_ws/src/cpp_pubsub) by extensions ['colcon_pkg']
[1.662s] Level 1:colcon.colcon_core.package_identification:_identify(/home/bobxu/ros_sycl_ws/src/cpp_pubsub) by extension 'colcon_pkg'
[1.662s] Level 1:colcon.colcon_core.package_identification:_identify(/home/bobxu/ros_sycl_ws/src/cpp_pubsub) by extensions ['colcon_meta']
[1.662s] Level 1:colcon.colcon_core.package_identification:_identify(/home/bobxu/ros_sycl_ws/src/cpp_pubsub) by extension 'colcon_meta'
[1.662s] Level 1:colcon.colcon_core.package_identification:_identify(/home/bobxu/ros_sycl_ws/src/cpp_pubsub) by extensions ['ros']
[1.662s] Level 1:colcon.colcon_core.package_identification:_identify(/home/bobxu/ros_sycl_ws/src/cpp_pubsub) by extension 'ros'
[1.678s] DEBUG:colcon.colcon_core.package_identification:Package '/home/bobxu/ros_sycl_ws/src/cpp_pubsub' with type 'ros.ament_cmake' and name 'cpp_pubsub'
[1.678s] Level 1:colcon.colcon_core.package_identification:_identify(/home/bobxu/ros_sycl_ws/src/ros-sycl-test) by extensions ['ignore', 'ignore_ament_install']
[1.678s] Level 1:colcon.colcon_core.package_identification:_identify(/home/bobxu/ros_sycl_ws/src/ros-sycl-test) by extension 'ignore'
[1.678s] Level 1:colcon.colcon_core.package_identification:_identify(/home/bobxu/ros_sycl_ws/src/ros-sycl-test) by extension 'ignore_ament_install'
[1.678s] Level 1:colcon.colcon_core.package_identification:_identify(/home/bobxu/ros_sycl_ws/src/ros-sycl-test) by extensions ['colcon_pkg']
[1.678s] Level 1:colcon.colcon_core.package_identification:_identify(/home/bobxu/ros_sycl_ws/src/ros-sycl-test) by extension 'colcon_pkg'
[1.678s] Level 1:colcon.colcon_core.package_identification:_identify(/home/bobxu/ros_sycl_ws/src/ros-sycl-test) by extensions ['colcon_meta']
[1.678s] Level 1:colcon.colcon_core.package_identification:_identify(/home/bobxu/ros_sycl_ws/src/ros-sycl-test) by extension 'colcon_meta'
[1.678s] Level 1:colcon.colcon_core.package_identification:_identify(/home/bobxu/ros_sycl_ws/src/ros-sycl-test) by extensions ['ros']
[1.679s] Level 1:colcon.colcon_core.package_identification:_identify(/home/bobxu/ros_sycl_ws/src/ros-sycl-test) by extension 'ros'
[1.679s] DEBUG:colcon.colcon_core.package_identification:Package '/home/bobxu/ros_sycl_ws/src/ros-sycl-test' with type 'ros.ament_cmake' and name 'ros-sycl-test'
[1.679s] Level 1:colcon.colcon_core.package_discovery:discover_packages(recursive) using defaults
