The system is: Linux - 5.19.0-45-generic - x86_64
Compiling the CXX compiler identification source file "CMakeCXXCompilerId.cpp" succeeded.
Compiler: /opt/intel/oneapi/compiler/2023.1.0/linux/bin/icpx 
Build flags: 
Id flags:  

The output was:
0


Compilation of the CXX compiler identification source "CMakeCXXCompilerId.cpp" produced "a.out"

The CXX compiler identification is IntelLLVM, found in "/home/bobxu/sycl_stomp/build/CMakeFiles/3.22.1/CompilerIdCXX/a.out"

Detecting CXX compiler ABI info compiled with the following output:
Change Dir: /home/bobxu/sycl_stomp/build/CMakeFiles/CMakeTmp

Run Build Command(s):/usr/bin/gmake -f Makefile cmTC_6226e/fast && /usr/bin/gmake  -f CMakeFiles/cmTC_6226e.dir/build.make CMakeFiles/cmTC_6226e.dir/build
gmake[1]: Entering directory '/home/bobxu/sycl_stomp/build/CMakeFiles/CMakeTmp'
Building CXX object CMakeFiles/cmTC_6226e.dir/CMakeCXXCompilerABI.cpp.o
/opt/intel/oneapi/compiler/2023.1.0/linux/bin/icpx   -v -MD -MT CMakeFiles/cmTC_6226e.dir/CMakeCXXCompilerABI.cpp.o -MF CMakeFiles/cmTC_6226e.dir/CMakeCXXCompilerABI.cpp.o.d -o CMakeFiles/cmTC_6226e.dir/CMakeCXXCompilerABI.cpp.o -c /usr/share/cmake-3.22/Modules/CMakeCXXCompilerABI.cpp
Intel(R) oneAPI DPC++/C++ Compiler 2023.1.0 (2023.1.0.20230320)
Target: x86_64-unknown-linux-gnu
Thread model: posix
InstalledDir: /opt/intel/oneapi/compiler/2023.1.0/linux/bin-llvm
Configuration file: /opt/intel/oneapi/compiler/2023.1.0/linux/bin-llvm/../bin/icpx.cfg
Found candidate GCC installation: /usr/lib/gcc/x86_64-linux-gnu/11
Selected GCC installation: /usr/lib/gcc/x86_64-linux-gnu/11
Candidate multilib: .;@m64
Selected multilib: .;@m64
 (in-process)
 "/opt/intel/oneapi/compiler/2023.1.0/linux/bin-llvm/clang++" -cc1 -triple x86_64-unknown-linux-gnu -emit-obj --mrelax-relocations -disable-free -clear-ast-before-backend -disable-llvm-verifier -discard-value-names -main-file-name CMakeCXXCompilerABI.cpp -mrelocation-model static -fveclib=SVML -mframe-pointer=none -menable-no-infs -menable-no-nans -fapprox-func -funsafe-math-optimizations -fno-signed-zeros -mreassociate -freciprocal-math -fdenormal-fp-math=preserve-sign,preserve-sign -ffp-contract=fast -fno-rounding-math -ffast-math -ffinite-math-only -mconstructor-aliases -funwind-tables=2 -target-cpu x86-64 -mllvm -x86-enable-unaligned-vector-move=true -tune-cpu generic -mllvm -treat-scalable-fixed-error-as-warning -debugger-tuning=gdb -v -fcoverage-compilation-dir=/home/bobxu/sycl_stomp/build/CMakeFiles/CMakeTmp -resource-dir /opt/intel/oneapi/compiler/2023.1.0/linux/lib/clang/16 -dependency-file CMakeFiles/cmTC_6226e.dir/CMakeCXXCompilerABI.cpp.o.d -MT CMakeFiles/cmTC_6226e.dir/CMakeCXXCompilerABI.cpp.o -sys-header-deps -I/opt/intel/oneapi/tbb/2021.9.0/env/../include -I/opt/intel/oneapi/mpi/2021.9.0//include -I/opt/intel/oneapi/mkl/2023.1.0/include -I/opt/intel/oneapi/ipp/2021.8.0/include -I/opt/intel/oneapi/ippcp/2021.7.0/include -I/opt/intel/oneapi/ipp/2021.8.0/include -I/opt/intel/oneapi/dpl/2022.1.0/linux/include -I/opt/intel/oneapi/dpcpp-ct/2023.1.0/include -I/opt/intel/oneapi/dnnl/2023.1.0/cpu_dpcpp_gpu_dpcpp/include -I/opt/intel/oneapi/dev-utilities/2021.9.0/include -I/opt/intel/oneapi/dal/2023.1.0/include -I/opt/intel/oneapi/ccl/2021.9.0/include/cpu_gpu_dpcpp -internal-isystem /opt/intel/oneapi/compiler/2023.1.0/linux/bin-llvm/../compiler/include -internal-isystem /usr/lib/gcc/x86_64-linux-gnu/11/../../../../include/c++/11 -internal-isystem /usr/lib/gcc/x86_64-linux-gnu/11/../../../../include/x86_64-linux-gnu/c++/11 -internal-isystem /usr/lib/gcc/x86_64-linux-gnu/11/../../../../include/c++/11/backward -internal-isystem /opt/intel/oneapi/compiler/2023.1.0/linux/lib/clang/16/include -internal-isystem /usr/local/include -internal-isystem /usr/lib/gcc/x86_64-linux-gnu/11/../../../../x86_64-linux-gnu/include -internal-externc-isystem /usr/include/x86_64-linux-gnu -internal-externc-isystem /include -internal-externc-isystem /usr/include -O2 -fdeprecated-macro -fdebug-compilation-dir=/home/bobxu/sycl_stomp/build/CMakeFiles/CMakeTmp -ferror-limit 19 -fheinous-gnu-extensions -fgnuc-version=4.2.1 -no-opaque-pointers -fcxx-exceptions -fexceptions -vectorize-loops -vectorize-slp -D__GCC_HAVE_DWARF2_CFI_ASM=1 -fintel-compatibility -fintel-libirc-allowed -mllvm -disable-hir-generate-mkl-call -mllvm -loopopt=1 -floopopt-pipeline=light -mllvm -intel-abi-compatible=true -o CMakeFiles/cmTC_6226e.dir/CMakeCXXCompilerABI.cpp.o -x c++ /usr/share/cmake-3.22/Modules/CMakeCXXCompilerABI.cpp
clang -cc1 version 16.0.0 based upon LLVM 16.0.0git default target x86_64-unknown-linux-gnu
ignoring nonexistent directory "/usr/lib/gcc/x86_64-linux-gnu/11/../../../../x86_64-linux-gnu/include"
ignoring nonexistent directory "/include"
ignoring duplicate directory "/opt/intel/oneapi/ipp/2021.8.0/include"
#include "..." search starts here:
#include <...> search starts here:
 /opt/intel/oneapi/tbb/2021.9.0/env/../include
 /opt/intel/oneapi/mpi/2021.9.0//include
 /opt/intel/oneapi/mkl/2023.1.0/include
 /opt/intel/oneapi/ipp/2021.8.0/include
 /opt/intel/oneapi/ippcp/2021.7.0/include
 /opt/intel/oneapi/dpl/2022.1.0/linux/include
 /opt/intel/oneapi/dpcpp-ct/2023.1.0/include
 /opt/intel/oneapi/dnnl/2023.1.0/cpu_dpcpp_gpu_dpcpp/include
 /opt/intel/oneapi/dev-utilities/2021.9.0/include
 /opt/intel/oneapi/dal/2023.1.0/include
 /opt/intel/oneapi/ccl/2021.9.0/include/cpu_gpu_dpcpp
 /opt/intel/oneapi/compiler/2023.1.0/linux/bin-llvm/../compiler/include
 /usr/lib/gcc/x86_64-linux-gnu/11/../../../../include/c++/11
 /usr/lib/gcc/x86_64-linux-gnu/11/../../../../include/x86_64-linux-gnu/c++/11
 /usr/lib/gcc/x86_64-linux-gnu/11/../../../../include/c++/11/backward
 /opt/intel/oneapi/compiler/2023.1.0/linux/lib/clang/16/include
 /usr/local/include
 /usr/include/x86_64-linux-gnu
 /usr/include
End of search list.
Linking CXX executable cmTC_6226e
/usr/bin/cmake -E cmake_link_script CMakeFiles/cmTC_6226e.dir/link.txt --verbose=1
/opt/intel/oneapi/compiler/2023.1.0/linux/bin/icpx  -v CMakeFiles/cmTC_6226e.dir/CMakeCXXCompilerABI.cpp.o -o cmTC_6226e 
Intel(R) oneAPI DPC++/C++ Compiler 2023.1.0 (2023.1.0.20230320)
Target: x86_64-unknown-linux-gnu
Thread model: posix
InstalledDir: /opt/intel/oneapi/compiler/2023.1.0/linux/bin-llvm
Configuration file: /opt/intel/oneapi/compiler/2023.1.0/linux/bin-llvm/../bin/icpx.cfg
Found candidate GCC installation: /usr/lib/gcc/x86_64-linux-gnu/11
Selected GCC installation: /usr/lib/gcc/x86_64-linux-gnu/11
Candidate multilib: .;@m64
Selected multilib: .;@m64
 "/usr/bin/ld" -z relro --hash-style=gnu --eh-frame-hdr -m elf_x86_64 -dynamic-linker /lib64/ld-linux-x86-64.so.2 -o cmTC_6226e /lib/x86_64-linux-gnu/Scrt1.o /lib/x86_64-linux-gnu/crti.o /usr/lib/gcc/x86_64-linux-gnu/11/crtbeginS.o -L/opt/intel/oneapi/compiler/2023.1.0/linux/bin-llvm/../compiler/lib/intel64_lin -L/opt/intel/oneapi/compiler/2023.1.0/linux/bin-llvm/../lib -L/opt/intel/oneapi/compiler/2023.1.0/linux/bin-llvm/../compiler/lib/intel64_lin -L/usr/lib/gcc/x86_64-linux-gnu/11 -L/usr/lib/gcc/x86_64-linux-gnu/11/../../../../lib64 -L/lib/x86_64-linux-gnu -L/lib/../lib64 -L/usr/lib/x86_64-linux-gnu -L/usr/lib/../lib64 -L/usr/lib/gcc/x86_64-linux-gnu/11/../../.. -L/opt/intel/oneapi/compiler/2023.1.0/linux/bin-llvm/../lib -L/lib -L/usr/lib -L/opt/intel/oneapi/tbb/2021.9.0/env/../lib/intel64/gcc4.8 -L/opt/intel/oneapi/mpi/2021.9.0//libfabric/lib -L/opt/intel/oneapi/mpi/2021.9.0//lib/release -L/opt/intel/oneapi/mpi/2021.9.0//lib -L/opt/intel/oneapi/mkl/2023.1.0/lib/intel64 -L/opt/intel/oneapi/ipp/2021.8.0/lib/intel64 -L/opt/intel/oneapi/ippcp/2021.7.0/lib/intel64 -L/opt/intel/oneapi/ipp/2021.8.0/lib/intel64 -L/opt/intel/oneapi/dnnl/2023.1.0/cpu_dpcpp_gpu_dpcpp/lib -L/opt/intel/oneapi/dal/2023.1.0/lib/intel64 -L/opt/intel/oneapi/compiler/2023.1.0/linux/compiler/lib/intel64_lin -L/opt/intel/oneapi/compiler/2023.1.0/linux/lib -L/opt/intel/oneapi/ccl/2021.9.0/lib/cpu_gpu_dpcpp CMakeFiles/cmTC_6226e.dir/CMakeCXXCompilerABI.cpp.o -Bstatic -lsvml -Bdynamic -Bstatic -lirng -Bdynamic -lstdc++ -Bstatic -limf -Bdynamic -lm -lgcc_s -lgcc -Bstatic -lirc -Bdynamic -ldl -lgcc_s -lgcc -lc -lgcc_s -lgcc -Bstatic -lirc_s -Bdynamic /usr/lib/gcc/x86_64-linux-gnu/11/crtendS.o /lib/x86_64-linux-gnu/crtn.o
gmake[1]: Leaving directory '/home/bobxu/sycl_stomp/build/CMakeFiles/CMakeTmp'



Parsed CXX implicit include dir info from above output: rv=done
  found start of include info
  found start of implicit include info
    add: [/opt/intel/oneapi/tbb/2021.9.0/env/../include]
    add: [/opt/intel/oneapi/mpi/2021.9.0//include]
    add: [/opt/intel/oneapi/mkl/2023.1.0/include]
    add: [/opt/intel/oneapi/ipp/2021.8.0/include]
    add: [/opt/intel/oneapi/ippcp/2021.7.0/include]
    add: [/opt/intel/oneapi/dpl/2022.1.0/linux/include]
    add: [/opt/intel/oneapi/dpcpp-ct/2023.1.0/include]
    add: [/opt/intel/oneapi/dnnl/2023.1.0/cpu_dpcpp_gpu_dpcpp/include]
    add: [/opt/intel/oneapi/dev-utilities/2021.9.0/include]
    add: [/opt/intel/oneapi/dal/2023.1.0/include]
    add: [/opt/intel/oneapi/ccl/2021.9.0/include/cpu_gpu_dpcpp]
    add: [/opt/intel/oneapi/compiler/2023.1.0/linux/bin-llvm/../compiler/include]
    add: [/usr/lib/gcc/x86_64-linux-gnu/11/../../../../include/c++/11]
    add: [/usr/lib/gcc/x86_64-linux-gnu/11/../../../../include/x86_64-linux-gnu/c++/11]
    add: [/usr/lib/gcc/x86_64-linux-gnu/11/../../../../include/c++/11/backward]
    add: [/opt/intel/oneapi/compiler/2023.1.0/linux/lib/clang/16/include]
    add: [/usr/local/include]
    add: [/usr/include/x86_64-linux-gnu]
    add: [/usr/include]
  end of search list found
  collapse include dir [/opt/intel/oneapi/tbb/2021.9.0/env/../include] ==> [/opt/intel/oneapi/tbb/2021.9.0/include]
  collapse include dir [/opt/intel/oneapi/mpi/2021.9.0//include] ==> [/opt/intel/oneapi/mpi/2021.9.0/include]
  collapse include dir [/opt/intel/oneapi/mkl/2023.1.0/include] ==> [/opt/intel/oneapi/mkl/2023.1.0/include]
  collapse include dir [/opt/intel/oneapi/ipp/2021.8.0/include] ==> [/opt/intel/oneapi/ipp/2021.8.0/include]
  collapse include dir [/opt/intel/oneapi/ippcp/2021.7.0/include] ==> [/opt/intel/oneapi/ippcp/2021.7.0/include]
  collapse include dir [/opt/intel/oneapi/dpl/2022.1.0/linux/include] ==> [/opt/intel/oneapi/dpl/2022.1.0/linux/include]
  collapse include dir [/opt/intel/oneapi/dpcpp-ct/2023.1.0/include] ==> [/opt/intel/oneapi/dpcpp-ct/2023.1.0/include]
  collapse include dir [/opt/intel/oneapi/dnnl/2023.1.0/cpu_dpcpp_gpu_dpcpp/include] ==> [/opt/intel/oneapi/dnnl/2023.1.0/cpu_dpcpp_gpu_dpcpp/include]
  collapse include dir [/opt/intel/oneapi/dev-utilities/2021.9.0/include] ==> [/opt/intel/oneapi/dev-utilities/2021.9.0/include]
  collapse include dir [/opt/intel/oneapi/dal/2023.1.0/include] ==> [/opt/intel/oneapi/dal/2023.1.0/include]
  collapse include dir [/opt/intel/oneapi/ccl/2021.9.0/include/cpu_gpu_dpcpp] ==> [/opt/intel/oneapi/ccl/2021.9.0/include/cpu_gpu_dpcpp]
  collapse include dir [/opt/intel/oneapi/compiler/2023.1.0/linux/bin-llvm/../compiler/include] ==> [/opt/intel/oneapi/compiler/2023.1.0/linux/compiler/include]
  collapse include dir [/usr/lib/gcc/x86_64-linux-gnu/11/../../../../include/c++/11] ==> [/usr/include/c++/11]
  collapse include dir [/usr/lib/gcc/x86_64-linux-gnu/11/../../../../include/x86_64-linux-gnu/c++/11] ==> [/usr/include/x86_64-linux-gnu/c++/11]
  collapse include dir [/usr/lib/gcc/x86_64-linux-gnu/11/../../../../include/c++/11/backward] ==> [/usr/include/c++/11/backward]
  collapse include dir [/opt/intel/oneapi/compiler/2023.1.0/linux/lib/clang/16/include] ==> [/opt/intel/oneapi/compiler/2023.1.0/linux/lib/clang/16/include]
  collapse include dir [/usr/local/include] ==> [/usr/local/include]
  collapse include dir [/usr/include/x86_64-linux-gnu] ==> [/usr/include/x86_64-linux-gnu]
  collapse include dir [/usr/include] ==> [/usr/include]
  implicit include dirs: [/opt/intel/oneapi/tbb/2021.9.0/include;/opt/intel/oneapi/mpi/2021.9.0/include;/opt/intel/oneapi/mkl/2023.1.0/include;/opt/intel/oneapi/ipp/2021.8.0/include;/opt/intel/oneapi/ippcp/2021.7.0/include;/opt/intel/oneapi/dpl/2022.1.0/linux/include;/opt/intel/oneapi/dpcpp-ct/2023.1.0/include;/opt/intel/oneapi/dnnl/2023.1.0/cpu_dpcpp_gpu_dpcpp/include;/opt/intel/oneapi/dev-utilities/2021.9.0/include;/opt/intel/oneapi/dal/2023.1.0/include;/opt/intel/oneapi/ccl/2021.9.0/include/cpu_gpu_dpcpp;/opt/intel/oneapi/compiler/2023.1.0/linux/compiler/include;/usr/include/c++/11;/usr/include/x86_64-linux-gnu/c++/11;/usr/include/c++/11/backward;/opt/intel/oneapi/compiler/2023.1.0/linux/lib/clang/16/include;/usr/local/include;/usr/include/x86_64-linux-gnu;/usr/include]


Parsed CXX implicit link information from above output:
  link line regex: [^( *|.*[/\])(ld|CMAKE_LINK_STARTFILE-NOTFOUND|([^/\]+-)?ld|collect2)[^/\]*( |$)]
  ignore line: [Change Dir: /home/bobxu/sycl_stomp/build/CMakeFiles/CMakeTmp]
  ignore line: []
  ignore line: [Run Build Command(s):/usr/bin/gmake -f Makefile cmTC_6226e/fast && /usr/bin/gmake  -f CMakeFiles/cmTC_6226e.dir/build.make CMakeFiles/cmTC_6226e.dir/build]
  ignore line: [gmake[1]: Entering directory '/home/bobxu/sycl_stomp/build/CMakeFiles/CMakeTmp']
  ignore line: [Building CXX object CMakeFiles/cmTC_6226e.dir/CMakeCXXCompilerABI.cpp.o]
  ignore line: [/opt/intel/oneapi/compiler/2023.1.0/linux/bin/icpx   -v -MD -MT CMakeFiles/cmTC_6226e.dir/CMakeCXXCompilerABI.cpp.o -MF CMakeFiles/cmTC_6226e.dir/CMakeCXXCompilerABI.cpp.o.d -o CMakeFiles/cmTC_6226e.dir/CMakeCXXCompilerABI.cpp.o -c /usr/share/cmake-3.22/Modules/CMakeCXXCompilerABI.cpp]
  ignore line: [Intel(R) oneAPI DPC++/C++ Compiler 2023.1.0 (2023.1.0.20230320)]
  ignore line: [Target: x86_64-unknown-linux-gnu]
  ignore line: [Thread model: posix]
  ignore line: [InstalledDir: /opt/intel/oneapi/compiler/2023.1.0/linux/bin-llvm]
  ignore line: [Configuration file: /opt/intel/oneapi/compiler/2023.1.0/linux/bin-llvm/../bin/icpx.cfg]
  ignore line: [Found candidate GCC installation: /usr/lib/gcc/x86_64-linux-gnu/11]
  ignore line: [Selected GCC installation: /usr/lib/gcc/x86_64-linux-gnu/11]
  ignore line: [Candidate multilib: .]
  ignore line: [@m64]
  ignore line: [Selected multilib: .]
  ignore line: [@m64]
  ignore line: [ (in-process)]
  ignore line: [ "/opt/intel/oneapi/compiler/2023.1.0/linux/bin-llvm/clang++" -cc1 -triple x86_64-unknown-linux-gnu -emit-obj --mrelax-relocations -disable-free -clear-ast-before-backend -disable-llvm-verifier -discard-value-names -main-file-name CMakeCXXCompilerABI.cpp -mrelocation-model static -fveclib=SVML -mframe-pointer=none -menable-no-infs -menable-no-nans -fapprox-func -funsafe-math-optimizations -fno-signed-zeros -mreassociate -freciprocal-math -fdenormal-fp-math=preserve-sign preserve-sign -ffp-contract=fast -fno-rounding-math -ffast-math -ffinite-math-only -mconstructor-aliases -funwind-tables=2 -target-cpu x86-64 -mllvm -x86-enable-unaligned-vector-move=true -tune-cpu generic -mllvm -treat-scalable-fixed-error-as-warning -debugger-tuning=gdb -v -fcoverage-compilation-dir=/home/bobxu/sycl_stomp/build/CMakeFiles/CMakeTmp -resource-dir /opt/intel/oneapi/compiler/2023.1.0/linux/lib/clang/16 -dependency-file CMakeFiles/cmTC_6226e.dir/CMakeCXXCompilerABI.cpp.o.d -MT CMakeFiles/cmTC_6226e.dir/CMakeCXXCompilerABI.cpp.o -sys-header-deps -I/opt/intel/oneapi/tbb/2021.9.0/env/../include -I/opt/intel/oneapi/mpi/2021.9.0//include -I/opt/intel/oneapi/mkl/2023.1.0/include -I/opt/intel/oneapi/ipp/2021.8.0/include -I/opt/intel/oneapi/ippcp/2021.7.0/include -I/opt/intel/oneapi/ipp/2021.8.0/include -I/opt/intel/oneapi/dpl/2022.1.0/linux/include -I/opt/intel/oneapi/dpcpp-ct/2023.1.0/include -I/opt/intel/oneapi/dnnl/2023.1.0/cpu_dpcpp_gpu_dpcpp/include -I/opt/intel/oneapi/dev-utilities/2021.9.0/include -I/opt/intel/oneapi/dal/2023.1.0/include -I/opt/intel/oneapi/ccl/2021.9.0/include/cpu_gpu_dpcpp -internal-isystem /opt/intel/oneapi/compiler/2023.1.0/linux/bin-llvm/../compiler/include -internal-isystem /usr/lib/gcc/x86_64-linux-gnu/11/../../../../include/c++/11 -internal-isystem /usr/lib/gcc/x86_64-linux-gnu/11/../../../../include/x86_64-linux-gnu/c++/11 -internal-isystem /usr/lib/gcc/x86_64-linux-gnu/11/../../../../include/c++/11/backward -internal-isystem /opt/intel/oneapi/compiler/2023.1.0/linux/lib/clang/16/include -internal-isystem /usr/local/include -internal-isystem /usr/lib/gcc/x86_64-linux-gnu/11/../../../../x86_64-linux-gnu/include -internal-externc-isystem /usr/include/x86_64-linux-gnu -internal-externc-isystem /include -internal-externc-isystem /usr/include -O2 -fdeprecated-macro -fdebug-compilation-dir=/home/bobxu/sycl_stomp/build/CMakeFiles/CMakeTmp -ferror-limit 19 -fheinous-gnu-extensions -fgnuc-version=4.2.1 -no-opaque-pointers -fcxx-exceptions -fexceptions -vectorize-loops -vectorize-slp -D__GCC_HAVE_DWARF2_CFI_ASM=1 -fintel-compatibility -fintel-libirc-allowed -mllvm -disable-hir-generate-mkl-call -mllvm -loopopt=1 -floopopt-pipeline=light -mllvm -intel-abi-compatible=true -o CMakeFiles/cmTC_6226e.dir/CMakeCXXCompilerABI.cpp.o -x c++ /usr/share/cmake-3.22/Modules/CMakeCXXCompilerABI.cpp]
  ignore line: [clang -cc1 version 16.0.0 based upon LLVM 16.0.0git default target x86_64-unknown-linux-gnu]
  ignore line: [ignoring nonexistent directory "/usr/lib/gcc/x86_64-linux-gnu/11/../../../../x86_64-linux-gnu/include"]
  ignore line: [ignoring nonexistent directory "/include"]
  ignore line: [ignoring duplicate directory "/opt/intel/oneapi/ipp/2021.8.0/include"]
  ignore line: [#include "..." search starts here:]
  ignore line: [#include <...> search starts here:]
  ignore line: [ /opt/intel/oneapi/tbb/2021.9.0/env/../include]
  ignore line: [ /opt/intel/oneapi/mpi/2021.9.0//include]
  ignore line: [ /opt/intel/oneapi/mkl/2023.1.0/include]
  ignore line: [ /opt/intel/oneapi/ipp/2021.8.0/include]
  ignore line: [ /opt/intel/oneapi/ippcp/2021.7.0/include]
  ignore line: [ /opt/intel/oneapi/dpl/2022.1.0/linux/include]
  ignore line: [ /opt/intel/oneapi/dpcpp-ct/2023.1.0/include]
  ignore line: [ /opt/intel/oneapi/dnnl/2023.1.0/cpu_dpcpp_gpu_dpcpp/include]
  ignore line: [ /opt/intel/oneapi/dev-utilities/2021.9.0/include]
  ignore line: [ /opt/intel/oneapi/dal/2023.1.0/include]
  ignore line: [ /opt/intel/oneapi/ccl/2021.9.0/include/cpu_gpu_dpcpp]
  ignore line: [ /opt/intel/oneapi/compiler/2023.1.0/linux/bin-llvm/../compiler/include]
  ignore line: [ /usr/lib/gcc/x86_64-linux-gnu/11/../../../../include/c++/11]
  ignore line: [ /usr/lib/gcc/x86_64-linux-gnu/11/../../../../include/x86_64-linux-gnu/c++/11]
  ignore line: [ /usr/lib/gcc/x86_64-linux-gnu/11/../../../../include/c++/11/backward]
  ignore line: [ /opt/intel/oneapi/compiler/2023.1.0/linux/lib/clang/16/include]
  ignore line: [ /usr/local/include]
  ignore line: [ /usr/include/x86_64-linux-gnu]
  ignore line: [ /usr/include]
  ignore line: [End of search list.]
  ignore line: [Linking CXX executable cmTC_6226e]
  ignore line: [/usr/bin/cmake -E cmake_link_script CMakeFiles/cmTC_6226e.dir/link.txt --verbose=1]
  ignore line: [/opt/intel/oneapi/compiler/2023.1.0/linux/bin/icpx  -v CMakeFiles/cmTC_6226e.dir/CMakeCXXCompilerABI.cpp.o -o cmTC_6226e ]
  ignore line: [Intel(R) oneAPI DPC++/C++ Compiler 2023.1.0 (2023.1.0.20230320)]
  ignore line: [Target: x86_64-unknown-linux-gnu]
  ignore line: [Thread model: posix]
  ignore line: [InstalledDir: /opt/intel/oneapi/compiler/2023.1.0/linux/bin-llvm]
  ignore line: [Configuration file: /opt/intel/oneapi/compiler/2023.1.0/linux/bin-llvm/../bin/icpx.cfg]
  ignore line: [Found candidate GCC installation: /usr/lib/gcc/x86_64-linux-gnu/11]
  ignore line: [Selected GCC installation: /usr/lib/gcc/x86_64-linux-gnu/11]
  ignore line: [Candidate multilib: .]
  ignore line: [@m64]
  ignore line: [Selected multilib: .]
  ignore line: [@m64]
  link line: [ "/usr/bin/ld" -z relro --hash-style=gnu --eh-frame-hdr -m elf_x86_64 -dynamic-linker /lib64/ld-linux-x86-64.so.2 -o cmTC_6226e /lib/x86_64-linux-gnu/Scrt1.o /lib/x86_64-linux-gnu/crti.o /usr/lib/gcc/x86_64-linux-gnu/11/crtbeginS.o -L/opt/intel/oneapi/compiler/2023.1.0/linux/bin-llvm/../compiler/lib/intel64_lin -L/opt/intel/oneapi/compiler/2023.1.0/linux/bin-llvm/../lib -L/opt/intel/oneapi/compiler/2023.1.0/linux/bin-llvm/../compiler/lib/intel64_lin -L/usr/lib/gcc/x86_64-linux-gnu/11 -L/usr/lib/gcc/x86_64-linux-gnu/11/../../../../lib64 -L/lib/x86_64-linux-gnu -L/lib/../lib64 -L/usr/lib/x86_64-linux-gnu -L/usr/lib/../lib64 -L/usr/lib/gcc/x86_64-linux-gnu/11/../../.. -L/opt/intel/oneapi/compiler/2023.1.0/linux/bin-llvm/../lib -L/lib -L/usr/lib -L/opt/intel/oneapi/tbb/2021.9.0/env/../lib/intel64/gcc4.8 -L/opt/intel/oneapi/mpi/2021.9.0//libfabric/lib -L/opt/intel/oneapi/mpi/2021.9.0//lib/release -L/opt/intel/oneapi/mpi/2021.9.0//lib -L/opt/intel/oneapi/mkl/2023.1.0/lib/intel64 -L/opt/intel/oneapi/ipp/2021.8.0/lib/intel64 -L/opt/intel/oneapi/ippcp/2021.7.0/lib/intel64 -L/opt/intel/oneapi/ipp/2021.8.0/lib/intel64 -L/opt/intel/oneapi/dnnl/2023.1.0/cpu_dpcpp_gpu_dpcpp/lib -L/opt/intel/oneapi/dal/2023.1.0/lib/intel64 -L/opt/intel/oneapi/compiler/2023.1.0/linux/compiler/lib/intel64_lin -L/opt/intel/oneapi/compiler/2023.1.0/linux/lib -L/opt/intel/oneapi/ccl/2021.9.0/lib/cpu_gpu_dpcpp CMakeFiles/cmTC_6226e.dir/CMakeCXXCompilerABI.cpp.o -Bstatic -lsvml -Bdynamic -Bstatic -lirng -Bdynamic -lstdc++ -Bstatic -limf -Bdynamic -lm -lgcc_s -lgcc -Bstatic -lirc -Bdynamic -ldl -lgcc_s -lgcc -lc -lgcc_s -lgcc -Bstatic -lirc_s -Bdynamic /usr/lib/gcc/x86_64-linux-gnu/11/crtendS.o /lib/x86_64-linux-gnu/crtn.o]
    arg [/usr/bin/ld] ==> ignore
    arg [-zrelro] ==> ignore
    arg [--hash-style=gnu] ==> ignore
    arg [--eh-frame-hdr] ==> ignore
    arg [-m] ==> ignore
    arg [elf_x86_64] ==> ignore
    arg [-dynamic-linker] ==> ignore
    arg [/lib64/ld-linux-x86-64.so.2] ==> ignore
    arg [-o] ==> ignore
    arg [cmTC_6226e] ==> ignore
    arg [/lib/x86_64-linux-gnu/Scrt1.o] ==> obj [/lib/x86_64-linux-gnu/Scrt1.o]
    arg [/lib/x86_64-linux-gnu/crti.o] ==> obj [/lib/x86_64-linux-gnu/crti.o]
    arg [/usr/lib/gcc/x86_64-linux-gnu/11/crtbeginS.o] ==> obj [/usr/lib/gcc/x86_64-linux-gnu/11/crtbeginS.o]
    arg [-L/opt/intel/oneapi/compiler/2023.1.0/linux/bin-llvm/../compiler/lib/intel64_lin] ==> dir [/opt/intel/oneapi/compiler/2023.1.0/linux/bin-llvm/../compiler/lib/intel64_lin]
    arg [-L/opt/intel/oneapi/compiler/2023.1.0/linux/bin-llvm/../lib] ==> dir [/opt/intel/oneapi/compiler/2023.1.0/linux/bin-llvm/../lib]
    arg [-L/opt/intel/oneapi/compiler/2023.1.0/linux/bin-llvm/../compiler/lib/intel64_lin] ==> dir [/opt/intel/oneapi/compiler/2023.1.0/linux/bin-llvm/../compiler/lib/intel64_lin]
    arg [-L/usr/lib/gcc/x86_64-linux-gnu/11] ==> dir [/usr/lib/gcc/x86_64-linux-gnu/11]
    arg [-L/usr/lib/gcc/x86_64-linux-gnu/11/../../../../lib64] ==> dir [/usr/lib/gcc/x86_64-linux-gnu/11/../../../../lib64]
    arg [-L/lib/x86_64-linux-gnu] ==> dir [/lib/x86_64-linux-gnu]
    arg [-L/lib/../lib64] ==> dir [/lib/../lib64]
    arg [-L/usr/lib/x86_64-linux-gnu] ==> dir [/usr/lib/x86_64-linux-gnu]
    arg [-L/usr/lib/../lib64] ==> dir [/usr/lib/../lib64]
    arg [-L/usr/lib/gcc/x86_64-linux-gnu/11/../../..] ==> dir [/usr/lib/gcc/x86_64-linux-gnu/11/../../..]
    arg [-L/opt/intel/oneapi/compiler/2023.1.0/linux/bin-llvm/../lib] ==> dir [/opt/intel/oneapi/compiler/2023.1.0/linux/bin-llvm/../lib]
    arg [-L/lib] ==> dir [/lib]
    arg [-L/usr/lib] ==> dir [/usr/lib]
    arg [-L/opt/intel/oneapi/tbb/2021.9.0/env/../lib/intel64/gcc4.8] ==> dir [/opt/intel/oneapi/tbb/2021.9.0/env/../lib/intel64/gcc4.8]
    arg [-L/opt/intel/oneapi/mpi/2021.9.0//libfabric/lib] ==> dir [/opt/intel/oneapi/mpi/2021.9.0//libfabric/lib]
    arg [-L/opt/intel/oneapi/mpi/2021.9.0//lib/release] ==> dir [/opt/intel/oneapi/mpi/2021.9.0//lib/release]
    arg [-L/opt/intel/oneapi/mpi/2021.9.0//lib] ==> dir [/opt/intel/oneapi/mpi/2021.9.0//lib]
    arg [-L/opt/intel/oneapi/mkl/2023.1.0/lib/intel64] ==> dir [/opt/intel/oneapi/mkl/2023.1.0/lib/intel64]
    arg [-L/opt/intel/oneapi/ipp/2021.8.0/lib/intel64] ==> dir [/opt/intel/oneapi/ipp/2021.8.0/lib/intel64]
    arg [-L/opt/intel/oneapi/ippcp/2021.7.0/lib/intel64] ==> dir [/opt/intel/oneapi/ippcp/2021.7.0/lib/intel64]
    arg [-L/opt/intel/oneapi/ipp/2021.8.0/lib/intel64] ==> dir [/opt/intel/oneapi/ipp/2021.8.0/lib/intel64]
    arg [-L/opt/intel/oneapi/dnnl/2023.1.0/cpu_dpcpp_gpu_dpcpp/lib] ==> dir [/opt/intel/oneapi/dnnl/2023.1.0/cpu_dpcpp_gpu_dpcpp/lib]
    arg [-L/opt/intel/oneapi/dal/2023.1.0/lib/intel64] ==> dir [/opt/intel/oneapi/dal/2023.1.0/lib/intel64]
    arg [-L/opt/intel/oneapi/compiler/2023.1.0/linux/compiler/lib/intel64_lin] ==> dir [/opt/intel/oneapi/compiler/2023.1.0/linux/compiler/lib/intel64_lin]
    arg [-L/opt/intel/oneapi/compiler/2023.1.0/linux/lib] ==> dir [/opt/intel/oneapi/compiler/2023.1.0/linux/lib]
    arg [-L/opt/intel/oneapi/ccl/2021.9.0/lib/cpu_gpu_dpcpp] ==> dir [/opt/intel/oneapi/ccl/2021.9.0/lib/cpu_gpu_dpcpp]
    arg [CMakeFiles/cmTC_6226e.dir/CMakeCXXCompilerABI.cpp.o] ==> ignore
    arg [-Bstatic] ==> search static
    arg [-lsvml] ==> lib [svml]
    arg [-Bdynamic] ==> search dynamic
    arg [-Bstatic] ==> search static
    arg [-lirng] ==> lib [irng]
    arg [-Bdynamic] ==> search dynamic
    arg [-lstdc++] ==> lib [stdc++]
    arg [-Bstatic] ==> search static
    arg [-limf] ==> lib [imf]
    arg [-Bdynamic] ==> search dynamic
    arg [-lm] ==> lib [m]
    arg [-lgcc_s] ==> lib [gcc_s]
    arg [-lgcc] ==> lib [gcc]
    arg [-Bstatic] ==> search static
    arg [-lirc] ==> lib [irc]
    arg [-Bdynamic] ==> search dynamic
    arg [-ldl] ==> lib [dl]
    arg [-lgcc_s] ==> lib [gcc_s]
    arg [-lgcc] ==> lib [gcc]
    arg [-lc] ==> lib [c]
    arg [-lgcc_s] ==> lib [gcc_s]
    arg [-lgcc] ==> lib [gcc]
    arg [-Bstatic] ==> search static
    arg [-lirc_s] ==> lib [irc_s]
    arg [-Bdynamic] ==> search dynamic
    arg [/usr/lib/gcc/x86_64-linux-gnu/11/crtendS.o] ==> obj [/usr/lib/gcc/x86_64-linux-gnu/11/crtendS.o]
    arg [/lib/x86_64-linux-gnu/crtn.o] ==> obj [/lib/x86_64-linux-gnu/crtn.o]
  collapse library dir [/opt/intel/oneapi/compiler/2023.1.0/linux/bin-llvm/../compiler/lib/intel64_lin] ==> [/opt/intel/oneapi/compiler/2023.1.0/linux/compiler/lib/intel64_lin]
  collapse library dir [/opt/intel/oneapi/compiler/2023.1.0/linux/bin-llvm/../lib] ==> [/opt/intel/oneapi/compiler/2023.1.0/linux/lib]
  collapse library dir [/opt/intel/oneapi/compiler/2023.1.0/linux/bin-llvm/../compiler/lib/intel64_lin] ==> [/opt/intel/oneapi/compiler/2023.1.0/linux/compiler/lib/intel64_lin]
  collapse library dir [/usr/lib/gcc/x86_64-linux-gnu/11] ==> [/usr/lib/gcc/x86_64-linux-gnu/11]
  collapse library dir [/usr/lib/gcc/x86_64-linux-gnu/11/../../../../lib64] ==> [/usr/lib64]
  collapse library dir [/lib/x86_64-linux-gnu] ==> [/lib/x86_64-linux-gnu]
  collapse library dir [/lib/../lib64] ==> [/lib64]
  collapse library dir [/usr/lib/x86_64-linux-gnu] ==> [/usr/lib/x86_64-linux-gnu]
  collapse library dir [/usr/lib/../lib64] ==> [/usr/lib64]
  collapse library dir [/usr/lib/gcc/x86_64-linux-gnu/11/../../..] ==> [/usr/lib]
  collapse library dir [/opt/intel/oneapi/compiler/2023.1.0/linux/bin-llvm/../lib] ==> [/opt/intel/oneapi/compiler/2023.1.0/linux/lib]
  collapse library dir [/lib] ==> [/lib]
  collapse library dir [/usr/lib] ==> [/usr/lib]
  collapse library dir [/opt/intel/oneapi/tbb/2021.9.0/env/../lib/intel64/gcc4.8] ==> [/opt/intel/oneapi/tbb/2021.9.0/lib/intel64/gcc4.8]
  collapse library dir [/opt/intel/oneapi/mpi/2021.9.0//libfabric/lib] ==> [/opt/intel/oneapi/mpi/2021.9.0/libfabric/lib]
  collapse library dir [/opt/intel/oneapi/mpi/2021.9.0//lib/release] ==> [/opt/intel/oneapi/mpi/2021.9.0/lib/release]
  collapse library dir [/opt/intel/oneapi/mpi/2021.9.0//lib] ==> [/opt/intel/oneapi/mpi/2021.9.0/lib]
  collapse library dir [/opt/intel/oneapi/mkl/2023.1.0/lib/intel64] ==> [/opt/intel/oneapi/mkl/2023.1.0/lib/intel64]
  collapse library dir [/opt/intel/oneapi/ipp/2021.8.0/lib/intel64] ==> [/opt/intel/oneapi/ipp/2021.8.0/lib/intel64]
  collapse library dir [/opt/intel/oneapi/ippcp/2021.7.0/lib/intel64] ==> [/opt/intel/oneapi/ippcp/2021.7.0/lib/intel64]
  collapse library dir [/opt/intel/oneapi/ipp/2021.8.0/lib/intel64] ==> [/opt/intel/oneapi/ipp/2021.8.0/lib/intel64]
  collapse library dir [/opt/intel/oneapi/dnnl/2023.1.0/cpu_dpcpp_gpu_dpcpp/lib] ==> [/opt/intel/oneapi/dnnl/2023.1.0/cpu_dpcpp_gpu_dpcpp/lib]
  collapse library dir [/opt/intel/oneapi/dal/2023.1.0/lib/intel64] ==> [/opt/intel/oneapi/dal/2023.1.0/lib/intel64]
  collapse library dir [/opt/intel/oneapi/compiler/2023.1.0/linux/compiler/lib/intel64_lin] ==> [/opt/intel/oneapi/compiler/2023.1.0/linux/compiler/lib/intel64_lin]
  collapse library dir [/opt/intel/oneapi/compiler/2023.1.0/linux/lib] ==> [/opt/intel/oneapi/compiler/2023.1.0/linux/lib]
  collapse library dir [/opt/intel/oneapi/ccl/2021.9.0/lib/cpu_gpu_dpcpp] ==> [/opt/intel/oneapi/ccl/2021.9.0/lib/cpu_gpu_dpcpp]
  implicit libs: [svml;irng;stdc++;imf;m;gcc_s;gcc;irc;dl;gcc_s;gcc;c;gcc_s;gcc;irc_s]
  implicit objs: [/lib/x86_64-linux-gnu/Scrt1.o;/lib/x86_64-linux-gnu/crti.o;/usr/lib/gcc/x86_64-linux-gnu/11/crtbeginS.o;/usr/lib/gcc/x86_64-linux-gnu/11/crtendS.o;/lib/x86_64-linux-gnu/crtn.o]
  implicit dirs: [/opt/intel/oneapi/compiler/2023.1.0/linux/compiler/lib/intel64_lin;/opt/intel/oneapi/compiler/2023.1.0/linux/lib;/usr/lib/gcc/x86_64-linux-gnu/11;/usr/lib64;/lib/x86_64-linux-gnu;/lib64;/usr/lib/x86_64-linux-gnu;/usr/lib;/lib;/opt/intel/oneapi/tbb/2021.9.0/lib/intel64/gcc4.8;/opt/intel/oneapi/mpi/2021.9.0/libfabric/lib;/opt/intel/oneapi/mpi/2021.9.0/lib/release;/opt/intel/oneapi/mpi/2021.9.0/lib;/opt/intel/oneapi/mkl/2023.1.0/lib/intel64;/opt/intel/oneapi/ipp/2021.8.0/lib/intel64;/opt/intel/oneapi/ippcp/2021.7.0/lib/intel64;/opt/intel/oneapi/dnnl/2023.1.0/cpu_dpcpp_gpu_dpcpp/lib;/opt/intel/oneapi/dal/2023.1.0/lib/intel64;/opt/intel/oneapi/ccl/2021.9.0/lib/cpu_gpu_dpcpp]
  implicit fwks: []


