[2.013s] DEBUG:colcon:Command line arguments: ['/usr/bin/colcon', 'list', '-p', '--base-paths', '/home/bobxu/sycl_test_2/vector-add']
[2.013s] DEBUG:colcon:Parsed command line arguments: Namespace(log_base=None, log_level=None, verb_name='list', build_base='build', ignore_user_meta=False, metas=['./colcon.meta'], base_paths=['/home/bobxu/sycl_test_2/vector-add'], packages_ignore=None, packages_ignore_regex=None, paths=None, packages_up_to=None, packages_up_to_regex=None, packages_above=None, packages_above_and_dependencies=None, packages_above_depth=None, packages_select_by_dep=None, packages_skip_by_dep=None, packages_skip_up_to=None, packages_select_build_failed=False, packages_skip_build_finished=False, packages_select_test_failures=False, packages_skip_test_passed=False, packages_select=None, packages_skip=None, packages_select_regex=None, packages_skip_regex=None, packages_start=None, packages_end=None, allow_overriding=[], topological_order=False, names_only=False, paths_only=True, topological_graph=False, topological_graph_dot=False, topological_graph_density=False, topological_graph_legend=False, topological_graph_dot_cluster=False, topological_graph_dot_include_skipped=False, mixin_files=None, mixin=None, verb_parser=<colcon_mixin.mixin.mixin_argument.MixinArgumentDecorator object at 0x7fb82cdde3e0>, verb_extension=<colcon_package_information.verb.list.ListVerb object at 0x7fb82cd94280>, main=<bound method ListVerb.main of <colcon_package_information.verb.list.ListVerb object at 0x7fb82cd94280>>, mixin_verb=('list',))
[2.271s] Level 1:colcon.colcon_core.package_discovery:discover_packages(colcon_meta) check parameters
[2.271s] Level 1:colcon.colcon_core.package_discovery:discover_packages(recursive) check parameters
[2.271s] Level 1:colcon.colcon_core.package_discovery:discover_packages(ignore) check parameters
[2.271s] Level 1:colcon.colcon_core.package_discovery:discover_packages(path) check parameters
[2.271s] Level 1:colcon.colcon_core.package_discovery:discover_packages(recursive) discover
[2.271s] INFO:colcon.colcon_core.package_discovery:Crawling recursively for packages in '/home/bobxu/sycl_test_2/vector-add'
[2.271s] Level 1:colcon.colcon_core.package_identification:_identify(/home/bobxu/sycl_test_2/vector-add) by extensions ['ignore', 'ignore_ament_install']
[2.271s] Level 1:colcon.colcon_core.package_identification:_identify(/home/bobxu/sycl_test_2/vector-add) by extension 'ignore'
[2.271s] Level 1:colcon.colcon_core.package_identification:_identify(/home/bobxu/sycl_test_2/vector-add) by extension 'ignore_ament_install'
[2.271s] Level 1:colcon.colcon_core.package_identification:_identify(/home/bobxu/sycl_test_2/vector-add) by extensions ['colcon_pkg']
[2.271s] Level 1:colcon.colcon_core.package_identification:_identify(/home/bobxu/sycl_test_2/vector-add) by extension 'colcon_pkg'
[2.271s] Level 1:colcon.colcon_core.package_identification:_identify(/home/bobxu/sycl_test_2/vector-add) by extensions ['colcon_meta']
[2.272s] Level 1:colcon.colcon_core.package_identification:_identify(/home/bobxu/sycl_test_2/vector-add) by extension 'colcon_meta'
[2.272s] Level 1:colcon.colcon_core.package_identification:_identify(/home/bobxu/sycl_test_2/vector-add) by extensions ['ros']
[2.272s] Level 1:colcon.colcon_core.package_identification:_identify(/home/bobxu/sycl_test_2/vector-add) by extension 'ros'
[2.283s] Level 1:colcon.colcon_core.package_identification:_identify(/home/bobxu/sycl_test_2/vector-add) by extensions ['cmake', 'python']
[2.283s] Level 1:colcon.colcon_core.package_identification:_identify(/home/bobxu/sycl_test_2/vector-add) by extension 'cmake'
[2.285s] Level 1:colcon.colcon_core.package_identification:_identify(/home/bobxu/sycl_test_2/vector-add) by extension 'python'
[2.285s] DEBUG:colcon.colcon_core.package_identification:Package '/home/bobxu/sycl_test_2/vector-add' with type 'cmake' and name 'VectorAdd'
[2.285s] Level 1:colcon.colcon_core.package_discovery:discover_packages(recursive) using defaults
