-- Found ament_cmake: 1.3.4 (/home/bobxu/ros2_humble/install/ament_cmake/share/ament_cmake/cmake)
-- Found rclcpp: 16.0.4 (/home/bobxu/ros2_humble/install/rclcpp/share/rclcpp/cmake)
-- Found rosidl_generator_c: 3.1.4 (/home/bobxu/ros2_humble/install/rosidl_generator_c/share/rosidl_generator_c/cmake)
-- Found rosidl_adapter: 3.1.4 (/home/bobxu/ros2_humble/install/rosidl_adapter/share/rosidl_adapter/cmake)
-- Found rosidl_generator_cpp: 3.1.4 (/home/bobxu/ros2_humble/install/rosidl_generator_cpp/share/rosidl_generator_cpp/cmake)
-- Using all available rosidl_typesupport_c: rosidl_typesupport_introspection_c;rosidl_typesupport_fastrtps_c
-- Using all available rosidl_typesupport_cpp: rosidl_typesupport_introspection_cpp;rosidl_typesupport_fastrtps_cpp
-- Found rmw_implementation_cmake: 6.1.1 (/home/bobxu/ros2_humble/install/rmw_implementation_cmake/share/rmw_implementation_cmake/cmake)
-- Found rmw_fastrtps_cpp: 6.2.2 (/home/bobxu/ros2_humble/install/rmw_fastrtps_cpp/share/rmw_fastrtps_cpp/cmake)
-- Using RMW implementation 'rmw_fastrtps_cpp' as default
-- Found tutorial_interfaces: 0.0.0 (/home/bobxu/ros_sycl_ws/install/tutorial_interfaces/share/tutorial_interfaces/cmake)
-- Configuring incomplete, errors occurred!
See also "/home/bobxu/ros_sycl_ws/build/cpp_pubsub/CMakeFiles/CMakeOutput.log".
[31mCMake Error at CMakeLists.txt:29 (find_package):
  Found package configuration file:

    /opt/intel/oneapi/compiler/2023.1.0/linux/IntelSYCL/IntelSYCLConfig.cmake

  but it set IntelSYCL_FOUND to FALSE so package "IntelSYCL" is considered to
  be NOT FOUND.  Reason given by package:

  Unsupported compiler family GNU and compiler /usr/bin/c++!!


[0m
gmake: *** [Makefile:308: cmake_check_build_system] Error 1
